[2025-01-16T14:10:13.084+0000] {taskinstance.py:1159} INFO - Dependencies all met for dep_context=non-requeueable deps ti=<TaskInstance: spark_processing_dag.spark_submit_job manual__2025-01-16T14:10:11.856833+00:00 [queued]>
[2025-01-16T14:10:13.094+0000] {taskinstance.py:1159} INFO - Dependencies all met for dep_context=requeueable deps ti=<TaskInstance: spark_processing_dag.spark_submit_job manual__2025-01-16T14:10:11.856833+00:00 [queued]>
[2025-01-16T14:10:13.095+0000] {taskinstance.py:1361} INFO - Starting attempt 1 of 2
[2025-01-16T14:10:13.104+0000] {taskinstance.py:1382} INFO - Executing <Task(SparkSubmitOperator): spark_submit_job> on 2025-01-16 14:10:11.856833+00:00
[2025-01-16T14:10:13.108+0000] {standard_task_runner.py:57} INFO - Started process 1740 to run task
[2025-01-16T14:10:13.113+0000] {standard_task_runner.py:84} INFO - Running: ['***', 'tasks', 'run', 'spark_processing_dag', 'spark_submit_job', 'manual__2025-01-16T14:10:11.856833+00:00', '--job-id', '70', '--raw', '--subdir', 'DAGS_FOLDER/spark-processing.py', '--cfg-path', '/tmp/tmp3488fp2n']
[2025-01-16T14:10:13.114+0000] {standard_task_runner.py:85} INFO - Job 70: Subtask spark_submit_job
[2025-01-16T14:10:13.163+0000] {task_command.py:416} INFO - Running <TaskInstance: spark_processing_dag.spark_submit_job manual__2025-01-16T14:10:11.856833+00:00 [running]> on host 183471e553b7
[2025-01-16T14:10:13.250+0000] {taskinstance.py:1662} INFO - Exporting env vars: AIRFLOW_CTX_DAG_OWNER='***' AIRFLOW_CTX_DAG_ID='spark_processing_dag' AIRFLOW_CTX_TASK_ID='spark_submit_job' AIRFLOW_CTX_EXECUTION_DATE='2025-01-16T14:10:11.856833+00:00' AIRFLOW_CTX_TRY_NUMBER='1' AIRFLOW_CTX_DAG_RUN_ID='manual__2025-01-16T14:10:11.856833+00:00'
[2025-01-16T14:10:13.258+0000] {base.py:73} INFO - Using connection ID 'spark_default' for task execution.
[2025-01-16T14:10:13.259+0000] {spark_submit.py:340} INFO - Spark-Submit cmd: spark-submit --master spark://spark-master:7077 --name arrow-spark --verbose /opt/spark-apps/sample_spark_app.py /opt/spark-data/input /opt/spark-data/output
[2025-01-16T14:10:14.833+0000] {spark_submit.py:491} INFO - Using properties file: null
[2025-01-16T14:10:14.915+0000] {spark_submit.py:491} INFO - Parsed arguments:
[2025-01-16T14:10:14.916+0000] {spark_submit.py:491} INFO - master                  spark://spark-master:7077
[2025-01-16T14:10:14.916+0000] {spark_submit.py:491} INFO - deployMode              null
[2025-01-16T14:10:14.916+0000] {spark_submit.py:491} INFO - executorMemory          null
[2025-01-16T14:10:14.916+0000] {spark_submit.py:491} INFO - executorCores           null
[2025-01-16T14:10:14.916+0000] {spark_submit.py:491} INFO - totalExecutorCores      null
[2025-01-16T14:10:14.916+0000] {spark_submit.py:491} INFO - propertiesFile          null
[2025-01-16T14:10:14.916+0000] {spark_submit.py:491} INFO - driverMemory            null
[2025-01-16T14:10:14.916+0000] {spark_submit.py:491} INFO - driverCores             null
[2025-01-16T14:10:14.916+0000] {spark_submit.py:491} INFO - driverExtraClassPath    null
[2025-01-16T14:10:14.916+0000] {spark_submit.py:491} INFO - driverExtraLibraryPath  null
[2025-01-16T14:10:14.916+0000] {spark_submit.py:491} INFO - driverExtraJavaOptions  null
[2025-01-16T14:10:14.916+0000] {spark_submit.py:491} INFO - supervise               false
[2025-01-16T14:10:14.916+0000] {spark_submit.py:491} INFO - queue                   null
[2025-01-16T14:10:14.917+0000] {spark_submit.py:491} INFO - numExecutors            null
[2025-01-16T14:10:14.917+0000] {spark_submit.py:491} INFO - files                   null
[2025-01-16T14:10:14.917+0000] {spark_submit.py:491} INFO - pyFiles                 null
[2025-01-16T14:10:14.917+0000] {spark_submit.py:491} INFO - archives                null
[2025-01-16T14:10:14.917+0000] {spark_submit.py:491} INFO - mainClass               null
[2025-01-16T14:10:14.917+0000] {spark_submit.py:491} INFO - primaryResource         file:/opt/spark-apps/sample_spark_app.py
[2025-01-16T14:10:14.917+0000] {spark_submit.py:491} INFO - name                    arrow-spark
[2025-01-16T14:10:14.917+0000] {spark_submit.py:491} INFO - childArgs               [/opt/spark-data/input /opt/spark-data/output]
[2025-01-16T14:10:14.917+0000] {spark_submit.py:491} INFO - jars                    null
[2025-01-16T14:10:14.917+0000] {spark_submit.py:491} INFO - packages                null
[2025-01-16T14:10:14.917+0000] {spark_submit.py:491} INFO - packagesExclusions      null
[2025-01-16T14:10:14.917+0000] {spark_submit.py:491} INFO - repositories            null
[2025-01-16T14:10:14.917+0000] {spark_submit.py:491} INFO - verbose                 true
[2025-01-16T14:10:14.917+0000] {spark_submit.py:491} INFO - 
[2025-01-16T14:10:14.917+0000] {spark_submit.py:491} INFO - Spark properties used, including those specified through
[2025-01-16T14:10:14.917+0000] {spark_submit.py:491} INFO - --conf and those from the properties file null:
[2025-01-16T14:10:14.917+0000] {spark_submit.py:491} INFO - 
[2025-01-16T14:10:14.917+0000] {spark_submit.py:491} INFO - 
[2025-01-16T14:10:14.917+0000] {spark_submit.py:491} INFO - 
[2025-01-16T14:10:15.095+0000] {spark_submit.py:491} INFO - Main class:
[2025-01-16T14:10:15.097+0000] {spark_submit.py:491} INFO - org.apache.spark.deploy.PythonRunner
[2025-01-16T14:10:15.097+0000] {spark_submit.py:491} INFO - Arguments:
[2025-01-16T14:10:15.097+0000] {spark_submit.py:491} INFO - file:/opt/spark-apps/sample_spark_app.py
[2025-01-16T14:10:15.097+0000] {spark_submit.py:491} INFO - null
[2025-01-16T14:10:15.097+0000] {spark_submit.py:491} INFO - /opt/spark-data/input
[2025-01-16T14:10:15.097+0000] {spark_submit.py:491} INFO - /opt/spark-data/output
[2025-01-16T14:10:15.099+0000] {spark_submit.py:491} INFO - Spark config:
[2025-01-16T14:10:15.099+0000] {spark_submit.py:491} INFO - (spark.app.name,arrow-spark)
[2025-01-16T14:10:15.099+0000] {spark_submit.py:491} INFO - (spark.app.submitTime,1737036615085)
[2025-01-16T14:10:15.099+0000] {spark_submit.py:491} INFO - (spark.master,spark://spark-master:7077)
[2025-01-16T14:10:15.099+0000] {spark_submit.py:491} INFO - (spark.submit.deployMode,client)
[2025-01-16T14:10:15.099+0000] {spark_submit.py:491} INFO - (spark.submit.pyFiles,)
[2025-01-16T14:10:15.099+0000] {spark_submit.py:491} INFO - Classpath elements:
[2025-01-16T14:10:15.099+0000] {spark_submit.py:491} INFO - 
[2025-01-16T14:10:15.099+0000] {spark_submit.py:491} INFO - 
[2025-01-16T14:10:15.099+0000] {spark_submit.py:491} INFO - 
[2025-01-16T14:10:15.803+0000] {spark_submit.py:491} INFO - 2025-01-16 14:10:15,802 - INFO - Starting Spark job
[2025-01-16T14:10:15.804+0000] {spark_submit.py:491} INFO - 2025-01-16 14:10:15,802 - INFO - Input path: /opt/spark-data/input
[2025-01-16T14:10:15.805+0000] {spark_submit.py:491} INFO - 2025-01-16 14:10:15,802 - INFO - Output path: /opt/spark-data/output
[2025-01-16T14:10:15.805+0000] {spark_submit.py:491} INFO - 2025-01-16 14:10:15,802 - INFO - Python version: 3.8.18 (default, Nov  1 2023, 11:13:53)
[2025-01-16T14:10:15.805+0000] {spark_submit.py:491} INFO - [GCC 10.2.1 20210110]
[2025-01-16T14:10:15.805+0000] {spark_submit.py:491} INFO - 2025-01-16 14:10:15,802 - INFO - Python executable: /usr/local/bin/python3
[2025-01-16T14:10:15.805+0000] {spark_submit.py:491} INFO - 2025-01-16 14:10:15,802 - INFO - Python path: ['/opt/spark-apps', '/home/***/.local/lib/python3.8/site-packages/pyspark/python/lib/pyspark.zip', '/home/***/.local/lib/python3.8/site-packages/pyspark/python/lib/py4j-0.10.9.5-src.zip', '/home/***/.local/lib/python3.8/site-packages/pyspark/jars/spark-core_2.12-3.3.2.jar', '/opt/***/libraries', '/usr/local/lib/python38.zip', '/usr/local/lib/python3.8', '/usr/local/lib/python3.8/lib-dynload', '/home/***/.local/lib/python3.8/site-packages', '/usr/local/lib/python3.8/site-packages', '/opt/spark/python', '/opt/spark/python/lib/py4j-0.10.9.5-src.zip']
[2025-01-16T14:10:15.853+0000] {spark_submit.py:491} INFO - 25/01/16 14:10:15 INFO SparkContext: Running Spark version 3.3.2
[2025-01-16T14:10:15.905+0000] {spark_submit.py:491} INFO - 25/01/16 14:10:15 WARN NativeCodeLoader: Unable to load native-hadoop library for your platform... using builtin-java classes where applicable
[2025-01-16T14:10:15.986+0000] {spark_submit.py:491} INFO - 25/01/16 14:10:15 INFO ResourceUtils: ==============================================================
[2025-01-16T14:10:15.987+0000] {spark_submit.py:491} INFO - 25/01/16 14:10:15 INFO ResourceUtils: No custom resources configured for spark.driver.
[2025-01-16T14:10:15.987+0000] {spark_submit.py:491} INFO - 25/01/16 14:10:15 INFO ResourceUtils: ==============================================================
[2025-01-16T14:10:15.987+0000] {spark_submit.py:491} INFO - 25/01/16 14:10:15 INFO SparkContext: Submitted application: Sample Spark Processing
[2025-01-16T14:10:16.002+0000] {spark_submit.py:491} INFO - 25/01/16 14:10:16 INFO ResourceProfile: Default ResourceProfile created, executor resources: Map(cores -> name: cores, amount: 1, script: , vendor: , memory -> name: memory, amount: 1024, script: , vendor: , offHeap -> name: offHeap, amount: 0, script: , vendor: ), task resources: Map(cpus -> name: cpus, amount: 1.0)
[2025-01-16T14:10:16.010+0000] {spark_submit.py:491} INFO - 25/01/16 14:10:16 INFO ResourceProfile: Limiting resource is cpu
[2025-01-16T14:10:16.011+0000] {spark_submit.py:491} INFO - 25/01/16 14:10:16 INFO ResourceProfileManager: Added ResourceProfile id: 0
[2025-01-16T14:10:16.039+0000] {spark_submit.py:491} INFO - 25/01/16 14:10:16 INFO SecurityManager: Changing view acls to: ***
[2025-01-16T14:10:16.039+0000] {spark_submit.py:491} INFO - 25/01/16 14:10:16 INFO SecurityManager: Changing modify acls to: ***
[2025-01-16T14:10:16.040+0000] {spark_submit.py:491} INFO - 25/01/16 14:10:16 INFO SecurityManager: Changing view acls groups to:
[2025-01-16T14:10:16.040+0000] {spark_submit.py:491} INFO - 25/01/16 14:10:16 INFO SecurityManager: Changing modify acls groups to:
[2025-01-16T14:10:16.040+0000] {spark_submit.py:491} INFO - 25/01/16 14:10:16 INFO SecurityManager: SecurityManager: authentication disabled; ui acls disabled; users  with view permissions: Set(***); groups with view permissions: Set(); users  with modify permissions: Set(***); groups with modify permissions: Set()
[2025-01-16T14:10:16.270+0000] {spark_submit.py:491} INFO - 25/01/16 14:10:16 INFO Utils: Successfully started service 'sparkDriver' on port 44317.
[2025-01-16T14:10:16.302+0000] {spark_submit.py:491} INFO - 25/01/16 14:10:16 INFO SparkEnv: Registering MapOutputTracker
[2025-01-16T14:10:16.356+0000] {spark_submit.py:491} INFO - 25/01/16 14:10:16 INFO SparkEnv: Registering BlockManagerMaster
[2025-01-16T14:10:16.373+0000] {spark_submit.py:491} INFO - 25/01/16 14:10:16 INFO BlockManagerMasterEndpoint: Using org.apache.spark.storage.DefaultTopologyMapper for getting topology information
[2025-01-16T14:10:16.376+0000] {spark_submit.py:491} INFO - 25/01/16 14:10:16 INFO BlockManagerMasterEndpoint: BlockManagerMasterEndpoint up
[2025-01-16T14:10:16.377+0000] {spark_submit.py:491} INFO - 25/01/16 14:10:16 INFO SparkEnv: Registering BlockManagerMasterHeartbeat
[2025-01-16T14:10:16.398+0000] {spark_submit.py:491} INFO - 25/01/16 14:10:16 INFO DiskBlockManager: Created local directory at /tmp/blockmgr-8bc4dd75-c0e7-46ae-9120-6de60632c522
[2025-01-16T14:10:16.427+0000] {spark_submit.py:491} INFO - 25/01/16 14:10:16 INFO MemoryStore: MemoryStore started with capacity 434.4 MiB
[2025-01-16T14:10:16.444+0000] {spark_submit.py:491} INFO - 25/01/16 14:10:16 INFO SparkEnv: Registering OutputCommitCoordinator
[2025-01-16T14:10:16.627+0000] {spark_submit.py:491} INFO - 25/01/16 14:10:16 INFO Utils: Successfully started service 'SparkUI' on port 4040.
[2025-01-16T14:10:16.724+0000] {spark_submit.py:491} INFO - 25/01/16 14:10:16 INFO StandaloneAppClient$ClientEndpoint: Connecting to master spark://spark-master:7077...
[2025-01-16T14:10:16.771+0000] {spark_submit.py:491} INFO - 25/01/16 14:10:16 INFO TransportClientFactory: Successfully created connection to spark-master/10.90.10.4:7077 after 31 ms (0 ms spent in bootstraps)
[2025-01-16T14:10:36.842+0000] {spark_submit.py:491} INFO - 25/01/16 14:10:36 INFO StandaloneAppClient$ClientEndpoint: Connecting to master spark://spark-master:7077...
[2025-01-16T14:10:56.850+0000] {spark_submit.py:491} INFO - 25/01/16 14:10:56 INFO StandaloneAppClient$ClientEndpoint: Connecting to master spark://spark-master:7077...
[2025-01-16T14:11:16.878+0000] {spark_submit.py:491} INFO - 25/01/16 14:11:16 ERROR StandaloneSchedulerBackend: Application has been killed. Reason: All masters are unresponsive! Giving up.
[2025-01-16T14:11:16.883+0000] {spark_submit.py:491} INFO - 25/01/16 14:11:16 WARN StandaloneSchedulerBackend: Application ID is not initialized yet.
[2025-01-16T14:11:16.903+0000] {spark_submit.py:491} INFO - 25/01/16 14:11:16 INFO Utils: Successfully started service 'org.apache.spark.network.netty.NettyBlockTransferService' on port 33111.
[2025-01-16T14:11:16.903+0000] {spark_submit.py:491} INFO - 25/01/16 14:11:16 INFO NettyBlockTransferService: Server created on 183471e553b7:33111
[2025-01-16T14:11:16.908+0000] {spark_submit.py:491} INFO - 25/01/16 14:11:16 INFO BlockManager: Using org.apache.spark.storage.RandomBlockReplicationPolicy for block replication policy
[2025-01-16T14:11:16.919+0000] {spark_submit.py:491} INFO - 25/01/16 14:11:16 INFO SparkUI: Stopped Spark web UI at http://183471e553b7:4040
[2025-01-16T14:11:16.921+0000] {spark_submit.py:491} INFO - 25/01/16 14:11:16 INFO BlockManagerMaster: Registering BlockManager BlockManagerId(driver, 183471e553b7, 33111, None)
[2025-01-16T14:11:16.925+0000] {spark_submit.py:491} INFO - 25/01/16 14:11:16 INFO StandaloneSchedulerBackend: Shutting down all executors
[2025-01-16T14:11:16.927+0000] {spark_submit.py:491} INFO - 25/01/16 14:11:16 INFO BlockManagerMasterEndpoint: Registering block manager 183471e553b7:33111 with 434.4 MiB RAM, BlockManagerId(driver, 183471e553b7, 33111, None)
[2025-01-16T14:11:16.928+0000] {spark_submit.py:491} INFO - 25/01/16 14:11:16 INFO CoarseGrainedSchedulerBackend$DriverEndpoint: Asking each executor to shut down
[2025-01-16T14:11:16.929+0000] {spark_submit.py:491} INFO - 25/01/16 14:11:16 INFO BlockManagerMaster: Registered BlockManager BlockManagerId(driver, 183471e553b7, 33111, None)
[2025-01-16T14:11:16.930+0000] {spark_submit.py:491} INFO - 25/01/16 14:11:16 INFO BlockManager: Initialized BlockManager: BlockManagerId(driver, 183471e553b7, 33111, None)
[2025-01-16T14:11:16.934+0000] {spark_submit.py:491} INFO - 25/01/16 14:11:16 WARN StandaloneAppClient$ClientEndpoint: Drop UnregisterApplication(null) because has not yet connected to master
[2025-01-16T14:11:16.946+0000] {spark_submit.py:491} INFO - 25/01/16 14:11:16 INFO MapOutputTrackerMasterEndpoint: MapOutputTrackerMasterEndpoint stopped!
[2025-01-16T14:11:16.959+0000] {spark_submit.py:491} INFO - 25/01/16 14:11:16 INFO MemoryStore: MemoryStore cleared
[2025-01-16T14:11:16.960+0000] {spark_submit.py:491} INFO - 25/01/16 14:11:16 INFO BlockManager: BlockManager stopped
[2025-01-16T14:11:16.996+0000] {spark_submit.py:491} INFO - 25/01/16 14:11:16 INFO BlockManagerMaster: BlockManagerMaster stopped
[2025-01-16T14:11:16.998+0000] {spark_submit.py:491} INFO - 25/01/16 14:11:16 INFO OutputCommitCoordinator$OutputCommitCoordinatorEndpoint: OutputCommitCoordinator stopped!
[2025-01-16T14:11:17.017+0000] {spark_submit.py:491} INFO - 25/01/16 14:11:17 INFO SparkContext: Successfully stopped SparkContext
[2025-01-16T14:11:17.095+0000] {spark_submit.py:491} INFO - 25/01/16 14:11:17 ERROR AsyncEventQueue: Listener AppStatusListener threw an exception
[2025-01-16T14:11:17.095+0000] {spark_submit.py:491} INFO - java.lang.NullPointerException
[2025-01-16T14:11:17.095+0000] {spark_submit.py:491} INFO - at org.apache.spark.status.AppStatusListener.onApplicationEnd(AppStatusListener.scala:192)
[2025-01-16T14:11:17.096+0000] {spark_submit.py:491} INFO - at org.apache.spark.scheduler.SparkListenerBus.doPostEvent(SparkListenerBus.scala:57)
[2025-01-16T14:11:17.096+0000] {spark_submit.py:491} INFO - at org.apache.spark.scheduler.SparkListenerBus.doPostEvent$(SparkListenerBus.scala:28)
[2025-01-16T14:11:17.096+0000] {spark_submit.py:491} INFO - at org.apache.spark.scheduler.AsyncEventQueue.doPostEvent(AsyncEventQueue.scala:37)
[2025-01-16T14:11:17.096+0000] {spark_submit.py:491} INFO - at org.apache.spark.scheduler.AsyncEventQueue.doPostEvent(AsyncEventQueue.scala:37)
[2025-01-16T14:11:17.096+0000] {spark_submit.py:491} INFO - at org.apache.spark.util.ListenerBus.postToAll(ListenerBus.scala:117)
[2025-01-16T14:11:17.096+0000] {spark_submit.py:491} INFO - at org.apache.spark.util.ListenerBus.postToAll$(ListenerBus.scala:101)
[2025-01-16T14:11:17.096+0000] {spark_submit.py:491} INFO - at org.apache.spark.scheduler.AsyncEventQueue.super$postToAll(AsyncEventQueue.scala:105)
[2025-01-16T14:11:17.096+0000] {spark_submit.py:491} INFO - at org.apache.spark.scheduler.AsyncEventQueue.$anonfun$dispatch$1(AsyncEventQueue.scala:105)
[2025-01-16T14:11:17.096+0000] {spark_submit.py:491} INFO - at scala.runtime.java8.JFunction0$mcJ$sp.apply(JFunction0$mcJ$sp.java:23)
[2025-01-16T14:11:17.096+0000] {spark_submit.py:491} INFO - at scala.util.DynamicVariable.withValue(DynamicVariable.scala:62)
[2025-01-16T14:11:17.096+0000] {spark_submit.py:491} INFO - at org.apache.spark.scheduler.AsyncEventQueue.org$apache$spark$scheduler$AsyncEventQueue$$dispatch(AsyncEventQueue.scala:100)
[2025-01-16T14:11:17.096+0000] {spark_submit.py:491} INFO - at org.apache.spark.scheduler.AsyncEventQueue$$anon$2.$anonfun$run$1(AsyncEventQueue.scala:96)
[2025-01-16T14:11:17.096+0000] {spark_submit.py:491} INFO - at org.apache.spark.util.Utils$.tryOrStopSparkContext(Utils.scala:1446)
[2025-01-16T14:11:17.096+0000] {spark_submit.py:491} INFO - at org.apache.spark.scheduler.AsyncEventQueue$$anon$2.run(AsyncEventQueue.scala:96)
[2025-01-16T14:11:17.101+0000] {spark_submit.py:491} INFO - 25/01/16 14:11:17 ERROR SparkContext: Error initializing SparkContext.
[2025-01-16T14:11:17.101+0000] {spark_submit.py:491} INFO - java.lang.IllegalArgumentException: requirement failed: Can only call getServletHandlers on a running MetricsSystem
[2025-01-16T14:11:17.101+0000] {spark_submit.py:491} INFO - at scala.Predef$.require(Predef.scala:281)
[2025-01-16T14:11:17.101+0000] {spark_submit.py:491} INFO - at org.apache.spark.metrics.MetricsSystem.getServletHandlers(MetricsSystem.scala:89)
[2025-01-16T14:11:17.101+0000] {spark_submit.py:491} INFO - at org.apache.spark.SparkContext.<init>(SparkContext.scala:660)
[2025-01-16T14:11:17.102+0000] {spark_submit.py:491} INFO - at org.apache.spark.api.java.JavaSparkContext.<init>(JavaSparkContext.scala:58)
[2025-01-16T14:11:17.102+0000] {spark_submit.py:491} INFO - at java.base/jdk.internal.reflect.NativeConstructorAccessorImpl.newInstance0(Native Method)
[2025-01-16T14:11:17.102+0000] {spark_submit.py:491} INFO - at java.base/jdk.internal.reflect.NativeConstructorAccessorImpl.newInstance(NativeConstructorAccessorImpl.java:62)
[2025-01-16T14:11:17.102+0000] {spark_submit.py:491} INFO - at java.base/jdk.internal.reflect.DelegatingConstructorAccessorImpl.newInstance(DelegatingConstructorAccessorImpl.java:45)
[2025-01-16T14:11:17.102+0000] {spark_submit.py:491} INFO - at java.base/java.lang.reflect.Constructor.newInstance(Constructor.java:490)
[2025-01-16T14:11:17.102+0000] {spark_submit.py:491} INFO - at py4j.reflection.MethodInvoker.invoke(MethodInvoker.java:247)
[2025-01-16T14:11:17.102+0000] {spark_submit.py:491} INFO - at py4j.reflection.ReflectionEngine.invoke(ReflectionEngine.java:357)
[2025-01-16T14:11:17.102+0000] {spark_submit.py:491} INFO - at py4j.Gateway.invoke(Gateway.java:238)
[2025-01-16T14:11:17.102+0000] {spark_submit.py:491} INFO - at py4j.commands.ConstructorCommand.invokeConstructor(ConstructorCommand.java:80)
[2025-01-16T14:11:17.102+0000] {spark_submit.py:491} INFO - at py4j.commands.ConstructorCommand.execute(ConstructorCommand.java:69)
[2025-01-16T14:11:17.102+0000] {spark_submit.py:491} INFO - at py4j.ClientServerConnection.waitForCommands(ClientServerConnection.java:182)
[2025-01-16T14:11:17.102+0000] {spark_submit.py:491} INFO - at py4j.ClientServerConnection.run(ClientServerConnection.java:106)
[2025-01-16T14:11:17.102+0000] {spark_submit.py:491} INFO - at java.base/java.lang.Thread.run(Thread.java:829)
[2025-01-16T14:11:17.102+0000] {spark_submit.py:491} INFO - 25/01/16 14:11:17 INFO SparkContext: SparkContext already stopped.
[2025-01-16T14:11:17.115+0000] {spark_submit.py:491} INFO - 2025-01-16 14:11:17,111 - WARNING - Could not connect to Spark cluster: An error occurred while calling None.org.apache.spark.api.java.JavaSparkContext.
[2025-01-16T14:11:17.115+0000] {spark_submit.py:491} INFO - : java.lang.IllegalArgumentException: requirement failed: Can only call getServletHandlers on a running MetricsSystem
[2025-01-16T14:11:17.115+0000] {spark_submit.py:491} INFO - at scala.Predef$.require(Predef.scala:281)
[2025-01-16T14:11:17.115+0000] {spark_submit.py:491} INFO - at org.apache.spark.metrics.MetricsSystem.getServletHandlers(MetricsSystem.scala:89)
[2025-01-16T14:11:17.115+0000] {spark_submit.py:491} INFO - at org.apache.spark.SparkContext.<init>(SparkContext.scala:660)
[2025-01-16T14:11:17.115+0000] {spark_submit.py:491} INFO - at org.apache.spark.api.java.JavaSparkContext.<init>(JavaSparkContext.scala:58)
[2025-01-16T14:11:17.115+0000] {spark_submit.py:491} INFO - at java.base/jdk.internal.reflect.NativeConstructorAccessorImpl.newInstance0(Native Method)
[2025-01-16T14:11:17.116+0000] {spark_submit.py:491} INFO - at java.base/jdk.internal.reflect.NativeConstructorAccessorImpl.newInstance(NativeConstructorAccessorImpl.java:62)
[2025-01-16T14:11:17.116+0000] {spark_submit.py:491} INFO - at java.base/jdk.internal.reflect.DelegatingConstructorAccessorImpl.newInstance(DelegatingConstructorAccessorImpl.java:45)
[2025-01-16T14:11:17.116+0000] {spark_submit.py:491} INFO - at java.base/java.lang.reflect.Constructor.newInstance(Constructor.java:490)
[2025-01-16T14:11:17.116+0000] {spark_submit.py:491} INFO - at py4j.reflection.MethodInvoker.invoke(MethodInvoker.java:247)
[2025-01-16T14:11:17.116+0000] {spark_submit.py:491} INFO - at py4j.reflection.ReflectionEngine.invoke(ReflectionEngine.java:357)
[2025-01-16T14:11:17.116+0000] {spark_submit.py:491} INFO - at py4j.Gateway.invoke(Gateway.java:238)
[2025-01-16T14:11:17.116+0000] {spark_submit.py:491} INFO - at py4j.commands.ConstructorCommand.invokeConstructor(ConstructorCommand.java:80)
[2025-01-16T14:11:17.116+0000] {spark_submit.py:491} INFO - at py4j.commands.ConstructorCommand.execute(ConstructorCommand.java:69)
[2025-01-16T14:11:17.116+0000] {spark_submit.py:491} INFO - at py4j.ClientServerConnection.waitForCommands(ClientServerConnection.java:182)
[2025-01-16T14:11:17.116+0000] {spark_submit.py:491} INFO - at py4j.ClientServerConnection.run(ClientServerConnection.java:106)
[2025-01-16T14:11:17.116+0000] {spark_submit.py:491} INFO - at java.base/java.lang.Thread.run(Thread.java:829)
[2025-01-16T14:11:17.116+0000] {spark_submit.py:491} INFO - 
[2025-01-16T14:11:17.118+0000] {spark_submit.py:491} INFO - 2025-01-16 14:11:17,115 - INFO - Falling back to local mode
[2025-01-16T14:11:17.132+0000] {spark_submit.py:491} INFO - 25/01/16 14:11:17 WARN SparkContext: Another SparkContext is being constructed (or threw an exception in its constructor). This may indicate an error, since only one SparkContext should be running in this JVM (see SPARK-2243). The other SparkContext was created at:
[2025-01-16T14:11:17.132+0000] {spark_submit.py:491} INFO - org.apache.spark.api.java.JavaSparkContext.<init>(JavaSparkContext.scala:58)
[2025-01-16T14:11:17.132+0000] {spark_submit.py:491} INFO - java.base/jdk.internal.reflect.NativeConstructorAccessorImpl.newInstance0(Native Method)
[2025-01-16T14:11:17.132+0000] {spark_submit.py:491} INFO - java.base/jdk.internal.reflect.NativeConstructorAccessorImpl.newInstance(NativeConstructorAccessorImpl.java:62)
[2025-01-16T14:11:17.132+0000] {spark_submit.py:491} INFO - java.base/jdk.internal.reflect.DelegatingConstructorAccessorImpl.newInstance(DelegatingConstructorAccessorImpl.java:45)
[2025-01-16T14:11:17.132+0000] {spark_submit.py:491} INFO - java.base/java.lang.reflect.Constructor.newInstance(Constructor.java:490)
[2025-01-16T14:11:17.132+0000] {spark_submit.py:491} INFO - py4j.reflection.MethodInvoker.invoke(MethodInvoker.java:247)
[2025-01-16T14:11:17.132+0000] {spark_submit.py:491} INFO - py4j.reflection.ReflectionEngine.invoke(ReflectionEngine.java:357)
[2025-01-16T14:11:17.132+0000] {spark_submit.py:491} INFO - py4j.Gateway.invoke(Gateway.java:238)
[2025-01-16T14:11:17.133+0000] {spark_submit.py:491} INFO - py4j.commands.ConstructorCommand.invokeConstructor(ConstructorCommand.java:80)
[2025-01-16T14:11:17.133+0000] {spark_submit.py:491} INFO - py4j.commands.ConstructorCommand.execute(ConstructorCommand.java:69)
[2025-01-16T14:11:17.133+0000] {spark_submit.py:491} INFO - py4j.ClientServerConnection.waitForCommands(ClientServerConnection.java:182)
[2025-01-16T14:11:17.133+0000] {spark_submit.py:491} INFO - py4j.ClientServerConnection.run(ClientServerConnection.java:106)
[2025-01-16T14:11:17.133+0000] {spark_submit.py:491} INFO - java.base/java.lang.Thread.run(Thread.java:829)
[2025-01-16T14:11:17.133+0000] {spark_submit.py:491} INFO - 25/01/16 14:11:17 INFO SparkContext: Running Spark version 3.3.2
[2025-01-16T14:11:17.133+0000] {spark_submit.py:491} INFO - 25/01/16 14:11:17 INFO ResourceUtils: ==============================================================
[2025-01-16T14:11:17.133+0000] {spark_submit.py:491} INFO - 25/01/16 14:11:17 INFO ResourceUtils: No custom resources configured for spark.driver.
[2025-01-16T14:11:17.133+0000] {spark_submit.py:491} INFO - 25/01/16 14:11:17 INFO ResourceUtils: ==============================================================
[2025-01-16T14:11:17.133+0000] {spark_submit.py:491} INFO - 25/01/16 14:11:17 INFO SparkContext: Submitted application: Sample Spark Processing
[2025-01-16T14:11:17.134+0000] {spark_submit.py:491} INFO - 25/01/16 14:11:17 INFO ResourceProfile: Default ResourceProfile created, executor resources: Map(cores -> name: cores, amount: 1, script: , vendor: , memory -> name: memory, amount: 1024, script: , vendor: , offHeap -> name: offHeap, amount: 0, script: , vendor: ), task resources: Map(cpus -> name: cpus, amount: 1.0)
[2025-01-16T14:11:17.135+0000] {spark_submit.py:491} INFO - 25/01/16 14:11:17 INFO ResourceProfile: Limiting resource is cpu
[2025-01-16T14:11:17.135+0000] {spark_submit.py:491} INFO - 25/01/16 14:11:17 INFO ResourceProfileManager: Added ResourceProfile id: 0
[2025-01-16T14:11:17.135+0000] {spark_submit.py:491} INFO - 25/01/16 14:11:17 INFO SecurityManager: Changing view acls to: ***
[2025-01-16T14:11:17.136+0000] {spark_submit.py:491} INFO - 25/01/16 14:11:17 INFO SecurityManager: Changing modify acls to: ***
[2025-01-16T14:11:17.136+0000] {spark_submit.py:491} INFO - 25/01/16 14:11:17 INFO SecurityManager: Changing view acls groups to:
[2025-01-16T14:11:17.136+0000] {spark_submit.py:491} INFO - 25/01/16 14:11:17 INFO SecurityManager: Changing modify acls groups to:
[2025-01-16T14:11:17.136+0000] {spark_submit.py:491} INFO - 25/01/16 14:11:17 INFO SecurityManager: SecurityManager: authentication disabled; ui acls disabled; users  with view permissions: Set(***); groups with view permissions: Set(); users  with modify permissions: Set(***); groups with modify permissions: Set()
[2025-01-16T14:11:17.147+0000] {spark_submit.py:491} INFO - 25/01/16 14:11:17 INFO Utils: Successfully started service 'sparkDriver' on port 38697.
[2025-01-16T14:11:17.150+0000] {spark_submit.py:491} INFO - 25/01/16 14:11:17 INFO SparkEnv: Registering MapOutputTracker
[2025-01-16T14:11:17.152+0000] {spark_submit.py:491} INFO - 25/01/16 14:11:17 INFO SparkEnv: Registering BlockManagerMaster
[2025-01-16T14:11:17.152+0000] {spark_submit.py:491} INFO - 25/01/16 14:11:17 INFO BlockManagerMasterEndpoint: Using org.apache.spark.storage.DefaultTopologyMapper for getting topology information
[2025-01-16T14:11:17.153+0000] {spark_submit.py:491} INFO - 25/01/16 14:11:17 INFO BlockManagerMasterEndpoint: BlockManagerMasterEndpoint up
[2025-01-16T14:11:17.154+0000] {spark_submit.py:491} INFO - 25/01/16 14:11:17 INFO SparkEnv: Registering BlockManagerMasterHeartbeat
[2025-01-16T14:11:17.155+0000] {spark_submit.py:491} INFO - 25/01/16 14:11:17 INFO DiskBlockManager: Created local directory at /tmp/blockmgr-68af999a-4b41-4f5d-aaa0-054da8d69fdf
[2025-01-16T14:11:17.156+0000] {spark_submit.py:491} INFO - 25/01/16 14:11:17 INFO MemoryStore: MemoryStore started with capacity 434.4 MiB
[2025-01-16T14:11:17.157+0000] {spark_submit.py:491} INFO - 25/01/16 14:11:17 INFO SparkEnv: Registering OutputCommitCoordinator
[2025-01-16T14:11:17.165+0000] {spark_submit.py:491} INFO - 25/01/16 14:11:17 INFO Utils: Successfully started service 'SparkUI' on port 4040.
[2025-01-16T14:11:17.185+0000] {spark_submit.py:491} INFO - 25/01/16 14:11:17 INFO Executor: Starting executor ID driver on host 183471e553b7
[2025-01-16T14:11:17.190+0000] {spark_submit.py:491} INFO - 25/01/16 14:11:17 INFO Executor: Starting executor with user classpath (userClassPathFirst = false): ''
[2025-01-16T14:11:17.199+0000] {spark_submit.py:491} INFO - 25/01/16 14:11:17 INFO Utils: Successfully started service 'org.apache.spark.network.netty.NettyBlockTransferService' on port 39711.
[2025-01-16T14:11:17.199+0000] {spark_submit.py:491} INFO - 25/01/16 14:11:17 INFO NettyBlockTransferService: Server created on 183471e553b7:39711
[2025-01-16T14:11:17.200+0000] {spark_submit.py:491} INFO - 25/01/16 14:11:17 INFO BlockManager: Using org.apache.spark.storage.RandomBlockReplicationPolicy for block replication policy
[2025-01-16T14:11:17.200+0000] {spark_submit.py:491} INFO - 25/01/16 14:11:17 INFO BlockManagerMaster: Registering BlockManager BlockManagerId(driver, 183471e553b7, 39711, None)
[2025-01-16T14:11:17.201+0000] {spark_submit.py:491} INFO - 25/01/16 14:11:17 INFO BlockManagerMasterEndpoint: Registering block manager 183471e553b7:39711 with 434.4 MiB RAM, BlockManagerId(driver, 183471e553b7, 39711, None)
[2025-01-16T14:11:17.201+0000] {spark_submit.py:491} INFO - 25/01/16 14:11:17 INFO BlockManagerMaster: Registered BlockManager BlockManagerId(driver, 183471e553b7, 39711, None)
[2025-01-16T14:11:17.201+0000] {spark_submit.py:491} INFO - 25/01/16 14:11:17 INFO BlockManager: Initialized BlockManager: BlockManagerId(driver, 183471e553b7, 39711, None)
[2025-01-16T14:11:17.374+0000] {spark_submit.py:491} INFO - 2025-01-16 14:11:17,374 - INFO - Spark Configuration:
[2025-01-16T14:11:17.384+0000] {spark_submit.py:491} INFO - 2025-01-16 14:11:17,381 - INFO - spark.driver.extraJavaOptions: -XX:+IgnoreUnrecognizedVMOptions --add-opens=java.base/java.lang=ALL-UNNAMED --add-opens=java.base/java.lang.invoke=ALL-UNNAMED --add-opens=java.base/java.lang.reflect=ALL-UNNAMED --add-opens=java.base/java.io=ALL-UNNAMED --add-opens=java.base/java.net=ALL-UNNAMED --add-opens=java.base/java.nio=ALL-UNNAMED --add-opens=java.base/java.util=ALL-UNNAMED --add-opens=java.base/java.util.concurrent=ALL-UNNAMED --add-opens=java.base/java.util.concurrent.atomic=ALL-UNNAMED --add-opens=java.base/sun.nio.ch=ALL-UNNAMED --add-opens=java.base/sun.nio.cs=ALL-UNNAMED --add-opens=java.base/sun.security.action=ALL-UNNAMED --add-opens=java.base/sun.util.calendar=ALL-UNNAMED --add-opens=java.security.jgss/sun.security.krb5=ALL-UNNAMED
[2025-01-16T14:11:17.384+0000] {spark_submit.py:491} INFO - 2025-01-16 14:11:17,381 - INFO - spark.app.id: local-1737036677176
[2025-01-16T14:11:17.384+0000] {spark_submit.py:491} INFO - 2025-01-16 14:11:17,381 - INFO - spark.executor.id: driver
[2025-01-16T14:11:17.384+0000] {spark_submit.py:491} INFO - 2025-01-16 14:11:17,382 - INFO - spark.app.name: Sample Spark Processing
[2025-01-16T14:11:17.384+0000] {spark_submit.py:491} INFO - 2025-01-16 14:11:17,382 - INFO - spark.app.submitTime: 1737036615085
[2025-01-16T14:11:17.384+0000] {spark_submit.py:491} INFO - 2025-01-16 14:11:17,382 - INFO - spark.app.startTime: 1737036677132
[2025-01-16T14:11:17.385+0000] {spark_submit.py:491} INFO - 2025-01-16 14:11:17,382 - INFO - spark.rdd.compress: True
[2025-01-16T14:11:17.385+0000] {spark_submit.py:491} INFO - 2025-01-16 14:11:17,382 - INFO - spark.executor.extraJavaOptions: -XX:+IgnoreUnrecognizedVMOptions --add-opens=java.base/java.lang=ALL-UNNAMED --add-opens=java.base/java.lang.invoke=ALL-UNNAMED --add-opens=java.base/java.lang.reflect=ALL-UNNAMED --add-opens=java.base/java.io=ALL-UNNAMED --add-opens=java.base/java.net=ALL-UNNAMED --add-opens=java.base/java.nio=ALL-UNNAMED --add-opens=java.base/java.util=ALL-UNNAMED --add-opens=java.base/java.util.concurrent=ALL-UNNAMED --add-opens=java.base/java.util.concurrent.atomic=ALL-UNNAMED --add-opens=java.base/sun.nio.ch=ALL-UNNAMED --add-opens=java.base/sun.nio.cs=ALL-UNNAMED --add-opens=java.base/sun.security.action=ALL-UNNAMED --add-opens=java.base/sun.util.calendar=ALL-UNNAMED --add-opens=java.security.jgss/sun.security.krb5=ALL-UNNAMED
[2025-01-16T14:11:17.385+0000] {spark_submit.py:491} INFO - 2025-01-16 14:11:17,382 - INFO - spark.driver.host: 183471e553b7
[2025-01-16T14:11:17.385+0000] {spark_submit.py:491} INFO - 2025-01-16 14:11:17,382 - INFO - spark.serializer.objectStreamReset: 100
[2025-01-16T14:11:17.385+0000] {spark_submit.py:491} INFO - 2025-01-16 14:11:17,382 - INFO - spark.master: local[*]
[2025-01-16T14:11:17.385+0000] {spark_submit.py:491} INFO - 2025-01-16 14:11:17,382 - INFO - spark.submit.pyFiles:
[2025-01-16T14:11:17.385+0000] {spark_submit.py:491} INFO - 2025-01-16 14:11:17,382 - INFO - spark.submit.deployMode: client
[2025-01-16T14:11:17.385+0000] {spark_submit.py:491} INFO - 2025-01-16 14:11:17,382 - INFO - spark.driver.port: 38697
[2025-01-16T14:11:17.385+0000] {spark_submit.py:491} INFO - 2025-01-16 14:11:17,382 - INFO - Checking input path: /opt/spark-data/input
[2025-01-16T14:11:17.385+0000] {spark_submit.py:491} INFO - 2025-01-16 14:11:17,382 - INFO - Contents of input path: []
[2025-01-16T14:11:17.385+0000] {spark_submit.py:491} INFO - 2025-01-16 14:11:17,382 - WARNING - No data found in /opt/spark-data/input. Generating sample data.
[2025-01-16T14:11:17.385+0000] {spark_submit.py:491} INFO - 2025-01-16 14:11:17,382 - INFO - Creating sample data
[2025-01-16T14:11:18.531+0000] {spark_submit.py:491} INFO - 25/01/16 14:11:18 INFO SharedState: Setting hive.metastore.warehouse.dir ('null') to the value of spark.sql.warehouse.dir.
[2025-01-16T14:11:18.536+0000] {spark_submit.py:491} INFO - 25/01/16 14:11:18 INFO SharedState: Warehouse path is 'file:/opt/***/spark-warehouse'.
[2025-01-16T14:11:20.173+0000] {spark_submit.py:491} INFO - 2025-01-16 14:11:20,170 - INFO - Input DataFrame details:
[2025-01-16T14:11:20.191+0000] {spark_submit.py:491} INFO - root
[2025-01-16T14:11:20.191+0000] {spark_submit.py:491} INFO - |-- category: string (nullable = true)
[2025-01-16T14:11:20.191+0000] {spark_submit.py:491} INFO - |-- value: integer (nullable = true)
[2025-01-16T14:11:20.191+0000] {spark_submit.py:491} INFO - 
[2025-01-16T14:11:20.702+0000] {spark_submit.py:491} INFO - 25/01/16 14:11:20 INFO CodeGenerator: Code generated in 125.96041 ms
[2025-01-16T14:11:20.722+0000] {spark_submit.py:491} INFO - 25/01/16 14:11:20 INFO SparkContext: Starting job: showString at NativeMethodAccessorImpl.java:0
[2025-01-16T14:11:20.732+0000] {spark_submit.py:491} INFO - 25/01/16 14:11:20 INFO DAGScheduler: Got job 0 (showString at NativeMethodAccessorImpl.java:0) with 1 output partitions
[2025-01-16T14:11:20.732+0000] {spark_submit.py:491} INFO - 25/01/16 14:11:20 INFO DAGScheduler: Final stage: ResultStage 0 (showString at NativeMethodAccessorImpl.java:0)
[2025-01-16T14:11:20.732+0000] {spark_submit.py:491} INFO - 25/01/16 14:11:20 INFO DAGScheduler: Parents of final stage: List()
[2025-01-16T14:11:20.733+0000] {spark_submit.py:491} INFO - 25/01/16 14:11:20 INFO DAGScheduler: Missing parents: List()
[2025-01-16T14:11:20.736+0000] {spark_submit.py:491} INFO - 25/01/16 14:11:20 INFO DAGScheduler: Submitting ResultStage 0 (MapPartitionsRDD[6] at showString at NativeMethodAccessorImpl.java:0), which has no missing parents
[2025-01-16T14:11:20.818+0000] {spark_submit.py:491} INFO - 25/01/16 14:11:20 INFO MemoryStore: Block broadcast_0 stored as values in memory (estimated size 12.3 KiB, free 434.4 MiB)
[2025-01-16T14:11:20.843+0000] {spark_submit.py:491} INFO - 25/01/16 14:11:20 INFO MemoryStore: Block broadcast_0_piece0 stored as bytes in memory (estimated size 6.5 KiB, free 434.4 MiB)
[2025-01-16T14:11:20.844+0000] {spark_submit.py:491} INFO - 25/01/16 14:11:20 INFO BlockManagerInfo: Added broadcast_0_piece0 in memory on 183471e553b7:39711 (size: 6.5 KiB, free: 434.4 MiB)
[2025-01-16T14:11:20.847+0000] {spark_submit.py:491} INFO - 25/01/16 14:11:20 INFO SparkContext: Created broadcast 0 from broadcast at DAGScheduler.scala:1513
[2025-01-16T14:11:20.863+0000] {spark_submit.py:491} INFO - 25/01/16 14:11:20 INFO DAGScheduler: Submitting 1 missing tasks from ResultStage 0 (MapPartitionsRDD[6] at showString at NativeMethodAccessorImpl.java:0) (first 15 tasks are for partitions Vector(0))
[2025-01-16T14:11:20.864+0000] {spark_submit.py:491} INFO - 25/01/16 14:11:20 INFO TaskSchedulerImpl: Adding task set 0.0 with 1 tasks resource profile 0
[2025-01-16T14:11:20.896+0000] {spark_submit.py:491} INFO - 25/01/16 14:11:20 INFO TaskSetManager: Starting task 0.0 in stage 0.0 (TID 0) (183471e553b7, executor driver, partition 0, PROCESS_LOCAL, 4433 bytes) taskResourceAssignments Map()
[2025-01-16T14:11:20.927+0000] {spark_submit.py:491} INFO - 25/01/16 14:11:20 INFO Executor: Running task 0.0 in stage 0.0 (TID 0)
[2025-01-16T14:11:21.783+0000] {spark_submit.py:491} INFO - 25/01/16 14:11:21 INFO PythonRunner: Times: total = 776, boot = 719, init = 57, finish = 0
[2025-01-16T14:11:21.795+0000] {spark_submit.py:491} INFO - 25/01/16 14:11:21 INFO Executor: Finished task 0.0 in stage 0.0 (TID 0). 1832 bytes result sent to driver
[2025-01-16T14:11:21.801+0000] {spark_submit.py:491} INFO - 25/01/16 14:11:21 INFO TaskSetManager: Finished task 0.0 in stage 0.0 (TID 0) in 914 ms on 183471e553b7 (executor driver) (1/1)
[2025-01-16T14:11:21.802+0000] {spark_submit.py:491} INFO - 25/01/16 14:11:21 INFO TaskSchedulerImpl: Removed TaskSet 0.0, whose tasks have all completed, from pool
[2025-01-16T14:11:21.806+0000] {spark_submit.py:491} INFO - 25/01/16 14:11:21 INFO PythonAccumulatorV2: Connected to AccumulatorServer at host: 127.0.0.1 port: 38235
[2025-01-16T14:11:21.815+0000] {spark_submit.py:491} INFO - 25/01/16 14:11:21 INFO DAGScheduler: ResultStage 0 (showString at NativeMethodAccessorImpl.java:0) finished in 1.064 s
[2025-01-16T14:11:21.823+0000] {spark_submit.py:491} INFO - 25/01/16 14:11:21 INFO DAGScheduler: Job 0 is finished. Cancelling potential speculative or zombie tasks for this job
[2025-01-16T14:11:21.823+0000] {spark_submit.py:491} INFO - 25/01/16 14:11:21 INFO TaskSchedulerImpl: Killing all running tasks in stage 0: Stage finished
[2025-01-16T14:11:21.824+0000] {spark_submit.py:491} INFO - 25/01/16 14:11:21 INFO DAGScheduler: Job 0 finished: showString at NativeMethodAccessorImpl.java:0, took 1.100690 s
[2025-01-16T14:11:21.834+0000] {spark_submit.py:491} INFO - 25/01/16 14:11:21 INFO SparkContext: Starting job: showString at NativeMethodAccessorImpl.java:0
[2025-01-16T14:11:21.835+0000] {spark_submit.py:491} INFO - 25/01/16 14:11:21 INFO DAGScheduler: Got job 1 (showString at NativeMethodAccessorImpl.java:0) with 4 output partitions
[2025-01-16T14:11:21.836+0000] {spark_submit.py:491} INFO - 25/01/16 14:11:21 INFO DAGScheduler: Final stage: ResultStage 1 (showString at NativeMethodAccessorImpl.java:0)
[2025-01-16T14:11:21.836+0000] {spark_submit.py:491} INFO - 25/01/16 14:11:21 INFO DAGScheduler: Parents of final stage: List()
[2025-01-16T14:11:21.836+0000] {spark_submit.py:491} INFO - 25/01/16 14:11:21 INFO DAGScheduler: Missing parents: List()
[2025-01-16T14:11:21.839+0000] {spark_submit.py:491} INFO - 25/01/16 14:11:21 INFO DAGScheduler: Submitting ResultStage 1 (MapPartitionsRDD[6] at showString at NativeMethodAccessorImpl.java:0), which has no missing parents
[2025-01-16T14:11:21.840+0000] {spark_submit.py:491} INFO - 25/01/16 14:11:21 INFO MemoryStore: Block broadcast_1 stored as values in memory (estimated size 12.3 KiB, free 434.4 MiB)
[2025-01-16T14:11:21.842+0000] {spark_submit.py:491} INFO - 25/01/16 14:11:21 INFO MemoryStore: Block broadcast_1_piece0 stored as bytes in memory (estimated size 6.5 KiB, free 434.4 MiB)
[2025-01-16T14:11:21.844+0000] {spark_submit.py:491} INFO - 25/01/16 14:11:21 INFO BlockManagerInfo: Added broadcast_1_piece0 in memory on 183471e553b7:39711 (size: 6.5 KiB, free: 434.4 MiB)
[2025-01-16T14:11:21.844+0000] {spark_submit.py:491} INFO - 25/01/16 14:11:21 INFO SparkContext: Created broadcast 1 from broadcast at DAGScheduler.scala:1513
[2025-01-16T14:11:21.844+0000] {spark_submit.py:491} INFO - 25/01/16 14:11:21 INFO DAGScheduler: Submitting 4 missing tasks from ResultStage 1 (MapPartitionsRDD[6] at showString at NativeMethodAccessorImpl.java:0) (first 15 tasks are for partitions Vector(1, 2, 3, 4))
[2025-01-16T14:11:21.845+0000] {spark_submit.py:491} INFO - 25/01/16 14:11:21 INFO TaskSchedulerImpl: Adding task set 1.0 with 4 tasks resource profile 0
[2025-01-16T14:11:21.846+0000] {spark_submit.py:491} INFO - 25/01/16 14:11:21 INFO TaskSetManager: Starting task 0.0 in stage 1.0 (TID 1) (183471e553b7, executor driver, partition 1, PROCESS_LOCAL, 4476 bytes) taskResourceAssignments Map()
[2025-01-16T14:11:21.847+0000] {spark_submit.py:491} INFO - 25/01/16 14:11:21 INFO TaskSetManager: Starting task 1.0 in stage 1.0 (TID 2) (183471e553b7, executor driver, partition 2, PROCESS_LOCAL, 4473 bytes) taskResourceAssignments Map()
[2025-01-16T14:11:21.848+0000] {spark_submit.py:491} INFO - 25/01/16 14:11:21 INFO TaskSetManager: Starting task 2.0 in stage 1.0 (TID 3) (183471e553b7, executor driver, partition 3, PROCESS_LOCAL, 4470 bytes) taskResourceAssignments Map()
[2025-01-16T14:11:21.849+0000] {spark_submit.py:491} INFO - 25/01/16 14:11:21 INFO TaskSetManager: Starting task 3.0 in stage 1.0 (TID 4) (183471e553b7, executor driver, partition 4, PROCESS_LOCAL, 4433 bytes) taskResourceAssignments Map()
[2025-01-16T14:11:21.852+0000] {spark_submit.py:491} INFO - 25/01/16 14:11:21 INFO Executor: Running task 0.0 in stage 1.0 (TID 1)
[2025-01-16T14:11:21.857+0000] {spark_submit.py:491} INFO - 25/01/16 14:11:21 INFO Executor: Running task 1.0 in stage 1.0 (TID 2)
[2025-01-16T14:11:21.860+0000] {spark_submit.py:491} INFO - 25/01/16 14:11:21 INFO Executor: Running task 2.0 in stage 1.0 (TID 3)
[2025-01-16T14:11:21.861+0000] {spark_submit.py:491} INFO - 25/01/16 14:11:21 INFO Executor: Running task 3.0 in stage 1.0 (TID 4)
[2025-01-16T14:11:21.918+0000] {spark_submit.py:491} INFO - 25/01/16 14:11:21 INFO PythonRunner: Times: total = 50, boot = -52, init = 101, finish = 1
[2025-01-16T14:11:21.919+0000] {spark_submit.py:491} INFO - 25/01/16 14:11:21 INFO Executor: Finished task 0.0 in stage 1.0 (TID 1). 1840 bytes result sent to driver
[2025-01-16T14:11:21.921+0000] {spark_submit.py:491} INFO - 25/01/16 14:11:21 INFO TaskSetManager: Finished task 0.0 in stage 1.0 (TID 1) in 76 ms on 183471e553b7 (executor driver) (1/4)
[2025-01-16T14:11:21.933+0000] {spark_submit.py:491} INFO - 25/01/16 14:11:21 INFO PythonRunner: Times: total = 53, boot = 9, init = 44, finish = 0
[2025-01-16T14:11:21.935+0000] {spark_submit.py:491} INFO - 25/01/16 14:11:21 INFO Executor: Finished task 3.0 in stage 1.0 (TID 4). 1789 bytes result sent to driver
[2025-01-16T14:11:21.936+0000] {spark_submit.py:491} INFO - 25/01/16 14:11:21 INFO TaskSetManager: Finished task 3.0 in stage 1.0 (TID 4) in 88 ms on 183471e553b7 (executor driver) (2/4)
[2025-01-16T14:11:21.937+0000] {spark_submit.py:491} INFO - 25/01/16 14:11:21 INFO PythonRunner: Times: total = 58, boot = 6, init = 52, finish = 0
[2025-01-16T14:11:21.938+0000] {spark_submit.py:491} INFO - 25/01/16 14:11:21 INFO Executor: Finished task 2.0 in stage 1.0 (TID 3). 1834 bytes result sent to driver
[2025-01-16T14:11:21.940+0000] {spark_submit.py:491} INFO - 25/01/16 14:11:21 INFO TaskSetManager: Finished task 2.0 in stage 1.0 (TID 3) in 92 ms on 183471e553b7 (executor driver) (3/4)
[2025-01-16T14:11:21.942+0000] {spark_submit.py:491} INFO - 25/01/16 14:11:21 INFO PythonRunner: Times: total = 64, boot = 19, init = 44, finish = 1
[2025-01-16T14:11:21.945+0000] {spark_submit.py:491} INFO - 25/01/16 14:11:21 INFO Executor: Finished task 1.0 in stage 1.0 (TID 2). 1834 bytes result sent to driver
[2025-01-16T14:11:21.948+0000] {spark_submit.py:491} INFO - 25/01/16 14:11:21 INFO TaskSetManager: Finished task 1.0 in stage 1.0 (TID 2) in 101 ms on 183471e553b7 (executor driver) (4/4)
[2025-01-16T14:11:21.948+0000] {spark_submit.py:491} INFO - 25/01/16 14:11:21 INFO TaskSchedulerImpl: Removed TaskSet 1.0, whose tasks have all completed, from pool
[2025-01-16T14:11:21.950+0000] {spark_submit.py:491} INFO - 25/01/16 14:11:21 INFO DAGScheduler: ResultStage 1 (showString at NativeMethodAccessorImpl.java:0) finished in 0.111 s
[2025-01-16T14:11:21.950+0000] {spark_submit.py:491} INFO - 25/01/16 14:11:21 INFO DAGScheduler: Job 1 is finished. Cancelling potential speculative or zombie tasks for this job
[2025-01-16T14:11:21.951+0000] {spark_submit.py:491} INFO - 25/01/16 14:11:21 INFO TaskSchedulerImpl: Killing all running tasks in stage 1: Stage finished
[2025-01-16T14:11:21.954+0000] {spark_submit.py:491} INFO - 25/01/16 14:11:21 INFO DAGScheduler: Job 1 finished: showString at NativeMethodAccessorImpl.java:0, took 0.116854 s
[2025-01-16T14:11:21.964+0000] {spark_submit.py:491} INFO - 25/01/16 14:11:21 INFO SparkContext: Starting job: showString at NativeMethodAccessorImpl.java:0
[2025-01-16T14:11:21.965+0000] {spark_submit.py:491} INFO - 25/01/16 14:11:21 INFO DAGScheduler: Got job 2 (showString at NativeMethodAccessorImpl.java:0) with 3 output partitions
[2025-01-16T14:11:21.965+0000] {spark_submit.py:491} INFO - 25/01/16 14:11:21 INFO DAGScheduler: Final stage: ResultStage 2 (showString at NativeMethodAccessorImpl.java:0)
[2025-01-16T14:11:21.965+0000] {spark_submit.py:491} INFO - 25/01/16 14:11:21 INFO DAGScheduler: Parents of final stage: List()
[2025-01-16T14:11:21.965+0000] {spark_submit.py:491} INFO - 25/01/16 14:11:21 INFO DAGScheduler: Missing parents: List()
[2025-01-16T14:11:21.966+0000] {spark_submit.py:491} INFO - 25/01/16 14:11:21 INFO DAGScheduler: Submitting ResultStage 2 (MapPartitionsRDD[6] at showString at NativeMethodAccessorImpl.java:0), which has no missing parents
[2025-01-16T14:11:21.969+0000] {spark_submit.py:491} INFO - 25/01/16 14:11:21 INFO MemoryStore: Block broadcast_2 stored as values in memory (estimated size 12.3 KiB, free 434.4 MiB)
[2025-01-16T14:11:21.974+0000] {spark_submit.py:491} INFO - 25/01/16 14:11:21 INFO MemoryStore: Block broadcast_2_piece0 stored as bytes in memory (estimated size 6.5 KiB, free 434.3 MiB)
[2025-01-16T14:11:21.974+0000] {spark_submit.py:491} INFO - 25/01/16 14:11:21 INFO BlockManagerInfo: Added broadcast_2_piece0 in memory on 183471e553b7:39711 (size: 6.5 KiB, free: 434.4 MiB)
[2025-01-16T14:11:21.974+0000] {spark_submit.py:491} INFO - 25/01/16 14:11:21 INFO SparkContext: Created broadcast 2 from broadcast at DAGScheduler.scala:1513
[2025-01-16T14:11:21.974+0000] {spark_submit.py:491} INFO - 25/01/16 14:11:21 INFO DAGScheduler: Submitting 3 missing tasks from ResultStage 2 (MapPartitionsRDD[6] at showString at NativeMethodAccessorImpl.java:0) (first 15 tasks are for partitions Vector(5, 6, 7))
[2025-01-16T14:11:21.974+0000] {spark_submit.py:491} INFO - 25/01/16 14:11:21 INFO TaskSchedulerImpl: Adding task set 2.0 with 3 tasks resource profile 0
[2025-01-16T14:11:21.976+0000] {spark_submit.py:491} INFO - 25/01/16 14:11:21 INFO TaskSetManager: Starting task 0.0 in stage 2.0 (TID 5) (183471e553b7, executor driver, partition 5, PROCESS_LOCAL, 4476 bytes) taskResourceAssignments Map()
[2025-01-16T14:11:21.976+0000] {spark_submit.py:491} INFO - 25/01/16 14:11:21 INFO TaskSetManager: Starting task 1.0 in stage 2.0 (TID 6) (183471e553b7, executor driver, partition 6, PROCESS_LOCAL, 4473 bytes) taskResourceAssignments Map()
[2025-01-16T14:11:21.978+0000] {spark_submit.py:491} INFO - 25/01/16 14:11:21 INFO TaskSetManager: Starting task 2.0 in stage 2.0 (TID 7) (183471e553b7, executor driver, partition 7, PROCESS_LOCAL, 4470 bytes) taskResourceAssignments Map()
[2025-01-16T14:11:21.978+0000] {spark_submit.py:491} INFO - 25/01/16 14:11:21 INFO Executor: Running task 2.0 in stage 2.0 (TID 7)
[2025-01-16T14:11:21.978+0000] {spark_submit.py:491} INFO - 25/01/16 14:11:21 INFO Executor: Running task 0.0 in stage 2.0 (TID 5)
[2025-01-16T14:11:21.978+0000] {spark_submit.py:491} INFO - 25/01/16 14:11:21 INFO Executor: Running task 1.0 in stage 2.0 (TID 6)
[2025-01-16T14:11:22.025+0000] {spark_submit.py:491} INFO - 25/01/16 14:11:22 INFO PythonRunner: Times: total = 43, boot = -20, init = 63, finish = 0
[2025-01-16T14:11:22.027+0000] {spark_submit.py:491} INFO - 25/01/16 14:11:22 INFO Executor: Finished task 1.0 in stage 2.0 (TID 6). 1834 bytes result sent to driver
[2025-01-16T14:11:22.027+0000] {spark_submit.py:491} INFO - 25/01/16 14:11:22 INFO PythonRunner: Times: total = 45, boot = -63, init = 108, finish = 0
[2025-01-16T14:11:22.030+0000] {spark_submit.py:491} INFO - 25/01/16 14:11:22 INFO TaskSetManager: Finished task 1.0 in stage 2.0 (TID 6) in 51 ms on 183471e553b7 (executor driver) (1/3)
[2025-01-16T14:11:22.031+0000] {spark_submit.py:491} INFO - 25/01/16 14:11:22 INFO Executor: Finished task 2.0 in stage 2.0 (TID 7). 1834 bytes result sent to driver
[2025-01-16T14:11:22.032+0000] {spark_submit.py:491} INFO - 25/01/16 14:11:22 INFO TaskSetManager: Finished task 2.0 in stage 2.0 (TID 7) in 55 ms on 183471e553b7 (executor driver) (2/3)
[2025-01-16T14:11:22.033+0000] {spark_submit.py:491} INFO - 25/01/16 14:11:22 INFO PythonRunner: Times: total = 44, boot = -24, init = 68, finish = 0
[2025-01-16T14:11:22.034+0000] {spark_submit.py:491} INFO - 25/01/16 14:11:22 INFO Executor: Finished task 0.0 in stage 2.0 (TID 5). 1840 bytes result sent to driver
[2025-01-16T14:11:22.035+0000] {spark_submit.py:491} INFO - 25/01/16 14:11:22 INFO TaskSetManager: Finished task 0.0 in stage 2.0 (TID 5) in 60 ms on 183471e553b7 (executor driver) (3/3)
[2025-01-16T14:11:22.035+0000] {spark_submit.py:491} INFO - 25/01/16 14:11:22 INFO TaskSchedulerImpl: Removed TaskSet 2.0, whose tasks have all completed, from pool
[2025-01-16T14:11:22.036+0000] {spark_submit.py:491} INFO - 25/01/16 14:11:22 INFO DAGScheduler: ResultStage 2 (showString at NativeMethodAccessorImpl.java:0) finished in 0.068 s
[2025-01-16T14:11:22.037+0000] {spark_submit.py:491} INFO - 25/01/16 14:11:22 INFO DAGScheduler: Job 2 is finished. Cancelling potential speculative or zombie tasks for this job
[2025-01-16T14:11:22.037+0000] {spark_submit.py:491} INFO - 25/01/16 14:11:22 INFO TaskSchedulerImpl: Killing all running tasks in stage 2: Stage finished
[2025-01-16T14:11:22.038+0000] {spark_submit.py:491} INFO - 25/01/16 14:11:22 INFO DAGScheduler: Job 2 finished: showString at NativeMethodAccessorImpl.java:0, took 0.073723 s
[2025-01-16T14:11:22.070+0000] {spark_submit.py:491} INFO - 25/01/16 14:11:22 INFO CodeGenerator: Code generated in 10.150689 ms
[2025-01-16T14:11:22.077+0000] {spark_submit.py:491} INFO - +-----------+-----+
[2025-01-16T14:11:22.077+0000] {spark_submit.py:491} INFO - |   category|value|
[2025-01-16T14:11:22.077+0000] {spark_submit.py:491} INFO - +-----------+-----+
[2025-01-16T14:11:22.077+0000] {spark_submit.py:491} INFO - |electronics|  100|
[2025-01-16T14:11:22.077+0000] {spark_submit.py:491} INFO - |   clothing|   75|
[2025-01-16T14:11:22.077+0000] {spark_submit.py:491} INFO - |      books|   50|
[2025-01-16T14:11:22.077+0000] {spark_submit.py:491} INFO - |electronics|  200|
[2025-01-16T14:11:22.077+0000] {spark_submit.py:491} INFO - |   clothing|  125|
[2025-01-16T14:11:22.077+0000] {spark_submit.py:491} INFO - |      books|   80|
[2025-01-16T14:11:22.077+0000] {spark_submit.py:491} INFO - +-----------+-----+
[2025-01-16T14:11:22.077+0000] {spark_submit.py:491} INFO - 
[2025-01-16T14:11:22.143+0000] {spark_submit.py:491} INFO - 2025-01-16 14:11:22,142 - INFO - Creating output directory: /opt/spark-data/output
[2025-01-16T14:11:22.143+0000] {spark_submit.py:491} INFO - 2025-01-16 14:11:22,143 - INFO - Writing processed data
[2025-01-16T14:11:22.301+0000] {spark_submit.py:491} INFO - 2025-01-16 14:11:22,300 - ERROR - Error processing data: Found duplicate column(s) when inserting into file:/opt/spark-data/output: `category`
[2025-01-16T14:11:22.304+0000] {spark_submit.py:491} INFO - 2025-01-16 14:11:22,304 - ERROR - Traceback (most recent call last):
[2025-01-16T14:11:22.305+0000] {spark_submit.py:491} INFO - File "/opt/spark-apps/sample_spark_app.py", line 115, in main
[2025-01-16T14:11:22.305+0000] {spark_submit.py:491} INFO - processed_df.write \
[2025-01-16T14:11:22.305+0000] {spark_submit.py:491} INFO - File "/home/***/.local/lib/python3.8/site-packages/pyspark/python/lib/pyspark.zip/pyspark/sql/readwriter.py", line 1240, in csv
[2025-01-16T14:11:22.305+0000] {spark_submit.py:491} INFO - self._jwrite.csv(path)
[2025-01-16T14:11:22.305+0000] {spark_submit.py:491} INFO - File "/home/***/.local/lib/python3.8/site-packages/pyspark/python/lib/py4j-0.10.9.5-src.zip/py4j/java_gateway.py", line 1321, in __call__
[2025-01-16T14:11:22.305+0000] {spark_submit.py:491} INFO - return_value = get_return_value(
[2025-01-16T14:11:22.305+0000] {spark_submit.py:491} INFO - File "/home/***/.local/lib/python3.8/site-packages/pyspark/python/lib/pyspark.zip/pyspark/sql/utils.py", line 196, in deco
[2025-01-16T14:11:22.305+0000] {spark_submit.py:491} INFO - raise converted from None
[2025-01-16T14:11:22.305+0000] {spark_submit.py:491} INFO - pyspark.sql.utils.AnalysisException: Found duplicate column(s) when inserting into file:/opt/spark-data/output: `category`
[2025-01-16T14:11:22.306+0000] {spark_submit.py:491} INFO - 
[2025-01-16T14:11:22.308+0000] {spark_submit.py:491} INFO - 25/01/16 14:11:22 INFO SparkUI: Stopped Spark web UI at http://183471e553b7:4040
[2025-01-16T14:11:22.325+0000] {spark_submit.py:491} INFO - 25/01/16 14:11:22 INFO MapOutputTrackerMasterEndpoint: MapOutputTrackerMasterEndpoint stopped!
[2025-01-16T14:11:22.332+0000] {spark_submit.py:491} INFO - 25/01/16 14:11:22 INFO MemoryStore: MemoryStore cleared
[2025-01-16T14:11:22.332+0000] {spark_submit.py:491} INFO - 25/01/16 14:11:22 INFO BlockManager: BlockManager stopped
[2025-01-16T14:11:22.333+0000] {spark_submit.py:491} INFO - 25/01/16 14:11:22 INFO BlockManagerMaster: BlockManagerMaster stopped
[2025-01-16T14:11:22.333+0000] {spark_submit.py:491} INFO - 25/01/16 14:11:22 INFO OutputCommitCoordinator$OutputCommitCoordinatorEndpoint: OutputCommitCoordinator stopped!
[2025-01-16T14:11:22.340+0000] {spark_submit.py:491} INFO - 25/01/16 14:11:22 INFO SparkContext: Successfully stopped SparkContext
[2025-01-16T14:11:23.150+0000] {spark_submit.py:491} INFO - 25/01/16 14:11:23 INFO ShutdownHookManager: Shutdown hook called
[2025-01-16T14:11:23.152+0000] {spark_submit.py:491} INFO - 25/01/16 14:11:23 INFO ShutdownHookManager: Deleting directory /tmp/spark-e6d94a95-bbb0-4204-b68f-184674c292fd/pyspark-f10ada3a-933f-4d52-b6ab-069143212795
[2025-01-16T14:11:23.153+0000] {spark_submit.py:491} INFO - 25/01/16 14:11:23 INFO ShutdownHookManager: Deleting directory /tmp/spark-e6d94a95-bbb0-4204-b68f-184674c292fd
[2025-01-16T14:11:23.155+0000] {spark_submit.py:491} INFO - 25/01/16 14:11:23 INFO ShutdownHookManager: Deleting directory /tmp/spark-57dcc72e-1a22-4952-a365-c0b33e567719
[2025-01-16T14:11:23.265+0000] {taskinstance.py:1937} ERROR - Task failed with exception
Traceback (most recent call last):
  File "/home/airflow/.local/lib/python3.8/site-packages/airflow/providers/apache/spark/operators/spark_submit.py", line 156, in execute
    self._hook.submit(self._application)
  File "/home/airflow/.local/lib/python3.8/site-packages/airflow/providers/apache/spark/hooks/spark_submit.py", line 422, in submit
    raise AirflowException(
airflow.exceptions.AirflowException: Cannot execute: spark-submit --master spark://spark-master:7077 --name arrow-spark --verbose /opt/spark-apps/sample_spark_app.py /opt/spark-data/input /opt/spark-data/output. Error code is: 1.
[2025-01-16T14:11:23.278+0000] {taskinstance.py:1400} INFO - Marking task as UP_FOR_RETRY. dag_id=spark_processing_dag, task_id=spark_submit_job, execution_date=20250116T141011, start_date=20250116T141013, end_date=20250116T141123
[2025-01-16T14:11:23.317+0000] {standard_task_runner.py:104} ERROR - Failed to execute job 70 for task spark_submit_job (Cannot execute: spark-submit --master spark://spark-master:7077 --name arrow-spark --verbose /opt/spark-apps/sample_spark_app.py /opt/spark-data/input /opt/spark-data/output. Error code is: 1.; 1740)
[2025-01-16T14:11:23.362+0000] {local_task_job_runner.py:228} INFO - Task exited with return code 1
[2025-01-16T14:11:23.410+0000] {taskinstance.py:2778} INFO - 0 downstream tasks scheduled from follow-on schedule check
