[2025-01-16T14:16:24.426+0000] {taskinstance.py:1159} INFO - Dependencies all met for dep_context=non-requeueable deps ti=<TaskInstance: spark_processing_dag.spark_submit_job manual__2025-01-16T14:10:11.856833+00:00 [queued]>
[2025-01-16T14:16:24.431+0000] {taskinstance.py:1159} INFO - Dependencies all met for dep_context=requeueable deps ti=<TaskInstance: spark_processing_dag.spark_submit_job manual__2025-01-16T14:10:11.856833+00:00 [queued]>
[2025-01-16T14:16:24.432+0000] {taskinstance.py:1361} INFO - Starting attempt 2 of 2
[2025-01-16T14:16:24.438+0000] {taskinstance.py:1382} INFO - Executing <Task(SparkSubmitOperator): spark_submit_job> on 2025-01-16 14:10:11.856833+00:00
[2025-01-16T14:16:24.442+0000] {standard_task_runner.py:57} INFO - Started process 191 to run task
[2025-01-16T14:16:24.444+0000] {standard_task_runner.py:84} INFO - Running: ['***', 'tasks', 'run', 'spark_processing_dag', 'spark_submit_job', 'manual__2025-01-16T14:10:11.856833+00:00', '--job-id', '76', '--raw', '--subdir', 'DAGS_FOLDER/spark-processing.py', '--cfg-path', '/tmp/tmp5y_vc7rg']
[2025-01-16T14:16:24.445+0000] {standard_task_runner.py:85} INFO - Job 76: Subtask spark_submit_job
[2025-01-16T14:16:24.481+0000] {task_command.py:416} INFO - Running <TaskInstance: spark_processing_dag.spark_submit_job manual__2025-01-16T14:10:11.856833+00:00 [running]> on host b7203d0b0109
[2025-01-16T14:16:24.523+0000] {taskinstance.py:1662} INFO - Exporting env vars: AIRFLOW_CTX_DAG_OWNER='***' AIRFLOW_CTX_DAG_ID='spark_processing_dag' AIRFLOW_CTX_TASK_ID='spark_submit_job' AIRFLOW_CTX_EXECUTION_DATE='2025-01-16T14:10:11.856833+00:00' AIRFLOW_CTX_TRY_NUMBER='2' AIRFLOW_CTX_DAG_RUN_ID='manual__2025-01-16T14:10:11.856833+00:00'
[2025-01-16T14:16:24.529+0000] {base.py:73} INFO - Using connection ID 'spark_default' for task execution.
[2025-01-16T14:16:24.529+0000] {spark_submit.py:340} INFO - Spark-Submit cmd: spark-submit --master spark://spark-master:7077 --name arrow-spark --verbose /opt/spark-apps/sample_spark_app.py /opt/spark-data/input /opt/spark-data/output
[2025-01-16T14:16:25.808+0000] {spark_submit.py:491} INFO - Using properties file: null
[2025-01-16T14:16:25.873+0000] {spark_submit.py:491} INFO - Parsed arguments:
[2025-01-16T14:16:25.873+0000] {spark_submit.py:491} INFO - master                  spark://spark-master:7077
[2025-01-16T14:16:25.873+0000] {spark_submit.py:491} INFO - deployMode              null
[2025-01-16T14:16:25.873+0000] {spark_submit.py:491} INFO - executorMemory          null
[2025-01-16T14:16:25.873+0000] {spark_submit.py:491} INFO - executorCores           null
[2025-01-16T14:16:25.873+0000] {spark_submit.py:491} INFO - totalExecutorCores      null
[2025-01-16T14:16:25.873+0000] {spark_submit.py:491} INFO - propertiesFile          null
[2025-01-16T14:16:25.873+0000] {spark_submit.py:491} INFO - driverMemory            null
[2025-01-16T14:16:25.873+0000] {spark_submit.py:491} INFO - driverCores             null
[2025-01-16T14:16:25.873+0000] {spark_submit.py:491} INFO - driverExtraClassPath    null
[2025-01-16T14:16:25.873+0000] {spark_submit.py:491} INFO - driverExtraLibraryPath  null
[2025-01-16T14:16:25.873+0000] {spark_submit.py:491} INFO - driverExtraJavaOptions  null
[2025-01-16T14:16:25.873+0000] {spark_submit.py:491} INFO - supervise               false
[2025-01-16T14:16:25.873+0000] {spark_submit.py:491} INFO - queue                   null
[2025-01-16T14:16:25.873+0000] {spark_submit.py:491} INFO - numExecutors            null
[2025-01-16T14:16:25.874+0000] {spark_submit.py:491} INFO - files                   null
[2025-01-16T14:16:25.874+0000] {spark_submit.py:491} INFO - pyFiles                 null
[2025-01-16T14:16:25.874+0000] {spark_submit.py:491} INFO - archives                null
[2025-01-16T14:16:25.874+0000] {spark_submit.py:491} INFO - mainClass               null
[2025-01-16T14:16:25.874+0000] {spark_submit.py:491} INFO - primaryResource         file:/opt/spark-apps/sample_spark_app.py
[2025-01-16T14:16:25.874+0000] {spark_submit.py:491} INFO - name                    arrow-spark
[2025-01-16T14:16:25.874+0000] {spark_submit.py:491} INFO - childArgs               [/opt/spark-data/input /opt/spark-data/output]
[2025-01-16T14:16:25.875+0000] {spark_submit.py:491} INFO - jars                    null
[2025-01-16T14:16:25.875+0000] {spark_submit.py:491} INFO - packages                null
[2025-01-16T14:16:25.875+0000] {spark_submit.py:491} INFO - packagesExclusions      null
[2025-01-16T14:16:25.875+0000] {spark_submit.py:491} INFO - repositories            null
[2025-01-16T14:16:25.875+0000] {spark_submit.py:491} INFO - verbose                 true
[2025-01-16T14:16:25.875+0000] {spark_submit.py:491} INFO - 
[2025-01-16T14:16:25.875+0000] {spark_submit.py:491} INFO - Spark properties used, including those specified through
[2025-01-16T14:16:25.875+0000] {spark_submit.py:491} INFO - --conf and those from the properties file null:
[2025-01-16T14:16:25.875+0000] {spark_submit.py:491} INFO - 
[2025-01-16T14:16:25.875+0000] {spark_submit.py:491} INFO - 
[2025-01-16T14:16:25.875+0000] {spark_submit.py:491} INFO - 
[2025-01-16T14:16:26.050+0000] {spark_submit.py:491} INFO - Main class:
[2025-01-16T14:16:26.050+0000] {spark_submit.py:491} INFO - org.apache.spark.deploy.PythonRunner
[2025-01-16T14:16:26.050+0000] {spark_submit.py:491} INFO - Arguments:
[2025-01-16T14:16:26.050+0000] {spark_submit.py:491} INFO - file:/opt/spark-apps/sample_spark_app.py
[2025-01-16T14:16:26.050+0000] {spark_submit.py:491} INFO - null
[2025-01-16T14:16:26.050+0000] {spark_submit.py:491} INFO - /opt/spark-data/input
[2025-01-16T14:16:26.050+0000] {spark_submit.py:491} INFO - /opt/spark-data/output
[2025-01-16T14:16:26.052+0000] {spark_submit.py:491} INFO - Spark config:
[2025-01-16T14:16:26.052+0000] {spark_submit.py:491} INFO - (spark.app.name,arrow-spark)
[2025-01-16T14:16:26.052+0000] {spark_submit.py:491} INFO - (spark.app.submitTime,1737036986035)
[2025-01-16T14:16:26.052+0000] {spark_submit.py:491} INFO - (spark.master,spark://spark-master:7077)
[2025-01-16T14:16:26.052+0000] {spark_submit.py:491} INFO - (spark.submit.deployMode,client)
[2025-01-16T14:16:26.052+0000] {spark_submit.py:491} INFO - (spark.submit.pyFiles,)
[2025-01-16T14:16:26.052+0000] {spark_submit.py:491} INFO - Classpath elements:
[2025-01-16T14:16:26.052+0000] {spark_submit.py:491} INFO - 
[2025-01-16T14:16:26.053+0000] {spark_submit.py:491} INFO - 
[2025-01-16T14:16:26.053+0000] {spark_submit.py:491} INFO - 
[2025-01-16T14:16:26.566+0000] {spark_submit.py:491} INFO - 2025-01-16 14:16:26,565 - INFO - Starting Spark job
[2025-01-16T14:16:26.567+0000] {spark_submit.py:491} INFO - 2025-01-16 14:16:26,565 - INFO - Input path: /opt/spark-data/input
[2025-01-16T14:16:26.567+0000] {spark_submit.py:491} INFO - 2025-01-16 14:16:26,565 - INFO - Output path: /opt/spark-data/output
[2025-01-16T14:16:26.567+0000] {spark_submit.py:491} INFO - 2025-01-16 14:16:26,565 - INFO - Python version: 3.8.18 (default, Nov  1 2023, 11:13:53)
[2025-01-16T14:16:26.567+0000] {spark_submit.py:491} INFO - [GCC 10.2.1 20210110]
[2025-01-16T14:16:26.567+0000] {spark_submit.py:491} INFO - 2025-01-16 14:16:26,565 - INFO - Python executable: /usr/local/bin/python3
[2025-01-16T14:16:26.567+0000] {spark_submit.py:491} INFO - 2025-01-16 14:16:26,565 - INFO - Python path: ['/opt/spark-apps', '/home/***/.local/lib/python3.8/site-packages/pyspark/python/lib/pyspark.zip', '/home/***/.local/lib/python3.8/site-packages/pyspark/python/lib/py4j-0.10.9.5-src.zip', '/home/***/.local/lib/python3.8/site-packages/pyspark/jars/spark-core_2.12-3.3.2.jar', '/opt/***/libraries', '/usr/local/lib/python38.zip', '/usr/local/lib/python3.8', '/usr/local/lib/python3.8/lib-dynload', '/home/***/.local/lib/python3.8/site-packages', '/usr/local/lib/python3.8/site-packages', '/opt/spark/python', '/opt/spark/python/lib/py4j-0.10.9.5-src.zip']
[2025-01-16T14:16:26.616+0000] {spark_submit.py:491} INFO - 25/01/16 14:16:26 INFO SparkContext: Running Spark version 3.3.2
[2025-01-16T14:16:26.680+0000] {spark_submit.py:491} INFO - 25/01/16 14:16:26 WARN NativeCodeLoader: Unable to load native-hadoop library for your platform... using builtin-java classes where applicable
[2025-01-16T14:16:26.728+0000] {spark_submit.py:491} INFO - 25/01/16 14:16:26 INFO ResourceUtils: ==============================================================
[2025-01-16T14:16:26.729+0000] {spark_submit.py:491} INFO - 25/01/16 14:16:26 INFO ResourceUtils: No custom resources configured for spark.driver.
[2025-01-16T14:16:26.729+0000] {spark_submit.py:491} INFO - 25/01/16 14:16:26 INFO ResourceUtils: ==============================================================
[2025-01-16T14:16:26.729+0000] {spark_submit.py:491} INFO - 25/01/16 14:16:26 INFO SparkContext: Submitted application: Sample Spark Processing
[2025-01-16T14:16:26.743+0000] {spark_submit.py:491} INFO - 25/01/16 14:16:26 INFO ResourceProfile: Default ResourceProfile created, executor resources: Map(cores -> name: cores, amount: 1, script: , vendor: , memory -> name: memory, amount: 1024, script: , vendor: , offHeap -> name: offHeap, amount: 0, script: , vendor: ), task resources: Map(cpus -> name: cpus, amount: 1.0)
[2025-01-16T14:16:26.747+0000] {spark_submit.py:491} INFO - 25/01/16 14:16:26 INFO ResourceProfile: Limiting resource is cpu
[2025-01-16T14:16:26.748+0000] {spark_submit.py:491} INFO - 25/01/16 14:16:26 INFO ResourceProfileManager: Added ResourceProfile id: 0
[2025-01-16T14:16:26.775+0000] {spark_submit.py:491} INFO - 25/01/16 14:16:26 INFO SecurityManager: Changing view acls to: ***
[2025-01-16T14:16:26.775+0000] {spark_submit.py:491} INFO - 25/01/16 14:16:26 INFO SecurityManager: Changing modify acls to: ***
[2025-01-16T14:16:26.775+0000] {spark_submit.py:491} INFO - 25/01/16 14:16:26 INFO SecurityManager: Changing view acls groups to:
[2025-01-16T14:16:26.775+0000] {spark_submit.py:491} INFO - 25/01/16 14:16:26 INFO SecurityManager: Changing modify acls groups to:
[2025-01-16T14:16:26.775+0000] {spark_submit.py:491} INFO - 25/01/16 14:16:26 INFO SecurityManager: SecurityManager: authentication disabled; ui acls disabled; users  with view permissions: Set(***); groups with view permissions: Set(); users  with modify permissions: Set(***); groups with modify permissions: Set()
[2025-01-16T14:16:26.928+0000] {spark_submit.py:491} INFO - 25/01/16 14:16:26 WARN Utils: Service 'sparkDriver' could not bind on port 7077. Attempting port 7078.
[2025-01-16T14:16:26.943+0000] {spark_submit.py:491} INFO - 25/01/16 14:16:26 INFO Utils: Successfully started service 'sparkDriver' on port 7078.
[2025-01-16T14:16:26.966+0000] {spark_submit.py:491} INFO - 25/01/16 14:16:26 INFO SparkEnv: Registering MapOutputTracker
[2025-01-16T14:16:26.997+0000] {spark_submit.py:491} INFO - 25/01/16 14:16:26 INFO SparkEnv: Registering BlockManagerMaster
[2025-01-16T14:16:27.017+0000] {spark_submit.py:491} INFO - 25/01/16 14:16:27 INFO BlockManagerMasterEndpoint: Using org.apache.spark.storage.DefaultTopologyMapper for getting topology information
[2025-01-16T14:16:27.017+0000] {spark_submit.py:491} INFO - 25/01/16 14:16:27 INFO BlockManagerMasterEndpoint: BlockManagerMasterEndpoint up
[2025-01-16T14:16:27.020+0000] {spark_submit.py:491} INFO - 25/01/16 14:16:27 INFO SparkEnv: Registering BlockManagerMasterHeartbeat
[2025-01-16T14:16:27.035+0000] {spark_submit.py:491} INFO - 25/01/16 14:16:27 INFO DiskBlockManager: Created local directory at /tmp/blockmgr-b09423d5-f717-4bbe-ba4c-d68c030f276d
[2025-01-16T14:16:27.046+0000] {spark_submit.py:491} INFO - 25/01/16 14:16:27 INFO MemoryStore: MemoryStore started with capacity 434.4 MiB
[2025-01-16T14:16:27.056+0000] {spark_submit.py:491} INFO - 25/01/16 14:16:27 INFO SparkEnv: Registering OutputCommitCoordinator
[2025-01-16T14:16:27.209+0000] {spark_submit.py:491} INFO - 25/01/16 14:16:27 WARN Utils: Service 'SparkUI' could not bind on port 4040. Attempting port 4041.
[2025-01-16T14:16:27.218+0000] {spark_submit.py:491} INFO - 25/01/16 14:16:27 INFO Utils: Successfully started service 'SparkUI' on port 4041.
[2025-01-16T14:16:27.305+0000] {spark_submit.py:491} INFO - 25/01/16 14:16:27 INFO StandaloneAppClient$ClientEndpoint: Connecting to master spark://spark-master:7077...
[2025-01-16T14:16:27.336+0000] {spark_submit.py:491} INFO - 25/01/16 14:16:27 INFO TransportClientFactory: Successfully created connection to spark-master/10.90.10.3:7077 after 18 ms (0 ms spent in bootstraps)
[2025-01-16T14:16:47.326+0000] {spark_submit.py:491} INFO - 25/01/16 14:16:47 INFO StandaloneAppClient$ClientEndpoint: Connecting to master spark://spark-master:7077...
[2025-01-16T14:17:07.321+0000] {spark_submit.py:491} INFO - 25/01/16 14:17:07 INFO StandaloneAppClient$ClientEndpoint: Connecting to master spark://spark-master:7077...
[2025-01-16T14:17:27.337+0000] {spark_submit.py:491} INFO - 25/01/16 14:17:27 WARN StandaloneSchedulerBackend: Application ID is not initialized yet.
[2025-01-16T14:17:27.348+0000] {spark_submit.py:491} INFO - 25/01/16 14:17:27 ERROR StandaloneSchedulerBackend: Application has been killed. Reason: All masters are unresponsive! Giving up.
[2025-01-16T14:17:27.370+0000] {spark_submit.py:491} INFO - 25/01/16 14:17:27 INFO Utils: Successfully started service 'org.apache.spark.network.netty.NettyBlockTransferService' on port 38081.
[2025-01-16T14:17:27.371+0000] {spark_submit.py:491} INFO - 25/01/16 14:17:27 INFO NettyBlockTransferService: Server created on spark-master:38081
[2025-01-16T14:17:27.372+0000] {spark_submit.py:491} INFO - 25/01/16 14:17:27 INFO BlockManager: Using org.apache.spark.storage.RandomBlockReplicationPolicy for block replication policy
[2025-01-16T14:17:27.384+0000] {spark_submit.py:491} INFO - 25/01/16 14:17:27 INFO SparkUI: Stopped Spark web UI at http://spark-master:4041
[2025-01-16T14:17:27.390+0000] {spark_submit.py:491} INFO - 25/01/16 14:17:27 INFO BlockManagerMaster: Registering BlockManager BlockManagerId(driver, spark-master, 38081, None)
[2025-01-16T14:17:27.394+0000] {spark_submit.py:491} INFO - 25/01/16 14:17:27 INFO StandaloneSchedulerBackend: Shutting down all executors
[2025-01-16T14:17:27.397+0000] {spark_submit.py:491} INFO - 25/01/16 14:17:27 INFO BlockManagerMasterEndpoint: Registering block manager spark-master:38081 with 434.4 MiB RAM, BlockManagerId(driver, spark-master, 38081, None)
[2025-01-16T14:17:27.398+0000] {spark_submit.py:491} INFO - 25/01/16 14:17:27 INFO CoarseGrainedSchedulerBackend$DriverEndpoint: Asking each executor to shut down
[2025-01-16T14:17:27.401+0000] {spark_submit.py:491} INFO - 25/01/16 14:17:27 INFO BlockManagerMaster: Registered BlockManager BlockManagerId(driver, spark-master, 38081, None)
[2025-01-16T14:17:27.402+0000] {spark_submit.py:491} INFO - 25/01/16 14:17:27 INFO BlockManager: Initialized BlockManager: BlockManagerId(driver, spark-master, 38081, None)
[2025-01-16T14:17:27.403+0000] {spark_submit.py:491} INFO - 25/01/16 14:17:27 WARN StandaloneAppClient$ClientEndpoint: Drop UnregisterApplication(null) because has not yet connected to master
[2025-01-16T14:17:27.419+0000] {spark_submit.py:491} INFO - 25/01/16 14:17:27 INFO MapOutputTrackerMasterEndpoint: MapOutputTrackerMasterEndpoint stopped!
[2025-01-16T14:17:27.441+0000] {spark_submit.py:491} INFO - 25/01/16 14:17:27 INFO MemoryStore: MemoryStore cleared
[2025-01-16T14:17:27.441+0000] {spark_submit.py:491} INFO - 25/01/16 14:17:27 INFO BlockManager: BlockManager stopped
[2025-01-16T14:17:27.451+0000] {spark_submit.py:491} INFO - 25/01/16 14:17:27 INFO BlockManagerMaster: BlockManagerMaster stopped
[2025-01-16T14:17:27.453+0000] {spark_submit.py:491} INFO - 25/01/16 14:17:27 INFO OutputCommitCoordinator$OutputCommitCoordinatorEndpoint: OutputCommitCoordinator stopped!
[2025-01-16T14:17:27.483+0000] {spark_submit.py:491} INFO - 25/01/16 14:17:27 INFO SparkContext: Successfully stopped SparkContext
[2025-01-16T14:17:27.641+0000] {spark_submit.py:491} INFO - 25/01/16 14:17:27 ERROR SparkContext: Error initializing SparkContext.
[2025-01-16T14:17:27.641+0000] {spark_submit.py:491} INFO - java.lang.IllegalArgumentException: requirement failed: Can only call getServletHandlers on a running MetricsSystem
[2025-01-16T14:17:27.641+0000] {spark_submit.py:491} INFO - at scala.Predef$.require(Predef.scala:281)
[2025-01-16T14:17:27.642+0000] {spark_submit.py:491} INFO - at org.apache.spark.metrics.MetricsSystem.getServletHandlers(MetricsSystem.scala:89)
[2025-01-16T14:17:27.642+0000] {spark_submit.py:491} INFO - at org.apache.spark.SparkContext.<init>(SparkContext.scala:660)
[2025-01-16T14:17:27.642+0000] {spark_submit.py:491} INFO - at org.apache.spark.api.java.JavaSparkContext.<init>(JavaSparkContext.scala:58)
[2025-01-16T14:17:27.642+0000] {spark_submit.py:491} INFO - at java.base/jdk.internal.reflect.NativeConstructorAccessorImpl.newInstance0(Native Method)
[2025-01-16T14:17:27.642+0000] {spark_submit.py:491} INFO - at java.base/jdk.internal.reflect.NativeConstructorAccessorImpl.newInstance(NativeConstructorAccessorImpl.java:62)
[2025-01-16T14:17:27.642+0000] {spark_submit.py:491} INFO - at java.base/jdk.internal.reflect.DelegatingConstructorAccessorImpl.newInstance(DelegatingConstructorAccessorImpl.java:45)
[2025-01-16T14:17:27.642+0000] {spark_submit.py:491} INFO - at java.base/java.lang.reflect.Constructor.newInstance(Constructor.java:490)
[2025-01-16T14:17:27.642+0000] {spark_submit.py:491} INFO - at py4j.reflection.MethodInvoker.invoke(MethodInvoker.java:247)
[2025-01-16T14:17:27.642+0000] {spark_submit.py:491} INFO - at py4j.reflection.ReflectionEngine.invoke(ReflectionEngine.java:357)
[2025-01-16T14:17:27.642+0000] {spark_submit.py:491} INFO - at py4j.Gateway.invoke(Gateway.java:238)
[2025-01-16T14:17:27.642+0000] {spark_submit.py:491} INFO - at py4j.commands.ConstructorCommand.invokeConstructor(ConstructorCommand.java:80)
[2025-01-16T14:17:27.642+0000] {spark_submit.py:491} INFO - at py4j.commands.ConstructorCommand.execute(ConstructorCommand.java:69)
[2025-01-16T14:17:27.643+0000] {spark_submit.py:491} INFO - at py4j.ClientServerConnection.waitForCommands(ClientServerConnection.java:182)
[2025-01-16T14:17:27.643+0000] {spark_submit.py:491} INFO - at py4j.ClientServerConnection.run(ClientServerConnection.java:106)
[2025-01-16T14:17:27.643+0000] {spark_submit.py:491} INFO - at java.base/java.lang.Thread.run(Thread.java:829)
[2025-01-16T14:17:27.643+0000] {spark_submit.py:491} INFO - 25/01/16 14:17:27 INFO SparkContext: SparkContext already stopped.
[2025-01-16T14:17:27.653+0000] {spark_submit.py:491} INFO - 2025-01-16 14:17:27,646 - ERROR - Error processing data: An error occurred while calling None.org.apache.spark.api.java.JavaSparkContext.
[2025-01-16T14:17:27.653+0000] {spark_submit.py:491} INFO - : java.lang.IllegalArgumentException: requirement failed: Can only call getServletHandlers on a running MetricsSystem
[2025-01-16T14:17:27.653+0000] {spark_submit.py:491} INFO - at scala.Predef$.require(Predef.scala:281)
[2025-01-16T14:17:27.653+0000] {spark_submit.py:491} INFO - at org.apache.spark.metrics.MetricsSystem.getServletHandlers(MetricsSystem.scala:89)
[2025-01-16T14:17:27.653+0000] {spark_submit.py:491} INFO - at org.apache.spark.SparkContext.<init>(SparkContext.scala:660)
[2025-01-16T14:17:27.654+0000] {spark_submit.py:491} INFO - at org.apache.spark.api.java.JavaSparkContext.<init>(JavaSparkContext.scala:58)
[2025-01-16T14:17:27.654+0000] {spark_submit.py:491} INFO - at java.base/jdk.internal.reflect.NativeConstructorAccessorImpl.newInstance0(Native Method)
[2025-01-16T14:17:27.654+0000] {spark_submit.py:491} INFO - at java.base/jdk.internal.reflect.NativeConstructorAccessorImpl.newInstance(NativeConstructorAccessorImpl.java:62)
[2025-01-16T14:17:27.654+0000] {spark_submit.py:491} INFO - at java.base/jdk.internal.reflect.DelegatingConstructorAccessorImpl.newInstance(DelegatingConstructorAccessorImpl.java:45)
[2025-01-16T14:17:27.654+0000] {spark_submit.py:491} INFO - at java.base/java.lang.reflect.Constructor.newInstance(Constructor.java:490)
[2025-01-16T14:17:27.654+0000] {spark_submit.py:491} INFO - at py4j.reflection.MethodInvoker.invoke(MethodInvoker.java:247)
[2025-01-16T14:17:27.654+0000] {spark_submit.py:491} INFO - at py4j.reflection.ReflectionEngine.invoke(ReflectionEngine.java:357)
[2025-01-16T14:17:27.654+0000] {spark_submit.py:491} INFO - at py4j.Gateway.invoke(Gateway.java:238)
[2025-01-16T14:17:27.654+0000] {spark_submit.py:491} INFO - at py4j.commands.ConstructorCommand.invokeConstructor(ConstructorCommand.java:80)
[2025-01-16T14:17:27.654+0000] {spark_submit.py:491} INFO - at py4j.commands.ConstructorCommand.execute(ConstructorCommand.java:69)
[2025-01-16T14:17:27.654+0000] {spark_submit.py:491} INFO - at py4j.ClientServerConnection.waitForCommands(ClientServerConnection.java:182)
[2025-01-16T14:17:27.655+0000] {spark_submit.py:491} INFO - at py4j.ClientServerConnection.run(ClientServerConnection.java:106)
[2025-01-16T14:17:27.655+0000] {spark_submit.py:491} INFO - at java.base/java.lang.Thread.run(Thread.java:829)
[2025-01-16T14:17:27.655+0000] {spark_submit.py:491} INFO - 
[2025-01-16T14:17:27.655+0000] {spark_submit.py:491} INFO - 2025-01-16 14:17:27,653 - ERROR - Traceback (most recent call last):
[2025-01-16T14:17:27.655+0000] {spark_submit.py:491} INFO - File "/opt/spark-apps/sample_spark_app.py", line 59, in main
[2025-01-16T14:17:27.655+0000] {spark_submit.py:491} INFO - spark = SparkSession.builder \
[2025-01-16T14:17:27.655+0000] {spark_submit.py:491} INFO - File "/home/***/.local/lib/python3.8/site-packages/pyspark/python/lib/pyspark.zip/pyspark/sql/session.py", line 269, in getOrCreate
[2025-01-16T14:17:27.656+0000] {spark_submit.py:491} INFO - sc = SparkContext.getOrCreate(sparkConf)
[2025-01-16T14:17:27.656+0000] {spark_submit.py:491} INFO - File "/home/***/.local/lib/python3.8/site-packages/pyspark/python/lib/pyspark.zip/pyspark/context.py", line 483, in getOrCreate
[2025-01-16T14:17:27.656+0000] {spark_submit.py:491} INFO - SparkContext(conf=conf or SparkConf())
[2025-01-16T14:17:27.656+0000] {spark_submit.py:491} INFO - File "/home/***/.local/lib/python3.8/site-packages/pyspark/python/lib/pyspark.zip/pyspark/context.py", line 197, in __init__
[2025-01-16T14:17:27.657+0000] {spark_submit.py:491} INFO - self._do_init(
[2025-01-16T14:17:27.657+0000] {spark_submit.py:491} INFO - File "/home/***/.local/lib/python3.8/site-packages/pyspark/python/lib/pyspark.zip/pyspark/context.py", line 282, in _do_init
[2025-01-16T14:17:27.657+0000] {spark_submit.py:491} INFO - self._jsc = jsc or self._initialize_context(self._conf._jconf)
[2025-01-16T14:17:27.657+0000] {spark_submit.py:491} INFO - File "/home/***/.local/lib/python3.8/site-packages/pyspark/python/lib/pyspark.zip/pyspark/context.py", line 402, in _initialize_context
[2025-01-16T14:17:27.657+0000] {spark_submit.py:491} INFO - return self._jvm.JavaSparkContext(jconf)
[2025-01-16T14:17:27.657+0000] {spark_submit.py:491} INFO - File "/home/***/.local/lib/python3.8/site-packages/pyspark/python/lib/py4j-0.10.9.5-src.zip/py4j/java_gateway.py", line 1585, in __call__
[2025-01-16T14:17:27.657+0000] {spark_submit.py:491} INFO - return_value = get_return_value(
[2025-01-16T14:17:27.657+0000] {spark_submit.py:491} INFO - File "/home/***/.local/lib/python3.8/site-packages/pyspark/python/lib/py4j-0.10.9.5-src.zip/py4j/protocol.py", line 326, in get_return_value
[2025-01-16T14:17:27.657+0000] {spark_submit.py:491} INFO - raise Py4JJavaError(
[2025-01-16T14:17:27.657+0000] {spark_submit.py:491} INFO - py4j.protocol.Py4JJavaError: An error occurred while calling None.org.apache.spark.api.java.JavaSparkContext.
[2025-01-16T14:17:27.657+0000] {spark_submit.py:491} INFO - : java.lang.IllegalArgumentException: requirement failed: Can only call getServletHandlers on a running MetricsSystem
[2025-01-16T14:17:27.657+0000] {spark_submit.py:491} INFO - at scala.Predef$.require(Predef.scala:281)
[2025-01-16T14:17:27.657+0000] {spark_submit.py:491} INFO - at org.apache.spark.metrics.MetricsSystem.getServletHandlers(MetricsSystem.scala:89)
[2025-01-16T14:17:27.657+0000] {spark_submit.py:491} INFO - at org.apache.spark.SparkContext.<init>(SparkContext.scala:660)
[2025-01-16T14:17:27.658+0000] {spark_submit.py:491} INFO - at org.apache.spark.api.java.JavaSparkContext.<init>(JavaSparkContext.scala:58)
[2025-01-16T14:17:27.658+0000] {spark_submit.py:491} INFO - at java.base/jdk.internal.reflect.NativeConstructorAccessorImpl.newInstance0(Native Method)
[2025-01-16T14:17:27.658+0000] {spark_submit.py:491} INFO - at java.base/jdk.internal.reflect.NativeConstructorAccessorImpl.newInstance(NativeConstructorAccessorImpl.java:62)
[2025-01-16T14:17:27.658+0000] {spark_submit.py:491} INFO - at java.base/jdk.internal.reflect.DelegatingConstructorAccessorImpl.newInstance(DelegatingConstructorAccessorImpl.java:45)
[2025-01-16T14:17:27.658+0000] {spark_submit.py:491} INFO - at java.base/java.lang.reflect.Constructor.newInstance(Constructor.java:490)
[2025-01-16T14:17:27.658+0000] {spark_submit.py:491} INFO - at py4j.reflection.MethodInvoker.invoke(MethodInvoker.java:247)
[2025-01-16T14:17:27.658+0000] {spark_submit.py:491} INFO - at py4j.reflection.ReflectionEngine.invoke(ReflectionEngine.java:357)
[2025-01-16T14:17:27.659+0000] {spark_submit.py:491} INFO - at py4j.Gateway.invoke(Gateway.java:238)
[2025-01-16T14:17:27.659+0000] {spark_submit.py:491} INFO - at py4j.commands.ConstructorCommand.invokeConstructor(ConstructorCommand.java:80)
[2025-01-16T14:17:27.659+0000] {spark_submit.py:491} INFO - at py4j.commands.ConstructorCommand.execute(ConstructorCommand.java:69)
[2025-01-16T14:17:27.659+0000] {spark_submit.py:491} INFO - at py4j.ClientServerConnection.waitForCommands(ClientServerConnection.java:182)
[2025-01-16T14:17:27.659+0000] {spark_submit.py:491} INFO - at py4j.ClientServerConnection.run(ClientServerConnection.java:106)
[2025-01-16T14:17:27.659+0000] {spark_submit.py:491} INFO - at java.base/java.lang.Thread.run(Thread.java:829)
[2025-01-16T14:17:27.659+0000] {spark_submit.py:491} INFO - 
[2025-01-16T14:17:27.660+0000] {spark_submit.py:491} INFO - 
[2025-01-16T14:17:27.670+0000] {spark_submit.py:491} INFO - 25/01/16 14:17:27 ERROR AsyncEventQueue: Listener AppStatusListener threw an exception
[2025-01-16T14:17:27.670+0000] {spark_submit.py:491} INFO - java.lang.NullPointerException
[2025-01-16T14:17:27.670+0000] {spark_submit.py:491} INFO - at org.apache.spark.status.AppStatusListener.onApplicationEnd(AppStatusListener.scala:192)
[2025-01-16T14:17:27.670+0000] {spark_submit.py:491} INFO - at org.apache.spark.scheduler.SparkListenerBus.doPostEvent(SparkListenerBus.scala:57)
[2025-01-16T14:17:27.670+0000] {spark_submit.py:491} INFO - at org.apache.spark.scheduler.SparkListenerBus.doPostEvent$(SparkListenerBus.scala:28)
[2025-01-16T14:17:27.670+0000] {spark_submit.py:491} INFO - at org.apache.spark.scheduler.AsyncEventQueue.doPostEvent(AsyncEventQueue.scala:37)
[2025-01-16T14:17:27.670+0000] {spark_submit.py:491} INFO - at org.apache.spark.scheduler.AsyncEventQueue.doPostEvent(AsyncEventQueue.scala:37)
[2025-01-16T14:17:27.670+0000] {spark_submit.py:491} INFO - at org.apache.spark.util.ListenerBus.postToAll(ListenerBus.scala:117)
[2025-01-16T14:17:27.671+0000] {spark_submit.py:491} INFO - at org.apache.spark.util.ListenerBus.postToAll$(ListenerBus.scala:101)
[2025-01-16T14:17:27.671+0000] {spark_submit.py:491} INFO - at org.apache.spark.scheduler.AsyncEventQueue.super$postToAll(AsyncEventQueue.scala:105)
[2025-01-16T14:17:27.671+0000] {spark_submit.py:491} INFO - at org.apache.spark.scheduler.AsyncEventQueue.$anonfun$dispatch$1(AsyncEventQueue.scala:105)
[2025-01-16T14:17:27.671+0000] {spark_submit.py:491} INFO - at scala.runtime.java8.JFunction0$mcJ$sp.apply(JFunction0$mcJ$sp.java:23)
[2025-01-16T14:17:27.671+0000] {spark_submit.py:491} INFO - at scala.util.DynamicVariable.withValue(DynamicVariable.scala:62)
[2025-01-16T14:17:27.672+0000] {spark_submit.py:491} INFO - at org.apache.spark.scheduler.AsyncEventQueue.org$apache$spark$scheduler$AsyncEventQueue$$dispatch(AsyncEventQueue.scala:100)
[2025-01-16T14:17:27.672+0000] {spark_submit.py:491} INFO - at org.apache.spark.scheduler.AsyncEventQueue$$anon$2.$anonfun$run$1(AsyncEventQueue.scala:96)
[2025-01-16T14:17:27.672+0000] {spark_submit.py:491} INFO - at org.apache.spark.util.Utils$.tryOrStopSparkContext(Utils.scala:1446)
[2025-01-16T14:17:27.672+0000] {spark_submit.py:491} INFO - at org.apache.spark.scheduler.AsyncEventQueue$$anon$2.run(AsyncEventQueue.scala:96)
[2025-01-16T14:17:27.728+0000] {spark_submit.py:491} INFO - 25/01/16 14:17:27 INFO ShutdownHookManager: Shutdown hook called
[2025-01-16T14:17:27.728+0000] {spark_submit.py:491} INFO - 25/01/16 14:17:27 INFO ShutdownHookManager: Deleting directory /tmp/spark-37f8a500-97b7-40af-9091-38d6155444fe
[2025-01-16T14:17:27.735+0000] {spark_submit.py:491} INFO - 25/01/16 14:17:27 INFO ShutdownHookManager: Deleting directory /tmp/spark-9819466b-d105-4a02-b301-58a118400f94
[2025-01-16T14:17:27.821+0000] {taskinstance.py:1937} ERROR - Task failed with exception
Traceback (most recent call last):
  File "/home/airflow/.local/lib/python3.8/site-packages/airflow/providers/apache/spark/operators/spark_submit.py", line 156, in execute
    self._hook.submit(self._application)
  File "/home/airflow/.local/lib/python3.8/site-packages/airflow/providers/apache/spark/hooks/spark_submit.py", line 422, in submit
    raise AirflowException(
airflow.exceptions.AirflowException: Cannot execute: spark-submit --master spark://spark-master:7077 --name arrow-spark --verbose /opt/spark-apps/sample_spark_app.py /opt/spark-data/input /opt/spark-data/output. Error code is: 1.
[2025-01-16T14:17:27.827+0000] {taskinstance.py:1400} INFO - Marking task as FAILED. dag_id=spark_processing_dag, task_id=spark_submit_job, execution_date=20250116T141011, start_date=20250116T141624, end_date=20250116T141727
[2025-01-16T14:17:27.844+0000] {standard_task_runner.py:104} ERROR - Failed to execute job 76 for task spark_submit_job (Cannot execute: spark-submit --master spark://spark-master:7077 --name arrow-spark --verbose /opt/spark-apps/sample_spark_app.py /opt/spark-data/input /opt/spark-data/output. Error code is: 1.; 191)
[2025-01-16T14:17:27.896+0000] {local_task_job_runner.py:228} INFO - Task exited with return code 1
[2025-01-16T14:17:27.922+0000] {taskinstance.py:2778} INFO - 0 downstream tasks scheduled from follow-on schedule check
