[2025-01-16T14:00:46.403+0000] {taskinstance.py:1159} INFO - Dependencies all met for dep_context=non-requeueable deps ti=<TaskInstance: spark_processing_dag.spark_submit_job manual__2025-01-16T13:55:40.005975+00:00 [queued]>
[2025-01-16T14:00:46.410+0000] {taskinstance.py:1159} INFO - Dependencies all met for dep_context=requeueable deps ti=<TaskInstance: spark_processing_dag.spark_submit_job manual__2025-01-16T13:55:40.005975+00:00 [queued]>
[2025-01-16T14:00:46.411+0000] {taskinstance.py:1361} INFO - Starting attempt 2 of 2
[2025-01-16T14:00:46.420+0000] {taskinstance.py:1382} INFO - Executing <Task(SparkSubmitOperator): spark_submit_job> on 2025-01-16 13:55:40.005975+00:00
[2025-01-16T14:00:46.424+0000] {standard_task_runner.py:57} INFO - Started process 436 to run task
[2025-01-16T14:00:46.429+0000] {standard_task_runner.py:84} INFO - Running: ['***', 'tasks', 'run', 'spark_processing_dag', 'spark_submit_job', 'manual__2025-01-16T13:55:40.005975+00:00', '--job-id', '64', '--raw', '--subdir', 'DAGS_FOLDER/spark-processing.py', '--cfg-path', '/tmp/tmp5ora58rf']
[2025-01-16T14:00:46.430+0000] {standard_task_runner.py:85} INFO - Job 64: Subtask spark_submit_job
[2025-01-16T14:00:46.484+0000] {task_command.py:416} INFO - Running <TaskInstance: spark_processing_dag.spark_submit_job manual__2025-01-16T13:55:40.005975+00:00 [running]> on host 183471e553b7
[2025-01-16T14:00:46.535+0000] {taskinstance.py:1662} INFO - Exporting env vars: AIRFLOW_CTX_DAG_OWNER='***' AIRFLOW_CTX_DAG_ID='spark_processing_dag' AIRFLOW_CTX_TASK_ID='spark_submit_job' AIRFLOW_CTX_EXECUTION_DATE='2025-01-16T13:55:40.005975+00:00' AIRFLOW_CTX_TRY_NUMBER='2' AIRFLOW_CTX_DAG_RUN_ID='manual__2025-01-16T13:55:40.005975+00:00'
[2025-01-16T14:00:46.546+0000] {base.py:73} INFO - Using connection ID 'spark_default' for task execution.
[2025-01-16T14:00:46.547+0000] {spark_submit.py:340} INFO - Spark-Submit cmd: spark-submit --master spark://spark-master:7077 --name arrow-spark --verbose /opt/spark-apps/sample_spark_app.py /opt/spark-data/input /opt/spark-data/output
[2025-01-16T14:00:47.873+0000] {spark_submit.py:491} INFO - Using properties file: null
[2025-01-16T14:00:47.981+0000] {spark_submit.py:491} INFO - Parsed arguments:
[2025-01-16T14:00:47.982+0000] {spark_submit.py:491} INFO - master                  spark://spark-master:7077
[2025-01-16T14:00:47.982+0000] {spark_submit.py:491} INFO - deployMode              null
[2025-01-16T14:00:47.982+0000] {spark_submit.py:491} INFO - executorMemory          null
[2025-01-16T14:00:47.982+0000] {spark_submit.py:491} INFO - executorCores           null
[2025-01-16T14:00:47.982+0000] {spark_submit.py:491} INFO - totalExecutorCores      null
[2025-01-16T14:00:47.982+0000] {spark_submit.py:491} INFO - propertiesFile          null
[2025-01-16T14:00:47.982+0000] {spark_submit.py:491} INFO - driverMemory            null
[2025-01-16T14:00:47.982+0000] {spark_submit.py:491} INFO - driverCores             null
[2025-01-16T14:00:47.982+0000] {spark_submit.py:491} INFO - driverExtraClassPath    null
[2025-01-16T14:00:47.982+0000] {spark_submit.py:491} INFO - driverExtraLibraryPath  null
[2025-01-16T14:00:47.982+0000] {spark_submit.py:491} INFO - driverExtraJavaOptions  null
[2025-01-16T14:00:47.982+0000] {spark_submit.py:491} INFO - supervise               false
[2025-01-16T14:00:47.982+0000] {spark_submit.py:491} INFO - queue                   null
[2025-01-16T14:00:47.982+0000] {spark_submit.py:491} INFO - numExecutors            null
[2025-01-16T14:00:47.982+0000] {spark_submit.py:491} INFO - files                   null
[2025-01-16T14:00:47.982+0000] {spark_submit.py:491} INFO - pyFiles                 null
[2025-01-16T14:00:47.982+0000] {spark_submit.py:491} INFO - archives                null
[2025-01-16T14:00:47.982+0000] {spark_submit.py:491} INFO - mainClass               null
[2025-01-16T14:00:47.982+0000] {spark_submit.py:491} INFO - primaryResource         file:/opt/spark-apps/sample_spark_app.py
[2025-01-16T14:00:47.982+0000] {spark_submit.py:491} INFO - name                    arrow-spark
[2025-01-16T14:00:47.982+0000] {spark_submit.py:491} INFO - childArgs               [/opt/spark-data/input /opt/spark-data/output]
[2025-01-16T14:00:47.983+0000] {spark_submit.py:491} INFO - jars                    null
[2025-01-16T14:00:47.983+0000] {spark_submit.py:491} INFO - packages                null
[2025-01-16T14:00:47.983+0000] {spark_submit.py:491} INFO - packagesExclusions      null
[2025-01-16T14:00:47.983+0000] {spark_submit.py:491} INFO - repositories            null
[2025-01-16T14:00:47.983+0000] {spark_submit.py:491} INFO - verbose                 true
[2025-01-16T14:00:47.983+0000] {spark_submit.py:491} INFO - 
[2025-01-16T14:00:47.983+0000] {spark_submit.py:491} INFO - Spark properties used, including those specified through
[2025-01-16T14:00:47.983+0000] {spark_submit.py:491} INFO - --conf and those from the properties file null:
[2025-01-16T14:00:47.983+0000] {spark_submit.py:491} INFO - 
[2025-01-16T14:00:47.983+0000] {spark_submit.py:491} INFO - 
[2025-01-16T14:00:47.983+0000] {spark_submit.py:491} INFO - 
[2025-01-16T14:00:48.192+0000] {spark_submit.py:491} INFO - Main class:
[2025-01-16T14:00:48.193+0000] {spark_submit.py:491} INFO - org.apache.spark.deploy.PythonRunner
[2025-01-16T14:00:48.194+0000] {spark_submit.py:491} INFO - Arguments:
[2025-01-16T14:00:48.194+0000] {spark_submit.py:491} INFO - file:/opt/spark-apps/sample_spark_app.py
[2025-01-16T14:00:48.194+0000] {spark_submit.py:491} INFO - null
[2025-01-16T14:00:48.194+0000] {spark_submit.py:491} INFO - /opt/spark-data/input
[2025-01-16T14:00:48.194+0000] {spark_submit.py:491} INFO - /opt/spark-data/output
[2025-01-16T14:00:48.198+0000] {spark_submit.py:491} INFO - Spark config:
[2025-01-16T14:00:48.198+0000] {spark_submit.py:491} INFO - (spark.app.name,arrow-spark)
[2025-01-16T14:00:48.198+0000] {spark_submit.py:491} INFO - (spark.app.submitTime,1737036048179)
[2025-01-16T14:00:48.198+0000] {spark_submit.py:491} INFO - (spark.master,spark://spark-master:7077)
[2025-01-16T14:00:48.198+0000] {spark_submit.py:491} INFO - (spark.submit.deployMode,client)
[2025-01-16T14:00:48.198+0000] {spark_submit.py:491} INFO - (spark.submit.pyFiles,)
[2025-01-16T14:00:48.198+0000] {spark_submit.py:491} INFO - Classpath elements:
[2025-01-16T14:00:48.198+0000] {spark_submit.py:491} INFO - 
[2025-01-16T14:00:48.198+0000] {spark_submit.py:491} INFO - 
[2025-01-16T14:00:48.198+0000] {spark_submit.py:491} INFO - 
[2025-01-16T14:00:49.090+0000] {spark_submit.py:491} INFO - 25/01/16 14:00:49 INFO SparkContext: Running Spark version 3.3.2
[2025-01-16T14:00:49.161+0000] {spark_submit.py:491} INFO - 25/01/16 14:00:49 WARN NativeCodeLoader: Unable to load native-hadoop library for your platform... using builtin-java classes where applicable
[2025-01-16T14:00:49.219+0000] {spark_submit.py:491} INFO - 25/01/16 14:00:49 INFO ResourceUtils: ==============================================================
[2025-01-16T14:00:49.221+0000] {spark_submit.py:491} INFO - 25/01/16 14:00:49 INFO ResourceUtils: No custom resources configured for spark.driver.
[2025-01-16T14:00:49.221+0000] {spark_submit.py:491} INFO - 25/01/16 14:00:49 INFO ResourceUtils: ==============================================================
[2025-01-16T14:00:49.221+0000] {spark_submit.py:491} INFO - 25/01/16 14:00:49 INFO SparkContext: Submitted application: Sample Spark Processing
[2025-01-16T14:00:49.242+0000] {spark_submit.py:491} INFO - 25/01/16 14:00:49 INFO ResourceProfile: Default ResourceProfile created, executor resources: Map(cores -> name: cores, amount: 1, script: , vendor: , memory -> name: memory, amount: 1024, script: , vendor: , offHeap -> name: offHeap, amount: 0, script: , vendor: ), task resources: Map(cpus -> name: cpus, amount: 1.0)
[2025-01-16T14:00:49.248+0000] {spark_submit.py:491} INFO - 25/01/16 14:00:49 INFO ResourceProfile: Limiting resource is cpu
[2025-01-16T14:00:49.249+0000] {spark_submit.py:491} INFO - 25/01/16 14:00:49 INFO ResourceProfileManager: Added ResourceProfile id: 0
[2025-01-16T14:00:49.283+0000] {spark_submit.py:491} INFO - 25/01/16 14:00:49 INFO SecurityManager: Changing view acls to: ***
[2025-01-16T14:00:49.285+0000] {spark_submit.py:491} INFO - 25/01/16 14:00:49 INFO SecurityManager: Changing modify acls to: ***
[2025-01-16T14:00:49.285+0000] {spark_submit.py:491} INFO - 25/01/16 14:00:49 INFO SecurityManager: Changing view acls groups to:
[2025-01-16T14:00:49.285+0000] {spark_submit.py:491} INFO - 25/01/16 14:00:49 INFO SecurityManager: Changing modify acls groups to:
[2025-01-16T14:00:49.285+0000] {spark_submit.py:491} INFO - 25/01/16 14:00:49 INFO SecurityManager: SecurityManager: authentication disabled; ui acls disabled; users  with view permissions: Set(***); groups with view permissions: Set(); users  with modify permissions: Set(***); groups with modify permissions: Set()
[2025-01-16T14:00:49.468+0000] {spark_submit.py:491} INFO - 25/01/16 14:00:49 INFO Utils: Successfully started service 'sparkDriver' on port 43779.
[2025-01-16T14:00:49.498+0000] {spark_submit.py:491} INFO - 25/01/16 14:00:49 INFO SparkEnv: Registering MapOutputTracker
[2025-01-16T14:00:49.532+0000] {spark_submit.py:491} INFO - 25/01/16 14:00:49 INFO SparkEnv: Registering BlockManagerMaster
[2025-01-16T14:00:49.547+0000] {spark_submit.py:491} INFO - 25/01/16 14:00:49 INFO BlockManagerMasterEndpoint: Using org.apache.spark.storage.DefaultTopologyMapper for getting topology information
[2025-01-16T14:00:49.548+0000] {spark_submit.py:491} INFO - 25/01/16 14:00:49 INFO BlockManagerMasterEndpoint: BlockManagerMasterEndpoint up
[2025-01-16T14:00:49.551+0000] {spark_submit.py:491} INFO - 25/01/16 14:00:49 INFO SparkEnv: Registering BlockManagerMasterHeartbeat
[2025-01-16T14:00:49.569+0000] {spark_submit.py:491} INFO - 25/01/16 14:00:49 INFO DiskBlockManager: Created local directory at /tmp/blockmgr-3a6bd8e4-7dbe-4c9e-9a53-3213d3613ad2
[2025-01-16T14:00:49.586+0000] {spark_submit.py:491} INFO - 25/01/16 14:00:49 INFO MemoryStore: MemoryStore started with capacity 434.4 MiB
[2025-01-16T14:00:49.598+0000] {spark_submit.py:491} INFO - 25/01/16 14:00:49 INFO SparkEnv: Registering OutputCommitCoordinator
[2025-01-16T14:00:49.736+0000] {spark_submit.py:491} INFO - 25/01/16 14:00:49 INFO Utils: Successfully started service 'SparkUI' on port 4040.
[2025-01-16T14:00:49.823+0000] {spark_submit.py:491} INFO - 25/01/16 14:00:49 INFO StandaloneAppClient$ClientEndpoint: Connecting to master spark://spark-master:7077...
[2025-01-16T14:00:49.868+0000] {spark_submit.py:491} INFO - 25/01/16 14:00:49 INFO TransportClientFactory: Successfully created connection to spark-master/10.90.10.4:7077 after 17 ms (0 ms spent in bootstraps)
[2025-01-16T14:01:09.825+0000] {spark_submit.py:491} INFO - 25/01/16 14:01:09 INFO StandaloneAppClient$ClientEndpoint: Connecting to master spark://spark-master:7077...
[2025-01-16T14:01:29.828+0000] {spark_submit.py:491} INFO - 25/01/16 14:01:29 INFO StandaloneAppClient$ClientEndpoint: Connecting to master spark://spark-master:7077...
[2025-01-16T14:01:49.836+0000] {spark_submit.py:491} INFO - 25/01/16 14:01:49 ERROR StandaloneSchedulerBackend: Application has been killed. Reason: All masters are unresponsive! Giving up.
[2025-01-16T14:01:49.840+0000] {spark_submit.py:491} INFO - 25/01/16 14:01:49 WARN StandaloneSchedulerBackend: Application ID is not initialized yet.
[2025-01-16T14:01:49.859+0000] {spark_submit.py:491} INFO - 25/01/16 14:01:49 INFO Utils: Successfully started service 'org.apache.spark.network.netty.NettyBlockTransferService' on port 38651.
[2025-01-16T14:01:49.860+0000] {spark_submit.py:491} INFO - 25/01/16 14:01:49 INFO NettyBlockTransferService: Server created on 183471e553b7:38651
[2025-01-16T14:01:49.860+0000] {spark_submit.py:491} INFO - 25/01/16 14:01:49 INFO BlockManager: Using org.apache.spark.storage.RandomBlockReplicationPolicy for block replication policy
[2025-01-16T14:01:49.872+0000] {spark_submit.py:491} INFO - 25/01/16 14:01:49 INFO BlockManagerMaster: Registering BlockManager BlockManagerId(driver, 183471e553b7, 38651, None)
[2025-01-16T14:01:49.875+0000] {spark_submit.py:491} INFO - 25/01/16 14:01:49 INFO SparkUI: Stopped Spark web UI at http://183471e553b7:4040
[2025-01-16T14:01:49.878+0000] {spark_submit.py:491} INFO - 25/01/16 14:01:49 INFO BlockManagerMasterEndpoint: Registering block manager 183471e553b7:38651 with 434.4 MiB RAM, BlockManagerId(driver, 183471e553b7, 38651, None)
[2025-01-16T14:01:49.880+0000] {spark_submit.py:491} INFO - 25/01/16 14:01:49 INFO StandaloneSchedulerBackend: Shutting down all executors
[2025-01-16T14:01:49.880+0000] {spark_submit.py:491} INFO - 25/01/16 14:01:49 INFO BlockManagerMaster: Registered BlockManager BlockManagerId(driver, 183471e553b7, 38651, None)
[2025-01-16T14:01:49.881+0000] {spark_submit.py:491} INFO - 25/01/16 14:01:49 INFO BlockManager: Initialized BlockManager: BlockManagerId(driver, 183471e553b7, 38651, None)
[2025-01-16T14:01:49.883+0000] {spark_submit.py:491} INFO - 25/01/16 14:01:49 INFO CoarseGrainedSchedulerBackend$DriverEndpoint: Asking each executor to shut down
[2025-01-16T14:01:49.886+0000] {spark_submit.py:491} INFO - 25/01/16 14:01:49 WARN StandaloneAppClient$ClientEndpoint: Drop UnregisterApplication(null) because has not yet connected to master
[2025-01-16T14:01:49.907+0000] {spark_submit.py:491} INFO - 25/01/16 14:01:49 INFO MapOutputTrackerMasterEndpoint: MapOutputTrackerMasterEndpoint stopped!
[2025-01-16T14:01:49.930+0000] {spark_submit.py:491} INFO - 25/01/16 14:01:49 INFO MemoryStore: MemoryStore cleared
[2025-01-16T14:01:49.930+0000] {spark_submit.py:491} INFO - 25/01/16 14:01:49 INFO BlockManager: BlockManager stopped
[2025-01-16T14:01:49.937+0000] {spark_submit.py:491} INFO - 25/01/16 14:01:49 INFO BlockManagerMaster: BlockManagerMaster stopped
[2025-01-16T14:01:49.939+0000] {spark_submit.py:491} INFO - 25/01/16 14:01:49 INFO OutputCommitCoordinator$OutputCommitCoordinatorEndpoint: OutputCommitCoordinator stopped!
[2025-01-16T14:01:49.970+0000] {spark_submit.py:491} INFO - 25/01/16 14:01:49 INFO SparkContext: Successfully stopped SparkContext
[2025-01-16T14:01:50.080+0000] {spark_submit.py:491} INFO - 25/01/16 14:01:50 ERROR AsyncEventQueue: Listener AppStatusListener threw an exception
[2025-01-16T14:01:50.081+0000] {spark_submit.py:491} INFO - java.lang.NullPointerException
[2025-01-16T14:01:50.083+0000] {spark_submit.py:491} INFO - at org.apache.spark.status.AppStatusListener.onApplicationEnd(AppStatusListener.scala:192)
[2025-01-16T14:01:50.083+0000] {spark_submit.py:491} INFO - at org.apache.spark.scheduler.SparkListenerBus.doPostEvent(SparkListenerBus.scala:57)
[2025-01-16T14:01:50.083+0000] {spark_submit.py:491} INFO - at org.apache.spark.scheduler.SparkListenerBus.doPostEvent$(SparkListenerBus.scala:28)
[2025-01-16T14:01:50.083+0000] {spark_submit.py:491} INFO - at org.apache.spark.scheduler.AsyncEventQueue.doPostEvent(AsyncEventQueue.scala:37)
[2025-01-16T14:01:50.083+0000] {spark_submit.py:491} INFO - at org.apache.spark.scheduler.AsyncEventQueue.doPostEvent(AsyncEventQueue.scala:37)
[2025-01-16T14:01:50.083+0000] {spark_submit.py:491} INFO - at org.apache.spark.util.ListenerBus.postToAll(ListenerBus.scala:117)
[2025-01-16T14:01:50.083+0000] {spark_submit.py:491} INFO - at org.apache.spark.util.ListenerBus.postToAll$(ListenerBus.scala:101)
[2025-01-16T14:01:50.083+0000] {spark_submit.py:491} INFO - at org.apache.spark.scheduler.AsyncEventQueue.super$postToAll(AsyncEventQueue.scala:105)
[2025-01-16T14:01:50.083+0000] {spark_submit.py:491} INFO - at org.apache.spark.scheduler.AsyncEventQueue.$anonfun$dispatch$1(AsyncEventQueue.scala:105)
[2025-01-16T14:01:50.084+0000] {spark_submit.py:491} INFO - at scala.runtime.java8.JFunction0$mcJ$sp.apply(JFunction0$mcJ$sp.java:23)
[2025-01-16T14:01:50.084+0000] {spark_submit.py:491} INFO - at scala.util.DynamicVariable.withValue(DynamicVariable.scala:62)
[2025-01-16T14:01:50.084+0000] {spark_submit.py:491} INFO - at org.apache.spark.scheduler.AsyncEventQueue.org$apache$spark$scheduler$AsyncEventQueue$$dispatch(AsyncEventQueue.scala:100)
[2025-01-16T14:01:50.084+0000] {spark_submit.py:491} INFO - at org.apache.spark.scheduler.AsyncEventQueue$$anon$2.$anonfun$run$1(AsyncEventQueue.scala:96)
[2025-01-16T14:01:50.084+0000] {spark_submit.py:491} INFO - at org.apache.spark.util.Utils$.tryOrStopSparkContext(Utils.scala:1446)
[2025-01-16T14:01:50.084+0000] {spark_submit.py:491} INFO - at org.apache.spark.scheduler.AsyncEventQueue$$anon$2.run(AsyncEventQueue.scala:96)
[2025-01-16T14:01:50.085+0000] {spark_submit.py:491} INFO - 25/01/16 14:01:50 ERROR SparkContext: Error initializing SparkContext.
[2025-01-16T14:01:50.085+0000] {spark_submit.py:491} INFO - java.lang.IllegalArgumentException: requirement failed: Can only call getServletHandlers on a running MetricsSystem
[2025-01-16T14:01:50.085+0000] {spark_submit.py:491} INFO - at scala.Predef$.require(Predef.scala:281)
[2025-01-16T14:01:50.086+0000] {spark_submit.py:491} INFO - at org.apache.spark.metrics.MetricsSystem.getServletHandlers(MetricsSystem.scala:89)
[2025-01-16T14:01:50.086+0000] {spark_submit.py:491} INFO - at org.apache.spark.SparkContext.<init>(SparkContext.scala:660)
[2025-01-16T14:01:50.086+0000] {spark_submit.py:491} INFO - at org.apache.spark.api.java.JavaSparkContext.<init>(JavaSparkContext.scala:58)
[2025-01-16T14:01:50.086+0000] {spark_submit.py:491} INFO - at java.base/jdk.internal.reflect.NativeConstructorAccessorImpl.newInstance0(Native Method)
[2025-01-16T14:01:50.086+0000] {spark_submit.py:491} INFO - at java.base/jdk.internal.reflect.NativeConstructorAccessorImpl.newInstance(NativeConstructorAccessorImpl.java:62)
[2025-01-16T14:01:50.086+0000] {spark_submit.py:491} INFO - at java.base/jdk.internal.reflect.DelegatingConstructorAccessorImpl.newInstance(DelegatingConstructorAccessorImpl.java:45)
[2025-01-16T14:01:50.086+0000] {spark_submit.py:491} INFO - at java.base/java.lang.reflect.Constructor.newInstance(Constructor.java:490)
[2025-01-16T14:01:50.086+0000] {spark_submit.py:491} INFO - at py4j.reflection.MethodInvoker.invoke(MethodInvoker.java:247)
[2025-01-16T14:01:50.086+0000] {spark_submit.py:491} INFO - at py4j.reflection.ReflectionEngine.invoke(ReflectionEngine.java:357)
[2025-01-16T14:01:50.086+0000] {spark_submit.py:491} INFO - at py4j.Gateway.invoke(Gateway.java:238)
[2025-01-16T14:01:50.086+0000] {spark_submit.py:491} INFO - at py4j.commands.ConstructorCommand.invokeConstructor(ConstructorCommand.java:80)
[2025-01-16T14:01:50.086+0000] {spark_submit.py:491} INFO - at py4j.commands.ConstructorCommand.execute(ConstructorCommand.java:69)
[2025-01-16T14:01:50.087+0000] {spark_submit.py:491} INFO - at py4j.ClientServerConnection.waitForCommands(ClientServerConnection.java:182)
[2025-01-16T14:01:50.087+0000] {spark_submit.py:491} INFO - at py4j.ClientServerConnection.run(ClientServerConnection.java:106)
[2025-01-16T14:01:50.087+0000] {spark_submit.py:491} INFO - at java.base/java.lang.Thread.run(Thread.java:829)
[2025-01-16T14:01:50.087+0000] {spark_submit.py:491} INFO - 25/01/16 14:01:50 INFO SparkContext: SparkContext already stopped.
[2025-01-16T14:01:50.089+0000] {spark_submit.py:491} INFO - Traceback (most recent call last):
[2025-01-16T14:01:50.090+0000] {spark_submit.py:491} INFO - File "/opt/spark-apps/sample_spark_app.py", line 78, in <module>
[2025-01-16T14:01:50.091+0000] {spark_submit.py:491} INFO - count("value").alias("total_entries"),
[2025-01-16T14:01:50.091+0000] {spark_submit.py:491} INFO - File "/opt/spark-apps/sample_spark_app.py", line 27, in main
[2025-01-16T14:01:50.091+0000] {spark_submit.py:491} INFO - 
[2025-01-16T14:01:50.091+0000] {spark_submit.py:491} INFO - File "/home/***/.local/lib/python3.8/site-packages/pyspark/python/lib/pyspark.zip/pyspark/sql/session.py", line 269, in getOrCreate
[2025-01-16T14:01:50.092+0000] {spark_submit.py:491} INFO - File "/home/***/.local/lib/python3.8/site-packages/pyspark/python/lib/pyspark.zip/pyspark/context.py", line 483, in getOrCreate
[2025-01-16T14:01:50.092+0000] {spark_submit.py:491} INFO - File "/home/***/.local/lib/python3.8/site-packages/pyspark/python/lib/pyspark.zip/pyspark/context.py", line 197, in __init__
[2025-01-16T14:01:50.092+0000] {spark_submit.py:491} INFO - File "/home/***/.local/lib/python3.8/site-packages/pyspark/python/lib/pyspark.zip/pyspark/context.py", line 282, in _do_init
[2025-01-16T14:01:50.092+0000] {spark_submit.py:491} INFO - File "/home/***/.local/lib/python3.8/site-packages/pyspark/python/lib/pyspark.zip/pyspark/context.py", line 402, in _initialize_context
[2025-01-16T14:01:50.092+0000] {spark_submit.py:491} INFO - File "/home/***/.local/lib/python3.8/site-packages/pyspark/python/lib/py4j-0.10.9.5-src.zip/py4j/java_gateway.py", line 1585, in __call__
[2025-01-16T14:01:50.093+0000] {spark_submit.py:491} INFO - File "/home/***/.local/lib/python3.8/site-packages/pyspark/python/lib/py4j-0.10.9.5-src.zip/py4j/protocol.py", line 326, in get_return_value
[2025-01-16T14:01:50.093+0000] {spark_submit.py:491} INFO - py4j.protocol.Py4JJavaError: An error occurred while calling None.org.apache.spark.api.java.JavaSparkContext.
[2025-01-16T14:01:50.093+0000] {spark_submit.py:491} INFO - : java.lang.IllegalArgumentException: requirement failed: Can only call getServletHandlers on a running MetricsSystem
[2025-01-16T14:01:50.093+0000] {spark_submit.py:491} INFO - at scala.Predef$.require(Predef.scala:281)
[2025-01-16T14:01:50.093+0000] {spark_submit.py:491} INFO - at org.apache.spark.metrics.MetricsSystem.getServletHandlers(MetricsSystem.scala:89)
[2025-01-16T14:01:50.093+0000] {spark_submit.py:491} INFO - at org.apache.spark.SparkContext.<init>(SparkContext.scala:660)
[2025-01-16T14:01:50.093+0000] {spark_submit.py:491} INFO - at org.apache.spark.api.java.JavaSparkContext.<init>(JavaSparkContext.scala:58)
[2025-01-16T14:01:50.093+0000] {spark_submit.py:491} INFO - at java.base/jdk.internal.reflect.NativeConstructorAccessorImpl.newInstance0(Native Method)
[2025-01-16T14:01:50.093+0000] {spark_submit.py:491} INFO - at java.base/jdk.internal.reflect.NativeConstructorAccessorImpl.newInstance(NativeConstructorAccessorImpl.java:62)
[2025-01-16T14:01:50.093+0000] {spark_submit.py:491} INFO - at java.base/jdk.internal.reflect.DelegatingConstructorAccessorImpl.newInstance(DelegatingConstructorAccessorImpl.java:45)
[2025-01-16T14:01:50.093+0000] {spark_submit.py:491} INFO - at java.base/java.lang.reflect.Constructor.newInstance(Constructor.java:490)
[2025-01-16T14:01:50.093+0000] {spark_submit.py:491} INFO - at py4j.reflection.MethodInvoker.invoke(MethodInvoker.java:247)
[2025-01-16T14:01:50.093+0000] {spark_submit.py:491} INFO - at py4j.reflection.ReflectionEngine.invoke(ReflectionEngine.java:357)
[2025-01-16T14:01:50.093+0000] {spark_submit.py:491} INFO - at py4j.Gateway.invoke(Gateway.java:238)
[2025-01-16T14:01:50.094+0000] {spark_submit.py:491} INFO - at py4j.commands.ConstructorCommand.invokeConstructor(ConstructorCommand.java:80)
[2025-01-16T14:01:50.094+0000] {spark_submit.py:491} INFO - at py4j.commands.ConstructorCommand.execute(ConstructorCommand.java:69)
[2025-01-16T14:01:50.094+0000] {spark_submit.py:491} INFO - at py4j.ClientServerConnection.waitForCommands(ClientServerConnection.java:182)
[2025-01-16T14:01:50.094+0000] {spark_submit.py:491} INFO - at py4j.ClientServerConnection.run(ClientServerConnection.java:106)
[2025-01-16T14:01:50.094+0000] {spark_submit.py:491} INFO - at java.base/java.lang.Thread.run(Thread.java:829)
[2025-01-16T14:01:50.094+0000] {spark_submit.py:491} INFO - 
[2025-01-16T14:01:50.203+0000] {spark_submit.py:491} INFO - 25/01/16 14:01:50 INFO ShutdownHookManager: Shutdown hook called
[2025-01-16T14:01:50.203+0000] {spark_submit.py:491} INFO - 25/01/16 14:01:50 INFO ShutdownHookManager: Deleting directory /tmp/spark-7ac708da-8c58-4281-82fe-83cb601e2970
[2025-01-16T14:01:50.210+0000] {spark_submit.py:491} INFO - 25/01/16 14:01:50 INFO ShutdownHookManager: Deleting directory /tmp/spark-114b002f-3dc8-4cce-8f27-1eb180fdf8e2
[2025-01-16T14:01:50.289+0000] {taskinstance.py:1937} ERROR - Task failed with exception
Traceback (most recent call last):
  File "/home/airflow/.local/lib/python3.8/site-packages/airflow/providers/apache/spark/operators/spark_submit.py", line 156, in execute
    self._hook.submit(self._application)
  File "/home/airflow/.local/lib/python3.8/site-packages/airflow/providers/apache/spark/hooks/spark_submit.py", line 422, in submit
    raise AirflowException(
airflow.exceptions.AirflowException: Cannot execute: spark-submit --master spark://spark-master:7077 --name arrow-spark --verbose /opt/spark-apps/sample_spark_app.py /opt/spark-data/input /opt/spark-data/output. Error code is: 1.
[2025-01-16T14:01:50.295+0000] {taskinstance.py:1400} INFO - Marking task as FAILED. dag_id=spark_processing_dag, task_id=spark_submit_job, execution_date=20250116T135540, start_date=20250116T140046, end_date=20250116T140150
[2025-01-16T14:01:50.319+0000] {standard_task_runner.py:104} ERROR - Failed to execute job 64 for task spark_submit_job (Cannot execute: spark-submit --master spark://spark-master:7077 --name arrow-spark --verbose /opt/spark-apps/sample_spark_app.py /opt/spark-data/input /opt/spark-data/output. Error code is: 1.; 436)
[2025-01-16T14:01:50.331+0000] {local_task_job_runner.py:228} INFO - Task exited with return code 1
[2025-01-16T14:01:50.356+0000] {taskinstance.py:2778} INFO - 0 downstream tasks scheduled from follow-on schedule check
