[2025-01-16T14:15:59.499+0000] {taskinstance.py:1159} INFO - Dependencies all met for dep_context=non-requeueable deps ti=<TaskInstance: spark_processing_dag.spark_submit_job manual__2025-01-16T14:15:57.632033+00:00 [queued]>
[2025-01-16T14:15:59.504+0000] {taskinstance.py:1159} INFO - Dependencies all met for dep_context=requeueable deps ti=<TaskInstance: spark_processing_dag.spark_submit_job manual__2025-01-16T14:15:57.632033+00:00 [queued]>
[2025-01-16T14:15:59.504+0000] {taskinstance.py:1361} INFO - Starting attempt 1 of 2
[2025-01-16T14:15:59.513+0000] {taskinstance.py:1382} INFO - Executing <Task(SparkSubmitOperator): spark_submit_job> on 2025-01-16 14:15:57.632033+00:00
[2025-01-16T14:15:59.521+0000] {standard_task_runner.py:57} INFO - Started process 69 to run task
[2025-01-16T14:15:59.525+0000] {standard_task_runner.py:84} INFO - Running: ['***', 'tasks', 'run', 'spark_processing_dag', 'spark_submit_job', 'manual__2025-01-16T14:15:57.632033+00:00', '--job-id', '75', '--raw', '--subdir', 'DAGS_FOLDER/spark-processing.py', '--cfg-path', '/tmp/tmpjuoerw7r']
[2025-01-16T14:15:59.527+0000] {standard_task_runner.py:85} INFO - Job 75: Subtask spark_submit_job
[2025-01-16T14:15:59.571+0000] {task_command.py:416} INFO - Running <TaskInstance: spark_processing_dag.spark_submit_job manual__2025-01-16T14:15:57.632033+00:00 [running]> on host b7203d0b0109
[2025-01-16T14:15:59.637+0000] {taskinstance.py:1662} INFO - Exporting env vars: AIRFLOW_CTX_DAG_OWNER='***' AIRFLOW_CTX_DAG_ID='spark_processing_dag' AIRFLOW_CTX_TASK_ID='spark_submit_job' AIRFLOW_CTX_EXECUTION_DATE='2025-01-16T14:15:57.632033+00:00' AIRFLOW_CTX_TRY_NUMBER='1' AIRFLOW_CTX_DAG_RUN_ID='manual__2025-01-16T14:15:57.632033+00:00'
[2025-01-16T14:15:59.649+0000] {base.py:73} INFO - Using connection ID 'spark_default' for task execution.
[2025-01-16T14:15:59.650+0000] {spark_submit.py:340} INFO - Spark-Submit cmd: spark-submit --master spark://spark-master:7077 --name arrow-spark --verbose /opt/spark-apps/sample_spark_app.py /opt/spark-data/input /opt/spark-data/output
[2025-01-16T14:16:02.093+0000] {spark_submit.py:491} INFO - Using properties file: null
[2025-01-16T14:16:02.192+0000] {spark_submit.py:491} INFO - Parsed arguments:
[2025-01-16T14:16:02.192+0000] {spark_submit.py:491} INFO - master                  spark://spark-master:7077
[2025-01-16T14:16:02.192+0000] {spark_submit.py:491} INFO - deployMode              null
[2025-01-16T14:16:02.192+0000] {spark_submit.py:491} INFO - executorMemory          null
[2025-01-16T14:16:02.192+0000] {spark_submit.py:491} INFO - executorCores           null
[2025-01-16T14:16:02.193+0000] {spark_submit.py:491} INFO - totalExecutorCores      null
[2025-01-16T14:16:02.193+0000] {spark_submit.py:491} INFO - propertiesFile          null
[2025-01-16T14:16:02.193+0000] {spark_submit.py:491} INFO - driverMemory            null
[2025-01-16T14:16:02.193+0000] {spark_submit.py:491} INFO - driverCores             null
[2025-01-16T14:16:02.193+0000] {spark_submit.py:491} INFO - driverExtraClassPath    null
[2025-01-16T14:16:02.193+0000] {spark_submit.py:491} INFO - driverExtraLibraryPath  null
[2025-01-16T14:16:02.193+0000] {spark_submit.py:491} INFO - driverExtraJavaOptions  null
[2025-01-16T14:16:02.193+0000] {spark_submit.py:491} INFO - supervise               false
[2025-01-16T14:16:02.193+0000] {spark_submit.py:491} INFO - queue                   null
[2025-01-16T14:16:02.193+0000] {spark_submit.py:491} INFO - numExecutors            null
[2025-01-16T14:16:02.193+0000] {spark_submit.py:491} INFO - files                   null
[2025-01-16T14:16:02.193+0000] {spark_submit.py:491} INFO - pyFiles                 null
[2025-01-16T14:16:02.193+0000] {spark_submit.py:491} INFO - archives                null
[2025-01-16T14:16:02.193+0000] {spark_submit.py:491} INFO - mainClass               null
[2025-01-16T14:16:02.193+0000] {spark_submit.py:491} INFO - primaryResource         file:/opt/spark-apps/sample_spark_app.py
[2025-01-16T14:16:02.193+0000] {spark_submit.py:491} INFO - name                    arrow-spark
[2025-01-16T14:16:02.193+0000] {spark_submit.py:491} INFO - childArgs               [/opt/spark-data/input /opt/spark-data/output]
[2025-01-16T14:16:02.193+0000] {spark_submit.py:491} INFO - jars                    null
[2025-01-16T14:16:02.193+0000] {spark_submit.py:491} INFO - packages                null
[2025-01-16T14:16:02.193+0000] {spark_submit.py:491} INFO - packagesExclusions      null
[2025-01-16T14:16:02.194+0000] {spark_submit.py:491} INFO - repositories            null
[2025-01-16T14:16:02.194+0000] {spark_submit.py:491} INFO - verbose                 true
[2025-01-16T14:16:02.194+0000] {spark_submit.py:491} INFO - 
[2025-01-16T14:16:02.194+0000] {spark_submit.py:491} INFO - Spark properties used, including those specified through
[2025-01-16T14:16:02.194+0000] {spark_submit.py:491} INFO - --conf and those from the properties file null:
[2025-01-16T14:16:02.194+0000] {spark_submit.py:491} INFO - 
[2025-01-16T14:16:02.194+0000] {spark_submit.py:491} INFO - 
[2025-01-16T14:16:02.195+0000] {spark_submit.py:491} INFO - 
[2025-01-16T14:16:02.468+0000] {spark_submit.py:491} INFO - Main class:
[2025-01-16T14:16:02.468+0000] {spark_submit.py:491} INFO - org.apache.spark.deploy.PythonRunner
[2025-01-16T14:16:02.468+0000] {spark_submit.py:491} INFO - Arguments:
[2025-01-16T14:16:02.468+0000] {spark_submit.py:491} INFO - file:/opt/spark-apps/sample_spark_app.py
[2025-01-16T14:16:02.468+0000] {spark_submit.py:491} INFO - null
[2025-01-16T14:16:02.469+0000] {spark_submit.py:491} INFO - /opt/spark-data/input
[2025-01-16T14:16:02.469+0000] {spark_submit.py:491} INFO - /opt/spark-data/output
[2025-01-16T14:16:02.473+0000] {spark_submit.py:491} INFO - Spark config:
[2025-01-16T14:16:02.473+0000] {spark_submit.py:491} INFO - (spark.app.name,arrow-spark)
[2025-01-16T14:16:02.473+0000] {spark_submit.py:491} INFO - (spark.app.submitTime,1737036962453)
[2025-01-16T14:16:02.473+0000] {spark_submit.py:491} INFO - (spark.master,spark://spark-master:7077)
[2025-01-16T14:16:02.473+0000] {spark_submit.py:491} INFO - (spark.submit.deployMode,client)
[2025-01-16T14:16:02.473+0000] {spark_submit.py:491} INFO - (spark.submit.pyFiles,)
[2025-01-16T14:16:02.473+0000] {spark_submit.py:491} INFO - Classpath elements:
[2025-01-16T14:16:02.473+0000] {spark_submit.py:491} INFO - 
[2025-01-16T14:16:02.473+0000] {spark_submit.py:491} INFO - 
[2025-01-16T14:16:02.473+0000] {spark_submit.py:491} INFO - 
[2025-01-16T14:16:03.199+0000] {spark_submit.py:491} INFO - 2025-01-16 14:16:03,196 - INFO - Starting Spark job
[2025-01-16T14:16:03.199+0000] {spark_submit.py:491} INFO - 2025-01-16 14:16:03,196 - INFO - Input path: /opt/spark-data/input
[2025-01-16T14:16:03.199+0000] {spark_submit.py:491} INFO - 2025-01-16 14:16:03,196 - INFO - Output path: /opt/spark-data/output
[2025-01-16T14:16:03.199+0000] {spark_submit.py:491} INFO - 2025-01-16 14:16:03,196 - INFO - Python version: 3.8.18 (default, Nov  1 2023, 11:13:53)
[2025-01-16T14:16:03.199+0000] {spark_submit.py:491} INFO - [GCC 10.2.1 20210110]
[2025-01-16T14:16:03.199+0000] {spark_submit.py:491} INFO - 2025-01-16 14:16:03,196 - INFO - Python executable: /usr/local/bin/python3
[2025-01-16T14:16:03.199+0000] {spark_submit.py:491} INFO - 2025-01-16 14:16:03,196 - INFO - Python path: ['/opt/spark-apps', '/home/***/.local/lib/python3.8/site-packages/pyspark/python/lib/pyspark.zip', '/home/***/.local/lib/python3.8/site-packages/pyspark/python/lib/py4j-0.10.9.5-src.zip', '/home/***/.local/lib/python3.8/site-packages/pyspark/jars/spark-core_2.12-3.3.2.jar', '/opt/***/libraries', '/usr/local/lib/python38.zip', '/usr/local/lib/python3.8', '/usr/local/lib/python3.8/lib-dynload', '/home/***/.local/lib/python3.8/site-packages', '/usr/local/lib/python3.8/site-packages', '/opt/spark/python', '/opt/spark/python/lib/py4j-0.10.9.5-src.zip']
[2025-01-16T14:16:03.289+0000] {spark_submit.py:491} INFO - 25/01/16 14:16:03 INFO SparkContext: Running Spark version 3.3.2
[2025-01-16T14:16:03.371+0000] {spark_submit.py:491} INFO - 25/01/16 14:16:03 WARN NativeCodeLoader: Unable to load native-hadoop library for your platform... using builtin-java classes where applicable
[2025-01-16T14:16:03.448+0000] {spark_submit.py:491} INFO - 25/01/16 14:16:03 INFO ResourceUtils: ==============================================================
[2025-01-16T14:16:03.448+0000] {spark_submit.py:491} INFO - 25/01/16 14:16:03 INFO ResourceUtils: No custom resources configured for spark.driver.
[2025-01-16T14:16:03.448+0000] {spark_submit.py:491} INFO - 25/01/16 14:16:03 INFO ResourceUtils: ==============================================================
[2025-01-16T14:16:03.449+0000] {spark_submit.py:491} INFO - 25/01/16 14:16:03 INFO SparkContext: Submitted application: Sample Spark Processing
[2025-01-16T14:16:03.465+0000] {spark_submit.py:491} INFO - 25/01/16 14:16:03 INFO ResourceProfile: Default ResourceProfile created, executor resources: Map(cores -> name: cores, amount: 1, script: , vendor: , memory -> name: memory, amount: 1024, script: , vendor: , offHeap -> name: offHeap, amount: 0, script: , vendor: ), task resources: Map(cpus -> name: cpus, amount: 1.0)
[2025-01-16T14:16:03.475+0000] {spark_submit.py:491} INFO - 25/01/16 14:16:03 INFO ResourceProfile: Limiting resource is cpu
[2025-01-16T14:16:03.475+0000] {spark_submit.py:491} INFO - 25/01/16 14:16:03 INFO ResourceProfileManager: Added ResourceProfile id: 0
[2025-01-16T14:16:03.516+0000] {spark_submit.py:491} INFO - 25/01/16 14:16:03 INFO SecurityManager: Changing view acls to: ***
[2025-01-16T14:16:03.517+0000] {spark_submit.py:491} INFO - 25/01/16 14:16:03 INFO SecurityManager: Changing modify acls to: ***
[2025-01-16T14:16:03.518+0000] {spark_submit.py:491} INFO - 25/01/16 14:16:03 INFO SecurityManager: Changing view acls groups to:
[2025-01-16T14:16:03.518+0000] {spark_submit.py:491} INFO - 25/01/16 14:16:03 INFO SecurityManager: Changing modify acls groups to:
[2025-01-16T14:16:03.518+0000] {spark_submit.py:491} INFO - 25/01/16 14:16:03 INFO SecurityManager: SecurityManager: authentication disabled; ui acls disabled; users  with view permissions: Set(***); groups with view permissions: Set(); users  with modify permissions: Set(***); groups with modify permissions: Set()
[2025-01-16T14:16:03.749+0000] {spark_submit.py:491} INFO - 25/01/16 14:16:03 INFO Utils: Successfully started service 'sparkDriver' on port 7077.
[2025-01-16T14:16:03.775+0000] {spark_submit.py:491} INFO - 25/01/16 14:16:03 INFO SparkEnv: Registering MapOutputTracker
[2025-01-16T14:16:03.813+0000] {spark_submit.py:491} INFO - 25/01/16 14:16:03 INFO SparkEnv: Registering BlockManagerMaster
[2025-01-16T14:16:03.826+0000] {spark_submit.py:491} INFO - 25/01/16 14:16:03 INFO BlockManagerMasterEndpoint: Using org.apache.spark.storage.DefaultTopologyMapper for getting topology information
[2025-01-16T14:16:03.826+0000] {spark_submit.py:491} INFO - 25/01/16 14:16:03 INFO BlockManagerMasterEndpoint: BlockManagerMasterEndpoint up
[2025-01-16T14:16:03.829+0000] {spark_submit.py:491} INFO - 25/01/16 14:16:03 INFO SparkEnv: Registering BlockManagerMasterHeartbeat
[2025-01-16T14:16:03.850+0000] {spark_submit.py:491} INFO - 25/01/16 14:16:03 INFO DiskBlockManager: Created local directory at /tmp/blockmgr-3b2af96d-e40d-4d66-8b0b-c90b67af35e1
[2025-01-16T14:16:03.871+0000] {spark_submit.py:491} INFO - 25/01/16 14:16:03 INFO MemoryStore: MemoryStore started with capacity 434.4 MiB
[2025-01-16T14:16:03.897+0000] {spark_submit.py:491} INFO - 25/01/16 14:16:03 INFO SparkEnv: Registering OutputCommitCoordinator
[2025-01-16T14:16:04.032+0000] {spark_submit.py:491} INFO - 25/01/16 14:16:04 INFO Utils: Successfully started service 'SparkUI' on port 4040.
[2025-01-16T14:16:04.120+0000] {spark_submit.py:491} INFO - 25/01/16 14:16:04 INFO StandaloneAppClient$ClientEndpoint: Connecting to master spark://spark-master:7077...
[2025-01-16T14:16:04.123+0000] {spark_submit.py:491} INFO - 25/01/16 14:16:04 WARN StandaloneAppClient$ClientEndpoint: Failed to connect to master spark-master:7077
[2025-01-16T14:16:04.123+0000] {spark_submit.py:491} INFO - org.apache.spark.SparkException: Exception thrown in awaitResult:
[2025-01-16T14:16:04.123+0000] {spark_submit.py:491} INFO - at org.apache.spark.util.ThreadUtils$.awaitResult(ThreadUtils.scala:301)
[2025-01-16T14:16:04.123+0000] {spark_submit.py:491} INFO - at org.apache.spark.rpc.RpcTimeout.awaitResult(RpcTimeout.scala:75)
[2025-01-16T14:16:04.124+0000] {spark_submit.py:491} INFO - at org.apache.spark.rpc.RpcEnv.setupEndpointRefByURI(RpcEnv.scala:102)
[2025-01-16T14:16:04.124+0000] {spark_submit.py:491} INFO - at org.apache.spark.rpc.RpcEnv.setupEndpointRef(RpcEnv.scala:110)
[2025-01-16T14:16:04.124+0000] {spark_submit.py:491} INFO - at org.apache.spark.deploy.client.StandaloneAppClient$ClientEndpoint$$anon$1.run(StandaloneAppClient.scala:107)
[2025-01-16T14:16:04.124+0000] {spark_submit.py:491} INFO - at java.base/java.util.concurrent.Executors$RunnableAdapter.call(Executors.java:515)
[2025-01-16T14:16:04.124+0000] {spark_submit.py:491} INFO - at java.base/java.util.concurrent.FutureTask.run(FutureTask.java:264)
[2025-01-16T14:16:04.124+0000] {spark_submit.py:491} INFO - at java.base/java.util.concurrent.ThreadPoolExecutor.runWorker(ThreadPoolExecutor.java:1128)
[2025-01-16T14:16:04.124+0000] {spark_submit.py:491} INFO - at java.base/java.util.concurrent.ThreadPoolExecutor$Worker.run(ThreadPoolExecutor.java:628)
[2025-01-16T14:16:04.124+0000] {spark_submit.py:491} INFO - at java.base/java.lang.Thread.run(Thread.java:829)
[2025-01-16T14:16:04.124+0000] {spark_submit.py:491} INFO - Caused by: org.apache.spark.rpc.RpcEndpointNotFoundException: Cannot find endpoint: spark://Master@spark-master:7077
[2025-01-16T14:16:04.124+0000] {spark_submit.py:491} INFO - at org.apache.spark.rpc.netty.NettyRpcEnv.$anonfun$asyncSetupEndpointRefByURI$1(NettyRpcEnv.scala:148)
[2025-01-16T14:16:04.124+0000] {spark_submit.py:491} INFO - at org.apache.spark.rpc.netty.NettyRpcEnv.$anonfun$asyncSetupEndpointRefByURI$1$adapted(NettyRpcEnv.scala:144)
[2025-01-16T14:16:04.124+0000] {spark_submit.py:491} INFO - at scala.concurrent.Future.$anonfun$flatMap$1(Future.scala:307)
[2025-01-16T14:16:04.124+0000] {spark_submit.py:491} INFO - at scala.concurrent.impl.Promise.$anonfun$transformWith$1(Promise.scala:41)
[2025-01-16T14:16:04.124+0000] {spark_submit.py:491} INFO - at scala.concurrent.impl.CallbackRunnable.run(Promise.scala:64)
[2025-01-16T14:16:04.124+0000] {spark_submit.py:491} INFO - at org.apache.spark.util.ThreadUtils$$anon$1.execute(ThreadUtils.scala:99)
[2025-01-16T14:16:04.124+0000] {spark_submit.py:491} INFO - at scala.concurrent.impl.ExecutionContextImpl$$anon$4.execute(ExecutionContextImpl.scala:138)
[2025-01-16T14:16:04.124+0000] {spark_submit.py:491} INFO - at scala.concurrent.impl.CallbackRunnable.executeWithValue(Promise.scala:72)
[2025-01-16T14:16:04.124+0000] {spark_submit.py:491} INFO - at scala.concurrent.impl.Promise$DefaultPromise.dispatchOrAddCallback(Promise.scala:316)
[2025-01-16T14:16:04.124+0000] {spark_submit.py:491} INFO - at scala.concurrent.impl.Promise$DefaultPromise.onComplete(Promise.scala:307)
[2025-01-16T14:16:04.124+0000] {spark_submit.py:491} INFO - at scala.concurrent.impl.Promise.transformWith(Promise.scala:40)
[2025-01-16T14:16:04.124+0000] {spark_submit.py:491} INFO - at scala.concurrent.impl.Promise.transformWith$(Promise.scala:38)
[2025-01-16T14:16:04.124+0000] {spark_submit.py:491} INFO - at scala.concurrent.impl.Promise$DefaultPromise.transformWith(Promise.scala:187)
[2025-01-16T14:16:04.124+0000] {spark_submit.py:491} INFO - at scala.concurrent.Future.flatMap(Future.scala:306)
[2025-01-16T14:16:04.124+0000] {spark_submit.py:491} INFO - at scala.concurrent.Future.flatMap$(Future.scala:306)
[2025-01-16T14:16:04.124+0000] {spark_submit.py:491} INFO - at scala.concurrent.impl.Promise$DefaultPromise.flatMap(Promise.scala:187)
[2025-01-16T14:16:04.124+0000] {spark_submit.py:491} INFO - at org.apache.spark.rpc.netty.NettyRpcEnv.asyncSetupEndpointRefByURI(NettyRpcEnv.scala:150)
[2025-01-16T14:16:04.125+0000] {spark_submit.py:491} INFO - ... 8 more
[2025-01-16T14:16:24.135+0000] {spark_submit.py:491} INFO - 25/01/16 14:16:24 INFO StandaloneAppClient$ClientEndpoint: Connecting to master spark://spark-master:7077...
[2025-01-16T14:16:24.167+0000] {spark_submit.py:491} INFO - 25/01/16 14:16:24 WARN StandaloneAppClient$ClientEndpoint: Failed to connect to master spark-master:7077
[2025-01-16T14:16:24.167+0000] {spark_submit.py:491} INFO - org.apache.spark.SparkException: Exception thrown in awaitResult:
[2025-01-16T14:16:24.167+0000] {spark_submit.py:491} INFO - at org.apache.spark.util.ThreadUtils$.awaitResult(ThreadUtils.scala:301)
[2025-01-16T14:16:24.167+0000] {spark_submit.py:491} INFO - at org.apache.spark.rpc.RpcTimeout.awaitResult(RpcTimeout.scala:75)
[2025-01-16T14:16:24.167+0000] {spark_submit.py:491} INFO - at org.apache.spark.rpc.RpcEnv.setupEndpointRefByURI(RpcEnv.scala:102)
[2025-01-16T14:16:24.167+0000] {spark_submit.py:491} INFO - at org.apache.spark.rpc.RpcEnv.setupEndpointRef(RpcEnv.scala:110)
[2025-01-16T14:16:24.167+0000] {spark_submit.py:491} INFO - at org.apache.spark.deploy.client.StandaloneAppClient$ClientEndpoint$$anon$1.run(StandaloneAppClient.scala:107)
[2025-01-16T14:16:24.168+0000] {spark_submit.py:491} INFO - at java.base/java.util.concurrent.Executors$RunnableAdapter.call(Executors.java:515)
[2025-01-16T14:16:24.168+0000] {spark_submit.py:491} INFO - at java.base/java.util.concurrent.FutureTask.run(FutureTask.java:264)
[2025-01-16T14:16:24.168+0000] {spark_submit.py:491} INFO - at java.base/java.util.concurrent.ThreadPoolExecutor.runWorker(ThreadPoolExecutor.java:1128)
[2025-01-16T14:16:24.168+0000] {spark_submit.py:491} INFO - at java.base/java.util.concurrent.ThreadPoolExecutor$Worker.run(ThreadPoolExecutor.java:628)
[2025-01-16T14:16:24.168+0000] {spark_submit.py:491} INFO - at java.base/java.lang.Thread.run(Thread.java:829)
[2025-01-16T14:16:24.168+0000] {spark_submit.py:491} INFO - Caused by: org.apache.spark.rpc.RpcEndpointNotFoundException: Cannot find endpoint: spark://Master@spark-master:7077
[2025-01-16T14:16:24.168+0000] {spark_submit.py:491} INFO - at org.apache.spark.rpc.netty.NettyRpcEnv.$anonfun$asyncSetupEndpointRefByURI$1(NettyRpcEnv.scala:148)
[2025-01-16T14:16:24.168+0000] {spark_submit.py:491} INFO - at org.apache.spark.rpc.netty.NettyRpcEnv.$anonfun$asyncSetupEndpointRefByURI$1$adapted(NettyRpcEnv.scala:144)
[2025-01-16T14:16:24.168+0000] {spark_submit.py:491} INFO - at scala.concurrent.Future.$anonfun$flatMap$1(Future.scala:307)
[2025-01-16T14:16:24.168+0000] {spark_submit.py:491} INFO - at scala.concurrent.impl.Promise.$anonfun$transformWith$1(Promise.scala:41)
[2025-01-16T14:16:24.168+0000] {spark_submit.py:491} INFO - at scala.concurrent.impl.CallbackRunnable.run(Promise.scala:64)
[2025-01-16T14:16:24.168+0000] {spark_submit.py:491} INFO - at org.apache.spark.util.ThreadUtils$$anon$1.execute(ThreadUtils.scala:99)
[2025-01-16T14:16:24.168+0000] {spark_submit.py:491} INFO - at scala.concurrent.impl.ExecutionContextImpl$$anon$4.execute(ExecutionContextImpl.scala:138)
[2025-01-16T14:16:24.168+0000] {spark_submit.py:491} INFO - at scala.concurrent.impl.CallbackRunnable.executeWithValue(Promise.scala:72)
[2025-01-16T14:16:24.168+0000] {spark_submit.py:491} INFO - at scala.concurrent.impl.Promise$DefaultPromise.$anonfun$tryComplete$1(Promise.scala:288)
[2025-01-16T14:16:24.168+0000] {spark_submit.py:491} INFO - at scala.concurrent.impl.Promise$DefaultPromise.$anonfun$tryComplete$1$adapted(Promise.scala:288)
[2025-01-16T14:16:24.168+0000] {spark_submit.py:491} INFO - at scala.concurrent.impl.Promise$DefaultPromise.tryComplete(Promise.scala:288)
[2025-01-16T14:16:24.168+0000] {spark_submit.py:491} INFO - at scala.concurrent.Promise.complete(Promise.scala:53)
[2025-01-16T14:16:24.168+0000] {spark_submit.py:491} INFO - at scala.concurrent.Promise.complete$(Promise.scala:52)
[2025-01-16T14:16:24.168+0000] {spark_submit.py:491} INFO - at scala.concurrent.impl.Promise$DefaultPromise.complete(Promise.scala:187)
[2025-01-16T14:16:24.168+0000] {spark_submit.py:491} INFO - at scala.concurrent.impl.Promise.$anonfun$transform$1(Promise.scala:33)
[2025-01-16T14:16:24.168+0000] {spark_submit.py:491} INFO - at scala.concurrent.impl.CallbackRunnable.run(Promise.scala:64)
[2025-01-16T14:16:24.168+0000] {spark_submit.py:491} INFO - at org.apache.spark.util.ThreadUtils$$anon$1.execute(ThreadUtils.scala:99)
[2025-01-16T14:16:24.168+0000] {spark_submit.py:491} INFO - at scala.concurrent.impl.ExecutionContextImpl$$anon$4.execute(ExecutionContextImpl.scala:138)
[2025-01-16T14:16:24.169+0000] {spark_submit.py:491} INFO - at scala.concurrent.impl.CallbackRunnable.executeWithValue(Promise.scala:72)
[2025-01-16T14:16:24.169+0000] {spark_submit.py:491} INFO - at scala.concurrent.impl.Promise$DefaultPromise.$anonfun$tryComplete$1(Promise.scala:288)
[2025-01-16T14:16:24.169+0000] {spark_submit.py:491} INFO - at scala.concurrent.impl.Promise$DefaultPromise.$anonfun$tryComplete$1$adapted(Promise.scala:288)
[2025-01-16T14:16:24.169+0000] {spark_submit.py:491} INFO - at scala.concurrent.impl.Promise$DefaultPromise.tryComplete(Promise.scala:288)
[2025-01-16T14:16:24.169+0000] {spark_submit.py:491} INFO - at scala.concurrent.Promise.complete(Promise.scala:53)
[2025-01-16T14:16:24.169+0000] {spark_submit.py:491} INFO - at scala.concurrent.Promise.complete$(Promise.scala:52)
[2025-01-16T14:16:24.169+0000] {spark_submit.py:491} INFO - at scala.concurrent.impl.Promise$DefaultPromise.complete(Promise.scala:187)
[2025-01-16T14:16:24.169+0000] {spark_submit.py:491} INFO - at scala.concurrent.impl.Promise.$anonfun$transform$1(Promise.scala:33)
[2025-01-16T14:16:24.169+0000] {spark_submit.py:491} INFO - at scala.concurrent.impl.CallbackRunnable.run(Promise.scala:64)
[2025-01-16T14:16:24.169+0000] {spark_submit.py:491} INFO - at scala.concurrent.BatchingExecutor$Batch.processBatch$1(BatchingExecutor.scala:67)
[2025-01-16T14:16:24.169+0000] {spark_submit.py:491} INFO - at scala.concurrent.BatchingExecutor$Batch.$anonfun$run$1(BatchingExecutor.scala:82)
[2025-01-16T14:16:24.169+0000] {spark_submit.py:491} INFO - at scala.runtime.java8.JFunction0$mcV$sp.apply(JFunction0$mcV$sp.java:23)
[2025-01-16T14:16:24.169+0000] {spark_submit.py:491} INFO - at scala.concurrent.BlockContext$.withBlockContext(BlockContext.scala:85)
[2025-01-16T14:16:24.169+0000] {spark_submit.py:491} INFO - at scala.concurrent.BatchingExecutor$Batch.run(BatchingExecutor.scala:59)
[2025-01-16T14:16:24.169+0000] {spark_submit.py:491} INFO - at scala.concurrent.Future$InternalCallbackExecutor$.unbatchedExecute(Future.scala:875)
[2025-01-16T14:16:24.169+0000] {spark_submit.py:491} INFO - at scala.concurrent.BatchingExecutor.execute(BatchingExecutor.scala:110)
[2025-01-16T14:16:24.169+0000] {spark_submit.py:491} INFO - at scala.concurrent.BatchingExecutor.execute$(BatchingExecutor.scala:107)
[2025-01-16T14:16:24.169+0000] {spark_submit.py:491} INFO - at scala.concurrent.Future$InternalCallbackExecutor$.execute(Future.scala:873)
[2025-01-16T14:16:24.169+0000] {spark_submit.py:491} INFO - at scala.concurrent.impl.CallbackRunnable.executeWithValue(Promise.scala:72)
[2025-01-16T14:16:24.169+0000] {spark_submit.py:491} INFO - at scala.concurrent.impl.Promise$DefaultPromise.$anonfun$tryComplete$1(Promise.scala:288)
[2025-01-16T14:16:24.170+0000] {spark_submit.py:491} INFO - at scala.concurrent.impl.Promise$DefaultPromise.$anonfun$tryComplete$1$adapted(Promise.scala:288)
[2025-01-16T14:16:24.170+0000] {spark_submit.py:491} INFO - at scala.concurrent.impl.Promise$DefaultPromise.tryComplete(Promise.scala:288)
[2025-01-16T14:16:24.170+0000] {spark_submit.py:491} INFO - at scala.concurrent.Promise.trySuccess(Promise.scala:94)
[2025-01-16T14:16:24.170+0000] {spark_submit.py:491} INFO - at scala.concurrent.Promise.trySuccess$(Promise.scala:94)
[2025-01-16T14:16:24.170+0000] {spark_submit.py:491} INFO - at scala.concurrent.impl.Promise$DefaultPromise.trySuccess(Promise.scala:187)
[2025-01-16T14:16:24.170+0000] {spark_submit.py:491} INFO - at org.apache.spark.rpc.netty.NettyRpcEnv.onSuccess$1(NettyRpcEnv.scala:225)
[2025-01-16T14:16:24.170+0000] {spark_submit.py:491} INFO - at org.apache.spark.rpc.netty.NettyRpcEnv.$anonfun$askAbortable$5(NettyRpcEnv.scala:239)
[2025-01-16T14:16:24.170+0000] {spark_submit.py:491} INFO - at org.apache.spark.rpc.netty.NettyRpcEnv.$anonfun$askAbortable$5$adapted(NettyRpcEnv.scala:238)
[2025-01-16T14:16:24.170+0000] {spark_submit.py:491} INFO - at scala.concurrent.impl.CallbackRunnable.run(Promise.scala:64)
[2025-01-16T14:16:24.170+0000] {spark_submit.py:491} INFO - at org.apache.spark.util.ThreadUtils$$anon$1.execute(ThreadUtils.scala:99)
[2025-01-16T14:16:24.170+0000] {spark_submit.py:491} INFO - at scala.concurrent.impl.ExecutionContextImpl$$anon$4.execute(ExecutionContextImpl.scala:138)
[2025-01-16T14:16:24.170+0000] {spark_submit.py:491} INFO - at scala.concurrent.impl.CallbackRunnable.executeWithValue(Promise.scala:72)
[2025-01-16T14:16:24.170+0000] {spark_submit.py:491} INFO - at scala.concurrent.impl.Promise$DefaultPromise.$anonfun$tryComplete$1(Promise.scala:288)
[2025-01-16T14:16:24.170+0000] {spark_submit.py:491} INFO - at scala.concurrent.impl.Promise$DefaultPromise.$anonfun$tryComplete$1$adapted(Promise.scala:288)
[2025-01-16T14:16:24.170+0000] {spark_submit.py:491} INFO - at scala.concurrent.impl.Promise$DefaultPromise.tryComplete(Promise.scala:288)
[2025-01-16T14:16:24.170+0000] {spark_submit.py:491} INFO - at scala.concurrent.Promise.complete(Promise.scala:53)
[2025-01-16T14:16:24.170+0000] {spark_submit.py:491} INFO - at scala.concurrent.Promise.complete$(Promise.scala:52)
[2025-01-16T14:16:24.170+0000] {spark_submit.py:491} INFO - at scala.concurrent.impl.Promise$DefaultPromise.complete(Promise.scala:187)
[2025-01-16T14:16:24.171+0000] {spark_submit.py:491} INFO - at scala.concurrent.Promise.success(Promise.scala:86)
[2025-01-16T14:16:24.171+0000] {spark_submit.py:491} INFO - at scala.concurrent.Promise.success$(Promise.scala:86)
[2025-01-16T14:16:24.171+0000] {spark_submit.py:491} INFO - at scala.concurrent.impl.Promise$DefaultPromise.success(Promise.scala:187)
[2025-01-16T14:16:24.171+0000] {spark_submit.py:491} INFO - at org.apache.spark.rpc.netty.LocalNettyRpcCallContext.send(NettyRpcCallContext.scala:50)
[2025-01-16T14:16:24.171+0000] {spark_submit.py:491} INFO - at org.apache.spark.rpc.netty.NettyRpcCallContext.reply(NettyRpcCallContext.scala:32)
[2025-01-16T14:16:24.171+0000] {spark_submit.py:491} INFO - at org.apache.spark.rpc.netty.RpcEndpointVerifier$$anonfun$receiveAndReply$1.applyOrElse(RpcEndpointVerifier.scala:31)
[2025-01-16T14:16:24.171+0000] {spark_submit.py:491} INFO - at org.apache.spark.rpc.netty.Inbox.$anonfun$process$1(Inbox.scala:103)
[2025-01-16T14:16:24.171+0000] {spark_submit.py:491} INFO - at org.apache.spark.rpc.netty.Inbox.safelyCall(Inbox.scala:213)
[2025-01-16T14:16:24.171+0000] {spark_submit.py:491} INFO - at org.apache.spark.rpc.netty.Inbox.process(Inbox.scala:100)
[2025-01-16T14:16:24.171+0000] {spark_submit.py:491} INFO - at org.apache.spark.rpc.netty.MessageLoop.org$apache$spark$rpc$netty$MessageLoop$$receiveLoop(MessageLoop.scala:75)
[2025-01-16T14:16:24.171+0000] {spark_submit.py:491} INFO - at org.apache.spark.rpc.netty.MessageLoop$$anon$1.run(MessageLoop.scala:41)
[2025-01-16T14:16:24.171+0000] {spark_submit.py:491} INFO - ... 3 more
[2025-01-16T14:16:35.028+0000] {local_task_job_runner.py:294} WARNING - State of this instance has been externally set to restarting. Terminating instance.
[2025-01-16T14:16:35.041+0000] {process_utils.py:131} INFO - Sending 15 to group 69. PIDs of all processes in the group: [70, 122, 69]
[2025-01-16T14:16:35.042+0000] {process_utils.py:86} INFO - Sending the signal 15 to group 69
[2025-01-16T14:16:35.045+0000] {taskinstance.py:1632} ERROR - Received SIGTERM. Terminating subprocesses.
[2025-01-16T14:16:35.053+0000] {spark_submit.py:618} INFO - Sending kill signal to spark-submit
[2025-01-16T14:16:35.087+0000] {taskinstance.py:1937} ERROR - Task failed with exception
Traceback (most recent call last):
  File "/home/airflow/.local/lib/python3.8/site-packages/airflow/providers/apache/spark/operators/spark_submit.py", line 156, in execute
    self._hook.submit(self._application)
  File "/home/airflow/.local/lib/python3.8/site-packages/airflow/providers/apache/spark/hooks/spark_submit.py", line 410, in submit
    self._process_spark_submit_log(iter(self._submit_sp.stdout))  # type: ignore
  File "/home/airflow/.local/lib/python3.8/site-packages/airflow/providers/apache/spark/hooks/spark_submit.py", line 459, in _process_spark_submit_log
    for line in itr:
  File "/home/airflow/.local/lib/python3.8/site-packages/airflow/models/taskinstance.py", line 1634, in signal_handler
    raise AirflowException("Task received SIGTERM signal")
airflow.exceptions.AirflowException: Task received SIGTERM signal
[2025-01-16T14:16:35.103+0000] {taskinstance.py:1400} INFO - Marking task as UP_FOR_RETRY. dag_id=spark_processing_dag, task_id=spark_submit_job, execution_date=20250116T141557, start_date=20250116T141559, end_date=20250116T141635
[2025-01-16T14:16:35.122+0000] {standard_task_runner.py:104} ERROR - Failed to execute job 75 for task spark_submit_job (Task received SIGTERM signal; 69)
[2025-01-16T14:16:35.143+0000] {process_utils.py:79} INFO - Process psutil.Process(pid=70, status='terminated', started='14:15:59') (70) terminated with exit code None
[2025-01-16T14:16:35.144+0000] {process_utils.py:79} INFO - Process psutil.Process(pid=122, status='terminated', started='14:16:02') (122) terminated with exit code None
[2025-01-16T14:16:35.144+0000] {process_utils.py:79} INFO - Process psutil.Process(pid=69, status='terminated', exitcode=1, started='14:15:59') (69) terminated with exit code 1
