[2025-01-16T14:22:16.828+0000] {taskinstance.py:1159} INFO - Dependencies all met for dep_context=non-requeueable deps ti=<TaskInstance: spark_processing_dag.spark_submit_job manual__2025-01-16T14:15:57.632033+00:00 [queued]>
[2025-01-16T14:22:16.834+0000] {taskinstance.py:1159} INFO - Dependencies all met for dep_context=requeueable deps ti=<TaskInstance: spark_processing_dag.spark_submit_job manual__2025-01-16T14:15:57.632033+00:00 [queued]>
[2025-01-16T14:22:16.834+0000] {taskinstance.py:1361} INFO - Starting attempt 2 of 2
[2025-01-16T14:22:16.841+0000] {taskinstance.py:1382} INFO - Executing <Task(SparkSubmitOperator): spark_submit_job> on 2025-01-16 14:15:57.632033+00:00
[2025-01-16T14:22:16.844+0000] {standard_task_runner.py:57} INFO - Started process 62 to run task
[2025-01-16T14:22:16.848+0000] {standard_task_runner.py:84} INFO - Running: ['***', 'tasks', 'run', 'spark_processing_dag', 'spark_submit_job', 'manual__2025-01-16T14:15:57.632033+00:00', '--job-id', '82', '--raw', '--subdir', 'DAGS_FOLDER/spark-processing.py', '--cfg-path', '/tmp/tmp0e7cqnpc']
[2025-01-16T14:22:16.849+0000] {standard_task_runner.py:85} INFO - Job 82: Subtask spark_submit_job
[2025-01-16T14:22:16.889+0000] {task_command.py:416} INFO - Running <TaskInstance: spark_processing_dag.spark_submit_job manual__2025-01-16T14:15:57.632033+00:00 [running]> on host 86a96d535e03
[2025-01-16T14:22:16.958+0000] {taskinstance.py:1662} INFO - Exporting env vars: AIRFLOW_CTX_DAG_OWNER='***' AIRFLOW_CTX_DAG_ID='spark_processing_dag' AIRFLOW_CTX_TASK_ID='spark_submit_job' AIRFLOW_CTX_EXECUTION_DATE='2025-01-16T14:15:57.632033+00:00' AIRFLOW_CTX_TRY_NUMBER='2' AIRFLOW_CTX_DAG_RUN_ID='manual__2025-01-16T14:15:57.632033+00:00'
[2025-01-16T14:22:16.965+0000] {base.py:73} INFO - Using connection ID 'spark_default' for task execution.
[2025-01-16T14:22:16.966+0000] {spark_submit.py:340} INFO - Spark-Submit cmd: spark-submit --master spark://spark-master:7077 --conf spark.submit.deployMode=client --conf spark.master=spark://spark-master:7077 --executor-cores 2 --executor-memory 2g --driver-memory 2g --name arrow-spark --verbose /opt/spark-apps/sample_spark_app.py /opt/spark-data/input /opt/spark-data/output
[2025-01-16T14:22:18.359+0000] {spark_submit.py:491} INFO - Using properties file: null
[2025-01-16T14:22:18.429+0000] {spark_submit.py:491} INFO - Parsed arguments:
[2025-01-16T14:22:18.430+0000] {spark_submit.py:491} INFO - master                  spark://spark-master:7077
[2025-01-16T14:22:18.431+0000] {spark_submit.py:491} INFO - deployMode              client
[2025-01-16T14:22:18.431+0000] {spark_submit.py:491} INFO - executorMemory          2g
[2025-01-16T14:22:18.432+0000] {spark_submit.py:491} INFO - executorCores           2
[2025-01-16T14:22:18.432+0000] {spark_submit.py:491} INFO - totalExecutorCores      null
[2025-01-16T14:22:18.432+0000] {spark_submit.py:491} INFO - propertiesFile          null
[2025-01-16T14:22:18.432+0000] {spark_submit.py:491} INFO - driverMemory            2g
[2025-01-16T14:22:18.432+0000] {spark_submit.py:491} INFO - driverCores             null
[2025-01-16T14:22:18.432+0000] {spark_submit.py:491} INFO - driverExtraClassPath    null
[2025-01-16T14:22:18.432+0000] {spark_submit.py:491} INFO - driverExtraLibraryPath  null
[2025-01-16T14:22:18.432+0000] {spark_submit.py:491} INFO - driverExtraJavaOptions  null
[2025-01-16T14:22:18.432+0000] {spark_submit.py:491} INFO - supervise               false
[2025-01-16T14:22:18.433+0000] {spark_submit.py:491} INFO - queue                   null
[2025-01-16T14:22:18.433+0000] {spark_submit.py:491} INFO - numExecutors            null
[2025-01-16T14:22:18.433+0000] {spark_submit.py:491} INFO - files                   null
[2025-01-16T14:22:18.433+0000] {spark_submit.py:491} INFO - pyFiles                 null
[2025-01-16T14:22:18.433+0000] {spark_submit.py:491} INFO - archives                null
[2025-01-16T14:22:18.433+0000] {spark_submit.py:491} INFO - mainClass               null
[2025-01-16T14:22:18.433+0000] {spark_submit.py:491} INFO - primaryResource         file:/opt/spark-apps/sample_spark_app.py
[2025-01-16T14:22:18.433+0000] {spark_submit.py:491} INFO - name                    arrow-spark
[2025-01-16T14:22:18.433+0000] {spark_submit.py:491} INFO - childArgs               [/opt/spark-data/input /opt/spark-data/output]
[2025-01-16T14:22:18.433+0000] {spark_submit.py:491} INFO - jars                    null
[2025-01-16T14:22:18.433+0000] {spark_submit.py:491} INFO - packages                null
[2025-01-16T14:22:18.433+0000] {spark_submit.py:491} INFO - packagesExclusions      null
[2025-01-16T14:22:18.433+0000] {spark_submit.py:491} INFO - repositories            null
[2025-01-16T14:22:18.433+0000] {spark_submit.py:491} INFO - verbose                 true
[2025-01-16T14:22:18.433+0000] {spark_submit.py:491} INFO - 
[2025-01-16T14:22:18.433+0000] {spark_submit.py:491} INFO - Spark properties used, including those specified through
[2025-01-16T14:22:18.434+0000] {spark_submit.py:491} INFO - --conf and those from the properties file null:
[2025-01-16T14:22:18.434+0000] {spark_submit.py:491} INFO - (spark.driver.memory,2g)
[2025-01-16T14:22:18.435+0000] {spark_submit.py:491} INFO - (spark.master,spark://spark-master:7077)
[2025-01-16T14:22:18.435+0000] {spark_submit.py:491} INFO - (spark.submit.deployMode,client)
[2025-01-16T14:22:18.437+0000] {spark_submit.py:491} INFO - 
[2025-01-16T14:22:18.443+0000] {spark_submit.py:491} INFO - 
[2025-01-16T14:22:18.712+0000] {spark_submit.py:491} INFO - Main class:
[2025-01-16T14:22:18.712+0000] {spark_submit.py:491} INFO - org.apache.spark.deploy.PythonRunner
[2025-01-16T14:22:18.712+0000] {spark_submit.py:491} INFO - Arguments:
[2025-01-16T14:22:18.712+0000] {spark_submit.py:491} INFO - file:/opt/spark-apps/sample_spark_app.py
[2025-01-16T14:22:18.712+0000] {spark_submit.py:491} INFO - null
[2025-01-16T14:22:18.712+0000] {spark_submit.py:491} INFO - /opt/spark-data/input
[2025-01-16T14:22:18.712+0000] {spark_submit.py:491} INFO - /opt/spark-data/output
[2025-01-16T14:22:18.714+0000] {spark_submit.py:491} INFO - Spark config:
[2025-01-16T14:22:18.714+0000] {spark_submit.py:491} INFO - (spark.app.name,arrow-spark)
[2025-01-16T14:22:18.714+0000] {spark_submit.py:491} INFO - (spark.app.submitTime,1737037338704)
[2025-01-16T14:22:18.714+0000] {spark_submit.py:491} INFO - (spark.driver.memory,2g)
[2025-01-16T14:22:18.714+0000] {spark_submit.py:491} INFO - (spark.executor.cores,2)
[2025-01-16T14:22:18.714+0000] {spark_submit.py:491} INFO - (spark.executor.memory,2g)
[2025-01-16T14:22:18.714+0000] {spark_submit.py:491} INFO - (spark.master,spark://spark-master:7077)
[2025-01-16T14:22:18.714+0000] {spark_submit.py:491} INFO - (spark.submit.deployMode,client)
[2025-01-16T14:22:18.714+0000] {spark_submit.py:491} INFO - (spark.submit.pyFiles,)
[2025-01-16T14:22:18.714+0000] {spark_submit.py:491} INFO - Classpath elements:
[2025-01-16T14:22:18.715+0000] {spark_submit.py:491} INFO - 
[2025-01-16T14:22:18.715+0000] {spark_submit.py:491} INFO - 
[2025-01-16T14:22:18.715+0000] {spark_submit.py:491} INFO - 
[2025-01-16T14:22:19.318+0000] {spark_submit.py:491} INFO - 2025-01-16 14:22:19,316 - INFO - Starting Spark job
[2025-01-16T14:22:19.319+0000] {spark_submit.py:491} INFO - 2025-01-16 14:22:19,316 - INFO - Input path: /opt/spark-data/input
[2025-01-16T14:22:19.319+0000] {spark_submit.py:491} INFO - 2025-01-16 14:22:19,316 - INFO - Output path: /opt/spark-data/output
[2025-01-16T14:22:19.319+0000] {spark_submit.py:491} INFO - 2025-01-16 14:22:19,316 - INFO - Attempting to create Spark session (Attempt 1)
[2025-01-16T14:22:19.388+0000] {spark_submit.py:491} INFO - 25/01/16 14:22:19 INFO SparkContext: Running Spark version 3.3.2
[2025-01-16T14:22:19.490+0000] {spark_submit.py:491} INFO - 25/01/16 14:22:19 WARN NativeCodeLoader: Unable to load native-hadoop library for your platform... using builtin-java classes where applicable
[2025-01-16T14:22:19.621+0000] {spark_submit.py:491} INFO - 25/01/16 14:22:19 INFO ResourceUtils: ==============================================================
[2025-01-16T14:22:19.623+0000] {spark_submit.py:491} INFO - 25/01/16 14:22:19 INFO ResourceUtils: No custom resources configured for spark.driver.
[2025-01-16T14:22:19.623+0000] {spark_submit.py:491} INFO - 25/01/16 14:22:19 INFO ResourceUtils: ==============================================================
[2025-01-16T14:22:19.623+0000] {spark_submit.py:491} INFO - 25/01/16 14:22:19 INFO SparkContext: Submitted application: Sample Spark Processing
[2025-01-16T14:22:19.641+0000] {spark_submit.py:491} INFO - 25/01/16 14:22:19 INFO ResourceProfile: Default ResourceProfile created, executor resources: Map(cores -> name: cores, amount: 2, script: , vendor: , memory -> name: memory, amount: 1024, script: , vendor: , offHeap -> name: offHeap, amount: 0, script: , vendor: ), task resources: Map(cpus -> name: cpus, amount: 1.0)
[2025-01-16T14:22:19.649+0000] {spark_submit.py:491} INFO - 25/01/16 14:22:19 INFO ResourceProfile: Limiting resource is cpus at 2 tasks per executor
[2025-01-16T14:22:19.652+0000] {spark_submit.py:491} INFO - 25/01/16 14:22:19 INFO ResourceProfileManager: Added ResourceProfile id: 0
[2025-01-16T14:22:19.689+0000] {spark_submit.py:491} INFO - 25/01/16 14:22:19 INFO SecurityManager: Changing view acls to: ***
[2025-01-16T14:22:19.689+0000] {spark_submit.py:491} INFO - 25/01/16 14:22:19 INFO SecurityManager: Changing modify acls to: ***
[2025-01-16T14:22:19.690+0000] {spark_submit.py:491} INFO - 25/01/16 14:22:19 INFO SecurityManager: Changing view acls groups to:
[2025-01-16T14:22:19.690+0000] {spark_submit.py:491} INFO - 25/01/16 14:22:19 INFO SecurityManager: Changing modify acls groups to:
[2025-01-16T14:22:19.691+0000] {spark_submit.py:491} INFO - 25/01/16 14:22:19 INFO SecurityManager: SecurityManager: authentication disabled; ui acls disabled; users  with view permissions: Set(***); groups with view permissions: Set(); users  with modify permissions: Set(***); groups with modify permissions: Set()
[2025-01-16T14:22:19.933+0000] {spark_submit.py:491} INFO - 25/01/16 14:22:19 INFO Utils: Successfully started service 'sparkDriver' on port 7077.
[2025-01-16T14:22:19.977+0000] {spark_submit.py:491} INFO - 25/01/16 14:22:19 INFO SparkEnv: Registering MapOutputTracker
[2025-01-16T14:22:20.012+0000] {spark_submit.py:491} INFO - 25/01/16 14:22:20 INFO SparkEnv: Registering BlockManagerMaster
[2025-01-16T14:22:20.024+0000] {spark_submit.py:491} INFO - 25/01/16 14:22:20 INFO BlockManagerMasterEndpoint: Using org.apache.spark.storage.DefaultTopologyMapper for getting topology information
[2025-01-16T14:22:20.025+0000] {spark_submit.py:491} INFO - 25/01/16 14:22:20 INFO BlockManagerMasterEndpoint: BlockManagerMasterEndpoint up
[2025-01-16T14:22:20.028+0000] {spark_submit.py:491} INFO - 25/01/16 14:22:20 INFO SparkEnv: Registering BlockManagerMasterHeartbeat
[2025-01-16T14:22:20.051+0000] {spark_submit.py:491} INFO - 25/01/16 14:22:20 INFO DiskBlockManager: Created local directory at /tmp/blockmgr-49970d2f-6a6a-410c-b16f-7e35dc55a204
[2025-01-16T14:22:20.064+0000] {spark_submit.py:491} INFO - 25/01/16 14:22:20 INFO MemoryStore: MemoryStore started with capacity 1048.8 MiB
[2025-01-16T14:22:20.074+0000] {spark_submit.py:491} INFO - 25/01/16 14:22:20 INFO SparkEnv: Registering OutputCommitCoordinator
[2025-01-16T14:22:20.268+0000] {spark_submit.py:491} INFO - 25/01/16 14:22:20 INFO Utils: Successfully started service 'SparkUI' on port 4040.
[2025-01-16T14:22:20.358+0000] {spark_submit.py:491} INFO - 25/01/16 14:22:20 INFO StandaloneAppClient$ClientEndpoint: Connecting to master spark://spark-master:7077...
[2025-01-16T14:22:20.358+0000] {spark_submit.py:491} INFO - 25/01/16 14:22:20 WARN StandaloneAppClient$ClientEndpoint: Failed to connect to master spark-master:7077
[2025-01-16T14:22:20.359+0000] {spark_submit.py:491} INFO - org.apache.spark.SparkException: Exception thrown in awaitResult:
[2025-01-16T14:22:20.359+0000] {spark_submit.py:491} INFO - at org.apache.spark.util.ThreadUtils$.awaitResult(ThreadUtils.scala:301)
[2025-01-16T14:22:20.359+0000] {spark_submit.py:491} INFO - at org.apache.spark.rpc.RpcTimeout.awaitResult(RpcTimeout.scala:75)
[2025-01-16T14:22:20.359+0000] {spark_submit.py:491} INFO - at org.apache.spark.rpc.RpcEnv.setupEndpointRefByURI(RpcEnv.scala:102)
[2025-01-16T14:22:20.359+0000] {spark_submit.py:491} INFO - at org.apache.spark.rpc.RpcEnv.setupEndpointRef(RpcEnv.scala:110)
[2025-01-16T14:22:20.359+0000] {spark_submit.py:491} INFO - at org.apache.spark.deploy.client.StandaloneAppClient$ClientEndpoint$$anon$1.run(StandaloneAppClient.scala:107)
[2025-01-16T14:22:20.359+0000] {spark_submit.py:491} INFO - at java.base/java.util.concurrent.Executors$RunnableAdapter.call(Executors.java:515)
[2025-01-16T14:22:20.359+0000] {spark_submit.py:491} INFO - at java.base/java.util.concurrent.FutureTask.run(FutureTask.java:264)
[2025-01-16T14:22:20.359+0000] {spark_submit.py:491} INFO - at java.base/java.util.concurrent.ThreadPoolExecutor.runWorker(ThreadPoolExecutor.java:1128)
[2025-01-16T14:22:20.359+0000] {spark_submit.py:491} INFO - at java.base/java.util.concurrent.ThreadPoolExecutor$Worker.run(ThreadPoolExecutor.java:628)
[2025-01-16T14:22:20.359+0000] {spark_submit.py:491} INFO - at java.base/java.lang.Thread.run(Thread.java:829)
[2025-01-16T14:22:20.359+0000] {spark_submit.py:491} INFO - Caused by: org.apache.spark.rpc.RpcEndpointNotFoundException: Cannot find endpoint: spark://Master@spark-master:7077
[2025-01-16T14:22:20.359+0000] {spark_submit.py:491} INFO - at org.apache.spark.rpc.netty.NettyRpcEnv.$anonfun$asyncSetupEndpointRefByURI$1(NettyRpcEnv.scala:148)
[2025-01-16T14:22:20.359+0000] {spark_submit.py:491} INFO - at org.apache.spark.rpc.netty.NettyRpcEnv.$anonfun$asyncSetupEndpointRefByURI$1$adapted(NettyRpcEnv.scala:144)
[2025-01-16T14:22:20.359+0000] {spark_submit.py:491} INFO - at scala.concurrent.Future.$anonfun$flatMap$1(Future.scala:307)
[2025-01-16T14:22:20.359+0000] {spark_submit.py:491} INFO - at scala.concurrent.impl.Promise.$anonfun$transformWith$1(Promise.scala:41)
[2025-01-16T14:22:20.359+0000] {spark_submit.py:491} INFO - at scala.concurrent.impl.CallbackRunnable.run(Promise.scala:64)
[2025-01-16T14:22:20.359+0000] {spark_submit.py:491} INFO - at org.apache.spark.util.ThreadUtils$$anon$1.execute(ThreadUtils.scala:99)
[2025-01-16T14:22:20.359+0000] {spark_submit.py:491} INFO - at scala.concurrent.impl.ExecutionContextImpl$$anon$4.execute(ExecutionContextImpl.scala:138)
[2025-01-16T14:22:20.359+0000] {spark_submit.py:491} INFO - at scala.concurrent.impl.CallbackRunnable.executeWithValue(Promise.scala:72)
[2025-01-16T14:22:20.359+0000] {spark_submit.py:491} INFO - at scala.concurrent.impl.Promise$DefaultPromise.dispatchOrAddCallback(Promise.scala:316)
[2025-01-16T14:22:20.359+0000] {spark_submit.py:491} INFO - at scala.concurrent.impl.Promise$DefaultPromise.onComplete(Promise.scala:307)
[2025-01-16T14:22:20.360+0000] {spark_submit.py:491} INFO - at scala.concurrent.impl.Promise.transformWith(Promise.scala:40)
[2025-01-16T14:22:20.360+0000] {spark_submit.py:491} INFO - at scala.concurrent.impl.Promise.transformWith$(Promise.scala:38)
[2025-01-16T14:22:20.360+0000] {spark_submit.py:491} INFO - at scala.concurrent.impl.Promise$DefaultPromise.transformWith(Promise.scala:187)
[2025-01-16T14:22:20.360+0000] {spark_submit.py:491} INFO - at scala.concurrent.Future.flatMap(Future.scala:306)
[2025-01-16T14:22:20.360+0000] {spark_submit.py:491} INFO - at scala.concurrent.Future.flatMap$(Future.scala:306)
[2025-01-16T14:22:20.360+0000] {spark_submit.py:491} INFO - at scala.concurrent.impl.Promise$DefaultPromise.flatMap(Promise.scala:187)
[2025-01-16T14:22:20.360+0000] {spark_submit.py:491} INFO - at org.apache.spark.rpc.netty.NettyRpcEnv.asyncSetupEndpointRefByURI(NettyRpcEnv.scala:150)
[2025-01-16T14:22:20.360+0000] {spark_submit.py:491} INFO - ... 8 more
