[2025-01-16T13:55:42.050+0000] {taskinstance.py:1159} INFO - Dependencies all met for dep_context=non-requeueable deps ti=<TaskInstance: spark_processing_dag.spark_submit_job manual__2025-01-16T13:50:40.440962+00:00 [queued]>
[2025-01-16T13:55:42.054+0000] {taskinstance.py:1159} INFO - Dependencies all met for dep_context=requeueable deps ti=<TaskInstance: spark_processing_dag.spark_submit_job manual__2025-01-16T13:50:40.440962+00:00 [queued]>
[2025-01-16T13:55:42.055+0000] {taskinstance.py:1361} INFO - Starting attempt 2 of 2
[2025-01-16T13:55:42.062+0000] {taskinstance.py:1382} INFO - Executing <Task(SparkSubmitOperator): spark_submit_job> on 2025-01-16 13:50:40.440962+00:00
[2025-01-16T13:55:42.069+0000] {standard_task_runner.py:57} INFO - Started process 104 to run task
[2025-01-16T13:55:42.077+0000] {standard_task_runner.py:84} INFO - Running: ['***', 'tasks', 'run', 'spark_processing_dag', 'spark_submit_job', 'manual__2025-01-16T13:50:40.440962+00:00', '--job-id', '59', '--raw', '--subdir', 'DAGS_FOLDER/spark-processing.py', '--cfg-path', '/tmp/tmpo43p_h5v']
[2025-01-16T13:55:42.079+0000] {standard_task_runner.py:85} INFO - Job 59: Subtask spark_submit_job
[2025-01-16T13:55:42.157+0000] {task_command.py:416} INFO - Running <TaskInstance: spark_processing_dag.spark_submit_job manual__2025-01-16T13:50:40.440962+00:00 [running]> on host 62477bb0ab5b
[2025-01-16T13:55:42.221+0000] {taskinstance.py:1662} INFO - Exporting env vars: AIRFLOW_CTX_DAG_OWNER='***' AIRFLOW_CTX_DAG_ID='spark_processing_dag' AIRFLOW_CTX_TASK_ID='spark_submit_job' AIRFLOW_CTX_EXECUTION_DATE='2025-01-16T13:50:40.440962+00:00' AIRFLOW_CTX_TRY_NUMBER='2' AIRFLOW_CTX_DAG_RUN_ID='manual__2025-01-16T13:50:40.440962+00:00'
[2025-01-16T13:55:42.238+0000] {base.py:73} INFO - Using connection ID 'spark_default' for task execution.
[2025-01-16T13:55:42.239+0000] {spark_submit.py:340} INFO - Spark-Submit cmd: spark-submit --master spark://spark-master:7077 --name arrow-spark --verbose /opt/spark-apps/sample_spark_app.py /opt/spark-data/input /opt/spark-data/output
[2025-01-16T13:55:44.300+0000] {spark_submit.py:491} INFO - Using properties file: null
[2025-01-16T13:55:44.590+0000] {spark_submit.py:491} INFO - Parsed arguments:
[2025-01-16T13:55:44.591+0000] {spark_submit.py:491} INFO - master                  spark://spark-master:7077
[2025-01-16T13:55:44.591+0000] {spark_submit.py:491} INFO - deployMode              null
[2025-01-16T13:55:44.591+0000] {spark_submit.py:491} INFO - executorMemory          null
[2025-01-16T13:55:44.591+0000] {spark_submit.py:491} INFO - executorCores           null
[2025-01-16T13:55:44.591+0000] {spark_submit.py:491} INFO - totalExecutorCores      null
[2025-01-16T13:55:44.591+0000] {spark_submit.py:491} INFO - propertiesFile          null
[2025-01-16T13:55:44.591+0000] {spark_submit.py:491} INFO - driverMemory            null
[2025-01-16T13:55:44.591+0000] {spark_submit.py:491} INFO - driverCores             null
[2025-01-16T13:55:44.592+0000] {spark_submit.py:491} INFO - driverExtraClassPath    null
[2025-01-16T13:55:44.592+0000] {spark_submit.py:491} INFO - driverExtraLibraryPath  null
[2025-01-16T13:55:44.592+0000] {spark_submit.py:491} INFO - driverExtraJavaOptions  null
[2025-01-16T13:55:44.592+0000] {spark_submit.py:491} INFO - supervise               false
[2025-01-16T13:55:44.592+0000] {spark_submit.py:491} INFO - queue                   null
[2025-01-16T13:55:44.592+0000] {spark_submit.py:491} INFO - numExecutors            null
[2025-01-16T13:55:44.592+0000] {spark_submit.py:491} INFO - files                   null
[2025-01-16T13:55:44.592+0000] {spark_submit.py:491} INFO - pyFiles                 null
[2025-01-16T13:55:44.593+0000] {spark_submit.py:491} INFO - archives                null
[2025-01-16T13:55:44.593+0000] {spark_submit.py:491} INFO - mainClass               null
[2025-01-16T13:55:44.593+0000] {spark_submit.py:491} INFO - primaryResource         file:/opt/spark-apps/sample_spark_app.py
[2025-01-16T13:55:44.593+0000] {spark_submit.py:491} INFO - name                    arrow-spark
[2025-01-16T13:55:44.593+0000] {spark_submit.py:491} INFO - childArgs               [/opt/spark-data/input /opt/spark-data/output]
[2025-01-16T13:55:44.593+0000] {spark_submit.py:491} INFO - jars                    null
[2025-01-16T13:55:44.593+0000] {spark_submit.py:491} INFO - packages                null
[2025-01-16T13:55:44.593+0000] {spark_submit.py:491} INFO - packagesExclusions      null
[2025-01-16T13:55:44.593+0000] {spark_submit.py:491} INFO - repositories            null
[2025-01-16T13:55:44.594+0000] {spark_submit.py:491} INFO - verbose                 true
[2025-01-16T13:55:44.594+0000] {spark_submit.py:491} INFO - 
[2025-01-16T13:55:44.594+0000] {spark_submit.py:491} INFO - Spark properties used, including those specified through
[2025-01-16T13:55:44.594+0000] {spark_submit.py:491} INFO - --conf and those from the properties file null:
[2025-01-16T13:55:44.594+0000] {spark_submit.py:491} INFO - 
[2025-01-16T13:55:44.594+0000] {spark_submit.py:491} INFO - 
[2025-01-16T13:55:44.594+0000] {spark_submit.py:491} INFO - 
[2025-01-16T13:55:44.889+0000] {spark_submit.py:491} INFO - Main class:
[2025-01-16T13:55:44.890+0000] {spark_submit.py:491} INFO - org.apache.spark.deploy.PythonRunner
[2025-01-16T13:55:44.890+0000] {spark_submit.py:491} INFO - Arguments:
[2025-01-16T13:55:44.890+0000] {spark_submit.py:491} INFO - file:/opt/spark-apps/sample_spark_app.py
[2025-01-16T13:55:44.890+0000] {spark_submit.py:491} INFO - null
[2025-01-16T13:55:44.891+0000] {spark_submit.py:491} INFO - /opt/spark-data/input
[2025-01-16T13:55:44.892+0000] {spark_submit.py:491} INFO - /opt/spark-data/output
[2025-01-16T13:55:44.894+0000] {spark_submit.py:491} INFO - Spark config:
[2025-01-16T13:55:44.894+0000] {spark_submit.py:491} INFO - (spark.app.name,arrow-spark)
[2025-01-16T13:55:44.894+0000] {spark_submit.py:491} INFO - (spark.app.submitTime,1737035744872)
[2025-01-16T13:55:44.894+0000] {spark_submit.py:491} INFO - (spark.master,spark://spark-master:7077)
[2025-01-16T13:55:44.894+0000] {spark_submit.py:491} INFO - (spark.submit.deployMode,client)
[2025-01-16T13:55:44.894+0000] {spark_submit.py:491} INFO - (spark.submit.pyFiles,)
[2025-01-16T13:55:44.894+0000] {spark_submit.py:491} INFO - Classpath elements:
[2025-01-16T13:55:44.894+0000] {spark_submit.py:491} INFO - 
[2025-01-16T13:55:44.898+0000] {spark_submit.py:491} INFO - 
[2025-01-16T13:55:44.898+0000] {spark_submit.py:491} INFO - 
[2025-01-16T13:55:45.028+0000] {spark_submit.py:491} INFO - python3: can't open file '/opt/spark-apps/sample_spark_app.py': [Errno 2] No such file or directory
[2025-01-16T13:55:45.042+0000] {spark_submit.py:491} INFO - 25/01/16 13:55:45 INFO ShutdownHookManager: Shutdown hook called
[2025-01-16T13:55:45.042+0000] {spark_submit.py:491} INFO - 25/01/16 13:55:45 INFO ShutdownHookManager: Deleting directory /tmp/spark-ad85af01-cee2-4af2-a17a-341bb25e6d6c
[2025-01-16T13:55:45.121+0000] {taskinstance.py:1937} ERROR - Task failed with exception
Traceback (most recent call last):
  File "/home/airflow/.local/lib/python3.8/site-packages/airflow/providers/apache/spark/operators/spark_submit.py", line 156, in execute
    self._hook.submit(self._application)
  File "/home/airflow/.local/lib/python3.8/site-packages/airflow/providers/apache/spark/hooks/spark_submit.py", line 422, in submit
    raise AirflowException(
airflow.exceptions.AirflowException: Cannot execute: spark-submit --master spark://spark-master:7077 --name arrow-spark --verbose /opt/spark-apps/sample_spark_app.py /opt/spark-data/input /opt/spark-data/output. Error code is: 2.
[2025-01-16T13:55:45.135+0000] {taskinstance.py:1400} INFO - Marking task as FAILED. dag_id=spark_processing_dag, task_id=spark_submit_job, execution_date=20250116T135040, start_date=20250116T135542, end_date=20250116T135545
[2025-01-16T13:55:45.173+0000] {standard_task_runner.py:104} ERROR - Failed to execute job 59 for task spark_submit_job (Cannot execute: spark-submit --master spark://spark-master:7077 --name arrow-spark --verbose /opt/spark-apps/sample_spark_app.py /opt/spark-data/input /opt/spark-data/output. Error code is: 2.; 104)
[2025-01-16T13:55:45.222+0000] {local_task_job_runner.py:228} INFO - Task exited with return code 1
[2025-01-16T13:55:45.254+0000] {taskinstance.py:2778} INFO - 0 downstream tasks scheduled from follow-on schedule check
