[2025-01-16T13:53:32.621+0000] {taskinstance.py:1159} INFO - Dependencies all met for dep_context=non-requeueable deps ti=<TaskInstance: spark_processing_dag.spark_submit_job manual__2025-01-16T13:48:29.508988+00:00 [queued]>
[2025-01-16T13:53:32.628+0000] {taskinstance.py:1159} INFO - Dependencies all met for dep_context=requeueable deps ti=<TaskInstance: spark_processing_dag.spark_submit_job manual__2025-01-16T13:48:29.508988+00:00 [queued]>
[2025-01-16T13:53:32.628+0000] {taskinstance.py:1361} INFO - Starting attempt 2 of 2
[2025-01-16T13:53:32.636+0000] {taskinstance.py:1382} INFO - Executing <Task(SparkSubmitOperator): spark_submit_job> on 2025-01-16 13:48:29.508988+00:00
[2025-01-16T13:53:32.642+0000] {standard_task_runner.py:57} INFO - Started process 61 to run task
[2025-01-16T13:53:32.651+0000] {standard_task_runner.py:84} INFO - Running: ['***', 'tasks', 'run', 'spark_processing_dag', 'spark_submit_job', 'manual__2025-01-16T13:48:29.508988+00:00', '--job-id', '54', '--raw', '--subdir', 'DAGS_FOLDER/spark-processing.py', '--cfg-path', '/tmp/tmpgoinkz47']
[2025-01-16T13:53:32.654+0000] {standard_task_runner.py:85} INFO - Job 54: Subtask spark_submit_job
[2025-01-16T13:53:32.727+0000] {task_command.py:416} INFO - Running <TaskInstance: spark_processing_dag.spark_submit_job manual__2025-01-16T13:48:29.508988+00:00 [running]> on host 62477bb0ab5b
[2025-01-16T13:53:32.788+0000] {taskinstance.py:1662} INFO - Exporting env vars: AIRFLOW_CTX_DAG_OWNER='***' AIRFLOW_CTX_DAG_ID='spark_processing_dag' AIRFLOW_CTX_TASK_ID='spark_submit_job' AIRFLOW_CTX_EXECUTION_DATE='2025-01-16T13:48:29.508988+00:00' AIRFLOW_CTX_TRY_NUMBER='2' AIRFLOW_CTX_DAG_RUN_ID='manual__2025-01-16T13:48:29.508988+00:00'
[2025-01-16T13:53:32.795+0000] {base.py:73} INFO - Using connection ID 'spark_default' for task execution.
[2025-01-16T13:53:32.796+0000] {spark_submit.py:340} INFO - Spark-Submit cmd: spark-submit --master spark://spark-master:7077 --name arrow-spark --verbose /opt/spark-apps/sample_spark_app.py /opt/spark-data/input /opt/spark-data/output
[2025-01-16T13:53:34.330+0000] {spark_submit.py:491} INFO - Using properties file: null
[2025-01-16T13:53:34.410+0000] {spark_submit.py:491} INFO - Parsed arguments:
[2025-01-16T13:53:34.410+0000] {spark_submit.py:491} INFO - master                  spark://spark-master:7077
[2025-01-16T13:53:34.410+0000] {spark_submit.py:491} INFO - deployMode              null
[2025-01-16T13:53:34.410+0000] {spark_submit.py:491} INFO - executorMemory          null
[2025-01-16T13:53:34.410+0000] {spark_submit.py:491} INFO - executorCores           null
[2025-01-16T13:53:34.410+0000] {spark_submit.py:491} INFO - totalExecutorCores      null
[2025-01-16T13:53:34.410+0000] {spark_submit.py:491} INFO - propertiesFile          null
[2025-01-16T13:53:34.411+0000] {spark_submit.py:491} INFO - driverMemory            null
[2025-01-16T13:53:34.411+0000] {spark_submit.py:491} INFO - driverCores             null
[2025-01-16T13:53:34.411+0000] {spark_submit.py:491} INFO - driverExtraClassPath    null
[2025-01-16T13:53:34.411+0000] {spark_submit.py:491} INFO - driverExtraLibraryPath  null
[2025-01-16T13:53:34.411+0000] {spark_submit.py:491} INFO - driverExtraJavaOptions  null
[2025-01-16T13:53:34.411+0000] {spark_submit.py:491} INFO - supervise               false
[2025-01-16T13:53:34.411+0000] {spark_submit.py:491} INFO - queue                   null
[2025-01-16T13:53:34.411+0000] {spark_submit.py:491} INFO - numExecutors            null
[2025-01-16T13:53:34.411+0000] {spark_submit.py:491} INFO - files                   null
[2025-01-16T13:53:34.411+0000] {spark_submit.py:491} INFO - pyFiles                 null
[2025-01-16T13:53:34.411+0000] {spark_submit.py:491} INFO - archives                null
[2025-01-16T13:53:34.411+0000] {spark_submit.py:491} INFO - mainClass               null
[2025-01-16T13:53:34.411+0000] {spark_submit.py:491} INFO - primaryResource         file:/opt/spark-apps/sample_spark_app.py
[2025-01-16T13:53:34.411+0000] {spark_submit.py:491} INFO - name                    arrow-spark
[2025-01-16T13:53:34.411+0000] {spark_submit.py:491} INFO - childArgs               [/opt/spark-data/input /opt/spark-data/output]
[2025-01-16T13:53:34.411+0000] {spark_submit.py:491} INFO - jars                    null
[2025-01-16T13:53:34.411+0000] {spark_submit.py:491} INFO - packages                null
[2025-01-16T13:53:34.411+0000] {spark_submit.py:491} INFO - packagesExclusions      null
[2025-01-16T13:53:34.411+0000] {spark_submit.py:491} INFO - repositories            null
[2025-01-16T13:53:34.411+0000] {spark_submit.py:491} INFO - verbose                 true
[2025-01-16T13:53:34.411+0000] {spark_submit.py:491} INFO - 
[2025-01-16T13:53:34.411+0000] {spark_submit.py:491} INFO - Spark properties used, including those specified through
[2025-01-16T13:53:34.412+0000] {spark_submit.py:491} INFO - --conf and those from the properties file null:
[2025-01-16T13:53:34.412+0000] {spark_submit.py:491} INFO - 
[2025-01-16T13:53:34.412+0000] {spark_submit.py:491} INFO - 
[2025-01-16T13:53:34.412+0000] {spark_submit.py:491} INFO - 
[2025-01-16T13:53:34.610+0000] {spark_submit.py:491} INFO - Main class:
[2025-01-16T13:53:34.610+0000] {spark_submit.py:491} INFO - org.apache.spark.deploy.PythonRunner
[2025-01-16T13:53:34.610+0000] {spark_submit.py:491} INFO - Arguments:
[2025-01-16T13:53:34.610+0000] {spark_submit.py:491} INFO - file:/opt/spark-apps/sample_spark_app.py
[2025-01-16T13:53:34.610+0000] {spark_submit.py:491} INFO - null
[2025-01-16T13:53:34.610+0000] {spark_submit.py:491} INFO - /opt/spark-data/input
[2025-01-16T13:53:34.610+0000] {spark_submit.py:491} INFO - /opt/spark-data/output
[2025-01-16T13:53:34.611+0000] {spark_submit.py:491} INFO - Spark config:
[2025-01-16T13:53:34.611+0000] {spark_submit.py:491} INFO - (spark.app.name,arrow-spark)
[2025-01-16T13:53:34.611+0000] {spark_submit.py:491} INFO - (spark.app.submitTime,1737035614600)
[2025-01-16T13:53:34.611+0000] {spark_submit.py:491} INFO - (spark.master,spark://spark-master:7077)
[2025-01-16T13:53:34.611+0000] {spark_submit.py:491} INFO - (spark.submit.deployMode,client)
[2025-01-16T13:53:34.611+0000] {spark_submit.py:491} INFO - (spark.submit.pyFiles,)
[2025-01-16T13:53:34.611+0000] {spark_submit.py:491} INFO - Classpath elements:
[2025-01-16T13:53:34.612+0000] {spark_submit.py:491} INFO - 
[2025-01-16T13:53:34.612+0000] {spark_submit.py:491} INFO - 
[2025-01-16T13:53:34.612+0000] {spark_submit.py:491} INFO - 
[2025-01-16T13:53:34.736+0000] {spark_submit.py:491} INFO - python3: can't open file '/opt/spark-apps/sample_spark_app.py': [Errno 2] No such file or directory
[2025-01-16T13:53:34.756+0000] {spark_submit.py:491} INFO - 25/01/16 13:53:34 INFO ShutdownHookManager: Shutdown hook called
[2025-01-16T13:53:34.759+0000] {spark_submit.py:491} INFO - 25/01/16 13:53:34 INFO ShutdownHookManager: Deleting directory /tmp/spark-73962222-cdf3-4c0a-a8a2-b8e3f387c14d
[2025-01-16T13:53:34.801+0000] {taskinstance.py:1937} ERROR - Task failed with exception
Traceback (most recent call last):
  File "/home/airflow/.local/lib/python3.8/site-packages/airflow/providers/apache/spark/operators/spark_submit.py", line 156, in execute
    self._hook.submit(self._application)
  File "/home/airflow/.local/lib/python3.8/site-packages/airflow/providers/apache/spark/hooks/spark_submit.py", line 422, in submit
    raise AirflowException(
airflow.exceptions.AirflowException: Cannot execute: spark-submit --master spark://spark-master:7077 --name arrow-spark --verbose /opt/spark-apps/sample_spark_app.py /opt/spark-data/input /opt/spark-data/output. Error code is: 2.
[2025-01-16T13:53:34.804+0000] {taskinstance.py:1400} INFO - Marking task as FAILED. dag_id=spark_processing_dag, task_id=spark_submit_job, execution_date=20250116T134829, start_date=20250116T135332, end_date=20250116T135334
[2025-01-16T13:53:34.814+0000] {standard_task_runner.py:104} ERROR - Failed to execute job 54 for task spark_submit_job (Cannot execute: spark-submit --master spark://spark-master:7077 --name arrow-spark --verbose /opt/spark-apps/sample_spark_app.py /opt/spark-data/input /opt/spark-data/output. Error code is: 2.; 61)
[2025-01-16T13:53:34.838+0000] {local_task_job_runner.py:228} INFO - Task exited with return code 1
[2025-01-16T13:53:34.856+0000] {taskinstance.py:2778} INFO - 0 downstream tasks scheduled from follow-on schedule check
