[2025-01-16T14:25:06.770+0000] {taskinstance.py:1159} INFO - Dependencies all met for dep_context=non-requeueable deps ti=<TaskInstance: spark_processing_dag.spark_submit_job manual__2025-01-16T14:25:04.715489+00:00 [queued]>
[2025-01-16T14:25:06.785+0000] {taskinstance.py:1159} INFO - Dependencies all met for dep_context=requeueable deps ti=<TaskInstance: spark_processing_dag.spark_submit_job manual__2025-01-16T14:25:04.715489+00:00 [queued]>
[2025-01-16T14:25:06.785+0000] {taskinstance.py:1361} INFO - Starting attempt 1 of 2
[2025-01-16T14:25:06.803+0000] {taskinstance.py:1382} INFO - Executing <Task(SparkSubmitOperator): spark_submit_job> on 2025-01-16 14:25:04.715489+00:00
[2025-01-16T14:25:06.810+0000] {standard_task_runner.py:57} INFO - Started process 70 to run task
[2025-01-16T14:25:06.818+0000] {standard_task_runner.py:84} INFO - Running: ['***', 'tasks', 'run', 'spark_processing_dag', 'spark_submit_job', 'manual__2025-01-16T14:25:04.715489+00:00', '--job-id', '88', '--raw', '--subdir', 'DAGS_FOLDER/spark-processing.py', '--cfg-path', '/tmp/tmp6z03dvwx']
[2025-01-16T14:25:06.821+0000] {standard_task_runner.py:85} INFO - Job 88: Subtask spark_submit_job
[2025-01-16T14:25:06.877+0000] {task_command.py:416} INFO - Running <TaskInstance: spark_processing_dag.spark_submit_job manual__2025-01-16T14:25:04.715489+00:00 [running]> on host e58b6710f9ef
[2025-01-16T14:25:06.946+0000] {taskinstance.py:1662} INFO - Exporting env vars: AIRFLOW_CTX_DAG_OWNER='***' AIRFLOW_CTX_DAG_ID='spark_processing_dag' AIRFLOW_CTX_TASK_ID='spark_submit_job' AIRFLOW_CTX_EXECUTION_DATE='2025-01-16T14:25:04.715489+00:00' AIRFLOW_CTX_TRY_NUMBER='1' AIRFLOW_CTX_DAG_RUN_ID='manual__2025-01-16T14:25:04.715489+00:00'
[2025-01-16T14:25:06.959+0000] {base.py:73} INFO - Using connection ID 'spark_default' for task execution.
[2025-01-16T14:25:06.960+0000] {spark_submit.py:340} INFO - Spark-Submit cmd: spark-submit --master spark://spark-master:7077 --conf spark.submit.deployMode=client --conf spark.master=spark://spark-master:7077 --executor-cores 2 --executor-memory 2g --driver-memory 2g --name arrow-spark --verbose /opt/spark-apps/sample_spark_app.py /opt/spark-data/input /opt/spark-data/output
[2025-01-16T14:25:08.889+0000] {spark_submit.py:491} INFO - Using properties file: null
[2025-01-16T14:25:08.982+0000] {spark_submit.py:491} INFO - Parsed arguments:
[2025-01-16T14:25:08.982+0000] {spark_submit.py:491} INFO - master                  spark://spark-master:7077
[2025-01-16T14:25:08.982+0000] {spark_submit.py:491} INFO - deployMode              client
[2025-01-16T14:25:08.982+0000] {spark_submit.py:491} INFO - executorMemory          2g
[2025-01-16T14:25:08.982+0000] {spark_submit.py:491} INFO - executorCores           2
[2025-01-16T14:25:08.983+0000] {spark_submit.py:491} INFO - totalExecutorCores      null
[2025-01-16T14:25:08.983+0000] {spark_submit.py:491} INFO - propertiesFile          null
[2025-01-16T14:25:08.983+0000] {spark_submit.py:491} INFO - driverMemory            2g
[2025-01-16T14:25:08.983+0000] {spark_submit.py:491} INFO - driverCores             null
[2025-01-16T14:25:08.983+0000] {spark_submit.py:491} INFO - driverExtraClassPath    null
[2025-01-16T14:25:08.983+0000] {spark_submit.py:491} INFO - driverExtraLibraryPath  null
[2025-01-16T14:25:08.983+0000] {spark_submit.py:491} INFO - driverExtraJavaOptions  null
[2025-01-16T14:25:08.983+0000] {spark_submit.py:491} INFO - supervise               false
[2025-01-16T14:25:08.983+0000] {spark_submit.py:491} INFO - queue                   null
[2025-01-16T14:25:08.983+0000] {spark_submit.py:491} INFO - numExecutors            null
[2025-01-16T14:25:08.983+0000] {spark_submit.py:491} INFO - files                   null
[2025-01-16T14:25:08.983+0000] {spark_submit.py:491} INFO - pyFiles                 null
[2025-01-16T14:25:08.983+0000] {spark_submit.py:491} INFO - archives                null
[2025-01-16T14:25:08.983+0000] {spark_submit.py:491} INFO - mainClass               null
[2025-01-16T14:25:08.983+0000] {spark_submit.py:491} INFO - primaryResource         file:/opt/spark-apps/sample_spark_app.py
[2025-01-16T14:25:08.983+0000] {spark_submit.py:491} INFO - name                    arrow-spark
[2025-01-16T14:25:08.983+0000] {spark_submit.py:491} INFO - childArgs               [/opt/spark-data/input /opt/spark-data/output]
[2025-01-16T14:25:08.983+0000] {spark_submit.py:491} INFO - jars                    null
[2025-01-16T14:25:08.983+0000] {spark_submit.py:491} INFO - packages                null
[2025-01-16T14:25:08.983+0000] {spark_submit.py:491} INFO - packagesExclusions      null
[2025-01-16T14:25:08.984+0000] {spark_submit.py:491} INFO - repositories            null
[2025-01-16T14:25:08.984+0000] {spark_submit.py:491} INFO - verbose                 true
[2025-01-16T14:25:08.984+0000] {spark_submit.py:491} INFO - 
[2025-01-16T14:25:08.984+0000] {spark_submit.py:491} INFO - Spark properties used, including those specified through
[2025-01-16T14:25:08.984+0000] {spark_submit.py:491} INFO - --conf and those from the properties file null:
[2025-01-16T14:25:08.984+0000] {spark_submit.py:491} INFO - (spark.driver.memory,2g)
[2025-01-16T14:25:08.984+0000] {spark_submit.py:491} INFO - (spark.master,spark://spark-master:7077)
[2025-01-16T14:25:08.984+0000] {spark_submit.py:491} INFO - (spark.submit.deployMode,client)
[2025-01-16T14:25:08.984+0000] {spark_submit.py:491} INFO - 
[2025-01-16T14:25:08.984+0000] {spark_submit.py:491} INFO - 
[2025-01-16T14:25:09.208+0000] {spark_submit.py:491} INFO - Main class:
[2025-01-16T14:25:09.208+0000] {spark_submit.py:491} INFO - org.apache.spark.deploy.PythonRunner
[2025-01-16T14:25:09.208+0000] {spark_submit.py:491} INFO - Arguments:
[2025-01-16T14:25:09.208+0000] {spark_submit.py:491} INFO - file:/opt/spark-apps/sample_spark_app.py
[2025-01-16T14:25:09.208+0000] {spark_submit.py:491} INFO - null
[2025-01-16T14:25:09.208+0000] {spark_submit.py:491} INFO - /opt/spark-data/input
[2025-01-16T14:25:09.210+0000] {spark_submit.py:491} INFO - /opt/spark-data/output
[2025-01-16T14:25:09.212+0000] {spark_submit.py:491} INFO - Spark config:
[2025-01-16T14:25:09.212+0000] {spark_submit.py:491} INFO - (spark.app.name,arrow-spark)
[2025-01-16T14:25:09.212+0000] {spark_submit.py:491} INFO - (spark.app.submitTime,1737037509195)
[2025-01-16T14:25:09.213+0000] {spark_submit.py:491} INFO - (spark.driver.memory,2g)
[2025-01-16T14:25:09.213+0000] {spark_submit.py:491} INFO - (spark.executor.cores,2)
[2025-01-16T14:25:09.213+0000] {spark_submit.py:491} INFO - (spark.executor.memory,2g)
[2025-01-16T14:25:09.214+0000] {spark_submit.py:491} INFO - (spark.master,spark://spark-master:7077)
[2025-01-16T14:25:09.214+0000] {spark_submit.py:491} INFO - (spark.submit.deployMode,client)
[2025-01-16T14:25:09.214+0000] {spark_submit.py:491} INFO - (spark.submit.pyFiles,)
[2025-01-16T14:25:09.214+0000] {spark_submit.py:491} INFO - Classpath elements:
[2025-01-16T14:25:09.214+0000] {spark_submit.py:491} INFO - 
[2025-01-16T14:25:09.214+0000] {spark_submit.py:491} INFO - 
[2025-01-16T14:25:09.214+0000] {spark_submit.py:491} INFO - 
[2025-01-16T14:25:09.841+0000] {spark_submit.py:491} INFO - 2025-01-16 14:25:09,840 - INFO - Starting Spark job
[2025-01-16T14:25:09.841+0000] {spark_submit.py:491} INFO - 2025-01-16 14:25:09,840 - INFO - Input path: /opt/spark-data/input
[2025-01-16T14:25:09.842+0000] {spark_submit.py:491} INFO - 2025-01-16 14:25:09,840 - INFO - Output path: /opt/spark-data/output
[2025-01-16T14:25:09.842+0000] {spark_submit.py:491} INFO - 2025-01-16 14:25:09,840 - INFO - Attempting to create Spark session (Attempt 1)
[2025-01-16T14:25:09.914+0000] {spark_submit.py:491} INFO - 25/01/16 14:25:09 INFO SparkContext: Running Spark version 3.3.2
[2025-01-16T14:25:10.008+0000] {spark_submit.py:491} INFO - 25/01/16 14:25:10 WARN NativeCodeLoader: Unable to load native-hadoop library for your platform... using builtin-java classes where applicable
[2025-01-16T14:25:10.093+0000] {spark_submit.py:491} INFO - 25/01/16 14:25:10 INFO ResourceUtils: ==============================================================
[2025-01-16T14:25:10.094+0000] {spark_submit.py:491} INFO - 25/01/16 14:25:10 INFO ResourceUtils: No custom resources configured for spark.driver.
[2025-01-16T14:25:10.094+0000] {spark_submit.py:491} INFO - 25/01/16 14:25:10 INFO ResourceUtils: ==============================================================
[2025-01-16T14:25:10.094+0000] {spark_submit.py:491} INFO - 25/01/16 14:25:10 INFO SparkContext: Submitted application: Sample Spark Processing
[2025-01-16T14:25:10.117+0000] {spark_submit.py:491} INFO - 25/01/16 14:25:10 INFO ResourceProfile: Default ResourceProfile created, executor resources: Map(cores -> name: cores, amount: 2, script: , vendor: , memory -> name: memory, amount: 1024, script: , vendor: , offHeap -> name: offHeap, amount: 0, script: , vendor: ), task resources: Map(cpus -> name: cpus, amount: 1.0)
[2025-01-16T14:25:10.125+0000] {spark_submit.py:491} INFO - 25/01/16 14:25:10 INFO ResourceProfile: Limiting resource is cpus at 2 tasks per executor
[2025-01-16T14:25:10.126+0000] {spark_submit.py:491} INFO - 25/01/16 14:25:10 INFO ResourceProfileManager: Added ResourceProfile id: 0
[2025-01-16T14:25:10.164+0000] {spark_submit.py:491} INFO - 25/01/16 14:25:10 INFO SecurityManager: Changing view acls to: ***
[2025-01-16T14:25:10.165+0000] {spark_submit.py:491} INFO - 25/01/16 14:25:10 INFO SecurityManager: Changing modify acls to: ***
[2025-01-16T14:25:10.165+0000] {spark_submit.py:491} INFO - 25/01/16 14:25:10 INFO SecurityManager: Changing view acls groups to:
[2025-01-16T14:25:10.165+0000] {spark_submit.py:491} INFO - 25/01/16 14:25:10 INFO SecurityManager: Changing modify acls groups to:
[2025-01-16T14:25:10.165+0000] {spark_submit.py:491} INFO - 25/01/16 14:25:10 INFO SecurityManager: SecurityManager: authentication disabled; ui acls disabled; users  with view permissions: Set(***); groups with view permissions: Set(); users  with modify permissions: Set(***); groups with modify permissions: Set()
[2025-01-16T14:25:10.372+0000] {spark_submit.py:491} INFO - 25/01/16 14:25:10 INFO Utils: Successfully started service 'sparkDriver' on port 7077.
[2025-01-16T14:25:10.392+0000] {spark_submit.py:491} INFO - 25/01/16 14:25:10 INFO SparkEnv: Registering MapOutputTracker
[2025-01-16T14:25:10.430+0000] {spark_submit.py:491} INFO - 25/01/16 14:25:10 INFO SparkEnv: Registering BlockManagerMaster
[2025-01-16T14:25:10.442+0000] {spark_submit.py:491} INFO - 25/01/16 14:25:10 INFO BlockManagerMasterEndpoint: Using org.apache.spark.storage.DefaultTopologyMapper for getting topology information
[2025-01-16T14:25:10.443+0000] {spark_submit.py:491} INFO - 25/01/16 14:25:10 INFO BlockManagerMasterEndpoint: BlockManagerMasterEndpoint up
[2025-01-16T14:25:10.445+0000] {spark_submit.py:491} INFO - 25/01/16 14:25:10 INFO SparkEnv: Registering BlockManagerMasterHeartbeat
[2025-01-16T14:25:10.461+0000] {spark_submit.py:491} INFO - 25/01/16 14:25:10 INFO DiskBlockManager: Created local directory at /tmp/blockmgr-dddfbc5a-b923-4f7d-b4fc-8eb7aff4d0bc
[2025-01-16T14:25:10.476+0000] {spark_submit.py:491} INFO - 25/01/16 14:25:10 INFO MemoryStore: MemoryStore started with capacity 1048.8 MiB
[2025-01-16T14:25:10.490+0000] {spark_submit.py:491} INFO - 25/01/16 14:25:10 INFO SparkEnv: Registering OutputCommitCoordinator
[2025-01-16T14:25:10.640+0000] {spark_submit.py:491} INFO - 25/01/16 14:25:10 INFO Utils: Successfully started service 'SparkUI' on port 4040.
[2025-01-16T14:25:10.768+0000] {spark_submit.py:491} INFO - 25/01/16 14:25:10 INFO StandaloneAppClient$ClientEndpoint: Connecting to master spark://spark-master:7077...
[2025-01-16T14:25:10.773+0000] {spark_submit.py:491} INFO - 25/01/16 14:25:10 WARN StandaloneAppClient$ClientEndpoint: Failed to connect to master spark-master:7077
[2025-01-16T14:25:10.774+0000] {spark_submit.py:491} INFO - org.apache.spark.SparkException: Exception thrown in awaitResult:
[2025-01-16T14:25:10.774+0000] {spark_submit.py:491} INFO - at org.apache.spark.util.ThreadUtils$.awaitResult(ThreadUtils.scala:301)
[2025-01-16T14:25:10.774+0000] {spark_submit.py:491} INFO - at org.apache.spark.rpc.RpcTimeout.awaitResult(RpcTimeout.scala:75)
[2025-01-16T14:25:10.774+0000] {spark_submit.py:491} INFO - at org.apache.spark.rpc.RpcEnv.setupEndpointRefByURI(RpcEnv.scala:102)
[2025-01-16T14:25:10.774+0000] {spark_submit.py:491} INFO - at org.apache.spark.rpc.RpcEnv.setupEndpointRef(RpcEnv.scala:110)
[2025-01-16T14:25:10.774+0000] {spark_submit.py:491} INFO - at org.apache.spark.deploy.client.StandaloneAppClient$ClientEndpoint$$anon$1.run(StandaloneAppClient.scala:107)
[2025-01-16T14:25:10.774+0000] {spark_submit.py:491} INFO - at java.base/java.util.concurrent.Executors$RunnableAdapter.call(Executors.java:515)
[2025-01-16T14:25:10.774+0000] {spark_submit.py:491} INFO - at java.base/java.util.concurrent.FutureTask.run(FutureTask.java:264)
[2025-01-16T14:25:10.774+0000] {spark_submit.py:491} INFO - at java.base/java.util.concurrent.ThreadPoolExecutor.runWorker(ThreadPoolExecutor.java:1128)
[2025-01-16T14:25:10.774+0000] {spark_submit.py:491} INFO - at java.base/java.util.concurrent.ThreadPoolExecutor$Worker.run(ThreadPoolExecutor.java:628)
[2025-01-16T14:25:10.775+0000] {spark_submit.py:491} INFO - at java.base/java.lang.Thread.run(Thread.java:829)
[2025-01-16T14:25:10.775+0000] {spark_submit.py:491} INFO - Caused by: org.apache.spark.rpc.RpcEndpointNotFoundException: Cannot find endpoint: spark://Master@spark-master:7077
[2025-01-16T14:25:10.775+0000] {spark_submit.py:491} INFO - at org.apache.spark.rpc.netty.NettyRpcEnv.$anonfun$asyncSetupEndpointRefByURI$1(NettyRpcEnv.scala:148)
[2025-01-16T14:25:10.775+0000] {spark_submit.py:491} INFO - at org.apache.spark.rpc.netty.NettyRpcEnv.$anonfun$asyncSetupEndpointRefByURI$1$adapted(NettyRpcEnv.scala:144)
[2025-01-16T14:25:10.775+0000] {spark_submit.py:491} INFO - at scala.concurrent.Future.$anonfun$flatMap$1(Future.scala:307)
[2025-01-16T14:25:10.776+0000] {spark_submit.py:491} INFO - at scala.concurrent.impl.Promise.$anonfun$transformWith$1(Promise.scala:41)
[2025-01-16T14:25:10.776+0000] {spark_submit.py:491} INFO - at scala.concurrent.impl.CallbackRunnable.run(Promise.scala:64)
[2025-01-16T14:25:10.776+0000] {spark_submit.py:491} INFO - at org.apache.spark.util.ThreadUtils$$anon$1.execute(ThreadUtils.scala:99)
[2025-01-16T14:25:10.777+0000] {spark_submit.py:491} INFO - at scala.concurrent.impl.ExecutionContextImpl$$anon$4.execute(ExecutionContextImpl.scala:138)
[2025-01-16T14:25:10.777+0000] {spark_submit.py:491} INFO - at scala.concurrent.impl.CallbackRunnable.executeWithValue(Promise.scala:72)
[2025-01-16T14:25:10.777+0000] {spark_submit.py:491} INFO - at scala.concurrent.impl.Promise$DefaultPromise.dispatchOrAddCallback(Promise.scala:316)
[2025-01-16T14:25:10.777+0000] {spark_submit.py:491} INFO - at scala.concurrent.impl.Promise$DefaultPromise.onComplete(Promise.scala:307)
[2025-01-16T14:25:10.777+0000] {spark_submit.py:491} INFO - at scala.concurrent.impl.Promise.transformWith(Promise.scala:40)
[2025-01-16T14:25:10.777+0000] {spark_submit.py:491} INFO - at scala.concurrent.impl.Promise.transformWith$(Promise.scala:38)
[2025-01-16T14:25:10.777+0000] {spark_submit.py:491} INFO - at scala.concurrent.impl.Promise$DefaultPromise.transformWith(Promise.scala:187)
[2025-01-16T14:25:10.777+0000] {spark_submit.py:491} INFO - at scala.concurrent.Future.flatMap(Future.scala:306)
[2025-01-16T14:25:10.777+0000] {spark_submit.py:491} INFO - at scala.concurrent.Future.flatMap$(Future.scala:306)
[2025-01-16T14:25:10.777+0000] {spark_submit.py:491} INFO - at scala.concurrent.impl.Promise$DefaultPromise.flatMap(Promise.scala:187)
[2025-01-16T14:25:10.777+0000] {spark_submit.py:491} INFO - at org.apache.spark.rpc.netty.NettyRpcEnv.asyncSetupEndpointRefByURI(NettyRpcEnv.scala:150)
[2025-01-16T14:25:10.777+0000] {spark_submit.py:491} INFO - ... 8 more
[2025-01-16T14:25:30.797+0000] {spark_submit.py:491} INFO - 25/01/16 14:25:30 INFO StandaloneAppClient$ClientEndpoint: Connecting to master spark://spark-master:7077...
[2025-01-16T14:25:30.816+0000] {spark_submit.py:491} INFO - 25/01/16 14:25:30 WARN StandaloneAppClient$ClientEndpoint: Failed to connect to master spark-master:7077
[2025-01-16T14:25:30.816+0000] {spark_submit.py:491} INFO - org.apache.spark.SparkException: Exception thrown in awaitResult:
[2025-01-16T14:25:30.816+0000] {spark_submit.py:491} INFO - at org.apache.spark.util.ThreadUtils$.awaitResult(ThreadUtils.scala:301)
[2025-01-16T14:25:30.816+0000] {spark_submit.py:491} INFO - at org.apache.spark.rpc.RpcTimeout.awaitResult(RpcTimeout.scala:75)
[2025-01-16T14:25:30.816+0000] {spark_submit.py:491} INFO - at org.apache.spark.rpc.RpcEnv.setupEndpointRefByURI(RpcEnv.scala:102)
[2025-01-16T14:25:30.816+0000] {spark_submit.py:491} INFO - at org.apache.spark.rpc.RpcEnv.setupEndpointRef(RpcEnv.scala:110)
[2025-01-16T14:25:30.816+0000] {spark_submit.py:491} INFO - at org.apache.spark.deploy.client.StandaloneAppClient$ClientEndpoint$$anon$1.run(StandaloneAppClient.scala:107)
[2025-01-16T14:25:30.816+0000] {spark_submit.py:491} INFO - at java.base/java.util.concurrent.Executors$RunnableAdapter.call(Executors.java:515)
[2025-01-16T14:25:30.816+0000] {spark_submit.py:491} INFO - at java.base/java.util.concurrent.FutureTask.run(FutureTask.java:264)
[2025-01-16T14:25:30.816+0000] {spark_submit.py:491} INFO - at java.base/java.util.concurrent.ThreadPoolExecutor.runWorker(ThreadPoolExecutor.java:1128)
[2025-01-16T14:25:30.816+0000] {spark_submit.py:491} INFO - at java.base/java.util.concurrent.ThreadPoolExecutor$Worker.run(ThreadPoolExecutor.java:628)
[2025-01-16T14:25:30.816+0000] {spark_submit.py:491} INFO - at java.base/java.lang.Thread.run(Thread.java:829)
[2025-01-16T14:25:30.816+0000] {spark_submit.py:491} INFO - Caused by: org.apache.spark.rpc.RpcEndpointNotFoundException: Cannot find endpoint: spark://Master@spark-master:7077
[2025-01-16T14:25:30.817+0000] {spark_submit.py:491} INFO - at org.apache.spark.rpc.netty.NettyRpcEnv.$anonfun$asyncSetupEndpointRefByURI$1(NettyRpcEnv.scala:148)
[2025-01-16T14:25:30.817+0000] {spark_submit.py:491} INFO - at org.apache.spark.rpc.netty.NettyRpcEnv.$anonfun$asyncSetupEndpointRefByURI$1$adapted(NettyRpcEnv.scala:144)
[2025-01-16T14:25:30.817+0000] {spark_submit.py:491} INFO - at scala.concurrent.Future.$anonfun$flatMap$1(Future.scala:307)
[2025-01-16T14:25:30.817+0000] {spark_submit.py:491} INFO - at scala.concurrent.impl.Promise.$anonfun$transformWith$1(Promise.scala:41)
[2025-01-16T14:25:30.817+0000] {spark_submit.py:491} INFO - at scala.concurrent.impl.CallbackRunnable.run(Promise.scala:64)
[2025-01-16T14:25:30.817+0000] {spark_submit.py:491} INFO - at org.apache.spark.util.ThreadUtils$$anon$1.execute(ThreadUtils.scala:99)
[2025-01-16T14:25:30.817+0000] {spark_submit.py:491} INFO - at scala.concurrent.impl.ExecutionContextImpl$$anon$4.execute(ExecutionContextImpl.scala:138)
[2025-01-16T14:25:30.817+0000] {spark_submit.py:491} INFO - at scala.concurrent.impl.CallbackRunnable.executeWithValue(Promise.scala:72)
[2025-01-16T14:25:30.817+0000] {spark_submit.py:491} INFO - at scala.concurrent.impl.Promise$DefaultPromise.$anonfun$tryComplete$1(Promise.scala:288)
[2025-01-16T14:25:30.817+0000] {spark_submit.py:491} INFO - at scala.concurrent.impl.Promise$DefaultPromise.$anonfun$tryComplete$1$adapted(Promise.scala:288)
[2025-01-16T14:25:30.817+0000] {spark_submit.py:491} INFO - at scala.concurrent.impl.Promise$DefaultPromise.tryComplete(Promise.scala:288)
[2025-01-16T14:25:30.817+0000] {spark_submit.py:491} INFO - at scala.concurrent.Promise.complete(Promise.scala:53)
[2025-01-16T14:25:30.817+0000] {spark_submit.py:491} INFO - at scala.concurrent.Promise.complete$(Promise.scala:52)
[2025-01-16T14:25:30.817+0000] {spark_submit.py:491} INFO - at scala.concurrent.impl.Promise$DefaultPromise.complete(Promise.scala:187)
[2025-01-16T14:25:30.817+0000] {spark_submit.py:491} INFO - at scala.concurrent.impl.Promise.$anonfun$transform$1(Promise.scala:33)
[2025-01-16T14:25:30.817+0000] {spark_submit.py:491} INFO - at scala.concurrent.impl.CallbackRunnable.run(Promise.scala:64)
[2025-01-16T14:25:30.817+0000] {spark_submit.py:491} INFO - at org.apache.spark.util.ThreadUtils$$anon$1.execute(ThreadUtils.scala:99)
[2025-01-16T14:25:30.817+0000] {spark_submit.py:491} INFO - at scala.concurrent.impl.ExecutionContextImpl$$anon$4.execute(ExecutionContextImpl.scala:138)
[2025-01-16T14:25:30.817+0000] {spark_submit.py:491} INFO - at scala.concurrent.impl.CallbackRunnable.executeWithValue(Promise.scala:72)
[2025-01-16T14:25:30.817+0000] {spark_submit.py:491} INFO - at scala.concurrent.impl.Promise$DefaultPromise.$anonfun$tryComplete$1(Promise.scala:288)
[2025-01-16T14:25:30.817+0000] {spark_submit.py:491} INFO - at scala.concurrent.impl.Promise$DefaultPromise.$anonfun$tryComplete$1$adapted(Promise.scala:288)
[2025-01-16T14:25:30.817+0000] {spark_submit.py:491} INFO - at scala.concurrent.impl.Promise$DefaultPromise.tryComplete(Promise.scala:288)
[2025-01-16T14:25:30.818+0000] {spark_submit.py:491} INFO - at scala.concurrent.Promise.complete(Promise.scala:53)
[2025-01-16T14:25:30.818+0000] {spark_submit.py:491} INFO - at scala.concurrent.Promise.complete$(Promise.scala:52)
[2025-01-16T14:25:30.818+0000] {spark_submit.py:491} INFO - at scala.concurrent.impl.Promise$DefaultPromise.complete(Promise.scala:187)
[2025-01-16T14:25:30.818+0000] {spark_submit.py:491} INFO - at scala.concurrent.impl.Promise.$anonfun$transform$1(Promise.scala:33)
[2025-01-16T14:25:30.818+0000] {spark_submit.py:491} INFO - at scala.concurrent.impl.CallbackRunnable.run(Promise.scala:64)
[2025-01-16T14:25:30.818+0000] {spark_submit.py:491} INFO - at scala.concurrent.BatchingExecutor$Batch.processBatch$1(BatchingExecutor.scala:67)
[2025-01-16T14:25:30.818+0000] {spark_submit.py:491} INFO - at scala.concurrent.BatchingExecutor$Batch.$anonfun$run$1(BatchingExecutor.scala:82)
[2025-01-16T14:25:30.818+0000] {spark_submit.py:491} INFO - at scala.runtime.java8.JFunction0$mcV$sp.apply(JFunction0$mcV$sp.java:23)
[2025-01-16T14:25:30.818+0000] {spark_submit.py:491} INFO - at scala.concurrent.BlockContext$.withBlockContext(BlockContext.scala:85)
[2025-01-16T14:25:30.818+0000] {spark_submit.py:491} INFO - at scala.concurrent.BatchingExecutor$Batch.run(BatchingExecutor.scala:59)
[2025-01-16T14:25:30.818+0000] {spark_submit.py:491} INFO - at scala.concurrent.Future$InternalCallbackExecutor$.unbatchedExecute(Future.scala:875)
[2025-01-16T14:25:30.818+0000] {spark_submit.py:491} INFO - at scala.concurrent.BatchingExecutor.execute(BatchingExecutor.scala:110)
[2025-01-16T14:25:30.818+0000] {spark_submit.py:491} INFO - at scala.concurrent.BatchingExecutor.execute$(BatchingExecutor.scala:107)
[2025-01-16T14:25:30.818+0000] {spark_submit.py:491} INFO - at scala.concurrent.Future$InternalCallbackExecutor$.execute(Future.scala:873)
[2025-01-16T14:25:30.818+0000] {spark_submit.py:491} INFO - at scala.concurrent.impl.CallbackRunnable.executeWithValue(Promise.scala:72)
[2025-01-16T14:25:30.818+0000] {spark_submit.py:491} INFO - at scala.concurrent.impl.Promise$DefaultPromise.$anonfun$tryComplete$1(Promise.scala:288)
[2025-01-16T14:25:30.818+0000] {spark_submit.py:491} INFO - at scala.concurrent.impl.Promise$DefaultPromise.$anonfun$tryComplete$1$adapted(Promise.scala:288)
[2025-01-16T14:25:30.818+0000] {spark_submit.py:491} INFO - at scala.concurrent.impl.Promise$DefaultPromise.tryComplete(Promise.scala:288)
[2025-01-16T14:25:30.819+0000] {spark_submit.py:491} INFO - at scala.concurrent.Promise.trySuccess(Promise.scala:94)
[2025-01-16T14:25:30.819+0000] {spark_submit.py:491} INFO - at scala.concurrent.Promise.trySuccess$(Promise.scala:94)
[2025-01-16T14:25:30.819+0000] {spark_submit.py:491} INFO - at scala.concurrent.impl.Promise$DefaultPromise.trySuccess(Promise.scala:187)
[2025-01-16T14:25:30.819+0000] {spark_submit.py:491} INFO - at org.apache.spark.rpc.netty.NettyRpcEnv.onSuccess$1(NettyRpcEnv.scala:225)
[2025-01-16T14:25:30.819+0000] {spark_submit.py:491} INFO - at org.apache.spark.rpc.netty.NettyRpcEnv.$anonfun$askAbortable$5(NettyRpcEnv.scala:239)
[2025-01-16T14:25:30.819+0000] {spark_submit.py:491} INFO - at org.apache.spark.rpc.netty.NettyRpcEnv.$anonfun$askAbortable$5$adapted(NettyRpcEnv.scala:238)
[2025-01-16T14:25:30.819+0000] {spark_submit.py:491} INFO - at scala.concurrent.impl.CallbackRunnable.run(Promise.scala:64)
[2025-01-16T14:25:30.819+0000] {spark_submit.py:491} INFO - at org.apache.spark.util.ThreadUtils$$anon$1.execute(ThreadUtils.scala:99)
[2025-01-16T14:25:30.819+0000] {spark_submit.py:491} INFO - at scala.concurrent.impl.ExecutionContextImpl$$anon$4.execute(ExecutionContextImpl.scala:138)
[2025-01-16T14:25:30.819+0000] {spark_submit.py:491} INFO - at scala.concurrent.impl.CallbackRunnable.executeWithValue(Promise.scala:72)
[2025-01-16T14:25:30.819+0000] {spark_submit.py:491} INFO - at scala.concurrent.impl.Promise$DefaultPromise.$anonfun$tryComplete$1(Promise.scala:288)
[2025-01-16T14:25:30.819+0000] {spark_submit.py:491} INFO - at scala.concurrent.impl.Promise$DefaultPromise.$anonfun$tryComplete$1$adapted(Promise.scala:288)
[2025-01-16T14:25:30.819+0000] {spark_submit.py:491} INFO - at scala.concurrent.impl.Promise$DefaultPromise.tryComplete(Promise.scala:288)
[2025-01-16T14:25:30.819+0000] {spark_submit.py:491} INFO - at scala.concurrent.Promise.complete(Promise.scala:53)
[2025-01-16T14:25:30.819+0000] {spark_submit.py:491} INFO - at scala.concurrent.Promise.complete$(Promise.scala:52)
[2025-01-16T14:25:30.819+0000] {spark_submit.py:491} INFO - at scala.concurrent.impl.Promise$DefaultPromise.complete(Promise.scala:187)
[2025-01-16T14:25:30.819+0000] {spark_submit.py:491} INFO - at scala.concurrent.Promise.success(Promise.scala:86)
[2025-01-16T14:25:30.819+0000] {spark_submit.py:491} INFO - at scala.concurrent.Promise.success$(Promise.scala:86)
[2025-01-16T14:25:30.819+0000] {spark_submit.py:491} INFO - at scala.concurrent.impl.Promise$DefaultPromise.success(Promise.scala:187)
[2025-01-16T14:25:30.819+0000] {spark_submit.py:491} INFO - at org.apache.spark.rpc.netty.LocalNettyRpcCallContext.send(NettyRpcCallContext.scala:50)
[2025-01-16T14:25:30.820+0000] {spark_submit.py:491} INFO - at org.apache.spark.rpc.netty.NettyRpcCallContext.reply(NettyRpcCallContext.scala:32)
[2025-01-16T14:25:30.820+0000] {spark_submit.py:491} INFO - at org.apache.spark.rpc.netty.RpcEndpointVerifier$$anonfun$receiveAndReply$1.applyOrElse(RpcEndpointVerifier.scala:31)
[2025-01-16T14:25:30.820+0000] {spark_submit.py:491} INFO - at org.apache.spark.rpc.netty.Inbox.$anonfun$process$1(Inbox.scala:103)
[2025-01-16T14:25:30.820+0000] {spark_submit.py:491} INFO - at org.apache.spark.rpc.netty.Inbox.safelyCall(Inbox.scala:213)
[2025-01-16T14:25:30.820+0000] {spark_submit.py:491} INFO - at org.apache.spark.rpc.netty.Inbox.process(Inbox.scala:100)
[2025-01-16T14:25:30.820+0000] {spark_submit.py:491} INFO - at org.apache.spark.rpc.netty.MessageLoop.org$apache$spark$rpc$netty$MessageLoop$$receiveLoop(MessageLoop.scala:75)
[2025-01-16T14:25:30.821+0000] {spark_submit.py:491} INFO - at org.apache.spark.rpc.netty.MessageLoop$$anon$1.run(MessageLoop.scala:41)
[2025-01-16T14:25:30.821+0000] {spark_submit.py:491} INFO - ... 3 more
[2025-01-16T14:25:50.826+0000] {spark_submit.py:491} INFO - 25/01/16 14:25:50 INFO StandaloneAppClient$ClientEndpoint: Connecting to master spark://spark-master:7077...
[2025-01-16T14:25:50.832+0000] {spark_submit.py:491} INFO - 25/01/16 14:25:50 WARN StandaloneAppClient$ClientEndpoint: Failed to connect to master spark-master:7077
[2025-01-16T14:25:50.832+0000] {spark_submit.py:491} INFO - org.apache.spark.SparkException: Exception thrown in awaitResult:
[2025-01-16T14:25:50.833+0000] {spark_submit.py:491} INFO - at org.apache.spark.util.ThreadUtils$.awaitResult(ThreadUtils.scala:301)
[2025-01-16T14:25:50.833+0000] {spark_submit.py:491} INFO - at org.apache.spark.rpc.RpcTimeout.awaitResult(RpcTimeout.scala:75)
[2025-01-16T14:25:50.833+0000] {spark_submit.py:491} INFO - at org.apache.spark.rpc.RpcEnv.setupEndpointRefByURI(RpcEnv.scala:102)
[2025-01-16T14:25:50.833+0000] {spark_submit.py:491} INFO - at org.apache.spark.rpc.RpcEnv.setupEndpointRef(RpcEnv.scala:110)
[2025-01-16T14:25:50.833+0000] {spark_submit.py:491} INFO - at org.apache.spark.deploy.client.StandaloneAppClient$ClientEndpoint$$anon$1.run(StandaloneAppClient.scala:107)
[2025-01-16T14:25:50.833+0000] {spark_submit.py:491} INFO - at java.base/java.util.concurrent.Executors$RunnableAdapter.call(Executors.java:515)
[2025-01-16T14:25:50.833+0000] {spark_submit.py:491} INFO - at java.base/java.util.concurrent.FutureTask.run(FutureTask.java:264)
[2025-01-16T14:25:50.833+0000] {spark_submit.py:491} INFO - at java.base/java.util.concurrent.ThreadPoolExecutor.runWorker(ThreadPoolExecutor.java:1128)
[2025-01-16T14:25:50.833+0000] {spark_submit.py:491} INFO - at java.base/java.util.concurrent.ThreadPoolExecutor$Worker.run(ThreadPoolExecutor.java:628)
[2025-01-16T14:25:50.833+0000] {spark_submit.py:491} INFO - at java.base/java.lang.Thread.run(Thread.java:829)
[2025-01-16T14:25:50.833+0000] {spark_submit.py:491} INFO - Caused by: org.apache.spark.rpc.RpcEndpointNotFoundException: Cannot find endpoint: spark://Master@spark-master:7077
[2025-01-16T14:25:50.833+0000] {spark_submit.py:491} INFO - at org.apache.spark.rpc.netty.NettyRpcEnv.$anonfun$asyncSetupEndpointRefByURI$1(NettyRpcEnv.scala:148)
[2025-01-16T14:25:50.833+0000] {spark_submit.py:491} INFO - at org.apache.spark.rpc.netty.NettyRpcEnv.$anonfun$asyncSetupEndpointRefByURI$1$adapted(NettyRpcEnv.scala:144)
[2025-01-16T14:25:50.833+0000] {spark_submit.py:491} INFO - at scala.concurrent.Future.$anonfun$flatMap$1(Future.scala:307)
[2025-01-16T14:25:50.833+0000] {spark_submit.py:491} INFO - at scala.concurrent.impl.Promise.$anonfun$transformWith$1(Promise.scala:41)
[2025-01-16T14:25:50.833+0000] {spark_submit.py:491} INFO - at scala.concurrent.impl.CallbackRunnable.run(Promise.scala:64)
[2025-01-16T14:25:50.833+0000] {spark_submit.py:491} INFO - at org.apache.spark.util.ThreadUtils$$anon$1.execute(ThreadUtils.scala:99)
[2025-01-16T14:25:50.833+0000] {spark_submit.py:491} INFO - at scala.concurrent.impl.ExecutionContextImpl$$anon$4.execute(ExecutionContextImpl.scala:138)
[2025-01-16T14:25:50.833+0000] {spark_submit.py:491} INFO - at scala.concurrent.impl.CallbackRunnable.executeWithValue(Promise.scala:72)
[2025-01-16T14:25:50.833+0000] {spark_submit.py:491} INFO - at scala.concurrent.impl.Promise$DefaultPromise.$anonfun$tryComplete$1(Promise.scala:288)
[2025-01-16T14:25:50.833+0000] {spark_submit.py:491} INFO - at scala.concurrent.impl.Promise$DefaultPromise.$anonfun$tryComplete$1$adapted(Promise.scala:288)
[2025-01-16T14:25:50.834+0000] {spark_submit.py:491} INFO - at scala.concurrent.impl.Promise$DefaultPromise.tryComplete(Promise.scala:288)
[2025-01-16T14:25:50.834+0000] {spark_submit.py:491} INFO - at scala.concurrent.Promise.complete(Promise.scala:53)
[2025-01-16T14:25:50.834+0000] {spark_submit.py:491} INFO - at scala.concurrent.Promise.complete$(Promise.scala:52)
[2025-01-16T14:25:50.834+0000] {spark_submit.py:491} INFO - at scala.concurrent.impl.Promise$DefaultPromise.complete(Promise.scala:187)
[2025-01-16T14:25:50.834+0000] {spark_submit.py:491} INFO - at scala.concurrent.impl.Promise.$anonfun$transform$1(Promise.scala:33)
[2025-01-16T14:25:50.834+0000] {spark_submit.py:491} INFO - at scala.concurrent.impl.CallbackRunnable.run(Promise.scala:64)
[2025-01-16T14:25:50.834+0000] {spark_submit.py:491} INFO - at org.apache.spark.util.ThreadUtils$$anon$1.execute(ThreadUtils.scala:99)
[2025-01-16T14:25:50.834+0000] {spark_submit.py:491} INFO - at scala.concurrent.impl.ExecutionContextImpl$$anon$4.execute(ExecutionContextImpl.scala:138)
[2025-01-16T14:25:50.834+0000] {spark_submit.py:491} INFO - at scala.concurrent.impl.CallbackRunnable.executeWithValue(Promise.scala:72)
[2025-01-16T14:25:50.834+0000] {spark_submit.py:491} INFO - at scala.concurrent.impl.Promise$DefaultPromise.$anonfun$tryComplete$1(Promise.scala:288)
[2025-01-16T14:25:50.834+0000] {spark_submit.py:491} INFO - at scala.concurrent.impl.Promise$DefaultPromise.$anonfun$tryComplete$1$adapted(Promise.scala:288)
[2025-01-16T14:25:50.834+0000] {spark_submit.py:491} INFO - at scala.concurrent.impl.Promise$DefaultPromise.tryComplete(Promise.scala:288)
[2025-01-16T14:25:50.834+0000] {spark_submit.py:491} INFO - at scala.concurrent.Promise.complete(Promise.scala:53)
[2025-01-16T14:25:50.834+0000] {spark_submit.py:491} INFO - at scala.concurrent.Promise.complete$(Promise.scala:52)
[2025-01-16T14:25:50.834+0000] {spark_submit.py:491} INFO - at scala.concurrent.impl.Promise$DefaultPromise.complete(Promise.scala:187)
[2025-01-16T14:25:50.834+0000] {spark_submit.py:491} INFO - at scala.concurrent.impl.Promise.$anonfun$transform$1(Promise.scala:33)
[2025-01-16T14:25:50.834+0000] {spark_submit.py:491} INFO - at scala.concurrent.impl.CallbackRunnable.run(Promise.scala:64)
[2025-01-16T14:25:50.834+0000] {spark_submit.py:491} INFO - at scala.concurrent.BatchingExecutor$Batch.processBatch$1(BatchingExecutor.scala:67)
[2025-01-16T14:25:50.834+0000] {spark_submit.py:491} INFO - at scala.concurrent.BatchingExecutor$Batch.$anonfun$run$1(BatchingExecutor.scala:82)
[2025-01-16T14:25:50.834+0000] {spark_submit.py:491} INFO - at scala.runtime.java8.JFunction0$mcV$sp.apply(JFunction0$mcV$sp.java:23)
[2025-01-16T14:25:50.834+0000] {spark_submit.py:491} INFO - at scala.concurrent.BlockContext$.withBlockContext(BlockContext.scala:85)
[2025-01-16T14:25:50.834+0000] {spark_submit.py:491} INFO - at scala.concurrent.BatchingExecutor$Batch.run(BatchingExecutor.scala:59)
[2025-01-16T14:25:50.834+0000] {spark_submit.py:491} INFO - at scala.concurrent.Future$InternalCallbackExecutor$.unbatchedExecute(Future.scala:875)
[2025-01-16T14:25:50.835+0000] {spark_submit.py:491} INFO - at scala.concurrent.BatchingExecutor.execute(BatchingExecutor.scala:110)
[2025-01-16T14:25:50.835+0000] {spark_submit.py:491} INFO - at scala.concurrent.BatchingExecutor.execute$(BatchingExecutor.scala:107)
[2025-01-16T14:25:50.835+0000] {spark_submit.py:491} INFO - at scala.concurrent.Future$InternalCallbackExecutor$.execute(Future.scala:873)
[2025-01-16T14:25:50.835+0000] {spark_submit.py:491} INFO - at scala.concurrent.impl.CallbackRunnable.executeWithValue(Promise.scala:72)
[2025-01-16T14:25:50.835+0000] {spark_submit.py:491} INFO - at scala.concurrent.impl.Promise$DefaultPromise.$anonfun$tryComplete$1(Promise.scala:288)
[2025-01-16T14:25:50.835+0000] {spark_submit.py:491} INFO - at scala.concurrent.impl.Promise$DefaultPromise.$anonfun$tryComplete$1$adapted(Promise.scala:288)
[2025-01-16T14:25:50.835+0000] {spark_submit.py:491} INFO - at scala.concurrent.impl.Promise$DefaultPromise.tryComplete(Promise.scala:288)
[2025-01-16T14:25:50.835+0000] {spark_submit.py:491} INFO - at scala.concurrent.Promise.trySuccess(Promise.scala:94)
[2025-01-16T14:25:50.835+0000] {spark_submit.py:491} INFO - at scala.concurrent.Promise.trySuccess$(Promise.scala:94)
[2025-01-16T14:25:50.835+0000] {spark_submit.py:491} INFO - at scala.concurrent.impl.Promise$DefaultPromise.trySuccess(Promise.scala:187)
[2025-01-16T14:25:50.835+0000] {spark_submit.py:491} INFO - at org.apache.spark.rpc.netty.NettyRpcEnv.onSuccess$1(NettyRpcEnv.scala:225)
[2025-01-16T14:25:50.835+0000] {spark_submit.py:491} INFO - at org.apache.spark.rpc.netty.NettyRpcEnv.$anonfun$askAbortable$5(NettyRpcEnv.scala:239)
[2025-01-16T14:25:50.835+0000] {spark_submit.py:491} INFO - at org.apache.spark.rpc.netty.NettyRpcEnv.$anonfun$askAbortable$5$adapted(NettyRpcEnv.scala:238)
[2025-01-16T14:25:50.835+0000] {spark_submit.py:491} INFO - at scala.concurrent.impl.CallbackRunnable.run(Promise.scala:64)
[2025-01-16T14:25:50.835+0000] {spark_submit.py:491} INFO - at org.apache.spark.util.ThreadUtils$$anon$1.execute(ThreadUtils.scala:99)
[2025-01-16T14:25:50.835+0000] {spark_submit.py:491} INFO - at scala.concurrent.impl.ExecutionContextImpl$$anon$4.execute(ExecutionContextImpl.scala:138)
[2025-01-16T14:25:50.835+0000] {spark_submit.py:491} INFO - at scala.concurrent.impl.CallbackRunnable.executeWithValue(Promise.scala:72)
[2025-01-16T14:25:50.836+0000] {spark_submit.py:491} INFO - at scala.concurrent.impl.Promise$DefaultPromise.$anonfun$tryComplete$1(Promise.scala:288)
[2025-01-16T14:25:50.836+0000] {spark_submit.py:491} INFO - at scala.concurrent.impl.Promise$DefaultPromise.$anonfun$tryComplete$1$adapted(Promise.scala:288)
[2025-01-16T14:25:50.836+0000] {spark_submit.py:491} INFO - at scala.concurrent.impl.Promise$DefaultPromise.tryComplete(Promise.scala:288)
[2025-01-16T14:25:50.836+0000] {spark_submit.py:491} INFO - at scala.concurrent.Promise.complete(Promise.scala:53)
[2025-01-16T14:25:50.836+0000] {spark_submit.py:491} INFO - at scala.concurrent.Promise.complete$(Promise.scala:52)
[2025-01-16T14:25:50.836+0000] {spark_submit.py:491} INFO - at scala.concurrent.impl.Promise$DefaultPromise.complete(Promise.scala:187)
[2025-01-16T14:25:50.836+0000] {spark_submit.py:491} INFO - at scala.concurrent.Promise.success(Promise.scala:86)
[2025-01-16T14:25:50.836+0000] {spark_submit.py:491} INFO - at scala.concurrent.Promise.success$(Promise.scala:86)
[2025-01-16T14:25:50.836+0000] {spark_submit.py:491} INFO - at scala.concurrent.impl.Promise$DefaultPromise.success(Promise.scala:187)
[2025-01-16T14:25:50.836+0000] {spark_submit.py:491} INFO - at org.apache.spark.rpc.netty.LocalNettyRpcCallContext.send(NettyRpcCallContext.scala:50)
[2025-01-16T14:25:50.836+0000] {spark_submit.py:491} INFO - at org.apache.spark.rpc.netty.NettyRpcCallContext.reply(NettyRpcCallContext.scala:32)
[2025-01-16T14:25:50.836+0000] {spark_submit.py:491} INFO - at org.apache.spark.rpc.netty.RpcEndpointVerifier$$anonfun$receiveAndReply$1.applyOrElse(RpcEndpointVerifier.scala:31)
[2025-01-16T14:25:50.836+0000] {spark_submit.py:491} INFO - at org.apache.spark.rpc.netty.Inbox.$anonfun$process$1(Inbox.scala:103)
[2025-01-16T14:25:50.836+0000] {spark_submit.py:491} INFO - at org.apache.spark.rpc.netty.Inbox.safelyCall(Inbox.scala:213)
[2025-01-16T14:25:50.836+0000] {spark_submit.py:491} INFO - at org.apache.spark.rpc.netty.Inbox.process(Inbox.scala:100)
[2025-01-16T14:25:50.836+0000] {spark_submit.py:491} INFO - at org.apache.spark.rpc.netty.MessageLoop.org$apache$spark$rpc$netty$MessageLoop$$receiveLoop(MessageLoop.scala:75)
[2025-01-16T14:25:50.836+0000] {spark_submit.py:491} INFO - at org.apache.spark.rpc.netty.MessageLoop$$anon$1.run(MessageLoop.scala:41)
[2025-01-16T14:25:50.836+0000] {spark_submit.py:491} INFO - ... 3 more
[2025-01-16T14:26:10.821+0000] {spark_submit.py:491} INFO - 25/01/16 14:26:10 ERROR StandaloneSchedulerBackend: Application has been killed. Reason: All masters are unresponsive! Giving up.
[2025-01-16T14:26:10.834+0000] {spark_submit.py:491} INFO - 25/01/16 14:26:10 WARN StandaloneSchedulerBackend: Application ID is not initialized yet.
[2025-01-16T14:26:10.854+0000] {spark_submit.py:491} INFO - 25/01/16 14:26:10 INFO Utils: Successfully started service 'org.apache.spark.network.netty.NettyBlockTransferService' on port 38935.
[2025-01-16T14:26:10.855+0000] {spark_submit.py:491} INFO - 25/01/16 14:26:10 INFO NettyBlockTransferService: Server created on spark-master:38935
[2025-01-16T14:26:10.857+0000] {spark_submit.py:491} INFO - 25/01/16 14:26:10 INFO BlockManager: Using org.apache.spark.storage.RandomBlockReplicationPolicy for block replication policy
[2025-01-16T14:26:10.865+0000] {spark_submit.py:491} INFO - 25/01/16 14:26:10 INFO SparkUI: Stopped Spark web UI at http://spark-master:4040
[2025-01-16T14:26:10.866+0000] {spark_submit.py:491} INFO - 25/01/16 14:26:10 INFO BlockManagerMaster: Registering BlockManager BlockManagerId(driver, spark-master, 38935, None)
[2025-01-16T14:26:10.872+0000] {spark_submit.py:491} INFO - 25/01/16 14:26:10 INFO BlockManagerMasterEndpoint: Registering block manager spark-master:38935 with 1048.8 MiB RAM, BlockManagerId(driver, spark-master, 38935, None)
[2025-01-16T14:26:10.874+0000] {spark_submit.py:491} INFO - 25/01/16 14:26:10 INFO StandaloneSchedulerBackend: Shutting down all executors
[2025-01-16T14:26:10.875+0000] {spark_submit.py:491} INFO - 25/01/16 14:26:10 INFO BlockManagerMaster: Registered BlockManager BlockManagerId(driver, spark-master, 38935, None)
[2025-01-16T14:26:10.879+0000] {spark_submit.py:491} INFO - 25/01/16 14:26:10 INFO BlockManager: Initialized BlockManager: BlockManagerId(driver, spark-master, 38935, None)
[2025-01-16T14:26:10.880+0000] {spark_submit.py:491} INFO - 25/01/16 14:26:10 INFO CoarseGrainedSchedulerBackend$DriverEndpoint: Asking each executor to shut down
[2025-01-16T14:26:10.885+0000] {spark_submit.py:491} INFO - 25/01/16 14:26:10 WARN StandaloneAppClient$ClientEndpoint: Drop UnregisterApplication(null) because has not yet connected to master
[2025-01-16T14:26:10.895+0000] {spark_submit.py:491} INFO - 25/01/16 14:26:10 INFO MapOutputTrackerMasterEndpoint: MapOutputTrackerMasterEndpoint stopped!
[2025-01-16T14:26:10.929+0000] {spark_submit.py:491} INFO - 25/01/16 14:26:10 INFO MemoryStore: MemoryStore cleared
[2025-01-16T14:26:10.929+0000] {spark_submit.py:491} INFO - 25/01/16 14:26:10 INFO BlockManager: BlockManager stopped
[2025-01-16T14:26:10.938+0000] {spark_submit.py:491} INFO - 25/01/16 14:26:10 INFO BlockManagerMaster: BlockManagerMaster stopped
[2025-01-16T14:26:10.940+0000] {spark_submit.py:491} INFO - 25/01/16 14:26:10 INFO OutputCommitCoordinator$OutputCommitCoordinatorEndpoint: OutputCommitCoordinator stopped!
[2025-01-16T14:26:10.949+0000] {spark_submit.py:491} INFO - 25/01/16 14:26:10 INFO SparkContext: Successfully stopped SparkContext
[2025-01-16T14:26:11.048+0000] {spark_submit.py:491} INFO - 25/01/16 14:26:11 ERROR AsyncEventQueue: Listener AppStatusListener threw an exception
[2025-01-16T14:26:11.048+0000] {spark_submit.py:491} INFO - java.lang.NullPointerException
[2025-01-16T14:26:11.048+0000] {spark_submit.py:491} INFO - at org.apache.spark.status.AppStatusListener.onApplicationEnd(AppStatusListener.scala:192)
[2025-01-16T14:26:11.048+0000] {spark_submit.py:491} INFO - at org.apache.spark.scheduler.SparkListenerBus.doPostEvent(SparkListenerBus.scala:57)
[2025-01-16T14:26:11.048+0000] {spark_submit.py:491} INFO - at org.apache.spark.scheduler.SparkListenerBus.doPostEvent$(SparkListenerBus.scala:28)
[2025-01-16T14:26:11.048+0000] {spark_submit.py:491} INFO - at org.apache.spark.scheduler.AsyncEventQueue.doPostEvent(AsyncEventQueue.scala:37)
[2025-01-16T14:26:11.048+0000] {spark_submit.py:491} INFO - at org.apache.spark.scheduler.AsyncEventQueue.doPostEvent(AsyncEventQueue.scala:37)
[2025-01-16T14:26:11.048+0000] {spark_submit.py:491} INFO - at org.apache.spark.util.ListenerBus.postToAll(ListenerBus.scala:117)
[2025-01-16T14:26:11.049+0000] {spark_submit.py:491} INFO - at org.apache.spark.util.ListenerBus.postToAll$(ListenerBus.scala:101)
[2025-01-16T14:26:11.049+0000] {spark_submit.py:491} INFO - at org.apache.spark.scheduler.AsyncEventQueue.super$postToAll(AsyncEventQueue.scala:105)
[2025-01-16T14:26:11.049+0000] {spark_submit.py:491} INFO - at org.apache.spark.scheduler.AsyncEventQueue.$anonfun$dispatch$1(AsyncEventQueue.scala:105)
[2025-01-16T14:26:11.049+0000] {spark_submit.py:491} INFO - at scala.runtime.java8.JFunction0$mcJ$sp.apply(JFunction0$mcJ$sp.java:23)
[2025-01-16T14:26:11.049+0000] {spark_submit.py:491} INFO - at scala.util.DynamicVariable.withValue(DynamicVariable.scala:62)
[2025-01-16T14:26:11.049+0000] {spark_submit.py:491} INFO - at org.apache.spark.scheduler.AsyncEventQueue.org$apache$spark$scheduler$AsyncEventQueue$$dispatch(AsyncEventQueue.scala:100)
[2025-01-16T14:26:11.049+0000] {spark_submit.py:491} INFO - at org.apache.spark.scheduler.AsyncEventQueue$$anon$2.$anonfun$run$1(AsyncEventQueue.scala:96)
[2025-01-16T14:26:11.049+0000] {spark_submit.py:491} INFO - at org.apache.spark.util.Utils$.tryOrStopSparkContext(Utils.scala:1446)
[2025-01-16T14:26:11.049+0000] {spark_submit.py:491} INFO - at org.apache.spark.scheduler.AsyncEventQueue$$anon$2.run(AsyncEventQueue.scala:96)
[2025-01-16T14:26:11.055+0000] {spark_submit.py:491} INFO - 25/01/16 14:26:11 ERROR SparkContext: Error initializing SparkContext.
[2025-01-16T14:26:11.055+0000] {spark_submit.py:491} INFO - java.lang.IllegalArgumentException: requirement failed: Can only call getServletHandlers on a running MetricsSystem
[2025-01-16T14:26:11.056+0000] {spark_submit.py:491} INFO - at scala.Predef$.require(Predef.scala:281)
[2025-01-16T14:26:11.056+0000] {spark_submit.py:491} INFO - at org.apache.spark.metrics.MetricsSystem.getServletHandlers(MetricsSystem.scala:89)
[2025-01-16T14:26:11.056+0000] {spark_submit.py:491} INFO - at org.apache.spark.SparkContext.<init>(SparkContext.scala:660)
[2025-01-16T14:26:11.056+0000] {spark_submit.py:491} INFO - at org.apache.spark.api.java.JavaSparkContext.<init>(JavaSparkContext.scala:58)
[2025-01-16T14:26:11.056+0000] {spark_submit.py:491} INFO - at java.base/jdk.internal.reflect.NativeConstructorAccessorImpl.newInstance0(Native Method)
[2025-01-16T14:26:11.056+0000] {spark_submit.py:491} INFO - at java.base/jdk.internal.reflect.NativeConstructorAccessorImpl.newInstance(NativeConstructorAccessorImpl.java:62)
[2025-01-16T14:26:11.056+0000] {spark_submit.py:491} INFO - at java.base/jdk.internal.reflect.DelegatingConstructorAccessorImpl.newInstance(DelegatingConstructorAccessorImpl.java:45)
[2025-01-16T14:26:11.056+0000] {spark_submit.py:491} INFO - at java.base/java.lang.reflect.Constructor.newInstance(Constructor.java:490)
[2025-01-16T14:26:11.056+0000] {spark_submit.py:491} INFO - at py4j.reflection.MethodInvoker.invoke(MethodInvoker.java:247)
[2025-01-16T14:26:11.056+0000] {spark_submit.py:491} INFO - at py4j.reflection.ReflectionEngine.invoke(ReflectionEngine.java:357)
[2025-01-16T14:26:11.056+0000] {spark_submit.py:491} INFO - at py4j.Gateway.invoke(Gateway.java:238)
[2025-01-16T14:26:11.056+0000] {spark_submit.py:491} INFO - at py4j.commands.ConstructorCommand.invokeConstructor(ConstructorCommand.java:80)
[2025-01-16T14:26:11.056+0000] {spark_submit.py:491} INFO - at py4j.commands.ConstructorCommand.execute(ConstructorCommand.java:69)
[2025-01-16T14:26:11.056+0000] {spark_submit.py:491} INFO - at py4j.ClientServerConnection.waitForCommands(ClientServerConnection.java:182)
[2025-01-16T14:26:11.056+0000] {spark_submit.py:491} INFO - at py4j.ClientServerConnection.run(ClientServerConnection.java:106)
[2025-01-16T14:26:11.056+0000] {spark_submit.py:491} INFO - at java.base/java.lang.Thread.run(Thread.java:829)
[2025-01-16T14:26:11.056+0000] {spark_submit.py:491} INFO - 25/01/16 14:26:11 INFO SparkContext: SparkContext already stopped.
[2025-01-16T14:26:11.061+0000] {spark_submit.py:491} INFO - 2025-01-16 14:26:11,060 - WARNING - Failed to create Spark session: An error occurred while calling None.org.apache.spark.api.java.JavaSparkContext.
[2025-01-16T14:26:11.061+0000] {spark_submit.py:491} INFO - : java.lang.IllegalArgumentException: requirement failed: Can only call getServletHandlers on a running MetricsSystem
[2025-01-16T14:26:11.061+0000] {spark_submit.py:491} INFO - at scala.Predef$.require(Predef.scala:281)
[2025-01-16T14:26:11.061+0000] {spark_submit.py:491} INFO - at org.apache.spark.metrics.MetricsSystem.getServletHandlers(MetricsSystem.scala:89)
[2025-01-16T14:26:11.061+0000] {spark_submit.py:491} INFO - at org.apache.spark.SparkContext.<init>(SparkContext.scala:660)
[2025-01-16T14:26:11.061+0000] {spark_submit.py:491} INFO - at org.apache.spark.api.java.JavaSparkContext.<init>(JavaSparkContext.scala:58)
[2025-01-16T14:26:11.061+0000] {spark_submit.py:491} INFO - at java.base/jdk.internal.reflect.NativeConstructorAccessorImpl.newInstance0(Native Method)
[2025-01-16T14:26:11.061+0000] {spark_submit.py:491} INFO - at java.base/jdk.internal.reflect.NativeConstructorAccessorImpl.newInstance(NativeConstructorAccessorImpl.java:62)
[2025-01-16T14:26:11.061+0000] {spark_submit.py:491} INFO - at java.base/jdk.internal.reflect.DelegatingConstructorAccessorImpl.newInstance(DelegatingConstructorAccessorImpl.java:45)
[2025-01-16T14:26:11.061+0000] {spark_submit.py:491} INFO - at java.base/java.lang.reflect.Constructor.newInstance(Constructor.java:490)
[2025-01-16T14:26:11.061+0000] {spark_submit.py:491} INFO - at py4j.reflection.MethodInvoker.invoke(MethodInvoker.java:247)
[2025-01-16T14:26:11.061+0000] {spark_submit.py:491} INFO - at py4j.reflection.ReflectionEngine.invoke(ReflectionEngine.java:357)
[2025-01-16T14:26:11.061+0000] {spark_submit.py:491} INFO - at py4j.Gateway.invoke(Gateway.java:238)
[2025-01-16T14:26:11.062+0000] {spark_submit.py:491} INFO - at py4j.commands.ConstructorCommand.invokeConstructor(ConstructorCommand.java:80)
[2025-01-16T14:26:11.062+0000] {spark_submit.py:491} INFO - at py4j.commands.ConstructorCommand.execute(ConstructorCommand.java:69)
[2025-01-16T14:26:11.062+0000] {spark_submit.py:491} INFO - at py4j.ClientServerConnection.waitForCommands(ClientServerConnection.java:182)
[2025-01-16T14:26:11.062+0000] {spark_submit.py:491} INFO - at py4j.ClientServerConnection.run(ClientServerConnection.java:106)
[2025-01-16T14:26:11.062+0000] {spark_submit.py:491} INFO - at java.base/java.lang.Thread.run(Thread.java:829)
[2025-01-16T14:26:11.062+0000] {spark_submit.py:491} INFO - 
[2025-01-16T14:26:16.078+0000] {spark_submit.py:491} INFO - 2025-01-16 14:26:16,069 - INFO - Attempting to create Spark session (Attempt 2)
[2025-01-16T14:26:16.109+0000] {spark_submit.py:491} INFO - 25/01/16 14:26:16 WARN SparkContext: Another SparkContext is being constructed (or threw an exception in its constructor). This may indicate an error, since only one SparkContext should be running in this JVM (see SPARK-2243). The other SparkContext was created at:
[2025-01-16T14:26:16.109+0000] {spark_submit.py:491} INFO - org.apache.spark.api.java.JavaSparkContext.<init>(JavaSparkContext.scala:58)
[2025-01-16T14:26:16.110+0000] {spark_submit.py:491} INFO - java.base/jdk.internal.reflect.NativeConstructorAccessorImpl.newInstance0(Native Method)
[2025-01-16T14:26:16.110+0000] {spark_submit.py:491} INFO - java.base/jdk.internal.reflect.NativeConstructorAccessorImpl.newInstance(NativeConstructorAccessorImpl.java:62)
[2025-01-16T14:26:16.110+0000] {spark_submit.py:491} INFO - java.base/jdk.internal.reflect.DelegatingConstructorAccessorImpl.newInstance(DelegatingConstructorAccessorImpl.java:45)
[2025-01-16T14:26:16.110+0000] {spark_submit.py:491} INFO - java.base/java.lang.reflect.Constructor.newInstance(Constructor.java:490)
[2025-01-16T14:26:16.110+0000] {spark_submit.py:491} INFO - py4j.reflection.MethodInvoker.invoke(MethodInvoker.java:247)
[2025-01-16T14:26:16.110+0000] {spark_submit.py:491} INFO - py4j.reflection.ReflectionEngine.invoke(ReflectionEngine.java:357)
[2025-01-16T14:26:16.110+0000] {spark_submit.py:491} INFO - py4j.Gateway.invoke(Gateway.java:238)
[2025-01-16T14:26:16.110+0000] {spark_submit.py:491} INFO - py4j.commands.ConstructorCommand.invokeConstructor(ConstructorCommand.java:80)
[2025-01-16T14:26:16.110+0000] {spark_submit.py:491} INFO - py4j.commands.ConstructorCommand.execute(ConstructorCommand.java:69)
[2025-01-16T14:26:16.110+0000] {spark_submit.py:491} INFO - py4j.ClientServerConnection.waitForCommands(ClientServerConnection.java:182)
[2025-01-16T14:26:16.110+0000] {spark_submit.py:491} INFO - py4j.ClientServerConnection.run(ClientServerConnection.java:106)
[2025-01-16T14:26:16.110+0000] {spark_submit.py:491} INFO - java.base/java.lang.Thread.run(Thread.java:829)
[2025-01-16T14:26:16.110+0000] {spark_submit.py:491} INFO - 25/01/16 14:26:16 INFO SparkContext: Running Spark version 3.3.2
[2025-01-16T14:26:16.112+0000] {spark_submit.py:491} INFO - 25/01/16 14:26:16 INFO ResourceUtils: ==============================================================
[2025-01-16T14:26:16.112+0000] {spark_submit.py:491} INFO - 25/01/16 14:26:16 INFO ResourceUtils: No custom resources configured for spark.driver.
[2025-01-16T14:26:16.112+0000] {spark_submit.py:491} INFO - 25/01/16 14:26:16 INFO ResourceUtils: ==============================================================
[2025-01-16T14:26:16.112+0000] {spark_submit.py:491} INFO - 25/01/16 14:26:16 INFO SparkContext: Submitted application: Sample Spark Processing
[2025-01-16T14:26:16.114+0000] {spark_submit.py:491} INFO - 25/01/16 14:26:16 INFO ResourceProfile: Default ResourceProfile created, executor resources: Map(cores -> name: cores, amount: 2, script: , vendor: , memory -> name: memory, amount: 1024, script: , vendor: , offHeap -> name: offHeap, amount: 0, script: , vendor: ), task resources: Map(cpus -> name: cpus, amount: 1.0)
[2025-01-16T14:26:16.115+0000] {spark_submit.py:491} INFO - 25/01/16 14:26:16 INFO ResourceProfile: Limiting resource is cpus at 2 tasks per executor
[2025-01-16T14:26:16.115+0000] {spark_submit.py:491} INFO - 25/01/16 14:26:16 INFO ResourceProfileManager: Added ResourceProfile id: 0
[2025-01-16T14:26:16.116+0000] {spark_submit.py:491} INFO - 25/01/16 14:26:16 INFO SecurityManager: Changing view acls to: ***
[2025-01-16T14:26:16.117+0000] {spark_submit.py:491} INFO - 25/01/16 14:26:16 INFO SecurityManager: Changing modify acls to: ***
[2025-01-16T14:26:16.117+0000] {spark_submit.py:491} INFO - 25/01/16 14:26:16 INFO SecurityManager: Changing view acls groups to:
[2025-01-16T14:26:16.117+0000] {spark_submit.py:491} INFO - 25/01/16 14:26:16 INFO SecurityManager: Changing modify acls groups to:
[2025-01-16T14:26:16.118+0000] {spark_submit.py:491} INFO - 25/01/16 14:26:16 INFO SecurityManager: SecurityManager: authentication disabled; ui acls disabled; users  with view permissions: Set(***); groups with view permissions: Set(); users  with modify permissions: Set(***); groups with modify permissions: Set()
[2025-01-16T14:26:16.143+0000] {spark_submit.py:491} INFO - 25/01/16 14:26:16 INFO Utils: Successfully started service 'sparkDriver' on port 7077.
[2025-01-16T14:26:16.147+0000] {spark_submit.py:491} INFO - 25/01/16 14:26:16 INFO SparkEnv: Registering MapOutputTracker
[2025-01-16T14:26:16.152+0000] {spark_submit.py:491} INFO - 25/01/16 14:26:16 INFO SparkEnv: Registering BlockManagerMaster
[2025-01-16T14:26:16.152+0000] {spark_submit.py:491} INFO - 25/01/16 14:26:16 INFO BlockManagerMasterEndpoint: Using org.apache.spark.storage.DefaultTopologyMapper for getting topology information
[2025-01-16T14:26:16.152+0000] {spark_submit.py:491} INFO - 25/01/16 14:26:16 INFO BlockManagerMasterEndpoint: BlockManagerMasterEndpoint up
[2025-01-16T14:26:16.153+0000] {spark_submit.py:491} INFO - 25/01/16 14:26:16 INFO SparkEnv: Registering BlockManagerMasterHeartbeat
[2025-01-16T14:26:16.156+0000] {spark_submit.py:491} INFO - 25/01/16 14:26:16 INFO DiskBlockManager: Created local directory at /tmp/blockmgr-276e3d2c-5c87-44a1-ae28-d8909b5acefa
[2025-01-16T14:26:16.157+0000] {spark_submit.py:491} INFO - 25/01/16 14:26:16 INFO MemoryStore: MemoryStore started with capacity 1048.8 MiB
[2025-01-16T14:26:16.159+0000] {spark_submit.py:491} INFO - 25/01/16 14:26:16 INFO SparkEnv: Registering OutputCommitCoordinator
[2025-01-16T14:26:16.169+0000] {spark_submit.py:491} INFO - 25/01/16 14:26:16 INFO Utils: Successfully started service 'SparkUI' on port 4040.
[2025-01-16T14:26:16.184+0000] {spark_submit.py:491} INFO - 25/01/16 14:26:16 INFO StandaloneAppClient$ClientEndpoint: Connecting to master spark://spark-master:7077...
[2025-01-16T14:26:16.186+0000] {spark_submit.py:491} INFO - 25/01/16 14:26:16 WARN StandaloneAppClient$ClientEndpoint: Failed to connect to master spark-master:7077
[2025-01-16T14:26:16.186+0000] {spark_submit.py:491} INFO - org.apache.spark.SparkException: Exception thrown in awaitResult:
[2025-01-16T14:26:16.186+0000] {spark_submit.py:491} INFO - at org.apache.spark.util.ThreadUtils$.awaitResult(ThreadUtils.scala:301)
[2025-01-16T14:26:16.186+0000] {spark_submit.py:491} INFO - at org.apache.spark.rpc.RpcTimeout.awaitResult(RpcTimeout.scala:75)
[2025-01-16T14:26:16.186+0000] {spark_submit.py:491} INFO - at org.apache.spark.rpc.RpcEnv.setupEndpointRefByURI(RpcEnv.scala:102)
[2025-01-16T14:26:16.186+0000] {spark_submit.py:491} INFO - at org.apache.spark.rpc.RpcEnv.setupEndpointRef(RpcEnv.scala:110)
[2025-01-16T14:26:16.186+0000] {spark_submit.py:491} INFO - at org.apache.spark.deploy.client.StandaloneAppClient$ClientEndpoint$$anon$1.run(StandaloneAppClient.scala:107)
[2025-01-16T14:26:16.186+0000] {spark_submit.py:491} INFO - at java.base/java.util.concurrent.Executors$RunnableAdapter.call(Executors.java:515)
[2025-01-16T14:26:16.186+0000] {spark_submit.py:491} INFO - at java.base/java.util.concurrent.FutureTask.run(FutureTask.java:264)
[2025-01-16T14:26:16.186+0000] {spark_submit.py:491} INFO - at java.base/java.util.concurrent.ThreadPoolExecutor.runWorker(ThreadPoolExecutor.java:1128)
[2025-01-16T14:26:16.186+0000] {spark_submit.py:491} INFO - at java.base/java.util.concurrent.ThreadPoolExecutor$Worker.run(ThreadPoolExecutor.java:628)
[2025-01-16T14:26:16.186+0000] {spark_submit.py:491} INFO - at java.base/java.lang.Thread.run(Thread.java:829)
[2025-01-16T14:26:16.186+0000] {spark_submit.py:491} INFO - Caused by: org.apache.spark.rpc.RpcEndpointNotFoundException: Cannot find endpoint: spark://Master@spark-master:7077
[2025-01-16T14:26:16.186+0000] {spark_submit.py:491} INFO - at org.apache.spark.rpc.netty.NettyRpcEnv.$anonfun$asyncSetupEndpointRefByURI$1(NettyRpcEnv.scala:148)
[2025-01-16T14:26:16.186+0000] {spark_submit.py:491} INFO - at org.apache.spark.rpc.netty.NettyRpcEnv.$anonfun$asyncSetupEndpointRefByURI$1$adapted(NettyRpcEnv.scala:144)
[2025-01-16T14:26:16.186+0000] {spark_submit.py:491} INFO - at scala.concurrent.Future.$anonfun$flatMap$1(Future.scala:307)
[2025-01-16T14:26:16.186+0000] {spark_submit.py:491} INFO - at scala.concurrent.impl.Promise.$anonfun$transformWith$1(Promise.scala:41)
[2025-01-16T14:26:16.186+0000] {spark_submit.py:491} INFO - at scala.concurrent.impl.CallbackRunnable.run(Promise.scala:64)
[2025-01-16T14:26:16.186+0000] {spark_submit.py:491} INFO - at org.apache.spark.util.ThreadUtils$$anon$1.execute(ThreadUtils.scala:99)
[2025-01-16T14:26:16.186+0000] {spark_submit.py:491} INFO - at scala.concurrent.impl.ExecutionContextImpl$$anon$4.execute(ExecutionContextImpl.scala:138)
[2025-01-16T14:26:16.186+0000] {spark_submit.py:491} INFO - at scala.concurrent.impl.CallbackRunnable.executeWithValue(Promise.scala:72)
[2025-01-16T14:26:16.186+0000] {spark_submit.py:491} INFO - at scala.concurrent.impl.Promise$DefaultPromise.$anonfun$tryComplete$1(Promise.scala:288)
[2025-01-16T14:26:16.187+0000] {spark_submit.py:491} INFO - at scala.concurrent.impl.Promise$DefaultPromise.$anonfun$tryComplete$1$adapted(Promise.scala:288)
[2025-01-16T14:26:16.187+0000] {spark_submit.py:491} INFO - at scala.concurrent.impl.Promise$DefaultPromise.tryComplete(Promise.scala:288)
[2025-01-16T14:26:16.187+0000] {spark_submit.py:491} INFO - at scala.concurrent.Promise.complete(Promise.scala:53)
[2025-01-16T14:26:16.187+0000] {spark_submit.py:491} INFO - at scala.concurrent.Promise.complete$(Promise.scala:52)
[2025-01-16T14:26:16.187+0000] {spark_submit.py:491} INFO - at scala.concurrent.impl.Promise$DefaultPromise.complete(Promise.scala:187)
[2025-01-16T14:26:16.187+0000] {spark_submit.py:491} INFO - at scala.concurrent.impl.Promise.$anonfun$transform$1(Promise.scala:33)
[2025-01-16T14:26:16.187+0000] {spark_submit.py:491} INFO - at scala.concurrent.impl.CallbackRunnable.run(Promise.scala:64)
[2025-01-16T14:26:16.187+0000] {spark_submit.py:491} INFO - at org.apache.spark.util.ThreadUtils$$anon$1.execute(ThreadUtils.scala:99)
[2025-01-16T14:26:16.187+0000] {spark_submit.py:491} INFO - at scala.concurrent.impl.ExecutionContextImpl$$anon$4.execute(ExecutionContextImpl.scala:138)
[2025-01-16T14:26:16.187+0000] {spark_submit.py:491} INFO - at scala.concurrent.impl.CallbackRunnable.executeWithValue(Promise.scala:72)
[2025-01-16T14:26:16.187+0000] {spark_submit.py:491} INFO - at scala.concurrent.impl.Promise$DefaultPromise.$anonfun$tryComplete$1(Promise.scala:288)
[2025-01-16T14:26:16.187+0000] {spark_submit.py:491} INFO - at scala.concurrent.impl.Promise$DefaultPromise.$anonfun$tryComplete$1$adapted(Promise.scala:288)
[2025-01-16T14:26:16.187+0000] {spark_submit.py:491} INFO - at scala.concurrent.impl.Promise$DefaultPromise.tryComplete(Promise.scala:288)
[2025-01-16T14:26:16.187+0000] {spark_submit.py:491} INFO - at scala.concurrent.Promise.complete(Promise.scala:53)
[2025-01-16T14:26:16.187+0000] {spark_submit.py:491} INFO - at scala.concurrent.Promise.complete$(Promise.scala:52)
[2025-01-16T14:26:16.187+0000] {spark_submit.py:491} INFO - at scala.concurrent.impl.Promise$DefaultPromise.complete(Promise.scala:187)
[2025-01-16T14:26:16.187+0000] {spark_submit.py:491} INFO - at scala.concurrent.impl.Promise.$anonfun$transform$1(Promise.scala:33)
[2025-01-16T14:26:16.187+0000] {spark_submit.py:491} INFO - at scala.concurrent.impl.CallbackRunnable.run(Promise.scala:64)
[2025-01-16T14:26:16.187+0000] {spark_submit.py:491} INFO - at scala.concurrent.BatchingExecutor$Batch.processBatch$1(BatchingExecutor.scala:67)
[2025-01-16T14:26:16.187+0000] {spark_submit.py:491} INFO - at scala.concurrent.BatchingExecutor$Batch.$anonfun$run$1(BatchingExecutor.scala:82)
[2025-01-16T14:26:16.187+0000] {spark_submit.py:491} INFO - at scala.runtime.java8.JFunction0$mcV$sp.apply(JFunction0$mcV$sp.java:23)
[2025-01-16T14:26:16.187+0000] {spark_submit.py:491} INFO - at scala.concurrent.BlockContext$.withBlockContext(BlockContext.scala:85)
[2025-01-16T14:26:16.187+0000] {spark_submit.py:491} INFO - at scala.concurrent.BatchingExecutor$Batch.run(BatchingExecutor.scala:59)
[2025-01-16T14:26:16.187+0000] {spark_submit.py:491} INFO - at scala.concurrent.Future$InternalCallbackExecutor$.unbatchedExecute(Future.scala:875)
[2025-01-16T14:26:16.187+0000] {spark_submit.py:491} INFO - at scala.concurrent.BatchingExecutor.execute(BatchingExecutor.scala:110)
[2025-01-16T14:26:16.187+0000] {spark_submit.py:491} INFO - at scala.concurrent.BatchingExecutor.execute$(BatchingExecutor.scala:107)
[2025-01-16T14:26:16.187+0000] {spark_submit.py:491} INFO - at scala.concurrent.Future$InternalCallbackExecutor$.execute(Future.scala:873)
[2025-01-16T14:26:16.187+0000] {spark_submit.py:491} INFO - at scala.concurrent.impl.CallbackRunnable.executeWithValue(Promise.scala:72)
[2025-01-16T14:26:16.187+0000] {spark_submit.py:491} INFO - at scala.concurrent.impl.Promise$DefaultPromise.$anonfun$tryComplete$1(Promise.scala:288)
[2025-01-16T14:26:16.188+0000] {spark_submit.py:491} INFO - at scala.concurrent.impl.Promise$DefaultPromise.$anonfun$tryComplete$1$adapted(Promise.scala:288)
[2025-01-16T14:26:16.188+0000] {spark_submit.py:491} INFO - at scala.concurrent.impl.Promise$DefaultPromise.tryComplete(Promise.scala:288)
[2025-01-16T14:26:16.188+0000] {spark_submit.py:491} INFO - at scala.concurrent.Promise.trySuccess(Promise.scala:94)
[2025-01-16T14:26:16.188+0000] {spark_submit.py:491} INFO - at scala.concurrent.Promise.trySuccess$(Promise.scala:94)
[2025-01-16T14:26:16.188+0000] {spark_submit.py:491} INFO - at scala.concurrent.impl.Promise$DefaultPromise.trySuccess(Promise.scala:187)
[2025-01-16T14:26:16.188+0000] {spark_submit.py:491} INFO - at org.apache.spark.rpc.netty.NettyRpcEnv.onSuccess$1(NettyRpcEnv.scala:225)
[2025-01-16T14:26:16.188+0000] {spark_submit.py:491} INFO - at org.apache.spark.rpc.netty.NettyRpcEnv.$anonfun$askAbortable$5(NettyRpcEnv.scala:239)
[2025-01-16T14:26:16.188+0000] {spark_submit.py:491} INFO - at org.apache.spark.rpc.netty.NettyRpcEnv.$anonfun$askAbortable$5$adapted(NettyRpcEnv.scala:238)
[2025-01-16T14:26:16.188+0000] {spark_submit.py:491} INFO - at scala.concurrent.impl.CallbackRunnable.run(Promise.scala:64)
[2025-01-16T14:26:16.188+0000] {spark_submit.py:491} INFO - at org.apache.spark.util.ThreadUtils$$anon$1.execute(ThreadUtils.scala:99)
[2025-01-16T14:26:16.188+0000] {spark_submit.py:491} INFO - at scala.concurrent.impl.ExecutionContextImpl$$anon$4.execute(ExecutionContextImpl.scala:138)
[2025-01-16T14:26:16.188+0000] {spark_submit.py:491} INFO - at scala.concurrent.impl.CallbackRunnable.executeWithValue(Promise.scala:72)
[2025-01-16T14:26:16.188+0000] {spark_submit.py:491} INFO - at scala.concurrent.impl.Promise$DefaultPromise.$anonfun$tryComplete$1(Promise.scala:288)
[2025-01-16T14:26:16.188+0000] {spark_submit.py:491} INFO - at scala.concurrent.impl.Promise$DefaultPromise.$anonfun$tryComplete$1$adapted(Promise.scala:288)
[2025-01-16T14:26:16.188+0000] {spark_submit.py:491} INFO - at scala.concurrent.impl.Promise$DefaultPromise.tryComplete(Promise.scala:288)
[2025-01-16T14:26:16.188+0000] {spark_submit.py:491} INFO - at scala.concurrent.Promise.complete(Promise.scala:53)
[2025-01-16T14:26:16.188+0000] {spark_submit.py:491} INFO - at scala.concurrent.Promise.complete$(Promise.scala:52)
[2025-01-16T14:26:16.188+0000] {spark_submit.py:491} INFO - at scala.concurrent.impl.Promise$DefaultPromise.complete(Promise.scala:187)
[2025-01-16T14:26:16.188+0000] {spark_submit.py:491} INFO - at scala.concurrent.Promise.success(Promise.scala:86)
[2025-01-16T14:26:16.188+0000] {spark_submit.py:491} INFO - at scala.concurrent.Promise.success$(Promise.scala:86)
[2025-01-16T14:26:16.188+0000] {spark_submit.py:491} INFO - at scala.concurrent.impl.Promise$DefaultPromise.success(Promise.scala:187)
[2025-01-16T14:26:16.188+0000] {spark_submit.py:491} INFO - at org.apache.spark.rpc.netty.LocalNettyRpcCallContext.send(NettyRpcCallContext.scala:50)
[2025-01-16T14:26:16.188+0000] {spark_submit.py:491} INFO - at org.apache.spark.rpc.netty.NettyRpcCallContext.reply(NettyRpcCallContext.scala:32)
[2025-01-16T14:26:16.188+0000] {spark_submit.py:491} INFO - at org.apache.spark.rpc.netty.RpcEndpointVerifier$$anonfun$receiveAndReply$1.applyOrElse(RpcEndpointVerifier.scala:31)
[2025-01-16T14:26:16.188+0000] {spark_submit.py:491} INFO - at org.apache.spark.rpc.netty.Inbox.$anonfun$process$1(Inbox.scala:103)
[2025-01-16T14:26:16.188+0000] {spark_submit.py:491} INFO - at org.apache.spark.rpc.netty.Inbox.safelyCall(Inbox.scala:213)
[2025-01-16T14:26:16.188+0000] {spark_submit.py:491} INFO - at org.apache.spark.rpc.netty.Inbox.process(Inbox.scala:100)
[2025-01-16T14:26:16.188+0000] {spark_submit.py:491} INFO - at org.apache.spark.rpc.netty.MessageLoop.org$apache$spark$rpc$netty$MessageLoop$$receiveLoop(MessageLoop.scala:75)
[2025-01-16T14:26:16.188+0000] {spark_submit.py:491} INFO - at org.apache.spark.rpc.netty.MessageLoop$$anon$1.run(MessageLoop.scala:41)
[2025-01-16T14:26:16.188+0000] {spark_submit.py:491} INFO - ... 3 more
