[2025-01-16T14:23:36.745+0000] {taskinstance.py:1159} INFO - Dependencies all met for dep_context=non-requeueable deps ti=<TaskInstance: spark_processing_dag.spark_submit_job manual__2025-01-16T14:17:28.900344+00:00 [queued]>
[2025-01-16T14:23:36.751+0000] {taskinstance.py:1159} INFO - Dependencies all met for dep_context=requeueable deps ti=<TaskInstance: spark_processing_dag.spark_submit_job manual__2025-01-16T14:17:28.900344+00:00 [queued]>
[2025-01-16T14:23:36.751+0000] {taskinstance.py:1361} INFO - Starting attempt 2 of 2
[2025-01-16T14:23:36.759+0000] {taskinstance.py:1382} INFO - Executing <Task(SparkSubmitOperator): spark_submit_job> on 2025-01-16 14:17:28.900344+00:00
[2025-01-16T14:23:36.764+0000] {standard_task_runner.py:57} INFO - Started process 70 to run task
[2025-01-16T14:23:36.769+0000] {standard_task_runner.py:84} INFO - Running: ['***', 'tasks', 'run', 'spark_processing_dag', 'spark_submit_job', 'manual__2025-01-16T14:17:28.900344+00:00', '--job-id', '85', '--raw', '--subdir', 'DAGS_FOLDER/spark-processing.py', '--cfg-path', '/tmp/tmpchc8t5xf']
[2025-01-16T14:23:36.770+0000] {standard_task_runner.py:85} INFO - Job 85: Subtask spark_submit_job
[2025-01-16T14:23:36.816+0000] {task_command.py:416} INFO - Running <TaskInstance: spark_processing_dag.spark_submit_job manual__2025-01-16T14:17:28.900344+00:00 [running]> on host cb2a33630932
[2025-01-16T14:23:36.882+0000] {taskinstance.py:1662} INFO - Exporting env vars: AIRFLOW_CTX_DAG_OWNER='***' AIRFLOW_CTX_DAG_ID='spark_processing_dag' AIRFLOW_CTX_TASK_ID='spark_submit_job' AIRFLOW_CTX_EXECUTION_DATE='2025-01-16T14:17:28.900344+00:00' AIRFLOW_CTX_TRY_NUMBER='2' AIRFLOW_CTX_DAG_RUN_ID='manual__2025-01-16T14:17:28.900344+00:00'
[2025-01-16T14:23:36.891+0000] {base.py:73} INFO - Using connection ID 'spark_default' for task execution.
[2025-01-16T14:23:36.892+0000] {spark_submit.py:340} INFO - Spark-Submit cmd: spark-submit --master spark://spark-master:7077 --conf spark.submit.deployMode=client --conf spark.master=spark://spark-master:7077 --executor-cores 2 --executor-memory 2g --driver-memory 2g --name arrow-spark --verbose /opt/spark-apps/sample_spark_app.py /opt/spark-data/input /opt/spark-data/output
[2025-01-16T14:23:38.174+0000] {spark_submit.py:491} INFO - Using properties file: null
[2025-01-16T14:23:38.238+0000] {spark_submit.py:491} INFO - Parsed arguments:
[2025-01-16T14:23:38.238+0000] {spark_submit.py:491} INFO - master                  spark://spark-master:7077
[2025-01-16T14:23:38.238+0000] {spark_submit.py:491} INFO - deployMode              client
[2025-01-16T14:23:38.238+0000] {spark_submit.py:491} INFO - executorMemory          2g
[2025-01-16T14:23:38.238+0000] {spark_submit.py:491} INFO - executorCores           2
[2025-01-16T14:23:38.238+0000] {spark_submit.py:491} INFO - totalExecutorCores      null
[2025-01-16T14:23:38.238+0000] {spark_submit.py:491} INFO - propertiesFile          null
[2025-01-16T14:23:38.238+0000] {spark_submit.py:491} INFO - driverMemory            2g
[2025-01-16T14:23:38.239+0000] {spark_submit.py:491} INFO - driverCores             null
[2025-01-16T14:23:38.239+0000] {spark_submit.py:491} INFO - driverExtraClassPath    null
[2025-01-16T14:23:38.239+0000] {spark_submit.py:491} INFO - driverExtraLibraryPath  null
[2025-01-16T14:23:38.239+0000] {spark_submit.py:491} INFO - driverExtraJavaOptions  null
[2025-01-16T14:23:38.239+0000] {spark_submit.py:491} INFO - supervise               false
[2025-01-16T14:23:38.239+0000] {spark_submit.py:491} INFO - queue                   null
[2025-01-16T14:23:38.239+0000] {spark_submit.py:491} INFO - numExecutors            null
[2025-01-16T14:23:38.239+0000] {spark_submit.py:491} INFO - files                   null
[2025-01-16T14:23:38.239+0000] {spark_submit.py:491} INFO - pyFiles                 null
[2025-01-16T14:23:38.239+0000] {spark_submit.py:491} INFO - archives                null
[2025-01-16T14:23:38.239+0000] {spark_submit.py:491} INFO - mainClass               null
[2025-01-16T14:23:38.239+0000] {spark_submit.py:491} INFO - primaryResource         file:/opt/spark-apps/sample_spark_app.py
[2025-01-16T14:23:38.239+0000] {spark_submit.py:491} INFO - name                    arrow-spark
[2025-01-16T14:23:38.239+0000] {spark_submit.py:491} INFO - childArgs               [/opt/spark-data/input /opt/spark-data/output]
[2025-01-16T14:23:38.239+0000] {spark_submit.py:491} INFO - jars                    null
[2025-01-16T14:23:38.239+0000] {spark_submit.py:491} INFO - packages                null
[2025-01-16T14:23:38.239+0000] {spark_submit.py:491} INFO - packagesExclusions      null
[2025-01-16T14:23:38.239+0000] {spark_submit.py:491} INFO - repositories            null
[2025-01-16T14:23:38.239+0000] {spark_submit.py:491} INFO - verbose                 true
[2025-01-16T14:23:38.239+0000] {spark_submit.py:491} INFO - 
[2025-01-16T14:23:38.239+0000] {spark_submit.py:491} INFO - Spark properties used, including those specified through
[2025-01-16T14:23:38.239+0000] {spark_submit.py:491} INFO - --conf and those from the properties file null:
[2025-01-16T14:23:38.239+0000] {spark_submit.py:491} INFO - (spark.driver.memory,2g)
[2025-01-16T14:23:38.239+0000] {spark_submit.py:491} INFO - (spark.master,spark://spark-master:7077)
[2025-01-16T14:23:38.239+0000] {spark_submit.py:491} INFO - (spark.submit.deployMode,client)
[2025-01-16T14:23:38.239+0000] {spark_submit.py:491} INFO - 
[2025-01-16T14:23:38.239+0000] {spark_submit.py:491} INFO - 
[2025-01-16T14:23:38.396+0000] {spark_submit.py:491} INFO - Main class:
[2025-01-16T14:23:38.396+0000] {spark_submit.py:491} INFO - org.apache.spark.deploy.PythonRunner
[2025-01-16T14:23:38.396+0000] {spark_submit.py:491} INFO - Arguments:
[2025-01-16T14:23:38.396+0000] {spark_submit.py:491} INFO - file:/opt/spark-apps/sample_spark_app.py
[2025-01-16T14:23:38.396+0000] {spark_submit.py:491} INFO - null
[2025-01-16T14:23:38.396+0000] {spark_submit.py:491} INFO - /opt/spark-data/input
[2025-01-16T14:23:38.396+0000] {spark_submit.py:491} INFO - /opt/spark-data/output
[2025-01-16T14:23:38.397+0000] {spark_submit.py:491} INFO - Spark config:
[2025-01-16T14:23:38.397+0000] {spark_submit.py:491} INFO - (spark.app.name,arrow-spark)
[2025-01-16T14:23:38.397+0000] {spark_submit.py:491} INFO - (spark.app.submitTime,1737037418387)
[2025-01-16T14:23:38.397+0000] {spark_submit.py:491} INFO - (spark.driver.memory,2g)
[2025-01-16T14:23:38.397+0000] {spark_submit.py:491} INFO - (spark.executor.cores,2)
[2025-01-16T14:23:38.397+0000] {spark_submit.py:491} INFO - (spark.executor.memory,2g)
[2025-01-16T14:23:38.397+0000] {spark_submit.py:491} INFO - (spark.master,spark://spark-master:7077)
[2025-01-16T14:23:38.397+0000] {spark_submit.py:491} INFO - (spark.submit.deployMode,client)
[2025-01-16T14:23:38.397+0000] {spark_submit.py:491} INFO - (spark.submit.pyFiles,)
[2025-01-16T14:23:38.397+0000] {spark_submit.py:491} INFO - Classpath elements:
[2025-01-16T14:23:38.397+0000] {spark_submit.py:491} INFO - 
[2025-01-16T14:23:38.397+0000] {spark_submit.py:491} INFO - 
[2025-01-16T14:23:38.397+0000] {spark_submit.py:491} INFO - 
[2025-01-16T14:23:38.908+0000] {spark_submit.py:491} INFO - 2025-01-16 14:23:38,908 - INFO - Starting Spark job
[2025-01-16T14:23:38.909+0000] {spark_submit.py:491} INFO - 2025-01-16 14:23:38,908 - INFO - Input path: /opt/spark-data/input
[2025-01-16T14:23:38.910+0000] {spark_submit.py:491} INFO - 2025-01-16 14:23:38,908 - INFO - Output path: /opt/spark-data/output
[2025-01-16T14:23:38.910+0000] {spark_submit.py:491} INFO - 2025-01-16 14:23:38,908 - INFO - Attempting to create Spark session (Attempt 1)
[2025-01-16T14:23:38.964+0000] {spark_submit.py:491} INFO - 25/01/16 14:23:38 INFO SparkContext: Running Spark version 3.3.2
[2025-01-16T14:23:39.002+0000] {spark_submit.py:491} INFO - 25/01/16 14:23:39 WARN NativeCodeLoader: Unable to load native-hadoop library for your platform... using builtin-java classes where applicable
[2025-01-16T14:23:39.051+0000] {spark_submit.py:491} INFO - 25/01/16 14:23:39 INFO ResourceUtils: ==============================================================
[2025-01-16T14:23:39.051+0000] {spark_submit.py:491} INFO - 25/01/16 14:23:39 INFO ResourceUtils: No custom resources configured for spark.driver.
[2025-01-16T14:23:39.052+0000] {spark_submit.py:491} INFO - 25/01/16 14:23:39 INFO ResourceUtils: ==============================================================
[2025-01-16T14:23:39.052+0000] {spark_submit.py:491} INFO - 25/01/16 14:23:39 INFO SparkContext: Submitted application: Sample Spark Processing
[2025-01-16T14:23:39.063+0000] {spark_submit.py:491} INFO - 25/01/16 14:23:39 INFO ResourceProfile: Default ResourceProfile created, executor resources: Map(cores -> name: cores, amount: 2, script: , vendor: , memory -> name: memory, amount: 1024, script: , vendor: , offHeap -> name: offHeap, amount: 0, script: , vendor: ), task resources: Map(cpus -> name: cpus, amount: 1.0)
[2025-01-16T14:23:39.070+0000] {spark_submit.py:491} INFO - 25/01/16 14:23:39 INFO ResourceProfile: Limiting resource is cpus at 2 tasks per executor
[2025-01-16T14:23:39.073+0000] {spark_submit.py:491} INFO - 25/01/16 14:23:39 INFO ResourceProfileManager: Added ResourceProfile id: 0
[2025-01-16T14:23:39.102+0000] {spark_submit.py:491} INFO - 25/01/16 14:23:39 INFO SecurityManager: Changing view acls to: ***
[2025-01-16T14:23:39.103+0000] {spark_submit.py:491} INFO - 25/01/16 14:23:39 INFO SecurityManager: Changing modify acls to: ***
[2025-01-16T14:23:39.104+0000] {spark_submit.py:491} INFO - 25/01/16 14:23:39 INFO SecurityManager: Changing view acls groups to:
[2025-01-16T14:23:39.104+0000] {spark_submit.py:491} INFO - 25/01/16 14:23:39 INFO SecurityManager: Changing modify acls groups to:
[2025-01-16T14:23:39.105+0000] {spark_submit.py:491} INFO - 25/01/16 14:23:39 INFO SecurityManager: SecurityManager: authentication disabled; ui acls disabled; users  with view permissions: Set(***); groups with view permissions: Set(); users  with modify permissions: Set(***); groups with modify permissions: Set()
[2025-01-16T14:23:39.314+0000] {spark_submit.py:491} INFO - 25/01/16 14:23:39 INFO Utils: Successfully started service 'sparkDriver' on port 7077.
[2025-01-16T14:23:39.331+0000] {spark_submit.py:491} INFO - 25/01/16 14:23:39 INFO SparkEnv: Registering MapOutputTracker
[2025-01-16T14:23:39.361+0000] {spark_submit.py:491} INFO - 25/01/16 14:23:39 INFO SparkEnv: Registering BlockManagerMaster
[2025-01-16T14:23:39.374+0000] {spark_submit.py:491} INFO - 25/01/16 14:23:39 INFO BlockManagerMasterEndpoint: Using org.apache.spark.storage.DefaultTopologyMapper for getting topology information
[2025-01-16T14:23:39.374+0000] {spark_submit.py:491} INFO - 25/01/16 14:23:39 INFO BlockManagerMasterEndpoint: BlockManagerMasterEndpoint up
[2025-01-16T14:23:39.377+0000] {spark_submit.py:491} INFO - 25/01/16 14:23:39 INFO SparkEnv: Registering BlockManagerMasterHeartbeat
[2025-01-16T14:23:39.391+0000] {spark_submit.py:491} INFO - 25/01/16 14:23:39 INFO DiskBlockManager: Created local directory at /tmp/blockmgr-6a533dd9-3975-4235-932f-3de9b72f2d25
[2025-01-16T14:23:39.402+0000] {spark_submit.py:491} INFO - 25/01/16 14:23:39 INFO MemoryStore: MemoryStore started with capacity 1048.8 MiB
[2025-01-16T14:23:39.412+0000] {spark_submit.py:491} INFO - 25/01/16 14:23:39 INFO SparkEnv: Registering OutputCommitCoordinator
[2025-01-16T14:23:39.548+0000] {spark_submit.py:491} INFO - 25/01/16 14:23:39 INFO Utils: Successfully started service 'SparkUI' on port 4040.
[2025-01-16T14:23:39.619+0000] {spark_submit.py:491} INFO - 25/01/16 14:23:39 INFO StandaloneAppClient$ClientEndpoint: Connecting to master spark://spark-master:7077...
[2025-01-16T14:23:39.623+0000] {spark_submit.py:491} INFO - 25/01/16 14:23:39 WARN StandaloneAppClient$ClientEndpoint: Failed to connect to master spark-master:7077
[2025-01-16T14:23:39.623+0000] {spark_submit.py:491} INFO - org.apache.spark.SparkException: Exception thrown in awaitResult:
[2025-01-16T14:23:39.623+0000] {spark_submit.py:491} INFO - at org.apache.spark.util.ThreadUtils$.awaitResult(ThreadUtils.scala:301)
[2025-01-16T14:23:39.623+0000] {spark_submit.py:491} INFO - at org.apache.spark.rpc.RpcTimeout.awaitResult(RpcTimeout.scala:75)
[2025-01-16T14:23:39.623+0000] {spark_submit.py:491} INFO - at org.apache.spark.rpc.RpcEnv.setupEndpointRefByURI(RpcEnv.scala:102)
[2025-01-16T14:23:39.623+0000] {spark_submit.py:491} INFO - at org.apache.spark.rpc.RpcEnv.setupEndpointRef(RpcEnv.scala:110)
[2025-01-16T14:23:39.623+0000] {spark_submit.py:491} INFO - at org.apache.spark.deploy.client.StandaloneAppClient$ClientEndpoint$$anon$1.run(StandaloneAppClient.scala:107)
[2025-01-16T14:23:39.623+0000] {spark_submit.py:491} INFO - at java.base/java.util.concurrent.Executors$RunnableAdapter.call(Executors.java:515)
[2025-01-16T14:23:39.623+0000] {spark_submit.py:491} INFO - at java.base/java.util.concurrent.FutureTask.run(FutureTask.java:264)
[2025-01-16T14:23:39.623+0000] {spark_submit.py:491} INFO - at java.base/java.util.concurrent.ThreadPoolExecutor.runWorker(ThreadPoolExecutor.java:1128)
[2025-01-16T14:23:39.623+0000] {spark_submit.py:491} INFO - at java.base/java.util.concurrent.ThreadPoolExecutor$Worker.run(ThreadPoolExecutor.java:628)
[2025-01-16T14:23:39.623+0000] {spark_submit.py:491} INFO - at java.base/java.lang.Thread.run(Thread.java:829)
[2025-01-16T14:23:39.623+0000] {spark_submit.py:491} INFO - Caused by: org.apache.spark.rpc.RpcEndpointNotFoundException: Cannot find endpoint: spark://Master@spark-master:7077
[2025-01-16T14:23:39.623+0000] {spark_submit.py:491} INFO - at org.apache.spark.rpc.netty.NettyRpcEnv.$anonfun$asyncSetupEndpointRefByURI$1(NettyRpcEnv.scala:148)
[2025-01-16T14:23:39.623+0000] {spark_submit.py:491} INFO - at org.apache.spark.rpc.netty.NettyRpcEnv.$anonfun$asyncSetupEndpointRefByURI$1$adapted(NettyRpcEnv.scala:144)
[2025-01-16T14:23:39.623+0000] {spark_submit.py:491} INFO - at scala.concurrent.Future.$anonfun$flatMap$1(Future.scala:307)
[2025-01-16T14:23:39.623+0000] {spark_submit.py:491} INFO - at scala.concurrent.impl.Promise.$anonfun$transformWith$1(Promise.scala:41)
[2025-01-16T14:23:39.623+0000] {spark_submit.py:491} INFO - at scala.concurrent.impl.CallbackRunnable.run(Promise.scala:64)
[2025-01-16T14:23:39.624+0000] {spark_submit.py:491} INFO - at org.apache.spark.util.ThreadUtils$$anon$1.execute(ThreadUtils.scala:99)
[2025-01-16T14:23:39.624+0000] {spark_submit.py:491} INFO - at scala.concurrent.impl.ExecutionContextImpl$$anon$4.execute(ExecutionContextImpl.scala:138)
[2025-01-16T14:23:39.624+0000] {spark_submit.py:491} INFO - at scala.concurrent.impl.CallbackRunnable.executeWithValue(Promise.scala:72)
[2025-01-16T14:23:39.624+0000] {spark_submit.py:491} INFO - at scala.concurrent.impl.Promise$DefaultPromise.$anonfun$tryComplete$1(Promise.scala:288)
[2025-01-16T14:23:39.624+0000] {spark_submit.py:491} INFO - at scala.concurrent.impl.Promise$DefaultPromise.$anonfun$tryComplete$1$adapted(Promise.scala:288)
[2025-01-16T14:23:39.624+0000] {spark_submit.py:491} INFO - at scala.concurrent.impl.Promise$DefaultPromise.tryComplete(Promise.scala:288)
[2025-01-16T14:23:39.624+0000] {spark_submit.py:491} INFO - at scala.concurrent.Promise.complete(Promise.scala:53)
[2025-01-16T14:23:39.624+0000] {spark_submit.py:491} INFO - at scala.concurrent.Promise.complete$(Promise.scala:52)
[2025-01-16T14:23:39.624+0000] {spark_submit.py:491} INFO - at scala.concurrent.impl.Promise$DefaultPromise.complete(Promise.scala:187)
[2025-01-16T14:23:39.624+0000] {spark_submit.py:491} INFO - at scala.concurrent.impl.Promise.$anonfun$transform$1(Promise.scala:33)
[2025-01-16T14:23:39.624+0000] {spark_submit.py:491} INFO - at scala.concurrent.impl.CallbackRunnable.run(Promise.scala:64)
[2025-01-16T14:23:39.624+0000] {spark_submit.py:491} INFO - at org.apache.spark.util.ThreadUtils$$anon$1.execute(ThreadUtils.scala:99)
[2025-01-16T14:23:39.624+0000] {spark_submit.py:491} INFO - at scala.concurrent.impl.ExecutionContextImpl$$anon$4.execute(ExecutionContextImpl.scala:138)
[2025-01-16T14:23:39.624+0000] {spark_submit.py:491} INFO - at scala.concurrent.impl.CallbackRunnable.executeWithValue(Promise.scala:72)
[2025-01-16T14:23:39.624+0000] {spark_submit.py:491} INFO - at scala.concurrent.impl.Promise$DefaultPromise.$anonfun$tryComplete$1(Promise.scala:288)
[2025-01-16T14:23:39.624+0000] {spark_submit.py:491} INFO - at scala.concurrent.impl.Promise$DefaultPromise.$anonfun$tryComplete$1$adapted(Promise.scala:288)
[2025-01-16T14:23:39.624+0000] {spark_submit.py:491} INFO - at scala.concurrent.impl.Promise$DefaultPromise.tryComplete(Promise.scala:288)
[2025-01-16T14:23:39.624+0000] {spark_submit.py:491} INFO - at scala.concurrent.Promise.complete(Promise.scala:53)
[2025-01-16T14:23:39.624+0000] {spark_submit.py:491} INFO - at scala.concurrent.Promise.complete$(Promise.scala:52)
[2025-01-16T14:23:39.624+0000] {spark_submit.py:491} INFO - at scala.concurrent.impl.Promise$DefaultPromise.complete(Promise.scala:187)
[2025-01-16T14:23:39.624+0000] {spark_submit.py:491} INFO - at scala.concurrent.impl.Promise.$anonfun$transform$1(Promise.scala:33)
[2025-01-16T14:23:39.624+0000] {spark_submit.py:491} INFO - at scala.concurrent.impl.CallbackRunnable.run(Promise.scala:64)
[2025-01-16T14:23:39.624+0000] {spark_submit.py:491} INFO - at scala.concurrent.BatchingExecutor$Batch.processBatch$1(BatchingExecutor.scala:67)
[2025-01-16T14:23:39.624+0000] {spark_submit.py:491} INFO - at scala.concurrent.BatchingExecutor$Batch.$anonfun$run$1(BatchingExecutor.scala:82)
[2025-01-16T14:23:39.624+0000] {spark_submit.py:491} INFO - at scala.runtime.java8.JFunction0$mcV$sp.apply(JFunction0$mcV$sp.java:23)
[2025-01-16T14:23:39.624+0000] {spark_submit.py:491} INFO - at scala.concurrent.BlockContext$.withBlockContext(BlockContext.scala:85)
[2025-01-16T14:23:39.624+0000] {spark_submit.py:491} INFO - at scala.concurrent.BatchingExecutor$Batch.run(BatchingExecutor.scala:59)
[2025-01-16T14:23:39.624+0000] {spark_submit.py:491} INFO - at scala.concurrent.Future$InternalCallbackExecutor$.unbatchedExecute(Future.scala:875)
[2025-01-16T14:23:39.624+0000] {spark_submit.py:491} INFO - at scala.concurrent.BatchingExecutor.execute(BatchingExecutor.scala:110)
[2025-01-16T14:23:39.624+0000] {spark_submit.py:491} INFO - at scala.concurrent.BatchingExecutor.execute$(BatchingExecutor.scala:107)
[2025-01-16T14:23:39.625+0000] {spark_submit.py:491} INFO - at scala.concurrent.Future$InternalCallbackExecutor$.execute(Future.scala:873)
[2025-01-16T14:23:39.625+0000] {spark_submit.py:491} INFO - at scala.concurrent.impl.CallbackRunnable.executeWithValue(Promise.scala:72)
[2025-01-16T14:23:39.625+0000] {spark_submit.py:491} INFO - at scala.concurrent.impl.Promise$DefaultPromise.$anonfun$tryComplete$1(Promise.scala:288)
[2025-01-16T14:23:39.625+0000] {spark_submit.py:491} INFO - at scala.concurrent.impl.Promise$DefaultPromise.$anonfun$tryComplete$1$adapted(Promise.scala:288)
[2025-01-16T14:23:39.625+0000] {spark_submit.py:491} INFO - at scala.concurrent.impl.Promise$DefaultPromise.tryComplete(Promise.scala:288)
[2025-01-16T14:23:39.625+0000] {spark_submit.py:491} INFO - at scala.concurrent.Promise.trySuccess(Promise.scala:94)
[2025-01-16T14:23:39.625+0000] {spark_submit.py:491} INFO - at scala.concurrent.Promise.trySuccess$(Promise.scala:94)
[2025-01-16T14:23:39.625+0000] {spark_submit.py:491} INFO - at scala.concurrent.impl.Promise$DefaultPromise.trySuccess(Promise.scala:187)
[2025-01-16T14:23:39.625+0000] {spark_submit.py:491} INFO - at org.apache.spark.rpc.netty.NettyRpcEnv.onSuccess$1(NettyRpcEnv.scala:225)
[2025-01-16T14:23:39.625+0000] {spark_submit.py:491} INFO - at org.apache.spark.rpc.netty.NettyRpcEnv.$anonfun$askAbortable$5(NettyRpcEnv.scala:239)
[2025-01-16T14:23:39.625+0000] {spark_submit.py:491} INFO - at org.apache.spark.rpc.netty.NettyRpcEnv.$anonfun$askAbortable$5$adapted(NettyRpcEnv.scala:238)
[2025-01-16T14:23:39.625+0000] {spark_submit.py:491} INFO - at scala.concurrent.impl.CallbackRunnable.run(Promise.scala:64)
[2025-01-16T14:23:39.625+0000] {spark_submit.py:491} INFO - at org.apache.spark.util.ThreadUtils$$anon$1.execute(ThreadUtils.scala:99)
[2025-01-16T14:23:39.625+0000] {spark_submit.py:491} INFO - at scala.concurrent.impl.ExecutionContextImpl$$anon$4.execute(ExecutionContextImpl.scala:138)
[2025-01-16T14:23:39.625+0000] {spark_submit.py:491} INFO - at scala.concurrent.impl.CallbackRunnable.executeWithValue(Promise.scala:72)
[2025-01-16T14:23:39.625+0000] {spark_submit.py:491} INFO - at scala.concurrent.impl.Promise$DefaultPromise.$anonfun$tryComplete$1(Promise.scala:288)
[2025-01-16T14:23:39.625+0000] {spark_submit.py:491} INFO - at scala.concurrent.impl.Promise$DefaultPromise.$anonfun$tryComplete$1$adapted(Promise.scala:288)
[2025-01-16T14:23:39.625+0000] {spark_submit.py:491} INFO - at scala.concurrent.impl.Promise$DefaultPromise.tryComplete(Promise.scala:288)
[2025-01-16T14:23:39.625+0000] {spark_submit.py:491} INFO - at scala.concurrent.Promise.complete(Promise.scala:53)
[2025-01-16T14:23:39.625+0000] {spark_submit.py:491} INFO - at scala.concurrent.Promise.complete$(Promise.scala:52)
[2025-01-16T14:23:39.625+0000] {spark_submit.py:491} INFO - at scala.concurrent.impl.Promise$DefaultPromise.complete(Promise.scala:187)
[2025-01-16T14:23:39.625+0000] {spark_submit.py:491} INFO - at scala.concurrent.Promise.success(Promise.scala:86)
[2025-01-16T14:23:39.625+0000] {spark_submit.py:491} INFO - at scala.concurrent.Promise.success$(Promise.scala:86)
[2025-01-16T14:23:39.625+0000] {spark_submit.py:491} INFO - at scala.concurrent.impl.Promise$DefaultPromise.success(Promise.scala:187)
[2025-01-16T14:23:39.625+0000] {spark_submit.py:491} INFO - at org.apache.spark.rpc.netty.LocalNettyRpcCallContext.send(NettyRpcCallContext.scala:50)
[2025-01-16T14:23:39.625+0000] {spark_submit.py:491} INFO - at org.apache.spark.rpc.netty.NettyRpcCallContext.reply(NettyRpcCallContext.scala:32)
[2025-01-16T14:23:39.625+0000] {spark_submit.py:491} INFO - at org.apache.spark.rpc.netty.RpcEndpointVerifier$$anonfun$receiveAndReply$1.applyOrElse(RpcEndpointVerifier.scala:31)
[2025-01-16T14:23:39.625+0000] {spark_submit.py:491} INFO - at org.apache.spark.rpc.netty.Inbox.$anonfun$process$1(Inbox.scala:103)
[2025-01-16T14:23:39.625+0000] {spark_submit.py:491} INFO - at org.apache.spark.rpc.netty.Inbox.safelyCall(Inbox.scala:213)
[2025-01-16T14:23:39.625+0000] {spark_submit.py:491} INFO - at org.apache.spark.rpc.netty.Inbox.process(Inbox.scala:100)
[2025-01-16T14:23:39.625+0000] {spark_submit.py:491} INFO - at org.apache.spark.rpc.netty.MessageLoop.org$apache$spark$rpc$netty$MessageLoop$$receiveLoop(MessageLoop.scala:75)
[2025-01-16T14:23:39.625+0000] {spark_submit.py:491} INFO - at org.apache.spark.rpc.netty.MessageLoop$$anon$1.run(MessageLoop.scala:41)
[2025-01-16T14:23:39.626+0000] {spark_submit.py:491} INFO - ... 3 more
[2025-01-16T14:23:59.636+0000] {spark_submit.py:491} INFO - 25/01/16 14:23:59 INFO StandaloneAppClient$ClientEndpoint: Connecting to master spark://spark-master:7077...
[2025-01-16T14:23:59.646+0000] {spark_submit.py:491} INFO - 25/01/16 14:23:59 WARN StandaloneAppClient$ClientEndpoint: Failed to connect to master spark-master:7077
[2025-01-16T14:23:59.646+0000] {spark_submit.py:491} INFO - org.apache.spark.SparkException: Exception thrown in awaitResult:
[2025-01-16T14:23:59.646+0000] {spark_submit.py:491} INFO - at org.apache.spark.util.ThreadUtils$.awaitResult(ThreadUtils.scala:301)
[2025-01-16T14:23:59.646+0000] {spark_submit.py:491} INFO - at org.apache.spark.rpc.RpcTimeout.awaitResult(RpcTimeout.scala:75)
[2025-01-16T14:23:59.646+0000] {spark_submit.py:491} INFO - at org.apache.spark.rpc.RpcEnv.setupEndpointRefByURI(RpcEnv.scala:102)
[2025-01-16T14:23:59.646+0000] {spark_submit.py:491} INFO - at org.apache.spark.rpc.RpcEnv.setupEndpointRef(RpcEnv.scala:110)
[2025-01-16T14:23:59.646+0000] {spark_submit.py:491} INFO - at org.apache.spark.deploy.client.StandaloneAppClient$ClientEndpoint$$anon$1.run(StandaloneAppClient.scala:107)
[2025-01-16T14:23:59.646+0000] {spark_submit.py:491} INFO - at java.base/java.util.concurrent.Executors$RunnableAdapter.call(Executors.java:515)
[2025-01-16T14:23:59.646+0000] {spark_submit.py:491} INFO - at java.base/java.util.concurrent.FutureTask.run(FutureTask.java:264)
[2025-01-16T14:23:59.646+0000] {spark_submit.py:491} INFO - at java.base/java.util.concurrent.ThreadPoolExecutor.runWorker(ThreadPoolExecutor.java:1128)
[2025-01-16T14:23:59.646+0000] {spark_submit.py:491} INFO - at java.base/java.util.concurrent.ThreadPoolExecutor$Worker.run(ThreadPoolExecutor.java:628)
[2025-01-16T14:23:59.646+0000] {spark_submit.py:491} INFO - at java.base/java.lang.Thread.run(Thread.java:829)
[2025-01-16T14:23:59.646+0000] {spark_submit.py:491} INFO - Caused by: org.apache.spark.rpc.RpcEndpointNotFoundException: Cannot find endpoint: spark://Master@spark-master:7077
[2025-01-16T14:23:59.646+0000] {spark_submit.py:491} INFO - at org.apache.spark.rpc.netty.NettyRpcEnv.$anonfun$asyncSetupEndpointRefByURI$1(NettyRpcEnv.scala:148)
[2025-01-16T14:23:59.646+0000] {spark_submit.py:491} INFO - at org.apache.spark.rpc.netty.NettyRpcEnv.$anonfun$asyncSetupEndpointRefByURI$1$adapted(NettyRpcEnv.scala:144)
[2025-01-16T14:23:59.646+0000] {spark_submit.py:491} INFO - at scala.concurrent.Future.$anonfun$flatMap$1(Future.scala:307)
[2025-01-16T14:23:59.646+0000] {spark_submit.py:491} INFO - at scala.concurrent.impl.Promise.$anonfun$transformWith$1(Promise.scala:41)
[2025-01-16T14:23:59.646+0000] {spark_submit.py:491} INFO - at scala.concurrent.impl.CallbackRunnable.run(Promise.scala:64)
[2025-01-16T14:23:59.646+0000] {spark_submit.py:491} INFO - at org.apache.spark.util.ThreadUtils$$anon$1.execute(ThreadUtils.scala:99)
[2025-01-16T14:23:59.647+0000] {spark_submit.py:491} INFO - at scala.concurrent.impl.ExecutionContextImpl$$anon$4.execute(ExecutionContextImpl.scala:138)
[2025-01-16T14:23:59.647+0000] {spark_submit.py:491} INFO - at scala.concurrent.impl.CallbackRunnable.executeWithValue(Promise.scala:72)
[2025-01-16T14:23:59.647+0000] {spark_submit.py:491} INFO - at scala.concurrent.impl.Promise$DefaultPromise.dispatchOrAddCallback(Promise.scala:316)
[2025-01-16T14:23:59.647+0000] {spark_submit.py:491} INFO - at scala.concurrent.impl.Promise$DefaultPromise.onComplete(Promise.scala:307)
[2025-01-16T14:23:59.647+0000] {spark_submit.py:491} INFO - at scala.concurrent.impl.Promise.transformWith(Promise.scala:40)
[2025-01-16T14:23:59.647+0000] {spark_submit.py:491} INFO - at scala.concurrent.impl.Promise.transformWith$(Promise.scala:38)
[2025-01-16T14:23:59.647+0000] {spark_submit.py:491} INFO - at scala.concurrent.impl.Promise$DefaultPromise.transformWith(Promise.scala:187)
[2025-01-16T14:23:59.647+0000] {spark_submit.py:491} INFO - at scala.concurrent.Future.flatMap(Future.scala:306)
[2025-01-16T14:23:59.647+0000] {spark_submit.py:491} INFO - at scala.concurrent.Future.flatMap$(Future.scala:306)
[2025-01-16T14:23:59.647+0000] {spark_submit.py:491} INFO - at scala.concurrent.impl.Promise$DefaultPromise.flatMap(Promise.scala:187)
[2025-01-16T14:23:59.647+0000] {spark_submit.py:491} INFO - at org.apache.spark.rpc.netty.NettyRpcEnv.asyncSetupEndpointRefByURI(NettyRpcEnv.scala:150)
[2025-01-16T14:23:59.647+0000] {spark_submit.py:491} INFO - ... 8 more
