[2025-01-16T14:17:31.279+0000] {taskinstance.py:1159} INFO - Dependencies all met for dep_context=non-requeueable deps ti=<TaskInstance: spark_processing_dag.spark_submit_job manual__2025-01-16T14:17:28.900344+00:00 [queued]>
[2025-01-16T14:17:31.285+0000] {taskinstance.py:1159} INFO - Dependencies all met for dep_context=requeueable deps ti=<TaskInstance: spark_processing_dag.spark_submit_job manual__2025-01-16T14:17:28.900344+00:00 [queued]>
[2025-01-16T14:17:31.285+0000] {taskinstance.py:1361} INFO - Starting attempt 1 of 2
[2025-01-16T14:17:31.294+0000] {taskinstance.py:1382} INFO - Executing <Task(SparkSubmitOperator): spark_submit_job> on 2025-01-16 14:17:28.900344+00:00
[2025-01-16T14:17:31.305+0000] {standard_task_runner.py:57} INFO - Started process 378 to run task
[2025-01-16T14:17:31.317+0000] {standard_task_runner.py:84} INFO - Running: ['***', 'tasks', 'run', 'spark_processing_dag', 'spark_submit_job', 'manual__2025-01-16T14:17:28.900344+00:00', '--job-id', '77', '--raw', '--subdir', 'DAGS_FOLDER/spark-processing.py', '--cfg-path', '/tmp/tmpezk08xgg']
[2025-01-16T14:17:31.320+0000] {standard_task_runner.py:85} INFO - Job 77: Subtask spark_submit_job
[2025-01-16T14:17:31.396+0000] {task_command.py:416} INFO - Running <TaskInstance: spark_processing_dag.spark_submit_job manual__2025-01-16T14:17:28.900344+00:00 [running]> on host b7203d0b0109
[2025-01-16T14:17:31.500+0000] {taskinstance.py:1662} INFO - Exporting env vars: AIRFLOW_CTX_DAG_OWNER='***' AIRFLOW_CTX_DAG_ID='spark_processing_dag' AIRFLOW_CTX_TASK_ID='spark_submit_job' AIRFLOW_CTX_EXECUTION_DATE='2025-01-16T14:17:28.900344+00:00' AIRFLOW_CTX_TRY_NUMBER='1' AIRFLOW_CTX_DAG_RUN_ID='manual__2025-01-16T14:17:28.900344+00:00'
[2025-01-16T14:17:31.508+0000] {base.py:73} INFO - Using connection ID 'spark_default' for task execution.
[2025-01-16T14:17:31.509+0000] {spark_submit.py:340} INFO - Spark-Submit cmd: spark-submit --master spark://spark-master:7077 --name arrow-spark --verbose /opt/spark-apps/sample_spark_app.py /opt/spark-data/input /opt/spark-data/output
[2025-01-16T14:17:33.064+0000] {spark_submit.py:491} INFO - Using properties file: null
[2025-01-16T14:17:33.145+0000] {spark_submit.py:491} INFO - Parsed arguments:
[2025-01-16T14:17:33.146+0000] {spark_submit.py:491} INFO - master                  spark://spark-master:7077
[2025-01-16T14:17:33.146+0000] {spark_submit.py:491} INFO - deployMode              null
[2025-01-16T14:17:33.146+0000] {spark_submit.py:491} INFO - executorMemory          null
[2025-01-16T14:17:33.146+0000] {spark_submit.py:491} INFO - executorCores           null
[2025-01-16T14:17:33.146+0000] {spark_submit.py:491} INFO - totalExecutorCores      null
[2025-01-16T14:17:33.146+0000] {spark_submit.py:491} INFO - propertiesFile          null
[2025-01-16T14:17:33.146+0000] {spark_submit.py:491} INFO - driverMemory            null
[2025-01-16T14:17:33.146+0000] {spark_submit.py:491} INFO - driverCores             null
[2025-01-16T14:17:33.146+0000] {spark_submit.py:491} INFO - driverExtraClassPath    null
[2025-01-16T14:17:33.146+0000] {spark_submit.py:491} INFO - driverExtraLibraryPath  null
[2025-01-16T14:17:33.146+0000] {spark_submit.py:491} INFO - driverExtraJavaOptions  null
[2025-01-16T14:17:33.146+0000] {spark_submit.py:491} INFO - supervise               false
[2025-01-16T14:17:33.146+0000] {spark_submit.py:491} INFO - queue                   null
[2025-01-16T14:17:33.146+0000] {spark_submit.py:491} INFO - numExecutors            null
[2025-01-16T14:17:33.146+0000] {spark_submit.py:491} INFO - files                   null
[2025-01-16T14:17:33.146+0000] {spark_submit.py:491} INFO - pyFiles                 null
[2025-01-16T14:17:33.146+0000] {spark_submit.py:491} INFO - archives                null
[2025-01-16T14:17:33.146+0000] {spark_submit.py:491} INFO - mainClass               null
[2025-01-16T14:17:33.146+0000] {spark_submit.py:491} INFO - primaryResource         file:/opt/spark-apps/sample_spark_app.py
[2025-01-16T14:17:33.146+0000] {spark_submit.py:491} INFO - name                    arrow-spark
[2025-01-16T14:17:33.147+0000] {spark_submit.py:491} INFO - childArgs               [/opt/spark-data/input /opt/spark-data/output]
[2025-01-16T14:17:33.147+0000] {spark_submit.py:491} INFO - jars                    null
[2025-01-16T14:17:33.147+0000] {spark_submit.py:491} INFO - packages                null
[2025-01-16T14:17:33.147+0000] {spark_submit.py:491} INFO - packagesExclusions      null
[2025-01-16T14:17:33.147+0000] {spark_submit.py:491} INFO - repositories            null
[2025-01-16T14:17:33.147+0000] {spark_submit.py:491} INFO - verbose                 true
[2025-01-16T14:17:33.147+0000] {spark_submit.py:491} INFO - 
[2025-01-16T14:17:33.147+0000] {spark_submit.py:491} INFO - Spark properties used, including those specified through
[2025-01-16T14:17:33.147+0000] {spark_submit.py:491} INFO - --conf and those from the properties file null:
[2025-01-16T14:17:33.147+0000] {spark_submit.py:491} INFO - 
[2025-01-16T14:17:33.147+0000] {spark_submit.py:491} INFO - 
[2025-01-16T14:17:33.147+0000] {spark_submit.py:491} INFO - 
[2025-01-16T14:17:33.397+0000] {spark_submit.py:491} INFO - Main class:
[2025-01-16T14:17:33.397+0000] {spark_submit.py:491} INFO - org.apache.spark.deploy.PythonRunner
[2025-01-16T14:17:33.397+0000] {spark_submit.py:491} INFO - Arguments:
[2025-01-16T14:17:33.398+0000] {spark_submit.py:491} INFO - file:/opt/spark-apps/sample_spark_app.py
[2025-01-16T14:17:33.398+0000] {spark_submit.py:491} INFO - null
[2025-01-16T14:17:33.398+0000] {spark_submit.py:491} INFO - /opt/spark-data/input
[2025-01-16T14:17:33.398+0000] {spark_submit.py:491} INFO - /opt/spark-data/output
[2025-01-16T14:17:33.398+0000] {spark_submit.py:491} INFO - Spark config:
[2025-01-16T14:17:33.398+0000] {spark_submit.py:491} INFO - (spark.app.name,arrow-spark)
[2025-01-16T14:17:33.398+0000] {spark_submit.py:491} INFO - (spark.app.submitTime,1737037053387)
[2025-01-16T14:17:33.398+0000] {spark_submit.py:491} INFO - (spark.master,spark://spark-master:7077)
[2025-01-16T14:17:33.398+0000] {spark_submit.py:491} INFO - (spark.submit.deployMode,client)
[2025-01-16T14:17:33.398+0000] {spark_submit.py:491} INFO - (spark.submit.pyFiles,)
[2025-01-16T14:17:33.398+0000] {spark_submit.py:491} INFO - Classpath elements:
[2025-01-16T14:17:33.399+0000] {spark_submit.py:491} INFO - 
[2025-01-16T14:17:33.399+0000] {spark_submit.py:491} INFO - 
[2025-01-16T14:17:33.399+0000] {spark_submit.py:491} INFO - 
[2025-01-16T14:17:34.191+0000] {spark_submit.py:491} INFO - 2025-01-16 14:17:34,189 - INFO - Starting Spark job
[2025-01-16T14:17:34.191+0000] {spark_submit.py:491} INFO - 2025-01-16 14:17:34,190 - INFO - Input path: /opt/spark-data/input
[2025-01-16T14:17:34.191+0000] {spark_submit.py:491} INFO - 2025-01-16 14:17:34,190 - INFO - Output path: /opt/spark-data/output
[2025-01-16T14:17:34.192+0000] {spark_submit.py:491} INFO - 2025-01-16 14:17:34,190 - INFO - Python version: 3.8.18 (default, Nov  1 2023, 11:13:53)
[2025-01-16T14:17:34.192+0000] {spark_submit.py:491} INFO - [GCC 10.2.1 20210110]
[2025-01-16T14:17:34.192+0000] {spark_submit.py:491} INFO - 2025-01-16 14:17:34,190 - INFO - Python executable: /usr/local/bin/python3
[2025-01-16T14:17:34.192+0000] {spark_submit.py:491} INFO - 2025-01-16 14:17:34,190 - INFO - Python path: ['/opt/spark-apps', '/home/***/.local/lib/python3.8/site-packages/pyspark/python/lib/pyspark.zip', '/home/***/.local/lib/python3.8/site-packages/pyspark/python/lib/py4j-0.10.9.5-src.zip', '/home/***/.local/lib/python3.8/site-packages/pyspark/jars/spark-core_2.12-3.3.2.jar', '/opt/***/libraries', '/usr/local/lib/python38.zip', '/usr/local/lib/python3.8', '/usr/local/lib/python3.8/lib-dynload', '/home/***/.local/lib/python3.8/site-packages', '/usr/local/lib/python3.8/site-packages', '/opt/spark/python', '/opt/spark/python/lib/py4j-0.10.9.5-src.zip']
[2025-01-16T14:17:34.247+0000] {spark_submit.py:491} INFO - 25/01/16 14:17:34 INFO SparkContext: Running Spark version 3.3.2
[2025-01-16T14:17:34.290+0000] {spark_submit.py:491} INFO - 25/01/16 14:17:34 WARN NativeCodeLoader: Unable to load native-hadoop library for your platform... using builtin-java classes where applicable
[2025-01-16T14:17:34.346+0000] {spark_submit.py:491} INFO - 25/01/16 14:17:34 INFO ResourceUtils: ==============================================================
[2025-01-16T14:17:34.346+0000] {spark_submit.py:491} INFO - 25/01/16 14:17:34 INFO ResourceUtils: No custom resources configured for spark.driver.
[2025-01-16T14:17:34.346+0000] {spark_submit.py:491} INFO - 25/01/16 14:17:34 INFO ResourceUtils: ==============================================================
[2025-01-16T14:17:34.347+0000] {spark_submit.py:491} INFO - 25/01/16 14:17:34 INFO SparkContext: Submitted application: Sample Spark Processing
[2025-01-16T14:17:34.362+0000] {spark_submit.py:491} INFO - 25/01/16 14:17:34 INFO ResourceProfile: Default ResourceProfile created, executor resources: Map(cores -> name: cores, amount: 1, script: , vendor: , memory -> name: memory, amount: 1024, script: , vendor: , offHeap -> name: offHeap, amount: 0, script: , vendor: ), task resources: Map(cpus -> name: cpus, amount: 1.0)
[2025-01-16T14:17:34.369+0000] {spark_submit.py:491} INFO - 25/01/16 14:17:34 INFO ResourceProfile: Limiting resource is cpu
[2025-01-16T14:17:34.369+0000] {spark_submit.py:491} INFO - 25/01/16 14:17:34 INFO ResourceProfileManager: Added ResourceProfile id: 0
[2025-01-16T14:17:34.402+0000] {spark_submit.py:491} INFO - 25/01/16 14:17:34 INFO SecurityManager: Changing view acls to: ***
[2025-01-16T14:17:34.406+0000] {spark_submit.py:491} INFO - 25/01/16 14:17:34 INFO SecurityManager: Changing modify acls to: ***
[2025-01-16T14:17:34.406+0000] {spark_submit.py:491} INFO - 25/01/16 14:17:34 INFO SecurityManager: Changing view acls groups to:
[2025-01-16T14:17:34.406+0000] {spark_submit.py:491} INFO - 25/01/16 14:17:34 INFO SecurityManager: Changing modify acls groups to:
[2025-01-16T14:17:34.406+0000] {spark_submit.py:491} INFO - 25/01/16 14:17:34 INFO SecurityManager: SecurityManager: authentication disabled; ui acls disabled; users  with view permissions: Set(***); groups with view permissions: Set(); users  with modify permissions: Set(***); groups with modify permissions: Set()
[2025-01-16T14:17:34.667+0000] {spark_submit.py:491} INFO - 25/01/16 14:17:34 INFO Utils: Successfully started service 'sparkDriver' on port 7077.
[2025-01-16T14:17:34.700+0000] {spark_submit.py:491} INFO - 25/01/16 14:17:34 INFO SparkEnv: Registering MapOutputTracker
[2025-01-16T14:17:34.733+0000] {spark_submit.py:491} INFO - 25/01/16 14:17:34 INFO SparkEnv: Registering BlockManagerMaster
[2025-01-16T14:17:34.752+0000] {spark_submit.py:491} INFO - 25/01/16 14:17:34 INFO BlockManagerMasterEndpoint: Using org.apache.spark.storage.DefaultTopologyMapper for getting topology information
[2025-01-16T14:17:34.753+0000] {spark_submit.py:491} INFO - 25/01/16 14:17:34 INFO BlockManagerMasterEndpoint: BlockManagerMasterEndpoint up
[2025-01-16T14:17:34.756+0000] {spark_submit.py:491} INFO - 25/01/16 14:17:34 INFO SparkEnv: Registering BlockManagerMasterHeartbeat
[2025-01-16T14:17:34.776+0000] {spark_submit.py:491} INFO - 25/01/16 14:17:34 INFO DiskBlockManager: Created local directory at /tmp/blockmgr-78eb1fd2-2570-40e5-8d5e-dd3a797b6632
[2025-01-16T14:17:34.790+0000] {spark_submit.py:491} INFO - 25/01/16 14:17:34 INFO MemoryStore: MemoryStore started with capacity 434.4 MiB
[2025-01-16T14:17:34.804+0000] {spark_submit.py:491} INFO - 25/01/16 14:17:34 INFO SparkEnv: Registering OutputCommitCoordinator
[2025-01-16T14:17:34.983+0000] {spark_submit.py:491} INFO - 25/01/16 14:17:34 INFO Utils: Successfully started service 'SparkUI' on port 4040.
[2025-01-16T14:17:35.163+0000] {spark_submit.py:491} INFO - 25/01/16 14:17:35 INFO StandaloneAppClient$ClientEndpoint: Connecting to master spark://spark-master:7077...
[2025-01-16T14:17:35.167+0000] {spark_submit.py:491} INFO - 25/01/16 14:17:35 WARN StandaloneAppClient$ClientEndpoint: Failed to connect to master spark-master:7077
[2025-01-16T14:17:35.168+0000] {spark_submit.py:491} INFO - org.apache.spark.SparkException: Exception thrown in awaitResult:
[2025-01-16T14:17:35.168+0000] {spark_submit.py:491} INFO - at org.apache.spark.util.ThreadUtils$.awaitResult(ThreadUtils.scala:301)
[2025-01-16T14:17:35.168+0000] {spark_submit.py:491} INFO - at org.apache.spark.rpc.RpcTimeout.awaitResult(RpcTimeout.scala:75)
[2025-01-16T14:17:35.168+0000] {spark_submit.py:491} INFO - at org.apache.spark.rpc.RpcEnv.setupEndpointRefByURI(RpcEnv.scala:102)
[2025-01-16T14:17:35.168+0000] {spark_submit.py:491} INFO - at org.apache.spark.rpc.RpcEnv.setupEndpointRef(RpcEnv.scala:110)
[2025-01-16T14:17:35.168+0000] {spark_submit.py:491} INFO - at org.apache.spark.deploy.client.StandaloneAppClient$ClientEndpoint$$anon$1.run(StandaloneAppClient.scala:107)
[2025-01-16T14:17:35.168+0000] {spark_submit.py:491} INFO - at java.base/java.util.concurrent.Executors$RunnableAdapter.call(Executors.java:515)
[2025-01-16T14:17:35.168+0000] {spark_submit.py:491} INFO - at java.base/java.util.concurrent.FutureTask.run(FutureTask.java:264)
[2025-01-16T14:17:35.168+0000] {spark_submit.py:491} INFO - at java.base/java.util.concurrent.ThreadPoolExecutor.runWorker(ThreadPoolExecutor.java:1128)
[2025-01-16T14:17:35.168+0000] {spark_submit.py:491} INFO - at java.base/java.util.concurrent.ThreadPoolExecutor$Worker.run(ThreadPoolExecutor.java:628)
[2025-01-16T14:17:35.168+0000] {spark_submit.py:491} INFO - at java.base/java.lang.Thread.run(Thread.java:829)
[2025-01-16T14:17:35.168+0000] {spark_submit.py:491} INFO - Caused by: org.apache.spark.rpc.RpcEndpointNotFoundException: Cannot find endpoint: spark://Master@spark-master:7077
[2025-01-16T14:17:35.168+0000] {spark_submit.py:491} INFO - at org.apache.spark.rpc.netty.NettyRpcEnv.$anonfun$asyncSetupEndpointRefByURI$1(NettyRpcEnv.scala:148)
[2025-01-16T14:17:35.168+0000] {spark_submit.py:491} INFO - at org.apache.spark.rpc.netty.NettyRpcEnv.$anonfun$asyncSetupEndpointRefByURI$1$adapted(NettyRpcEnv.scala:144)
[2025-01-16T14:17:35.168+0000] {spark_submit.py:491} INFO - at scala.concurrent.Future.$anonfun$flatMap$1(Future.scala:307)
[2025-01-16T14:17:35.168+0000] {spark_submit.py:491} INFO - at scala.concurrent.impl.Promise.$anonfun$transformWith$1(Promise.scala:41)
[2025-01-16T14:17:35.168+0000] {spark_submit.py:491} INFO - at scala.concurrent.impl.CallbackRunnable.run(Promise.scala:64)
[2025-01-16T14:17:35.168+0000] {spark_submit.py:491} INFO - at org.apache.spark.util.ThreadUtils$$anon$1.execute(ThreadUtils.scala:99)
[2025-01-16T14:17:35.168+0000] {spark_submit.py:491} INFO - at scala.concurrent.impl.ExecutionContextImpl$$anon$4.execute(ExecutionContextImpl.scala:138)
[2025-01-16T14:17:35.168+0000] {spark_submit.py:491} INFO - at scala.concurrent.impl.CallbackRunnable.executeWithValue(Promise.scala:72)
[2025-01-16T14:17:35.169+0000] {spark_submit.py:491} INFO - at scala.concurrent.impl.Promise$DefaultPromise.dispatchOrAddCallback(Promise.scala:316)
[2025-01-16T14:17:35.169+0000] {spark_submit.py:491} INFO - at scala.concurrent.impl.Promise$DefaultPromise.onComplete(Promise.scala:307)
[2025-01-16T14:17:35.169+0000] {spark_submit.py:491} INFO - at scala.concurrent.impl.Promise.transformWith(Promise.scala:40)
[2025-01-16T14:17:35.169+0000] {spark_submit.py:491} INFO - at scala.concurrent.impl.Promise.transformWith$(Promise.scala:38)
[2025-01-16T14:17:35.169+0000] {spark_submit.py:491} INFO - at scala.concurrent.impl.Promise$DefaultPromise.transformWith(Promise.scala:187)
[2025-01-16T14:17:35.169+0000] {spark_submit.py:491} INFO - at scala.concurrent.Future.flatMap(Future.scala:306)
[2025-01-16T14:17:35.169+0000] {spark_submit.py:491} INFO - at scala.concurrent.Future.flatMap$(Future.scala:306)
[2025-01-16T14:17:35.169+0000] {spark_submit.py:491} INFO - at scala.concurrent.impl.Promise$DefaultPromise.flatMap(Promise.scala:187)
[2025-01-16T14:17:35.169+0000] {spark_submit.py:491} INFO - at org.apache.spark.rpc.netty.NettyRpcEnv.asyncSetupEndpointRefByURI(NettyRpcEnv.scala:150)
[2025-01-16T14:17:35.169+0000] {spark_submit.py:491} INFO - ... 8 more
[2025-01-16T14:17:55.185+0000] {spark_submit.py:491} INFO - 25/01/16 14:17:55 INFO StandaloneAppClient$ClientEndpoint: Connecting to master spark://spark-master:7077...
[2025-01-16T14:17:55.200+0000] {spark_submit.py:491} INFO - 25/01/16 14:17:55 WARN StandaloneAppClient$ClientEndpoint: Failed to connect to master spark-master:7077
[2025-01-16T14:17:55.200+0000] {spark_submit.py:491} INFO - org.apache.spark.SparkException: Exception thrown in awaitResult:
[2025-01-16T14:17:55.200+0000] {spark_submit.py:491} INFO - at org.apache.spark.util.ThreadUtils$.awaitResult(ThreadUtils.scala:301)
[2025-01-16T14:17:55.200+0000] {spark_submit.py:491} INFO - at org.apache.spark.rpc.RpcTimeout.awaitResult(RpcTimeout.scala:75)
[2025-01-16T14:17:55.200+0000] {spark_submit.py:491} INFO - at org.apache.spark.rpc.RpcEnv.setupEndpointRefByURI(RpcEnv.scala:102)
[2025-01-16T14:17:55.200+0000] {spark_submit.py:491} INFO - at org.apache.spark.rpc.RpcEnv.setupEndpointRef(RpcEnv.scala:110)
[2025-01-16T14:17:55.200+0000] {spark_submit.py:491} INFO - at org.apache.spark.deploy.client.StandaloneAppClient$ClientEndpoint$$anon$1.run(StandaloneAppClient.scala:107)
[2025-01-16T14:17:55.201+0000] {spark_submit.py:491} INFO - at java.base/java.util.concurrent.Executors$RunnableAdapter.call(Executors.java:515)
[2025-01-16T14:17:55.201+0000] {spark_submit.py:491} INFO - at java.base/java.util.concurrent.FutureTask.run(FutureTask.java:264)
[2025-01-16T14:17:55.201+0000] {spark_submit.py:491} INFO - at java.base/java.util.concurrent.ThreadPoolExecutor.runWorker(ThreadPoolExecutor.java:1128)
[2025-01-16T14:17:55.201+0000] {spark_submit.py:491} INFO - at java.base/java.util.concurrent.ThreadPoolExecutor$Worker.run(ThreadPoolExecutor.java:628)
[2025-01-16T14:17:55.201+0000] {spark_submit.py:491} INFO - at java.base/java.lang.Thread.run(Thread.java:829)
[2025-01-16T14:17:55.201+0000] {spark_submit.py:491} INFO - Caused by: org.apache.spark.rpc.RpcEndpointNotFoundException: Cannot find endpoint: spark://Master@spark-master:7077
[2025-01-16T14:17:55.201+0000] {spark_submit.py:491} INFO - at org.apache.spark.rpc.netty.NettyRpcEnv.$anonfun$asyncSetupEndpointRefByURI$1(NettyRpcEnv.scala:148)
[2025-01-16T14:17:55.201+0000] {spark_submit.py:491} INFO - at org.apache.spark.rpc.netty.NettyRpcEnv.$anonfun$asyncSetupEndpointRefByURI$1$adapted(NettyRpcEnv.scala:144)
[2025-01-16T14:17:55.201+0000] {spark_submit.py:491} INFO - at scala.concurrent.Future.$anonfun$flatMap$1(Future.scala:307)
[2025-01-16T14:17:55.201+0000] {spark_submit.py:491} INFO - at scala.concurrent.impl.Promise.$anonfun$transformWith$1(Promise.scala:41)
[2025-01-16T14:17:55.201+0000] {spark_submit.py:491} INFO - at scala.concurrent.impl.CallbackRunnable.run(Promise.scala:64)
[2025-01-16T14:17:55.201+0000] {spark_submit.py:491} INFO - at org.apache.spark.util.ThreadUtils$$anon$1.execute(ThreadUtils.scala:99)
[2025-01-16T14:17:55.201+0000] {spark_submit.py:491} INFO - at scala.concurrent.impl.ExecutionContextImpl$$anon$4.execute(ExecutionContextImpl.scala:138)
[2025-01-16T14:17:55.201+0000] {spark_submit.py:491} INFO - at scala.concurrent.impl.CallbackRunnable.executeWithValue(Promise.scala:72)
[2025-01-16T14:17:55.201+0000] {spark_submit.py:491} INFO - at scala.concurrent.impl.Promise$DefaultPromise.$anonfun$tryComplete$1(Promise.scala:288)
[2025-01-16T14:17:55.201+0000] {spark_submit.py:491} INFO - at scala.concurrent.impl.Promise$DefaultPromise.$anonfun$tryComplete$1$adapted(Promise.scala:288)
[2025-01-16T14:17:55.201+0000] {spark_submit.py:491} INFO - at scala.concurrent.impl.Promise$DefaultPromise.tryComplete(Promise.scala:288)
[2025-01-16T14:17:55.201+0000] {spark_submit.py:491} INFO - at scala.concurrent.Promise.complete(Promise.scala:53)
[2025-01-16T14:17:55.201+0000] {spark_submit.py:491} INFO - at scala.concurrent.Promise.complete$(Promise.scala:52)
[2025-01-16T14:17:55.201+0000] {spark_submit.py:491} INFO - at scala.concurrent.impl.Promise$DefaultPromise.complete(Promise.scala:187)
[2025-01-16T14:17:55.201+0000] {spark_submit.py:491} INFO - at scala.concurrent.impl.Promise.$anonfun$transform$1(Promise.scala:33)
[2025-01-16T14:17:55.201+0000] {spark_submit.py:491} INFO - at scala.concurrent.impl.CallbackRunnable.run(Promise.scala:64)
[2025-01-16T14:17:55.201+0000] {spark_submit.py:491} INFO - at org.apache.spark.util.ThreadUtils$$anon$1.execute(ThreadUtils.scala:99)
[2025-01-16T14:17:55.201+0000] {spark_submit.py:491} INFO - at scala.concurrent.impl.ExecutionContextImpl$$anon$4.execute(ExecutionContextImpl.scala:138)
[2025-01-16T14:17:55.201+0000] {spark_submit.py:491} INFO - at scala.concurrent.impl.CallbackRunnable.executeWithValue(Promise.scala:72)
[2025-01-16T14:17:55.201+0000] {spark_submit.py:491} INFO - at scala.concurrent.impl.Promise$DefaultPromise.$anonfun$tryComplete$1(Promise.scala:288)
[2025-01-16T14:17:55.201+0000] {spark_submit.py:491} INFO - at scala.concurrent.impl.Promise$DefaultPromise.$anonfun$tryComplete$1$adapted(Promise.scala:288)
[2025-01-16T14:17:55.201+0000] {spark_submit.py:491} INFO - at scala.concurrent.impl.Promise$DefaultPromise.tryComplete(Promise.scala:288)
[2025-01-16T14:17:55.201+0000] {spark_submit.py:491} INFO - at scala.concurrent.Promise.complete(Promise.scala:53)
[2025-01-16T14:17:55.202+0000] {spark_submit.py:491} INFO - at scala.concurrent.Promise.complete$(Promise.scala:52)
[2025-01-16T14:17:55.202+0000] {spark_submit.py:491} INFO - at scala.concurrent.impl.Promise$DefaultPromise.complete(Promise.scala:187)
[2025-01-16T14:17:55.202+0000] {spark_submit.py:491} INFO - at scala.concurrent.impl.Promise.$anonfun$transform$1(Promise.scala:33)
[2025-01-16T14:17:55.202+0000] {spark_submit.py:491} INFO - at scala.concurrent.impl.CallbackRunnable.run(Promise.scala:64)
[2025-01-16T14:17:55.202+0000] {spark_submit.py:491} INFO - at scala.concurrent.BatchingExecutor$Batch.processBatch$1(BatchingExecutor.scala:67)
[2025-01-16T14:17:55.202+0000] {spark_submit.py:491} INFO - at scala.concurrent.BatchingExecutor$Batch.$anonfun$run$1(BatchingExecutor.scala:82)
[2025-01-16T14:17:55.202+0000] {spark_submit.py:491} INFO - at scala.runtime.java8.JFunction0$mcV$sp.apply(JFunction0$mcV$sp.java:23)
[2025-01-16T14:17:55.202+0000] {spark_submit.py:491} INFO - at scala.concurrent.BlockContext$.withBlockContext(BlockContext.scala:85)
[2025-01-16T14:17:55.202+0000] {spark_submit.py:491} INFO - at scala.concurrent.BatchingExecutor$Batch.run(BatchingExecutor.scala:59)
[2025-01-16T14:17:55.202+0000] {spark_submit.py:491} INFO - at scala.concurrent.Future$InternalCallbackExecutor$.unbatchedExecute(Future.scala:875)
[2025-01-16T14:17:55.202+0000] {spark_submit.py:491} INFO - at scala.concurrent.BatchingExecutor.execute(BatchingExecutor.scala:110)
[2025-01-16T14:17:55.202+0000] {spark_submit.py:491} INFO - at scala.concurrent.BatchingExecutor.execute$(BatchingExecutor.scala:107)
[2025-01-16T14:17:55.202+0000] {spark_submit.py:491} INFO - at scala.concurrent.Future$InternalCallbackExecutor$.execute(Future.scala:873)
[2025-01-16T14:17:55.202+0000] {spark_submit.py:491} INFO - at scala.concurrent.impl.CallbackRunnable.executeWithValue(Promise.scala:72)
[2025-01-16T14:17:55.202+0000] {spark_submit.py:491} INFO - at scala.concurrent.impl.Promise$DefaultPromise.$anonfun$tryComplete$1(Promise.scala:288)
[2025-01-16T14:17:55.202+0000] {spark_submit.py:491} INFO - at scala.concurrent.impl.Promise$DefaultPromise.$anonfun$tryComplete$1$adapted(Promise.scala:288)
[2025-01-16T14:17:55.202+0000] {spark_submit.py:491} INFO - at scala.concurrent.impl.Promise$DefaultPromise.tryComplete(Promise.scala:288)
[2025-01-16T14:17:55.202+0000] {spark_submit.py:491} INFO - at scala.concurrent.Promise.trySuccess(Promise.scala:94)
[2025-01-16T14:17:55.202+0000] {spark_submit.py:491} INFO - at scala.concurrent.Promise.trySuccess$(Promise.scala:94)
[2025-01-16T14:17:55.202+0000] {spark_submit.py:491} INFO - at scala.concurrent.impl.Promise$DefaultPromise.trySuccess(Promise.scala:187)
[2025-01-16T14:17:55.202+0000] {spark_submit.py:491} INFO - at org.apache.spark.rpc.netty.NettyRpcEnv.onSuccess$1(NettyRpcEnv.scala:225)
[2025-01-16T14:17:55.202+0000] {spark_submit.py:491} INFO - at org.apache.spark.rpc.netty.NettyRpcEnv.$anonfun$askAbortable$5(NettyRpcEnv.scala:239)
[2025-01-16T14:17:55.202+0000] {spark_submit.py:491} INFO - at org.apache.spark.rpc.netty.NettyRpcEnv.$anonfun$askAbortable$5$adapted(NettyRpcEnv.scala:238)
[2025-01-16T14:17:55.202+0000] {spark_submit.py:491} INFO - at scala.concurrent.impl.CallbackRunnable.run(Promise.scala:64)
[2025-01-16T14:17:55.202+0000] {spark_submit.py:491} INFO - at org.apache.spark.util.ThreadUtils$$anon$1.execute(ThreadUtils.scala:99)
[2025-01-16T14:17:55.202+0000] {spark_submit.py:491} INFO - at scala.concurrent.impl.ExecutionContextImpl$$anon$4.execute(ExecutionContextImpl.scala:138)
[2025-01-16T14:17:55.202+0000] {spark_submit.py:491} INFO - at scala.concurrent.impl.CallbackRunnable.executeWithValue(Promise.scala:72)
[2025-01-16T14:17:55.202+0000] {spark_submit.py:491} INFO - at scala.concurrent.impl.Promise$DefaultPromise.$anonfun$tryComplete$1(Promise.scala:288)
[2025-01-16T14:17:55.202+0000] {spark_submit.py:491} INFO - at scala.concurrent.impl.Promise$DefaultPromise.$anonfun$tryComplete$1$adapted(Promise.scala:288)
[2025-01-16T14:17:55.202+0000] {spark_submit.py:491} INFO - at scala.concurrent.impl.Promise$DefaultPromise.tryComplete(Promise.scala:288)
[2025-01-16T14:17:55.203+0000] {spark_submit.py:491} INFO - at scala.concurrent.Promise.complete(Promise.scala:53)
[2025-01-16T14:17:55.203+0000] {spark_submit.py:491} INFO - at scala.concurrent.Promise.complete$(Promise.scala:52)
[2025-01-16T14:17:55.203+0000] {spark_submit.py:491} INFO - at scala.concurrent.impl.Promise$DefaultPromise.complete(Promise.scala:187)
[2025-01-16T14:17:55.203+0000] {spark_submit.py:491} INFO - at scala.concurrent.Promise.success(Promise.scala:86)
[2025-01-16T14:17:55.203+0000] {spark_submit.py:491} INFO - at scala.concurrent.Promise.success$(Promise.scala:86)
[2025-01-16T14:17:55.203+0000] {spark_submit.py:491} INFO - at scala.concurrent.impl.Promise$DefaultPromise.success(Promise.scala:187)
[2025-01-16T14:17:55.203+0000] {spark_submit.py:491} INFO - at org.apache.spark.rpc.netty.LocalNettyRpcCallContext.send(NettyRpcCallContext.scala:50)
[2025-01-16T14:17:55.203+0000] {spark_submit.py:491} INFO - at org.apache.spark.rpc.netty.NettyRpcCallContext.reply(NettyRpcCallContext.scala:32)
[2025-01-16T14:17:55.203+0000] {spark_submit.py:491} INFO - at org.apache.spark.rpc.netty.RpcEndpointVerifier$$anonfun$receiveAndReply$1.applyOrElse(RpcEndpointVerifier.scala:31)
[2025-01-16T14:17:55.203+0000] {spark_submit.py:491} INFO - at org.apache.spark.rpc.netty.Inbox.$anonfun$process$1(Inbox.scala:103)
[2025-01-16T14:17:55.203+0000] {spark_submit.py:491} INFO - at org.apache.spark.rpc.netty.Inbox.safelyCall(Inbox.scala:213)
[2025-01-16T14:17:55.203+0000] {spark_submit.py:491} INFO - at org.apache.spark.rpc.netty.Inbox.process(Inbox.scala:100)
[2025-01-16T14:17:55.203+0000] {spark_submit.py:491} INFO - at org.apache.spark.rpc.netty.MessageLoop.org$apache$spark$rpc$netty$MessageLoop$$receiveLoop(MessageLoop.scala:75)
[2025-01-16T14:17:55.203+0000] {spark_submit.py:491} INFO - at org.apache.spark.rpc.netty.MessageLoop$$anon$1.run(MessageLoop.scala:41)
[2025-01-16T14:17:55.203+0000] {spark_submit.py:491} INFO - ... 3 more
[2025-01-16T14:18:15.183+0000] {spark_submit.py:491} INFO - 25/01/16 14:18:15 INFO StandaloneAppClient$ClientEndpoint: Connecting to master spark://spark-master:7077...
[2025-01-16T14:18:15.200+0000] {spark_submit.py:491} INFO - 25/01/16 14:18:15 WARN StandaloneAppClient$ClientEndpoint: Failed to connect to master spark-master:7077
[2025-01-16T14:18:15.201+0000] {spark_submit.py:491} INFO - org.apache.spark.SparkException: Exception thrown in awaitResult:
[2025-01-16T14:18:15.201+0000] {spark_submit.py:491} INFO - at org.apache.spark.util.ThreadUtils$.awaitResult(ThreadUtils.scala:301)
[2025-01-16T14:18:15.201+0000] {spark_submit.py:491} INFO - at org.apache.spark.rpc.RpcTimeout.awaitResult(RpcTimeout.scala:75)
[2025-01-16T14:18:15.201+0000] {spark_submit.py:491} INFO - at org.apache.spark.rpc.RpcEnv.setupEndpointRefByURI(RpcEnv.scala:102)
[2025-01-16T14:18:15.201+0000] {spark_submit.py:491} INFO - at org.apache.spark.rpc.RpcEnv.setupEndpointRef(RpcEnv.scala:110)
[2025-01-16T14:18:15.201+0000] {spark_submit.py:491} INFO - at org.apache.spark.deploy.client.StandaloneAppClient$ClientEndpoint$$anon$1.run(StandaloneAppClient.scala:107)
[2025-01-16T14:18:15.201+0000] {spark_submit.py:491} INFO - at java.base/java.util.concurrent.Executors$RunnableAdapter.call(Executors.java:515)
[2025-01-16T14:18:15.201+0000] {spark_submit.py:491} INFO - at java.base/java.util.concurrent.FutureTask.run(FutureTask.java:264)
[2025-01-16T14:18:15.201+0000] {spark_submit.py:491} INFO - at java.base/java.util.concurrent.ThreadPoolExecutor.runWorker(ThreadPoolExecutor.java:1128)
[2025-01-16T14:18:15.201+0000] {spark_submit.py:491} INFO - at java.base/java.util.concurrent.ThreadPoolExecutor$Worker.run(ThreadPoolExecutor.java:628)
[2025-01-16T14:18:15.201+0000] {spark_submit.py:491} INFO - at java.base/java.lang.Thread.run(Thread.java:829)
[2025-01-16T14:18:15.201+0000] {spark_submit.py:491} INFO - Caused by: org.apache.spark.rpc.RpcEndpointNotFoundException: Cannot find endpoint: spark://Master@spark-master:7077
[2025-01-16T14:18:15.201+0000] {spark_submit.py:491} INFO - at org.apache.spark.rpc.netty.NettyRpcEnv.$anonfun$asyncSetupEndpointRefByURI$1(NettyRpcEnv.scala:148)
[2025-01-16T14:18:15.201+0000] {spark_submit.py:491} INFO - at org.apache.spark.rpc.netty.NettyRpcEnv.$anonfun$asyncSetupEndpointRefByURI$1$adapted(NettyRpcEnv.scala:144)
[2025-01-16T14:18:15.201+0000] {spark_submit.py:491} INFO - at scala.concurrent.Future.$anonfun$flatMap$1(Future.scala:307)
[2025-01-16T14:18:15.201+0000] {spark_submit.py:491} INFO - at scala.concurrent.impl.Promise.$anonfun$transformWith$1(Promise.scala:41)
[2025-01-16T14:18:15.201+0000] {spark_submit.py:491} INFO - at scala.concurrent.impl.CallbackRunnable.run(Promise.scala:64)
[2025-01-16T14:18:15.201+0000] {spark_submit.py:491} INFO - at org.apache.spark.util.ThreadUtils$$anon$1.execute(ThreadUtils.scala:99)
[2025-01-16T14:18:15.201+0000] {spark_submit.py:491} INFO - at scala.concurrent.impl.ExecutionContextImpl$$anon$4.execute(ExecutionContextImpl.scala:138)
[2025-01-16T14:18:15.202+0000] {spark_submit.py:491} INFO - at scala.concurrent.impl.CallbackRunnable.executeWithValue(Promise.scala:72)
[2025-01-16T14:18:15.202+0000] {spark_submit.py:491} INFO - at scala.concurrent.impl.Promise$DefaultPromise.$anonfun$tryComplete$1(Promise.scala:288)
[2025-01-16T14:18:15.202+0000] {spark_submit.py:491} INFO - at scala.concurrent.impl.Promise$DefaultPromise.$anonfun$tryComplete$1$adapted(Promise.scala:288)
[2025-01-16T14:18:15.202+0000] {spark_submit.py:491} INFO - at scala.concurrent.impl.Promise$DefaultPromise.tryComplete(Promise.scala:288)
[2025-01-16T14:18:15.202+0000] {spark_submit.py:491} INFO - at scala.concurrent.Promise.complete(Promise.scala:53)
[2025-01-16T14:18:15.202+0000] {spark_submit.py:491} INFO - at scala.concurrent.Promise.complete$(Promise.scala:52)
[2025-01-16T14:18:15.202+0000] {spark_submit.py:491} INFO - at scala.concurrent.impl.Promise$DefaultPromise.complete(Promise.scala:187)
[2025-01-16T14:18:15.202+0000] {spark_submit.py:491} INFO - at scala.concurrent.impl.Promise.$anonfun$transform$1(Promise.scala:33)
[2025-01-16T14:18:15.202+0000] {spark_submit.py:491} INFO - at scala.concurrent.impl.CallbackRunnable.run(Promise.scala:64)
[2025-01-16T14:18:15.202+0000] {spark_submit.py:491} INFO - at org.apache.spark.util.ThreadUtils$$anon$1.execute(ThreadUtils.scala:99)
[2025-01-16T14:18:15.202+0000] {spark_submit.py:491} INFO - at scala.concurrent.impl.ExecutionContextImpl$$anon$4.execute(ExecutionContextImpl.scala:138)
[2025-01-16T14:18:15.202+0000] {spark_submit.py:491} INFO - at scala.concurrent.impl.CallbackRunnable.executeWithValue(Promise.scala:72)
[2025-01-16T14:18:15.202+0000] {spark_submit.py:491} INFO - at scala.concurrent.impl.Promise$DefaultPromise.$anonfun$tryComplete$1(Promise.scala:288)
[2025-01-16T14:18:15.202+0000] {spark_submit.py:491} INFO - at scala.concurrent.impl.Promise$DefaultPromise.$anonfun$tryComplete$1$adapted(Promise.scala:288)
[2025-01-16T14:18:15.202+0000] {spark_submit.py:491} INFO - at scala.concurrent.impl.Promise$DefaultPromise.tryComplete(Promise.scala:288)
[2025-01-16T14:18:15.202+0000] {spark_submit.py:491} INFO - at scala.concurrent.Promise.complete(Promise.scala:53)
[2025-01-16T14:18:15.202+0000] {spark_submit.py:491} INFO - at scala.concurrent.Promise.complete$(Promise.scala:52)
[2025-01-16T14:18:15.202+0000] {spark_submit.py:491} INFO - at scala.concurrent.impl.Promise$DefaultPromise.complete(Promise.scala:187)
[2025-01-16T14:18:15.202+0000] {spark_submit.py:491} INFO - at scala.concurrent.impl.Promise.$anonfun$transform$1(Promise.scala:33)
[2025-01-16T14:18:15.202+0000] {spark_submit.py:491} INFO - at scala.concurrent.impl.CallbackRunnable.run(Promise.scala:64)
[2025-01-16T14:18:15.202+0000] {spark_submit.py:491} INFO - at scala.concurrent.BatchingExecutor$Batch.processBatch$1(BatchingExecutor.scala:67)
[2025-01-16T14:18:15.202+0000] {spark_submit.py:491} INFO - at scala.concurrent.BatchingExecutor$Batch.$anonfun$run$1(BatchingExecutor.scala:82)
[2025-01-16T14:18:15.202+0000] {spark_submit.py:491} INFO - at scala.runtime.java8.JFunction0$mcV$sp.apply(JFunction0$mcV$sp.java:23)
[2025-01-16T14:18:15.202+0000] {spark_submit.py:491} INFO - at scala.concurrent.BlockContext$.withBlockContext(BlockContext.scala:85)
[2025-01-16T14:18:15.202+0000] {spark_submit.py:491} INFO - at scala.concurrent.BatchingExecutor$Batch.run(BatchingExecutor.scala:59)
[2025-01-16T14:18:15.202+0000] {spark_submit.py:491} INFO - at scala.concurrent.Future$InternalCallbackExecutor$.unbatchedExecute(Future.scala:875)
[2025-01-16T14:18:15.202+0000] {spark_submit.py:491} INFO - at scala.concurrent.BatchingExecutor.execute(BatchingExecutor.scala:110)
[2025-01-16T14:18:15.202+0000] {spark_submit.py:491} INFO - at scala.concurrent.BatchingExecutor.execute$(BatchingExecutor.scala:107)
[2025-01-16T14:18:15.202+0000] {spark_submit.py:491} INFO - at scala.concurrent.Future$InternalCallbackExecutor$.execute(Future.scala:873)
[2025-01-16T14:18:15.203+0000] {spark_submit.py:491} INFO - at scala.concurrent.impl.CallbackRunnable.executeWithValue(Promise.scala:72)
[2025-01-16T14:18:15.203+0000] {spark_submit.py:491} INFO - at scala.concurrent.impl.Promise$DefaultPromise.$anonfun$tryComplete$1(Promise.scala:288)
[2025-01-16T14:18:15.203+0000] {spark_submit.py:491} INFO - at scala.concurrent.impl.Promise$DefaultPromise.$anonfun$tryComplete$1$adapted(Promise.scala:288)
[2025-01-16T14:18:15.203+0000] {spark_submit.py:491} INFO - at scala.concurrent.impl.Promise$DefaultPromise.tryComplete(Promise.scala:288)
[2025-01-16T14:18:15.203+0000] {spark_submit.py:491} INFO - at scala.concurrent.Promise.trySuccess(Promise.scala:94)
[2025-01-16T14:18:15.203+0000] {spark_submit.py:491} INFO - at scala.concurrent.Promise.trySuccess$(Promise.scala:94)
[2025-01-16T14:18:15.203+0000] {spark_submit.py:491} INFO - at scala.concurrent.impl.Promise$DefaultPromise.trySuccess(Promise.scala:187)
[2025-01-16T14:18:15.203+0000] {spark_submit.py:491} INFO - at org.apache.spark.rpc.netty.NettyRpcEnv.onSuccess$1(NettyRpcEnv.scala:225)
[2025-01-16T14:18:15.203+0000] {spark_submit.py:491} INFO - at org.apache.spark.rpc.netty.NettyRpcEnv.$anonfun$askAbortable$5(NettyRpcEnv.scala:239)
[2025-01-16T14:18:15.203+0000] {spark_submit.py:491} INFO - at org.apache.spark.rpc.netty.NettyRpcEnv.$anonfun$askAbortable$5$adapted(NettyRpcEnv.scala:238)
[2025-01-16T14:18:15.203+0000] {spark_submit.py:491} INFO - at scala.concurrent.impl.CallbackRunnable.run(Promise.scala:64)
[2025-01-16T14:18:15.203+0000] {spark_submit.py:491} INFO - at org.apache.spark.util.ThreadUtils$$anon$1.execute(ThreadUtils.scala:99)
[2025-01-16T14:18:15.203+0000] {spark_submit.py:491} INFO - at scala.concurrent.impl.ExecutionContextImpl$$anon$4.execute(ExecutionContextImpl.scala:138)
[2025-01-16T14:18:15.203+0000] {spark_submit.py:491} INFO - at scala.concurrent.impl.CallbackRunnable.executeWithValue(Promise.scala:72)
[2025-01-16T14:18:15.203+0000] {spark_submit.py:491} INFO - at scala.concurrent.impl.Promise$DefaultPromise.$anonfun$tryComplete$1(Promise.scala:288)
[2025-01-16T14:18:15.203+0000] {spark_submit.py:491} INFO - at scala.concurrent.impl.Promise$DefaultPromise.$anonfun$tryComplete$1$adapted(Promise.scala:288)
[2025-01-16T14:18:15.203+0000] {spark_submit.py:491} INFO - at scala.concurrent.impl.Promise$DefaultPromise.tryComplete(Promise.scala:288)
[2025-01-16T14:18:15.203+0000] {spark_submit.py:491} INFO - at scala.concurrent.Promise.complete(Promise.scala:53)
[2025-01-16T14:18:15.203+0000] {spark_submit.py:491} INFO - at scala.concurrent.Promise.complete$(Promise.scala:52)
[2025-01-16T14:18:15.203+0000] {spark_submit.py:491} INFO - at scala.concurrent.impl.Promise$DefaultPromise.complete(Promise.scala:187)
[2025-01-16T14:18:15.203+0000] {spark_submit.py:491} INFO - at scala.concurrent.Promise.success(Promise.scala:86)
[2025-01-16T14:18:15.203+0000] {spark_submit.py:491} INFO - at scala.concurrent.Promise.success$(Promise.scala:86)
[2025-01-16T14:18:15.203+0000] {spark_submit.py:491} INFO - at scala.concurrent.impl.Promise$DefaultPromise.success(Promise.scala:187)
[2025-01-16T14:18:15.203+0000] {spark_submit.py:491} INFO - at org.apache.spark.rpc.netty.LocalNettyRpcCallContext.send(NettyRpcCallContext.scala:50)
[2025-01-16T14:18:15.203+0000] {spark_submit.py:491} INFO - at org.apache.spark.rpc.netty.NettyRpcCallContext.reply(NettyRpcCallContext.scala:32)
[2025-01-16T14:18:15.203+0000] {spark_submit.py:491} INFO - at org.apache.spark.rpc.netty.RpcEndpointVerifier$$anonfun$receiveAndReply$1.applyOrElse(RpcEndpointVerifier.scala:31)
[2025-01-16T14:18:15.203+0000] {spark_submit.py:491} INFO - at org.apache.spark.rpc.netty.Inbox.$anonfun$process$1(Inbox.scala:103)
[2025-01-16T14:18:15.203+0000] {spark_submit.py:491} INFO - at org.apache.spark.rpc.netty.Inbox.safelyCall(Inbox.scala:213)
[2025-01-16T14:18:15.203+0000] {spark_submit.py:491} INFO - at org.apache.spark.rpc.netty.Inbox.process(Inbox.scala:100)
[2025-01-16T14:18:15.204+0000] {spark_submit.py:491} INFO - at org.apache.spark.rpc.netty.MessageLoop.org$apache$spark$rpc$netty$MessageLoop$$receiveLoop(MessageLoop.scala:75)
[2025-01-16T14:18:15.204+0000] {spark_submit.py:491} INFO - at org.apache.spark.rpc.netty.MessageLoop$$anon$1.run(MessageLoop.scala:41)
[2025-01-16T14:18:15.204+0000] {spark_submit.py:491} INFO - ... 3 more
[2025-01-16T14:18:35.194+0000] {spark_submit.py:491} INFO - 25/01/16 14:18:35 WARN StandaloneSchedulerBackend: Application ID is not initialized yet.
[2025-01-16T14:18:35.199+0000] {spark_submit.py:491} INFO - 25/01/16 14:18:35 ERROR StandaloneSchedulerBackend: Application has been killed. Reason: All masters are unresponsive! Giving up.
[2025-01-16T14:18:35.226+0000] {spark_submit.py:491} INFO - 25/01/16 14:18:35 INFO Utils: Successfully started service 'org.apache.spark.network.netty.NettyBlockTransferService' on port 37247.
[2025-01-16T14:18:35.226+0000] {spark_submit.py:491} INFO - 25/01/16 14:18:35 INFO NettyBlockTransferService: Server created on spark-master:37247
[2025-01-16T14:18:35.230+0000] {spark_submit.py:491} INFO - 25/01/16 14:18:35 INFO BlockManager: Using org.apache.spark.storage.RandomBlockReplicationPolicy for block replication policy
[2025-01-16T14:18:35.247+0000] {spark_submit.py:491} INFO - 25/01/16 14:18:35 INFO SparkUI: Stopped Spark web UI at http://spark-master:4040
[2025-01-16T14:18:35.248+0000] {spark_submit.py:491} INFO - 25/01/16 14:18:35 INFO BlockManagerMaster: Registering BlockManager BlockManagerId(driver, spark-master, 37247, None)
[2025-01-16T14:18:35.250+0000] {spark_submit.py:491} INFO - 25/01/16 14:18:35 INFO BlockManagerMasterEndpoint: Registering block manager spark-master:37247 with 434.4 MiB RAM, BlockManagerId(driver, spark-master, 37247, None)
[2025-01-16T14:18:35.254+0000] {spark_submit.py:491} INFO - 25/01/16 14:18:35 INFO BlockManagerMaster: Registered BlockManager BlockManagerId(driver, spark-master, 37247, None)
[2025-01-16T14:18:35.255+0000] {spark_submit.py:491} INFO - 25/01/16 14:18:35 INFO BlockManager: Initialized BlockManager: BlockManagerId(driver, spark-master, 37247, None)
[2025-01-16T14:18:35.256+0000] {spark_submit.py:491} INFO - 25/01/16 14:18:35 INFO StandaloneSchedulerBackend: Shutting down all executors
[2025-01-16T14:18:35.259+0000] {spark_submit.py:491} INFO - 25/01/16 14:18:35 INFO CoarseGrainedSchedulerBackend$DriverEndpoint: Asking each executor to shut down
[2025-01-16T14:18:35.265+0000] {spark_submit.py:491} INFO - 25/01/16 14:18:35 WARN StandaloneAppClient$ClientEndpoint: Drop UnregisterApplication(null) because has not yet connected to master
[2025-01-16T14:18:35.280+0000] {spark_submit.py:491} INFO - 25/01/16 14:18:35 INFO MapOutputTrackerMasterEndpoint: MapOutputTrackerMasterEndpoint stopped!
[2025-01-16T14:18:35.314+0000] {spark_submit.py:491} INFO - 25/01/16 14:18:35 INFO MemoryStore: MemoryStore cleared
[2025-01-16T14:18:35.314+0000] {spark_submit.py:491} INFO - 25/01/16 14:18:35 INFO BlockManager: BlockManager stopped
[2025-01-16T14:18:35.324+0000] {spark_submit.py:491} INFO - 25/01/16 14:18:35 INFO BlockManagerMaster: BlockManagerMaster stopped
[2025-01-16T14:18:35.329+0000] {spark_submit.py:491} INFO - 25/01/16 14:18:35 INFO OutputCommitCoordinator$OutputCommitCoordinatorEndpoint: OutputCommitCoordinator stopped!
[2025-01-16T14:18:35.356+0000] {spark_submit.py:491} INFO - 25/01/16 14:18:35 INFO SparkContext: Successfully stopped SparkContext
[2025-01-16T14:18:35.470+0000] {spark_submit.py:491} INFO - 25/01/16 14:18:35 ERROR AsyncEventQueue: Listener AppStatusListener threw an exception
[2025-01-16T14:18:35.470+0000] {spark_submit.py:491} INFO - java.lang.NullPointerException
[2025-01-16T14:18:35.470+0000] {spark_submit.py:491} INFO - at org.apache.spark.status.AppStatusListener.onApplicationEnd(AppStatusListener.scala:192)
[2025-01-16T14:18:35.470+0000] {spark_submit.py:491} INFO - at org.apache.spark.scheduler.SparkListenerBus.doPostEvent(SparkListenerBus.scala:57)
[2025-01-16T14:18:35.470+0000] {spark_submit.py:491} INFO - at org.apache.spark.scheduler.SparkListenerBus.doPostEvent$(SparkListenerBus.scala:28)
[2025-01-16T14:18:35.470+0000] {spark_submit.py:491} INFO - at org.apache.spark.scheduler.AsyncEventQueue.doPostEvent(AsyncEventQueue.scala:37)
[2025-01-16T14:18:35.471+0000] {spark_submit.py:491} INFO - at org.apache.spark.scheduler.AsyncEventQueue.doPostEvent(AsyncEventQueue.scala:37)
[2025-01-16T14:18:35.471+0000] {spark_submit.py:491} INFO - at org.apache.spark.util.ListenerBus.postToAll(ListenerBus.scala:117)
[2025-01-16T14:18:35.471+0000] {spark_submit.py:491} INFO - at org.apache.spark.util.ListenerBus.postToAll$(ListenerBus.scala:101)
[2025-01-16T14:18:35.471+0000] {spark_submit.py:491} INFO - at org.apache.spark.scheduler.AsyncEventQueue.super$postToAll(AsyncEventQueue.scala:105)
[2025-01-16T14:18:35.471+0000] {spark_submit.py:491} INFO - at org.apache.spark.scheduler.AsyncEventQueue.$anonfun$dispatch$1(AsyncEventQueue.scala:105)
[2025-01-16T14:18:35.471+0000] {spark_submit.py:491} INFO - at scala.runtime.java8.JFunction0$mcJ$sp.apply(JFunction0$mcJ$sp.java:23)
[2025-01-16T14:18:35.471+0000] {spark_submit.py:491} INFO - at scala.util.DynamicVariable.withValue(DynamicVariable.scala:62)
[2025-01-16T14:18:35.471+0000] {spark_submit.py:491} INFO - at org.apache.spark.scheduler.AsyncEventQueue.org$apache$spark$scheduler$AsyncEventQueue$$dispatch(AsyncEventQueue.scala:100)
[2025-01-16T14:18:35.471+0000] {spark_submit.py:491} INFO - at org.apache.spark.scheduler.AsyncEventQueue$$anon$2.$anonfun$run$1(AsyncEventQueue.scala:96)
[2025-01-16T14:18:35.471+0000] {spark_submit.py:491} INFO - at org.apache.spark.util.Utils$.tryOrStopSparkContext(Utils.scala:1446)
[2025-01-16T14:18:35.471+0000] {spark_submit.py:491} INFO - at org.apache.spark.scheduler.AsyncEventQueue$$anon$2.run(AsyncEventQueue.scala:96)
[2025-01-16T14:18:35.471+0000] {spark_submit.py:491} INFO - 25/01/16 14:18:35 ERROR SparkContext: Error initializing SparkContext.
[2025-01-16T14:18:35.471+0000] {spark_submit.py:491} INFO - java.lang.IllegalArgumentException: requirement failed: Can only call getServletHandlers on a running MetricsSystem
[2025-01-16T14:18:35.472+0000] {spark_submit.py:491} INFO - at scala.Predef$.require(Predef.scala:281)
[2025-01-16T14:18:35.472+0000] {spark_submit.py:491} INFO - at org.apache.spark.metrics.MetricsSystem.getServletHandlers(MetricsSystem.scala:89)
[2025-01-16T14:18:35.472+0000] {spark_submit.py:491} INFO - at org.apache.spark.SparkContext.<init>(SparkContext.scala:660)
[2025-01-16T14:18:35.472+0000] {spark_submit.py:491} INFO - at org.apache.spark.api.java.JavaSparkContext.<init>(JavaSparkContext.scala:58)
[2025-01-16T14:18:35.472+0000] {spark_submit.py:491} INFO - at java.base/jdk.internal.reflect.NativeConstructorAccessorImpl.newInstance0(Native Method)
[2025-01-16T14:18:35.472+0000] {spark_submit.py:491} INFO - at java.base/jdk.internal.reflect.NativeConstructorAccessorImpl.newInstance(NativeConstructorAccessorImpl.java:62)
[2025-01-16T14:18:35.472+0000] {spark_submit.py:491} INFO - at java.base/jdk.internal.reflect.DelegatingConstructorAccessorImpl.newInstance(DelegatingConstructorAccessorImpl.java:45)
[2025-01-16T14:18:35.472+0000] {spark_submit.py:491} INFO - at java.base/java.lang.reflect.Constructor.newInstance(Constructor.java:490)
[2025-01-16T14:18:35.472+0000] {spark_submit.py:491} INFO - at py4j.reflection.MethodInvoker.invoke(MethodInvoker.java:247)
[2025-01-16T14:18:35.472+0000] {spark_submit.py:491} INFO - at py4j.reflection.ReflectionEngine.invoke(ReflectionEngine.java:357)
[2025-01-16T14:18:35.472+0000] {spark_submit.py:491} INFO - at py4j.Gateway.invoke(Gateway.java:238)
[2025-01-16T14:18:35.472+0000] {spark_submit.py:491} INFO - at py4j.commands.ConstructorCommand.invokeConstructor(ConstructorCommand.java:80)
[2025-01-16T14:18:35.472+0000] {spark_submit.py:491} INFO - at py4j.commands.ConstructorCommand.execute(ConstructorCommand.java:69)
[2025-01-16T14:18:35.472+0000] {spark_submit.py:491} INFO - at py4j.ClientServerConnection.waitForCommands(ClientServerConnection.java:182)
[2025-01-16T14:18:35.472+0000] {spark_submit.py:491} INFO - at py4j.ClientServerConnection.run(ClientServerConnection.java:106)
[2025-01-16T14:18:35.472+0000] {spark_submit.py:491} INFO - at java.base/java.lang.Thread.run(Thread.java:829)
[2025-01-16T14:18:35.473+0000] {spark_submit.py:491} INFO - 25/01/16 14:18:35 INFO SparkContext: SparkContext already stopped.
[2025-01-16T14:18:35.478+0000] {spark_submit.py:491} INFO - 2025-01-16 14:18:35,474 - ERROR - Error processing data: An error occurred while calling None.org.apache.spark.api.java.JavaSparkContext.
[2025-01-16T14:18:35.479+0000] {spark_submit.py:491} INFO - : java.lang.IllegalArgumentException: requirement failed: Can only call getServletHandlers on a running MetricsSystem
[2025-01-16T14:18:35.479+0000] {spark_submit.py:491} INFO - at scala.Predef$.require(Predef.scala:281)
[2025-01-16T14:18:35.479+0000] {spark_submit.py:491} INFO - at org.apache.spark.metrics.MetricsSystem.getServletHandlers(MetricsSystem.scala:89)
[2025-01-16T14:18:35.479+0000] {spark_submit.py:491} INFO - at org.apache.spark.SparkContext.<init>(SparkContext.scala:660)
[2025-01-16T14:18:35.479+0000] {spark_submit.py:491} INFO - at org.apache.spark.api.java.JavaSparkContext.<init>(JavaSparkContext.scala:58)
[2025-01-16T14:18:35.479+0000] {spark_submit.py:491} INFO - at java.base/jdk.internal.reflect.NativeConstructorAccessorImpl.newInstance0(Native Method)
[2025-01-16T14:18:35.479+0000] {spark_submit.py:491} INFO - at java.base/jdk.internal.reflect.NativeConstructorAccessorImpl.newInstance(NativeConstructorAccessorImpl.java:62)
[2025-01-16T14:18:35.479+0000] {spark_submit.py:491} INFO - at java.base/jdk.internal.reflect.DelegatingConstructorAccessorImpl.newInstance(DelegatingConstructorAccessorImpl.java:45)
[2025-01-16T14:18:35.480+0000] {spark_submit.py:491} INFO - at java.base/java.lang.reflect.Constructor.newInstance(Constructor.java:490)
[2025-01-16T14:18:35.480+0000] {spark_submit.py:491} INFO - at py4j.reflection.MethodInvoker.invoke(MethodInvoker.java:247)
[2025-01-16T14:18:35.480+0000] {spark_submit.py:491} INFO - at py4j.reflection.ReflectionEngine.invoke(ReflectionEngine.java:357)
[2025-01-16T14:18:35.480+0000] {spark_submit.py:491} INFO - at py4j.Gateway.invoke(Gateway.java:238)
[2025-01-16T14:18:35.480+0000] {spark_submit.py:491} INFO - at py4j.commands.ConstructorCommand.invokeConstructor(ConstructorCommand.java:80)
[2025-01-16T14:18:35.480+0000] {spark_submit.py:491} INFO - at py4j.commands.ConstructorCommand.execute(ConstructorCommand.java:69)
[2025-01-16T14:18:35.480+0000] {spark_submit.py:491} INFO - at py4j.ClientServerConnection.waitForCommands(ClientServerConnection.java:182)
[2025-01-16T14:18:35.480+0000] {spark_submit.py:491} INFO - at py4j.ClientServerConnection.run(ClientServerConnection.java:106)
[2025-01-16T14:18:35.480+0000] {spark_submit.py:491} INFO - at java.base/java.lang.Thread.run(Thread.java:829)
[2025-01-16T14:18:35.480+0000] {spark_submit.py:491} INFO - 
[2025-01-16T14:18:35.484+0000] {spark_submit.py:491} INFO - 2025-01-16 14:18:35,483 - ERROR - Traceback (most recent call last):
[2025-01-16T14:18:35.484+0000] {spark_submit.py:491} INFO - File "/opt/spark-apps/sample_spark_app.py", line 59, in main
[2025-01-16T14:18:35.485+0000] {spark_submit.py:491} INFO - spark = SparkSession.builder \
[2025-01-16T14:18:35.485+0000] {spark_submit.py:491} INFO - File "/home/***/.local/lib/python3.8/site-packages/pyspark/python/lib/pyspark.zip/pyspark/sql/session.py", line 269, in getOrCreate
[2025-01-16T14:18:35.485+0000] {spark_submit.py:491} INFO - sc = SparkContext.getOrCreate(sparkConf)
[2025-01-16T14:18:35.485+0000] {spark_submit.py:491} INFO - File "/home/***/.local/lib/python3.8/site-packages/pyspark/python/lib/pyspark.zip/pyspark/context.py", line 483, in getOrCreate
[2025-01-16T14:18:35.486+0000] {spark_submit.py:491} INFO - SparkContext(conf=conf or SparkConf())
[2025-01-16T14:18:35.486+0000] {spark_submit.py:491} INFO - File "/home/***/.local/lib/python3.8/site-packages/pyspark/python/lib/pyspark.zip/pyspark/context.py", line 197, in __init__
[2025-01-16T14:18:35.486+0000] {spark_submit.py:491} INFO - self._do_init(
[2025-01-16T14:18:35.486+0000] {spark_submit.py:491} INFO - File "/home/***/.local/lib/python3.8/site-packages/pyspark/python/lib/pyspark.zip/pyspark/context.py", line 282, in _do_init
[2025-01-16T14:18:35.486+0000] {spark_submit.py:491} INFO - self._jsc = jsc or self._initialize_context(self._conf._jconf)
[2025-01-16T14:18:35.486+0000] {spark_submit.py:491} INFO - File "/home/***/.local/lib/python3.8/site-packages/pyspark/python/lib/pyspark.zip/pyspark/context.py", line 402, in _initialize_context
[2025-01-16T14:18:35.486+0000] {spark_submit.py:491} INFO - return self._jvm.JavaSparkContext(jconf)
[2025-01-16T14:18:35.486+0000] {spark_submit.py:491} INFO - File "/home/***/.local/lib/python3.8/site-packages/pyspark/python/lib/py4j-0.10.9.5-src.zip/py4j/java_gateway.py", line 1585, in __call__
[2025-01-16T14:18:35.486+0000] {spark_submit.py:491} INFO - return_value = get_return_value(
[2025-01-16T14:18:35.487+0000] {spark_submit.py:491} INFO - File "/home/***/.local/lib/python3.8/site-packages/pyspark/python/lib/py4j-0.10.9.5-src.zip/py4j/protocol.py", line 326, in get_return_value
[2025-01-16T14:18:35.487+0000] {spark_submit.py:491} INFO - raise Py4JJavaError(
[2025-01-16T14:18:35.487+0000] {spark_submit.py:491} INFO - py4j.protocol.Py4JJavaError: An error occurred while calling None.org.apache.spark.api.java.JavaSparkContext.
[2025-01-16T14:18:35.487+0000] {spark_submit.py:491} INFO - : java.lang.IllegalArgumentException: requirement failed: Can only call getServletHandlers on a running MetricsSystem
[2025-01-16T14:18:35.487+0000] {spark_submit.py:491} INFO - at scala.Predef$.require(Predef.scala:281)
[2025-01-16T14:18:35.487+0000] {spark_submit.py:491} INFO - at org.apache.spark.metrics.MetricsSystem.getServletHandlers(MetricsSystem.scala:89)
[2025-01-16T14:18:35.487+0000] {spark_submit.py:491} INFO - at org.apache.spark.SparkContext.<init>(SparkContext.scala:660)
[2025-01-16T14:18:35.487+0000] {spark_submit.py:491} INFO - at org.apache.spark.api.java.JavaSparkContext.<init>(JavaSparkContext.scala:58)
[2025-01-16T14:18:35.487+0000] {spark_submit.py:491} INFO - at java.base/jdk.internal.reflect.NativeConstructorAccessorImpl.newInstance0(Native Method)
[2025-01-16T14:18:35.487+0000] {spark_submit.py:491} INFO - at java.base/jdk.internal.reflect.NativeConstructorAccessorImpl.newInstance(NativeConstructorAccessorImpl.java:62)
[2025-01-16T14:18:35.487+0000] {spark_submit.py:491} INFO - at java.base/jdk.internal.reflect.DelegatingConstructorAccessorImpl.newInstance(DelegatingConstructorAccessorImpl.java:45)
[2025-01-16T14:18:35.487+0000] {spark_submit.py:491} INFO - at java.base/java.lang.reflect.Constructor.newInstance(Constructor.java:490)
[2025-01-16T14:18:35.488+0000] {spark_submit.py:491} INFO - at py4j.reflection.MethodInvoker.invoke(MethodInvoker.java:247)
[2025-01-16T14:18:35.488+0000] {spark_submit.py:491} INFO - at py4j.reflection.ReflectionEngine.invoke(ReflectionEngine.java:357)
[2025-01-16T14:18:35.488+0000] {spark_submit.py:491} INFO - at py4j.Gateway.invoke(Gateway.java:238)
[2025-01-16T14:18:35.488+0000] {spark_submit.py:491} INFO - at py4j.commands.ConstructorCommand.invokeConstructor(ConstructorCommand.java:80)
[2025-01-16T14:18:35.488+0000] {spark_submit.py:491} INFO - at py4j.commands.ConstructorCommand.execute(ConstructorCommand.java:69)
[2025-01-16T14:18:35.488+0000] {spark_submit.py:491} INFO - at py4j.ClientServerConnection.waitForCommands(ClientServerConnection.java:182)
[2025-01-16T14:18:35.488+0000] {spark_submit.py:491} INFO - at py4j.ClientServerConnection.run(ClientServerConnection.java:106)
[2025-01-16T14:18:35.488+0000] {spark_submit.py:491} INFO - at java.base/java.lang.Thread.run(Thread.java:829)
[2025-01-16T14:18:35.488+0000] {spark_submit.py:491} INFO - 
[2025-01-16T14:18:35.488+0000] {spark_submit.py:491} INFO - 
[2025-01-16T14:18:35.556+0000] {spark_submit.py:491} INFO - 25/01/16 14:18:35 INFO ShutdownHookManager: Shutdown hook called
[2025-01-16T14:18:35.556+0000] {spark_submit.py:491} INFO - 25/01/16 14:18:35 INFO ShutdownHookManager: Deleting directory /tmp/spark-bdbd8bac-4db8-4f8c-b6ed-9772b4c697f3
[2025-01-16T14:18:35.561+0000] {spark_submit.py:491} INFO - 25/01/16 14:18:35 INFO ShutdownHookManager: Deleting directory /tmp/spark-15a01677-3758-46b4-9bb7-8edbc5c4e6ea
[2025-01-16T14:18:35.645+0000] {taskinstance.py:1937} ERROR - Task failed with exception
Traceback (most recent call last):
  File "/home/airflow/.local/lib/python3.8/site-packages/airflow/providers/apache/spark/operators/spark_submit.py", line 156, in execute
    self._hook.submit(self._application)
  File "/home/airflow/.local/lib/python3.8/site-packages/airflow/providers/apache/spark/hooks/spark_submit.py", line 422, in submit
    raise AirflowException(
airflow.exceptions.AirflowException: Cannot execute: spark-submit --master spark://spark-master:7077 --name arrow-spark --verbose /opt/spark-apps/sample_spark_app.py /opt/spark-data/input /opt/spark-data/output. Error code is: 1.
[2025-01-16T14:18:35.656+0000] {taskinstance.py:1400} INFO - Marking task as UP_FOR_RETRY. dag_id=spark_processing_dag, task_id=spark_submit_job, execution_date=20250116T141728, start_date=20250116T141731, end_date=20250116T141835
[2025-01-16T14:18:35.689+0000] {standard_task_runner.py:104} ERROR - Failed to execute job 77 for task spark_submit_job (Cannot execute: spark-submit --master spark://spark-master:7077 --name arrow-spark --verbose /opt/spark-apps/sample_spark_app.py /opt/spark-data/input /opt/spark-data/output. Error code is: 1.; 378)
[2025-01-16T14:18:35.717+0000] {local_task_job_runner.py:228} INFO - Task exited with return code 1
[2025-01-16T14:18:35.754+0000] {taskinstance.py:2778} INFO - 0 downstream tasks scheduled from follow-on schedule check
