[2025-01-16T14:10:54.158+0000] {taskinstance.py:1159} INFO - Dependencies all met for dep_context=non-requeueable deps ti=<TaskInstance: spark_processing_dag.spark_submit_job manual__2025-01-16T14:05:42.552233+00:00 [queued]>
[2025-01-16T14:10:54.163+0000] {taskinstance.py:1159} INFO - Dependencies all met for dep_context=requeueable deps ti=<TaskInstance: spark_processing_dag.spark_submit_job manual__2025-01-16T14:05:42.552233+00:00 [queued]>
[2025-01-16T14:10:54.163+0000] {taskinstance.py:1361} INFO - Starting attempt 2 of 2
[2025-01-16T14:10:54.171+0000] {taskinstance.py:1382} INFO - Executing <Task(SparkSubmitOperator): spark_submit_job> on 2025-01-16 14:05:42.552233+00:00
[2025-01-16T14:10:54.174+0000] {standard_task_runner.py:57} INFO - Started process 1862 to run task
[2025-01-16T14:10:54.176+0000] {standard_task_runner.py:84} INFO - Running: ['***', 'tasks', 'run', 'spark_processing_dag', 'spark_submit_job', 'manual__2025-01-16T14:05:42.552233+00:00', '--job-id', '71', '--raw', '--subdir', 'DAGS_FOLDER/spark-processing.py', '--cfg-path', '/tmp/tmp9x9k8wjt']
[2025-01-16T14:10:54.177+0000] {standard_task_runner.py:85} INFO - Job 71: Subtask spark_submit_job
[2025-01-16T14:10:54.207+0000] {task_command.py:416} INFO - Running <TaskInstance: spark_processing_dag.spark_submit_job manual__2025-01-16T14:05:42.552233+00:00 [running]> on host 183471e553b7
[2025-01-16T14:10:54.265+0000] {taskinstance.py:1662} INFO - Exporting env vars: AIRFLOW_CTX_DAG_OWNER='***' AIRFLOW_CTX_DAG_ID='spark_processing_dag' AIRFLOW_CTX_TASK_ID='spark_submit_job' AIRFLOW_CTX_EXECUTION_DATE='2025-01-16T14:05:42.552233+00:00' AIRFLOW_CTX_TRY_NUMBER='2' AIRFLOW_CTX_DAG_RUN_ID='manual__2025-01-16T14:05:42.552233+00:00'
[2025-01-16T14:10:54.271+0000] {base.py:73} INFO - Using connection ID 'spark_default' for task execution.
[2025-01-16T14:10:54.272+0000] {spark_submit.py:340} INFO - Spark-Submit cmd: spark-submit --master spark://spark-master:7077 --name arrow-spark --verbose /opt/spark-apps/sample_spark_app.py /opt/spark-data/input /opt/spark-data/output
[2025-01-16T14:10:55.619+0000] {spark_submit.py:491} INFO - Using properties file: null
[2025-01-16T14:10:55.694+0000] {spark_submit.py:491} INFO - Parsed arguments:
[2025-01-16T14:10:55.695+0000] {spark_submit.py:491} INFO - master                  spark://spark-master:7077
[2025-01-16T14:10:55.695+0000] {spark_submit.py:491} INFO - deployMode              null
[2025-01-16T14:10:55.695+0000] {spark_submit.py:491} INFO - executorMemory          null
[2025-01-16T14:10:55.695+0000] {spark_submit.py:491} INFO - executorCores           null
[2025-01-16T14:10:55.695+0000] {spark_submit.py:491} INFO - totalExecutorCores      null
[2025-01-16T14:10:55.695+0000] {spark_submit.py:491} INFO - propertiesFile          null
[2025-01-16T14:10:55.695+0000] {spark_submit.py:491} INFO - driverMemory            null
[2025-01-16T14:10:55.695+0000] {spark_submit.py:491} INFO - driverCores             null
[2025-01-16T14:10:55.695+0000] {spark_submit.py:491} INFO - driverExtraClassPath    null
[2025-01-16T14:10:55.695+0000] {spark_submit.py:491} INFO - driverExtraLibraryPath  null
[2025-01-16T14:10:55.695+0000] {spark_submit.py:491} INFO - driverExtraJavaOptions  null
[2025-01-16T14:10:55.695+0000] {spark_submit.py:491} INFO - supervise               false
[2025-01-16T14:10:55.695+0000] {spark_submit.py:491} INFO - queue                   null
[2025-01-16T14:10:55.695+0000] {spark_submit.py:491} INFO - numExecutors            null
[2025-01-16T14:10:55.695+0000] {spark_submit.py:491} INFO - files                   null
[2025-01-16T14:10:55.695+0000] {spark_submit.py:491} INFO - pyFiles                 null
[2025-01-16T14:10:55.695+0000] {spark_submit.py:491} INFO - archives                null
[2025-01-16T14:10:55.695+0000] {spark_submit.py:491} INFO - mainClass               null
[2025-01-16T14:10:55.695+0000] {spark_submit.py:491} INFO - primaryResource         file:/opt/spark-apps/sample_spark_app.py
[2025-01-16T14:10:55.695+0000] {spark_submit.py:491} INFO - name                    arrow-spark
[2025-01-16T14:10:55.695+0000] {spark_submit.py:491} INFO - childArgs               [/opt/spark-data/input /opt/spark-data/output]
[2025-01-16T14:10:55.695+0000] {spark_submit.py:491} INFO - jars                    null
[2025-01-16T14:10:55.695+0000] {spark_submit.py:491} INFO - packages                null
[2025-01-16T14:10:55.696+0000] {spark_submit.py:491} INFO - packagesExclusions      null
[2025-01-16T14:10:55.696+0000] {spark_submit.py:491} INFO - repositories            null
[2025-01-16T14:10:55.696+0000] {spark_submit.py:491} INFO - verbose                 true
[2025-01-16T14:10:55.696+0000] {spark_submit.py:491} INFO - 
[2025-01-16T14:10:55.696+0000] {spark_submit.py:491} INFO - Spark properties used, including those specified through
[2025-01-16T14:10:55.696+0000] {spark_submit.py:491} INFO - --conf and those from the properties file null:
[2025-01-16T14:10:55.696+0000] {spark_submit.py:491} INFO - 
[2025-01-16T14:10:55.696+0000] {spark_submit.py:491} INFO - 
[2025-01-16T14:10:55.696+0000] {spark_submit.py:491} INFO - 
[2025-01-16T14:10:55.904+0000] {spark_submit.py:491} INFO - Main class:
[2025-01-16T14:10:55.905+0000] {spark_submit.py:491} INFO - org.apache.spark.deploy.PythonRunner
[2025-01-16T14:10:55.905+0000] {spark_submit.py:491} INFO - Arguments:
[2025-01-16T14:10:55.905+0000] {spark_submit.py:491} INFO - file:/opt/spark-apps/sample_spark_app.py
[2025-01-16T14:10:55.905+0000] {spark_submit.py:491} INFO - null
[2025-01-16T14:10:55.905+0000] {spark_submit.py:491} INFO - /opt/spark-data/input
[2025-01-16T14:10:55.905+0000] {spark_submit.py:491} INFO - /opt/spark-data/output
[2025-01-16T14:10:55.907+0000] {spark_submit.py:491} INFO - Spark config:
[2025-01-16T14:10:55.908+0000] {spark_submit.py:491} INFO - (spark.app.name,arrow-spark)
[2025-01-16T14:10:55.908+0000] {spark_submit.py:491} INFO - (spark.app.submitTime,1737036655890)
[2025-01-16T14:10:55.908+0000] {spark_submit.py:491} INFO - (spark.master,spark://spark-master:7077)
[2025-01-16T14:10:55.908+0000] {spark_submit.py:491} INFO - (spark.submit.deployMode,client)
[2025-01-16T14:10:55.908+0000] {spark_submit.py:491} INFO - (spark.submit.pyFiles,)
[2025-01-16T14:10:55.909+0000] {spark_submit.py:491} INFO - Classpath elements:
[2025-01-16T14:10:55.909+0000] {spark_submit.py:491} INFO - 
[2025-01-16T14:10:55.909+0000] {spark_submit.py:491} INFO - 
[2025-01-16T14:10:55.909+0000] {spark_submit.py:491} INFO - 
[2025-01-16T14:10:56.446+0000] {spark_submit.py:491} INFO - 2025-01-16 14:10:56,445 - INFO - Starting Spark job
[2025-01-16T14:10:56.448+0000] {spark_submit.py:491} INFO - 2025-01-16 14:10:56,445 - INFO - Input path: /opt/spark-data/input
[2025-01-16T14:10:56.448+0000] {spark_submit.py:491} INFO - 2025-01-16 14:10:56,445 - INFO - Output path: /opt/spark-data/output
[2025-01-16T14:10:56.448+0000] {spark_submit.py:491} INFO - 2025-01-16 14:10:56,445 - INFO - Python version: 3.8.18 (default, Nov  1 2023, 11:13:53)
[2025-01-16T14:10:56.449+0000] {spark_submit.py:491} INFO - [GCC 10.2.1 20210110]
[2025-01-16T14:10:56.449+0000] {spark_submit.py:491} INFO - 2025-01-16 14:10:56,445 - INFO - Python executable: /usr/local/bin/python3
[2025-01-16T14:10:56.449+0000] {spark_submit.py:491} INFO - 2025-01-16 14:10:56,446 - INFO - Python path: ['/opt/spark-apps', '/home/***/.local/lib/python3.8/site-packages/pyspark/python/lib/pyspark.zip', '/home/***/.local/lib/python3.8/site-packages/pyspark/python/lib/py4j-0.10.9.5-src.zip', '/home/***/.local/lib/python3.8/site-packages/pyspark/jars/spark-core_2.12-3.3.2.jar', '/opt/***/libraries', '/usr/local/lib/python38.zip', '/usr/local/lib/python3.8', '/usr/local/lib/python3.8/lib-dynload', '/home/***/.local/lib/python3.8/site-packages', '/usr/local/lib/python3.8/site-packages', '/opt/spark/python', '/opt/spark/python/lib/py4j-0.10.9.5-src.zip']
[2025-01-16T14:10:56.553+0000] {spark_submit.py:491} INFO - 25/01/16 14:10:56 INFO SparkContext: Running Spark version 3.3.2
[2025-01-16T14:10:56.712+0000] {spark_submit.py:491} INFO - 25/01/16 14:10:56 WARN NativeCodeLoader: Unable to load native-hadoop library for your platform... using builtin-java classes where applicable
[2025-01-16T14:10:56.788+0000] {spark_submit.py:491} INFO - 25/01/16 14:10:56 INFO ResourceUtils: ==============================================================
[2025-01-16T14:10:56.789+0000] {spark_submit.py:491} INFO - 25/01/16 14:10:56 INFO ResourceUtils: No custom resources configured for spark.driver.
[2025-01-16T14:10:56.789+0000] {spark_submit.py:491} INFO - 25/01/16 14:10:56 INFO ResourceUtils: ==============================================================
[2025-01-16T14:10:56.790+0000] {spark_submit.py:491} INFO - 25/01/16 14:10:56 INFO SparkContext: Submitted application: Sample Spark Processing
[2025-01-16T14:10:56.809+0000] {spark_submit.py:491} INFO - 25/01/16 14:10:56 INFO ResourceProfile: Default ResourceProfile created, executor resources: Map(cores -> name: cores, amount: 1, script: , vendor: , memory -> name: memory, amount: 1024, script: , vendor: , offHeap -> name: offHeap, amount: 0, script: , vendor: ), task resources: Map(cpus -> name: cpus, amount: 1.0)
[2025-01-16T14:10:56.820+0000] {spark_submit.py:491} INFO - 25/01/16 14:10:56 INFO ResourceProfile: Limiting resource is cpu
[2025-01-16T14:10:56.820+0000] {spark_submit.py:491} INFO - 25/01/16 14:10:56 INFO ResourceProfileManager: Added ResourceProfile id: 0
[2025-01-16T14:10:56.867+0000] {spark_submit.py:491} INFO - 25/01/16 14:10:56 INFO SecurityManager: Changing view acls to: ***
[2025-01-16T14:10:56.870+0000] {spark_submit.py:491} INFO - 25/01/16 14:10:56 INFO SecurityManager: Changing modify acls to: ***
[2025-01-16T14:10:56.870+0000] {spark_submit.py:491} INFO - 25/01/16 14:10:56 INFO SecurityManager: Changing view acls groups to:
[2025-01-16T14:10:56.871+0000] {spark_submit.py:491} INFO - 25/01/16 14:10:56 INFO SecurityManager: Changing modify acls groups to:
[2025-01-16T14:10:56.872+0000] {spark_submit.py:491} INFO - 25/01/16 14:10:56 INFO SecurityManager: SecurityManager: authentication disabled; ui acls disabled; users  with view permissions: Set(***); groups with view permissions: Set(); users  with modify permissions: Set(***); groups with modify permissions: Set()
[2025-01-16T14:10:57.174+0000] {spark_submit.py:491} INFO - 25/01/16 14:10:57 INFO Utils: Successfully started service 'sparkDriver' on port 43267.
[2025-01-16T14:10:57.198+0000] {spark_submit.py:491} INFO - 25/01/16 14:10:57 INFO SparkEnv: Registering MapOutputTracker
[2025-01-16T14:10:57.230+0000] {spark_submit.py:491} INFO - 25/01/16 14:10:57 INFO SparkEnv: Registering BlockManagerMaster
[2025-01-16T14:10:57.249+0000] {spark_submit.py:491} INFO - 25/01/16 14:10:57 INFO BlockManagerMasterEndpoint: Using org.apache.spark.storage.DefaultTopologyMapper for getting topology information
[2025-01-16T14:10:57.249+0000] {spark_submit.py:491} INFO - 25/01/16 14:10:57 INFO BlockManagerMasterEndpoint: BlockManagerMasterEndpoint up
[2025-01-16T14:10:57.251+0000] {spark_submit.py:491} INFO - 25/01/16 14:10:57 INFO SparkEnv: Registering BlockManagerMasterHeartbeat
[2025-01-16T14:10:57.270+0000] {spark_submit.py:491} INFO - 25/01/16 14:10:57 INFO DiskBlockManager: Created local directory at /tmp/blockmgr-26ed1d2f-5f20-4279-be05-11262589f6ea
[2025-01-16T14:10:57.291+0000] {spark_submit.py:491} INFO - 25/01/16 14:10:57 INFO MemoryStore: MemoryStore started with capacity 434.4 MiB
[2025-01-16T14:10:57.308+0000] {spark_submit.py:491} INFO - 25/01/16 14:10:57 INFO SparkEnv: Registering OutputCommitCoordinator
[2025-01-16T14:10:57.546+0000] {spark_submit.py:491} INFO - 25/01/16 14:10:57 WARN Utils: Service 'SparkUI' could not bind on port 4040. Attempting port 4041.
[2025-01-16T14:10:57.568+0000] {spark_submit.py:491} INFO - 25/01/16 14:10:57 INFO Utils: Successfully started service 'SparkUI' on port 4041.
[2025-01-16T14:10:57.715+0000] {spark_submit.py:491} INFO - 25/01/16 14:10:57 INFO StandaloneAppClient$ClientEndpoint: Connecting to master spark://spark-master:7077...
[2025-01-16T14:10:57.764+0000] {spark_submit.py:491} INFO - 25/01/16 14:10:57 INFO TransportClientFactory: Successfully created connection to spark-master/10.90.10.4:7077 after 30 ms (0 ms spent in bootstraps)
[2025-01-16T14:11:17.722+0000] {spark_submit.py:491} INFO - 25/01/16 14:11:17 INFO StandaloneAppClient$ClientEndpoint: Connecting to master spark://spark-master:7077...
[2025-01-16T14:11:37.736+0000] {spark_submit.py:491} INFO - 25/01/16 14:11:37 INFO StandaloneAppClient$ClientEndpoint: Connecting to master spark://spark-master:7077...
[2025-01-16T14:11:57.738+0000] {spark_submit.py:491} INFO - 25/01/16 14:11:57 ERROR StandaloneSchedulerBackend: Application has been killed. Reason: All masters are unresponsive! Giving up.
[2025-01-16T14:11:57.746+0000] {spark_submit.py:491} INFO - 25/01/16 14:11:57 WARN StandaloneSchedulerBackend: Application ID is not initialized yet.
[2025-01-16T14:11:57.758+0000] {spark_submit.py:491} INFO - 25/01/16 14:11:57 INFO Utils: Successfully started service 'org.apache.spark.network.netty.NettyBlockTransferService' on port 37169.
[2025-01-16T14:11:57.759+0000] {spark_submit.py:491} INFO - 25/01/16 14:11:57 INFO NettyBlockTransferService: Server created on 183471e553b7:37169
[2025-01-16T14:11:57.761+0000] {spark_submit.py:491} INFO - 25/01/16 14:11:57 INFO BlockManager: Using org.apache.spark.storage.RandomBlockReplicationPolicy for block replication policy
[2025-01-16T14:11:57.772+0000] {spark_submit.py:491} INFO - 25/01/16 14:11:57 INFO BlockManagerMaster: Registering BlockManager BlockManagerId(driver, 183471e553b7, 37169, None)
[2025-01-16T14:11:57.772+0000] {spark_submit.py:491} INFO - 25/01/16 14:11:57 INFO SparkUI: Stopped Spark web UI at http://183471e553b7:4041
[2025-01-16T14:11:57.777+0000] {spark_submit.py:491} INFO - 25/01/16 14:11:57 INFO BlockManagerMasterEndpoint: Registering block manager 183471e553b7:37169 with 434.4 MiB RAM, BlockManagerId(driver, 183471e553b7, 37169, None)
[2025-01-16T14:11:57.779+0000] {spark_submit.py:491} INFO - 25/01/16 14:11:57 INFO BlockManagerMaster: Registered BlockManager BlockManagerId(driver, 183471e553b7, 37169, None)
[2025-01-16T14:11:57.780+0000] {spark_submit.py:491} INFO - 25/01/16 14:11:57 INFO BlockManager: Initialized BlockManager: BlockManagerId(driver, 183471e553b7, 37169, None)
[2025-01-16T14:11:57.781+0000] {spark_submit.py:491} INFO - 25/01/16 14:11:57 INFO StandaloneSchedulerBackend: Shutting down all executors
[2025-01-16T14:11:57.784+0000] {spark_submit.py:491} INFO - 25/01/16 14:11:57 INFO CoarseGrainedSchedulerBackend$DriverEndpoint: Asking each executor to shut down
[2025-01-16T14:11:57.790+0000] {spark_submit.py:491} INFO - 25/01/16 14:11:57 WARN StandaloneAppClient$ClientEndpoint: Drop UnregisterApplication(null) because has not yet connected to master
[2025-01-16T14:11:57.802+0000] {spark_submit.py:491} INFO - 25/01/16 14:11:57 INFO MapOutputTrackerMasterEndpoint: MapOutputTrackerMasterEndpoint stopped!
[2025-01-16T14:11:57.824+0000] {spark_submit.py:491} INFO - 25/01/16 14:11:57 INFO MemoryStore: MemoryStore cleared
[2025-01-16T14:11:57.824+0000] {spark_submit.py:491} INFO - 25/01/16 14:11:57 INFO BlockManager: BlockManager stopped
[2025-01-16T14:11:57.830+0000] {spark_submit.py:491} INFO - 25/01/16 14:11:57 INFO BlockManagerMaster: BlockManagerMaster stopped
[2025-01-16T14:11:57.834+0000] {spark_submit.py:491} INFO - 25/01/16 14:11:57 INFO OutputCommitCoordinator$OutputCommitCoordinatorEndpoint: OutputCommitCoordinator stopped!
[2025-01-16T14:11:57.885+0000] {spark_submit.py:491} INFO - 25/01/16 14:11:57 INFO SparkContext: Successfully stopped SparkContext
[2025-01-16T14:11:58.030+0000] {spark_submit.py:491} INFO - 25/01/16 14:11:58 ERROR AsyncEventQueue: Listener AppStatusListener threw an exception
[2025-01-16T14:11:58.032+0000] {spark_submit.py:491} INFO - java.lang.NullPointerException
[2025-01-16T14:11:58.032+0000] {spark_submit.py:491} INFO - at org.apache.spark.status.AppStatusListener.onApplicationEnd(AppStatusListener.scala:192)
[2025-01-16T14:11:58.033+0000] {spark_submit.py:491} INFO - at org.apache.spark.scheduler.SparkListenerBus.doPostEvent(SparkListenerBus.scala:57)
[2025-01-16T14:11:58.033+0000] {spark_submit.py:491} INFO - at org.apache.spark.scheduler.SparkListenerBus.doPostEvent$(SparkListenerBus.scala:28)
[2025-01-16T14:11:58.033+0000] {spark_submit.py:491} INFO - at org.apache.spark.scheduler.AsyncEventQueue.doPostEvent(AsyncEventQueue.scala:37)
[2025-01-16T14:11:58.034+0000] {spark_submit.py:491} INFO - at org.apache.spark.scheduler.AsyncEventQueue.doPostEvent(AsyncEventQueue.scala:37)
[2025-01-16T14:11:58.034+0000] {spark_submit.py:491} INFO - at org.apache.spark.util.ListenerBus.postToAll(ListenerBus.scala:117)
[2025-01-16T14:11:58.035+0000] {spark_submit.py:491} INFO - at org.apache.spark.util.ListenerBus.postToAll$(ListenerBus.scala:101)
[2025-01-16T14:11:58.035+0000] {spark_submit.py:491} INFO - at org.apache.spark.scheduler.AsyncEventQueue.super$postToAll(AsyncEventQueue.scala:105)
[2025-01-16T14:11:58.035+0000] {spark_submit.py:491} INFO - at org.apache.spark.scheduler.AsyncEventQueue.$anonfun$dispatch$1(AsyncEventQueue.scala:105)
[2025-01-16T14:11:58.035+0000] {spark_submit.py:491} INFO - at scala.runtime.java8.JFunction0$mcJ$sp.apply(JFunction0$mcJ$sp.java:23)
[2025-01-16T14:11:58.036+0000] {spark_submit.py:491} INFO - at scala.util.DynamicVariable.withValue(DynamicVariable.scala:62)
[2025-01-16T14:11:58.036+0000] {spark_submit.py:491} INFO - at org.apache.spark.scheduler.AsyncEventQueue.org$apache$spark$scheduler$AsyncEventQueue$$dispatch(AsyncEventQueue.scala:100)
[2025-01-16T14:11:58.036+0000] {spark_submit.py:491} INFO - at org.apache.spark.scheduler.AsyncEventQueue$$anon$2.$anonfun$run$1(AsyncEventQueue.scala:96)
[2025-01-16T14:11:58.036+0000] {spark_submit.py:491} INFO - at org.apache.spark.util.Utils$.tryOrStopSparkContext(Utils.scala:1446)
[2025-01-16T14:11:58.036+0000] {spark_submit.py:491} INFO - at org.apache.spark.scheduler.AsyncEventQueue$$anon$2.run(AsyncEventQueue.scala:96)
[2025-01-16T14:11:58.097+0000] {spark_submit.py:491} INFO - 25/01/16 14:11:58 ERROR SparkContext: Error initializing SparkContext.
[2025-01-16T14:11:58.097+0000] {spark_submit.py:491} INFO - java.lang.IllegalArgumentException: requirement failed: Can only call getServletHandlers on a running MetricsSystem
[2025-01-16T14:11:58.097+0000] {spark_submit.py:491} INFO - at scala.Predef$.require(Predef.scala:281)
[2025-01-16T14:11:58.097+0000] {spark_submit.py:491} INFO - at org.apache.spark.metrics.MetricsSystem.getServletHandlers(MetricsSystem.scala:89)
[2025-01-16T14:11:58.097+0000] {spark_submit.py:491} INFO - at org.apache.spark.SparkContext.<init>(SparkContext.scala:660)
[2025-01-16T14:11:58.098+0000] {spark_submit.py:491} INFO - at org.apache.spark.api.java.JavaSparkContext.<init>(JavaSparkContext.scala:58)
[2025-01-16T14:11:58.098+0000] {spark_submit.py:491} INFO - at java.base/jdk.internal.reflect.NativeConstructorAccessorImpl.newInstance0(Native Method)
[2025-01-16T14:11:58.098+0000] {spark_submit.py:491} INFO - at java.base/jdk.internal.reflect.NativeConstructorAccessorImpl.newInstance(NativeConstructorAccessorImpl.java:62)
[2025-01-16T14:11:58.098+0000] {spark_submit.py:491} INFO - at java.base/jdk.internal.reflect.DelegatingConstructorAccessorImpl.newInstance(DelegatingConstructorAccessorImpl.java:45)
[2025-01-16T14:11:58.098+0000] {spark_submit.py:491} INFO - at java.base/java.lang.reflect.Constructor.newInstance(Constructor.java:490)
[2025-01-16T14:11:58.098+0000] {spark_submit.py:491} INFO - at py4j.reflection.MethodInvoker.invoke(MethodInvoker.java:247)
[2025-01-16T14:11:58.098+0000] {spark_submit.py:491} INFO - at py4j.reflection.ReflectionEngine.invoke(ReflectionEngine.java:357)
[2025-01-16T14:11:58.099+0000] {spark_submit.py:491} INFO - at py4j.Gateway.invoke(Gateway.java:238)
[2025-01-16T14:11:58.099+0000] {spark_submit.py:491} INFO - at py4j.commands.ConstructorCommand.invokeConstructor(ConstructorCommand.java:80)
[2025-01-16T14:11:58.099+0000] {spark_submit.py:491} INFO - at py4j.commands.ConstructorCommand.execute(ConstructorCommand.java:69)
[2025-01-16T14:11:58.099+0000] {spark_submit.py:491} INFO - at py4j.ClientServerConnection.waitForCommands(ClientServerConnection.java:182)
[2025-01-16T14:11:58.099+0000] {spark_submit.py:491} INFO - at py4j.ClientServerConnection.run(ClientServerConnection.java:106)
[2025-01-16T14:11:58.099+0000] {spark_submit.py:491} INFO - at java.base/java.lang.Thread.run(Thread.java:829)
[2025-01-16T14:11:58.099+0000] {spark_submit.py:491} INFO - 25/01/16 14:11:58 INFO SparkContext: SparkContext already stopped.
[2025-01-16T14:11:58.105+0000] {spark_submit.py:491} INFO - 2025-01-16 14:11:58,104 - WARNING - Could not connect to Spark cluster: An error occurred while calling None.org.apache.spark.api.java.JavaSparkContext.
[2025-01-16T14:11:58.106+0000] {spark_submit.py:491} INFO - : java.lang.IllegalArgumentException: requirement failed: Can only call getServletHandlers on a running MetricsSystem
[2025-01-16T14:11:58.106+0000] {spark_submit.py:491} INFO - at scala.Predef$.require(Predef.scala:281)
[2025-01-16T14:11:58.106+0000] {spark_submit.py:491} INFO - at org.apache.spark.metrics.MetricsSystem.getServletHandlers(MetricsSystem.scala:89)
[2025-01-16T14:11:58.106+0000] {spark_submit.py:491} INFO - at org.apache.spark.SparkContext.<init>(SparkContext.scala:660)
[2025-01-16T14:11:58.106+0000] {spark_submit.py:491} INFO - at org.apache.spark.api.java.JavaSparkContext.<init>(JavaSparkContext.scala:58)
[2025-01-16T14:11:58.106+0000] {spark_submit.py:491} INFO - at java.base/jdk.internal.reflect.NativeConstructorAccessorImpl.newInstance0(Native Method)
[2025-01-16T14:11:58.106+0000] {spark_submit.py:491} INFO - at java.base/jdk.internal.reflect.NativeConstructorAccessorImpl.newInstance(NativeConstructorAccessorImpl.java:62)
[2025-01-16T14:11:58.106+0000] {spark_submit.py:491} INFO - at java.base/jdk.internal.reflect.DelegatingConstructorAccessorImpl.newInstance(DelegatingConstructorAccessorImpl.java:45)
[2025-01-16T14:11:58.106+0000] {spark_submit.py:491} INFO - at java.base/java.lang.reflect.Constructor.newInstance(Constructor.java:490)
[2025-01-16T14:11:58.106+0000] {spark_submit.py:491} INFO - at py4j.reflection.MethodInvoker.invoke(MethodInvoker.java:247)
[2025-01-16T14:11:58.106+0000] {spark_submit.py:491} INFO - at py4j.reflection.ReflectionEngine.invoke(ReflectionEngine.java:357)
[2025-01-16T14:11:58.106+0000] {spark_submit.py:491} INFO - at py4j.Gateway.invoke(Gateway.java:238)
[2025-01-16T14:11:58.106+0000] {spark_submit.py:491} INFO - at py4j.commands.ConstructorCommand.invokeConstructor(ConstructorCommand.java:80)
[2025-01-16T14:11:58.107+0000] {spark_submit.py:491} INFO - at py4j.commands.ConstructorCommand.execute(ConstructorCommand.java:69)
[2025-01-16T14:11:58.107+0000] {spark_submit.py:491} INFO - at py4j.ClientServerConnection.waitForCommands(ClientServerConnection.java:182)
[2025-01-16T14:11:58.107+0000] {spark_submit.py:491} INFO - at py4j.ClientServerConnection.run(ClientServerConnection.java:106)
[2025-01-16T14:11:58.107+0000] {spark_submit.py:491} INFO - at java.base/java.lang.Thread.run(Thread.java:829)
[2025-01-16T14:11:58.107+0000] {spark_submit.py:491} INFO - 
[2025-01-16T14:11:58.107+0000] {spark_submit.py:491} INFO - 2025-01-16 14:11:58,106 - INFO - Falling back to local mode
[2025-01-16T14:11:58.126+0000] {spark_submit.py:491} INFO - 25/01/16 14:11:58 WARN SparkContext: Another SparkContext is being constructed (or threw an exception in its constructor). This may indicate an error, since only one SparkContext should be running in this JVM (see SPARK-2243). The other SparkContext was created at:
[2025-01-16T14:11:58.126+0000] {spark_submit.py:491} INFO - org.apache.spark.api.java.JavaSparkContext.<init>(JavaSparkContext.scala:58)
[2025-01-16T14:11:58.126+0000] {spark_submit.py:491} INFO - java.base/jdk.internal.reflect.NativeConstructorAccessorImpl.newInstance0(Native Method)
[2025-01-16T14:11:58.126+0000] {spark_submit.py:491} INFO - java.base/jdk.internal.reflect.NativeConstructorAccessorImpl.newInstance(NativeConstructorAccessorImpl.java:62)
[2025-01-16T14:11:58.126+0000] {spark_submit.py:491} INFO - java.base/jdk.internal.reflect.DelegatingConstructorAccessorImpl.newInstance(DelegatingConstructorAccessorImpl.java:45)
[2025-01-16T14:11:58.126+0000] {spark_submit.py:491} INFO - java.base/java.lang.reflect.Constructor.newInstance(Constructor.java:490)
[2025-01-16T14:11:58.126+0000] {spark_submit.py:491} INFO - py4j.reflection.MethodInvoker.invoke(MethodInvoker.java:247)
[2025-01-16T14:11:58.126+0000] {spark_submit.py:491} INFO - py4j.reflection.ReflectionEngine.invoke(ReflectionEngine.java:357)
[2025-01-16T14:11:58.126+0000] {spark_submit.py:491} INFO - py4j.Gateway.invoke(Gateway.java:238)
[2025-01-16T14:11:58.127+0000] {spark_submit.py:491} INFO - py4j.commands.ConstructorCommand.invokeConstructor(ConstructorCommand.java:80)
[2025-01-16T14:11:58.127+0000] {spark_submit.py:491} INFO - py4j.commands.ConstructorCommand.execute(ConstructorCommand.java:69)
[2025-01-16T14:11:58.127+0000] {spark_submit.py:491} INFO - py4j.ClientServerConnection.waitForCommands(ClientServerConnection.java:182)
[2025-01-16T14:11:58.127+0000] {spark_submit.py:491} INFO - py4j.ClientServerConnection.run(ClientServerConnection.java:106)
[2025-01-16T14:11:58.127+0000] {spark_submit.py:491} INFO - java.base/java.lang.Thread.run(Thread.java:829)
[2025-01-16T14:11:58.127+0000] {spark_submit.py:491} INFO - 25/01/16 14:11:58 INFO SparkContext: Running Spark version 3.3.2
[2025-01-16T14:11:58.127+0000] {spark_submit.py:491} INFO - 25/01/16 14:11:58 INFO ResourceUtils: ==============================================================
[2025-01-16T14:11:58.127+0000] {spark_submit.py:491} INFO - 25/01/16 14:11:58 INFO ResourceUtils: No custom resources configured for spark.driver.
[2025-01-16T14:11:58.128+0000] {spark_submit.py:491} INFO - 25/01/16 14:11:58 INFO ResourceUtils: ==============================================================
[2025-01-16T14:11:58.128+0000] {spark_submit.py:491} INFO - 25/01/16 14:11:58 INFO SparkContext: Submitted application: Sample Spark Processing
[2025-01-16T14:11:58.128+0000] {spark_submit.py:491} INFO - 25/01/16 14:11:58 INFO ResourceProfile: Default ResourceProfile created, executor resources: Map(cores -> name: cores, amount: 1, script: , vendor: , memory -> name: memory, amount: 1024, script: , vendor: , offHeap -> name: offHeap, amount: 0, script: , vendor: ), task resources: Map(cpus -> name: cpus, amount: 1.0)
[2025-01-16T14:11:58.129+0000] {spark_submit.py:491} INFO - 25/01/16 14:11:58 INFO ResourceProfile: Limiting resource is cpu
[2025-01-16T14:11:58.129+0000] {spark_submit.py:491} INFO - 25/01/16 14:11:58 INFO ResourceProfileManager: Added ResourceProfile id: 0
[2025-01-16T14:11:58.130+0000] {spark_submit.py:491} INFO - 25/01/16 14:11:58 INFO SecurityManager: Changing view acls to: ***
[2025-01-16T14:11:58.131+0000] {spark_submit.py:491} INFO - 25/01/16 14:11:58 INFO SecurityManager: Changing modify acls to: ***
[2025-01-16T14:11:58.131+0000] {spark_submit.py:491} INFO - 25/01/16 14:11:58 INFO SecurityManager: Changing view acls groups to:
[2025-01-16T14:11:58.131+0000] {spark_submit.py:491} INFO - 25/01/16 14:11:58 INFO SecurityManager: Changing modify acls groups to:
[2025-01-16T14:11:58.131+0000] {spark_submit.py:491} INFO - 25/01/16 14:11:58 INFO SecurityManager: SecurityManager: authentication disabled; ui acls disabled; users  with view permissions: Set(***); groups with view permissions: Set(); users  with modify permissions: Set(***); groups with modify permissions: Set()
[2025-01-16T14:11:58.152+0000] {spark_submit.py:491} INFO - 25/01/16 14:11:58 INFO Utils: Successfully started service 'sparkDriver' on port 41769.
[2025-01-16T14:11:58.158+0000] {spark_submit.py:491} INFO - 25/01/16 14:11:58 INFO SparkEnv: Registering MapOutputTracker
[2025-01-16T14:11:58.164+0000] {spark_submit.py:491} INFO - 25/01/16 14:11:58 INFO SparkEnv: Registering BlockManagerMaster
[2025-01-16T14:11:58.165+0000] {spark_submit.py:491} INFO - 25/01/16 14:11:58 INFO BlockManagerMasterEndpoint: Using org.apache.spark.storage.DefaultTopologyMapper for getting topology information
[2025-01-16T14:11:58.165+0000] {spark_submit.py:491} INFO - 25/01/16 14:11:58 INFO BlockManagerMasterEndpoint: BlockManagerMasterEndpoint up
[2025-01-16T14:11:58.170+0000] {spark_submit.py:491} INFO - 25/01/16 14:11:58 INFO SparkEnv: Registering BlockManagerMasterHeartbeat
[2025-01-16T14:11:58.172+0000] {spark_submit.py:491} INFO - 25/01/16 14:11:58 INFO DiskBlockManager: Created local directory at /tmp/blockmgr-245140ab-7613-486a-867b-71516b3f8c37
[2025-01-16T14:11:58.172+0000] {spark_submit.py:491} INFO - 25/01/16 14:11:58 INFO MemoryStore: MemoryStore started with capacity 434.4 MiB
[2025-01-16T14:11:58.174+0000] {spark_submit.py:491} INFO - 25/01/16 14:11:58 INFO SparkEnv: Registering OutputCommitCoordinator
[2025-01-16T14:11:58.191+0000] {spark_submit.py:491} INFO - 25/01/16 14:11:58 INFO Utils: Successfully started service 'SparkUI' on port 4040.
[2025-01-16T14:11:58.219+0000] {spark_submit.py:491} INFO - 25/01/16 14:11:58 INFO Executor: Starting executor ID driver on host 183471e553b7
[2025-01-16T14:11:58.224+0000] {spark_submit.py:491} INFO - 25/01/16 14:11:58 INFO Executor: Starting executor with user classpath (userClassPathFirst = false): ''
[2025-01-16T14:11:58.235+0000] {spark_submit.py:491} INFO - 25/01/16 14:11:58 INFO Utils: Successfully started service 'org.apache.spark.network.netty.NettyBlockTransferService' on port 35489.
[2025-01-16T14:11:58.235+0000] {spark_submit.py:491} INFO - 25/01/16 14:11:58 INFO NettyBlockTransferService: Server created on 183471e553b7:35489
[2025-01-16T14:11:58.235+0000] {spark_submit.py:491} INFO - 25/01/16 14:11:58 INFO BlockManager: Using org.apache.spark.storage.RandomBlockReplicationPolicy for block replication policy
[2025-01-16T14:11:58.235+0000] {spark_submit.py:491} INFO - 25/01/16 14:11:58 INFO BlockManagerMaster: Registering BlockManager BlockManagerId(driver, 183471e553b7, 35489, None)
[2025-01-16T14:11:58.236+0000] {spark_submit.py:491} INFO - 25/01/16 14:11:58 INFO BlockManagerMasterEndpoint: Registering block manager 183471e553b7:35489 with 434.4 MiB RAM, BlockManagerId(driver, 183471e553b7, 35489, None)
[2025-01-16T14:11:58.236+0000] {spark_submit.py:491} INFO - 25/01/16 14:11:58 INFO BlockManagerMaster: Registered BlockManager BlockManagerId(driver, 183471e553b7, 35489, None)
[2025-01-16T14:11:58.236+0000] {spark_submit.py:491} INFO - 25/01/16 14:11:58 INFO BlockManager: Initialized BlockManager: BlockManagerId(driver, 183471e553b7, 35489, None)
[2025-01-16T14:11:58.410+0000] {spark_submit.py:491} INFO - 2025-01-16 14:11:58,410 - INFO - Spark Configuration:
[2025-01-16T14:11:58.417+0000] {spark_submit.py:491} INFO - 2025-01-16 14:11:58,416 - INFO - spark.driver.extraJavaOptions: -XX:+IgnoreUnrecognizedVMOptions --add-opens=java.base/java.lang=ALL-UNNAMED --add-opens=java.base/java.lang.invoke=ALL-UNNAMED --add-opens=java.base/java.lang.reflect=ALL-UNNAMED --add-opens=java.base/java.io=ALL-UNNAMED --add-opens=java.base/java.net=ALL-UNNAMED --add-opens=java.base/java.nio=ALL-UNNAMED --add-opens=java.base/java.util=ALL-UNNAMED --add-opens=java.base/java.util.concurrent=ALL-UNNAMED --add-opens=java.base/java.util.concurrent.atomic=ALL-UNNAMED --add-opens=java.base/sun.nio.ch=ALL-UNNAMED --add-opens=java.base/sun.nio.cs=ALL-UNNAMED --add-opens=java.base/sun.security.action=ALL-UNNAMED --add-opens=java.base/sun.util.calendar=ALL-UNNAMED --add-opens=java.security.jgss/sun.security.krb5=ALL-UNNAMED
[2025-01-16T14:11:58.417+0000] {spark_submit.py:491} INFO - 2025-01-16 14:11:58,417 - INFO - spark.app.startTime: 1737036718125
[2025-01-16T14:11:58.417+0000] {spark_submit.py:491} INFO - 2025-01-16 14:11:58,417 - INFO - spark.driver.port: 41769
[2025-01-16T14:11:58.417+0000] {spark_submit.py:491} INFO - 2025-01-16 14:11:58,417 - INFO - spark.executor.id: driver
[2025-01-16T14:11:58.417+0000] {spark_submit.py:491} INFO - 2025-01-16 14:11:58,417 - INFO - spark.app.name: Sample Spark Processing
[2025-01-16T14:11:58.417+0000] {spark_submit.py:491} INFO - 2025-01-16 14:11:58,417 - INFO - spark.app.id: local-1737036718205
[2025-01-16T14:11:58.417+0000] {spark_submit.py:491} INFO - 2025-01-16 14:11:58,417 - INFO - spark.rdd.compress: True
[2025-01-16T14:11:58.417+0000] {spark_submit.py:491} INFO - 2025-01-16 14:11:58,417 - INFO - spark.executor.extraJavaOptions: -XX:+IgnoreUnrecognizedVMOptions --add-opens=java.base/java.lang=ALL-UNNAMED --add-opens=java.base/java.lang.invoke=ALL-UNNAMED --add-opens=java.base/java.lang.reflect=ALL-UNNAMED --add-opens=java.base/java.io=ALL-UNNAMED --add-opens=java.base/java.net=ALL-UNNAMED --add-opens=java.base/java.nio=ALL-UNNAMED --add-opens=java.base/java.util=ALL-UNNAMED --add-opens=java.base/java.util.concurrent=ALL-UNNAMED --add-opens=java.base/java.util.concurrent.atomic=ALL-UNNAMED --add-opens=java.base/sun.nio.ch=ALL-UNNAMED --add-opens=java.base/sun.nio.cs=ALL-UNNAMED --add-opens=java.base/sun.security.action=ALL-UNNAMED --add-opens=java.base/sun.util.calendar=ALL-UNNAMED --add-opens=java.security.jgss/sun.security.krb5=ALL-UNNAMED
[2025-01-16T14:11:58.418+0000] {spark_submit.py:491} INFO - 2025-01-16 14:11:58,417 - INFO - spark.driver.host: 183471e553b7
[2025-01-16T14:11:58.418+0000] {spark_submit.py:491} INFO - 2025-01-16 14:11:58,417 - INFO - spark.serializer.objectStreamReset: 100
[2025-01-16T14:11:58.418+0000] {spark_submit.py:491} INFO - 2025-01-16 14:11:58,417 - INFO - spark.master: local[*]
[2025-01-16T14:11:58.418+0000] {spark_submit.py:491} INFO - 2025-01-16 14:11:58,417 - INFO - spark.submit.pyFiles:
[2025-01-16T14:11:58.418+0000] {spark_submit.py:491} INFO - 2025-01-16 14:11:58,417 - INFO - spark.submit.deployMode: client
[2025-01-16T14:11:58.418+0000] {spark_submit.py:491} INFO - 2025-01-16 14:11:58,417 - INFO - spark.app.submitTime: 1737036655890
[2025-01-16T14:11:58.418+0000] {spark_submit.py:491} INFO - 2025-01-16 14:11:58,417 - INFO - Checking input path: /opt/spark-data/input
[2025-01-16T14:11:58.418+0000] {spark_submit.py:491} INFO - 2025-01-16 14:11:58,417 - INFO - Contents of input path: []
[2025-01-16T14:11:58.418+0000] {spark_submit.py:491} INFO - 2025-01-16 14:11:58,418 - WARNING - No data found in /opt/spark-data/input. Generating sample data.
[2025-01-16T14:11:58.418+0000] {spark_submit.py:491} INFO - 2025-01-16 14:11:58,418 - INFO - Creating sample data
[2025-01-16T14:11:59.014+0000] {spark_submit.py:491} INFO - 25/01/16 14:11:59 INFO SharedState: Setting hive.metastore.warehouse.dir ('null') to the value of spark.sql.warehouse.dir.
[2025-01-16T14:11:59.023+0000] {spark_submit.py:491} INFO - 25/01/16 14:11:59 INFO SharedState: Warehouse path is 'file:/opt/***/spark-warehouse'.
[2025-01-16T14:12:01.273+0000] {spark_submit.py:491} INFO - 2025-01-16 14:12:01,265 - INFO - Input DataFrame details:
[2025-01-16T14:12:01.297+0000] {spark_submit.py:491} INFO - root
[2025-01-16T14:12:01.297+0000] {spark_submit.py:491} INFO - |-- category: string (nullable = true)
[2025-01-16T14:12:01.297+0000] {spark_submit.py:491} INFO - |-- value: integer (nullable = true)
[2025-01-16T14:12:01.298+0000] {spark_submit.py:491} INFO - 
[2025-01-16T14:12:01.820+0000] {spark_submit.py:491} INFO - 25/01/16 14:12:01 INFO CodeGenerator: Code generated in 79.911961 ms
[2025-01-16T14:12:01.839+0000] {spark_submit.py:491} INFO - 25/01/16 14:12:01 INFO SparkContext: Starting job: showString at NativeMethodAccessorImpl.java:0
[2025-01-16T14:12:01.850+0000] {spark_submit.py:491} INFO - 25/01/16 14:12:01 INFO DAGScheduler: Got job 0 (showString at NativeMethodAccessorImpl.java:0) with 1 output partitions
[2025-01-16T14:12:01.850+0000] {spark_submit.py:491} INFO - 25/01/16 14:12:01 INFO DAGScheduler: Final stage: ResultStage 0 (showString at NativeMethodAccessorImpl.java:0)
[2025-01-16T14:12:01.850+0000] {spark_submit.py:491} INFO - 25/01/16 14:12:01 INFO DAGScheduler: Parents of final stage: List()
[2025-01-16T14:12:01.851+0000] {spark_submit.py:491} INFO - 25/01/16 14:12:01 INFO DAGScheduler: Missing parents: List()
[2025-01-16T14:12:01.854+0000] {spark_submit.py:491} INFO - 25/01/16 14:12:01 INFO DAGScheduler: Submitting ResultStage 0 (MapPartitionsRDD[6] at showString at NativeMethodAccessorImpl.java:0), which has no missing parents
[2025-01-16T14:12:01.926+0000] {spark_submit.py:491} INFO - 25/01/16 14:12:01 INFO MemoryStore: Block broadcast_0 stored as values in memory (estimated size 12.3 KiB, free 434.4 MiB)
[2025-01-16T14:12:01.955+0000] {spark_submit.py:491} INFO - 25/01/16 14:12:01 INFO MemoryStore: Block broadcast_0_piece0 stored as bytes in memory (estimated size 6.5 KiB, free 434.4 MiB)
[2025-01-16T14:12:01.959+0000] {spark_submit.py:491} INFO - 25/01/16 14:12:01 INFO BlockManagerInfo: Added broadcast_0_piece0 in memory on 183471e553b7:35489 (size: 6.5 KiB, free: 434.4 MiB)
[2025-01-16T14:12:01.961+0000] {spark_submit.py:491} INFO - 25/01/16 14:12:01 INFO SparkContext: Created broadcast 0 from broadcast at DAGScheduler.scala:1513
[2025-01-16T14:12:01.986+0000] {spark_submit.py:491} INFO - 25/01/16 14:12:01 INFO DAGScheduler: Submitting 1 missing tasks from ResultStage 0 (MapPartitionsRDD[6] at showString at NativeMethodAccessorImpl.java:0) (first 15 tasks are for partitions Vector(0))
[2025-01-16T14:12:01.987+0000] {spark_submit.py:491} INFO - 25/01/16 14:12:01 INFO TaskSchedulerImpl: Adding task set 0.0 with 1 tasks resource profile 0
[2025-01-16T14:12:02.015+0000] {spark_submit.py:491} INFO - 25/01/16 14:12:02 INFO TaskSetManager: Starting task 0.0 in stage 0.0 (TID 0) (183471e553b7, executor driver, partition 0, PROCESS_LOCAL, 4433 bytes) taskResourceAssignments Map()
[2025-01-16T14:12:02.030+0000] {spark_submit.py:491} INFO - 25/01/16 14:12:02 INFO Executor: Running task 0.0 in stage 0.0 (TID 0)
[2025-01-16T14:12:02.892+0000] {spark_submit.py:491} INFO - 25/01/16 14:12:02 INFO PythonRunner: Times: total = 772, boot = 717, init = 54, finish = 1
[2025-01-16T14:12:02.921+0000] {spark_submit.py:491} INFO - 25/01/16 14:12:02 INFO Executor: Finished task 0.0 in stage 0.0 (TID 0). 1832 bytes result sent to driver
[2025-01-16T14:12:02.928+0000] {spark_submit.py:491} INFO - 25/01/16 14:12:02 INFO TaskSetManager: Finished task 0.0 in stage 0.0 (TID 0) in 920 ms on 183471e553b7 (executor driver) (1/1)
[2025-01-16T14:12:02.929+0000] {spark_submit.py:491} INFO - 25/01/16 14:12:02 INFO TaskSchedulerImpl: Removed TaskSet 0.0, whose tasks have all completed, from pool
[2025-01-16T14:12:02.934+0000] {spark_submit.py:491} INFO - 25/01/16 14:12:02 INFO PythonAccumulatorV2: Connected to AccumulatorServer at host: 127.0.0.1 port: 54095
[2025-01-16T14:12:02.939+0000] {spark_submit.py:491} INFO - 25/01/16 14:12:02 INFO DAGScheduler: ResultStage 0 (showString at NativeMethodAccessorImpl.java:0) finished in 1.076 s
[2025-01-16T14:12:02.946+0000] {spark_submit.py:491} INFO - 25/01/16 14:12:02 INFO DAGScheduler: Job 0 is finished. Cancelling potential speculative or zombie tasks for this job
[2025-01-16T14:12:02.946+0000] {spark_submit.py:491} INFO - 25/01/16 14:12:02 INFO TaskSchedulerImpl: Killing all running tasks in stage 0: Stage finished
[2025-01-16T14:12:02.949+0000] {spark_submit.py:491} INFO - 25/01/16 14:12:02 INFO DAGScheduler: Job 0 finished: showString at NativeMethodAccessorImpl.java:0, took 1.108131 s
[2025-01-16T14:12:02.974+0000] {spark_submit.py:491} INFO - 25/01/16 14:12:02 INFO SparkContext: Starting job: showString at NativeMethodAccessorImpl.java:0
[2025-01-16T14:12:02.980+0000] {spark_submit.py:491} INFO - 25/01/16 14:12:02 INFO DAGScheduler: Got job 1 (showString at NativeMethodAccessorImpl.java:0) with 4 output partitions
[2025-01-16T14:12:02.980+0000] {spark_submit.py:491} INFO - 25/01/16 14:12:02 INFO DAGScheduler: Final stage: ResultStage 1 (showString at NativeMethodAccessorImpl.java:0)
[2025-01-16T14:12:02.980+0000] {spark_submit.py:491} INFO - 25/01/16 14:12:02 INFO DAGScheduler: Parents of final stage: List()
[2025-01-16T14:12:02.980+0000] {spark_submit.py:491} INFO - 25/01/16 14:12:02 INFO DAGScheduler: Missing parents: List()
[2025-01-16T14:12:02.985+0000] {spark_submit.py:491} INFO - 25/01/16 14:12:02 INFO DAGScheduler: Submitting ResultStage 1 (MapPartitionsRDD[6] at showString at NativeMethodAccessorImpl.java:0), which has no missing parents
[2025-01-16T14:12:02.986+0000] {spark_submit.py:491} INFO - 25/01/16 14:12:02 INFO MemoryStore: Block broadcast_1 stored as values in memory (estimated size 12.3 KiB, free 434.4 MiB)
[2025-01-16T14:12:02.993+0000] {spark_submit.py:491} INFO - 25/01/16 14:12:02 INFO MemoryStore: Block broadcast_1_piece0 stored as bytes in memory (estimated size 6.5 KiB, free 434.4 MiB)
[2025-01-16T14:12:02.994+0000] {spark_submit.py:491} INFO - 25/01/16 14:12:02 INFO BlockManagerInfo: Added broadcast_1_piece0 in memory on 183471e553b7:35489 (size: 6.5 KiB, free: 434.4 MiB)
[2025-01-16T14:12:02.995+0000] {spark_submit.py:491} INFO - 25/01/16 14:12:02 INFO SparkContext: Created broadcast 1 from broadcast at DAGScheduler.scala:1513
[2025-01-16T14:12:02.996+0000] {spark_submit.py:491} INFO - 25/01/16 14:12:02 INFO DAGScheduler: Submitting 4 missing tasks from ResultStage 1 (MapPartitionsRDD[6] at showString at NativeMethodAccessorImpl.java:0) (first 15 tasks are for partitions Vector(1, 2, 3, 4))
[2025-01-16T14:12:02.996+0000] {spark_submit.py:491} INFO - 25/01/16 14:12:02 INFO TaskSchedulerImpl: Adding task set 1.0 with 4 tasks resource profile 0
[2025-01-16T14:12:03.002+0000] {spark_submit.py:491} INFO - 25/01/16 14:12:03 INFO TaskSetManager: Starting task 0.0 in stage 1.0 (TID 1) (183471e553b7, executor driver, partition 1, PROCESS_LOCAL, 4476 bytes) taskResourceAssignments Map()
[2025-01-16T14:12:03.003+0000] {spark_submit.py:491} INFO - 25/01/16 14:12:03 INFO TaskSetManager: Starting task 1.0 in stage 1.0 (TID 2) (183471e553b7, executor driver, partition 2, PROCESS_LOCAL, 4473 bytes) taskResourceAssignments Map()
[2025-01-16T14:12:03.004+0000] {spark_submit.py:491} INFO - 25/01/16 14:12:03 INFO TaskSetManager: Starting task 2.0 in stage 1.0 (TID 3) (183471e553b7, executor driver, partition 3, PROCESS_LOCAL, 4470 bytes) taskResourceAssignments Map()
[2025-01-16T14:12:03.005+0000] {spark_submit.py:491} INFO - 25/01/16 14:12:03 INFO TaskSetManager: Starting task 3.0 in stage 1.0 (TID 4) (183471e553b7, executor driver, partition 4, PROCESS_LOCAL, 4433 bytes) taskResourceAssignments Map()
[2025-01-16T14:12:03.007+0000] {spark_submit.py:491} INFO - 25/01/16 14:12:03 INFO Executor: Running task 0.0 in stage 1.0 (TID 1)
[2025-01-16T14:12:03.018+0000] {spark_submit.py:491} INFO - 25/01/16 14:12:03 INFO Executor: Running task 1.0 in stage 1.0 (TID 2)
[2025-01-16T14:12:03.019+0000] {spark_submit.py:491} INFO - 25/01/16 14:12:03 INFO Executor: Running task 3.0 in stage 1.0 (TID 4)
[2025-01-16T14:12:03.024+0000] {spark_submit.py:491} INFO - 25/01/16 14:12:03 INFO Executor: Running task 2.0 in stage 1.0 (TID 3)
[2025-01-16T14:12:03.089+0000] {spark_submit.py:491} INFO - 25/01/16 14:12:03 INFO PythonRunner: Times: total = 46, boot = -125, init = 171, finish = 0
[2025-01-16T14:12:03.091+0000] {spark_submit.py:491} INFO - 25/01/16 14:12:03 INFO Executor: Finished task 0.0 in stage 1.0 (TID 1). 1840 bytes result sent to driver
[2025-01-16T14:12:03.092+0000] {spark_submit.py:491} INFO - 25/01/16 14:12:03 INFO TaskSetManager: Finished task 0.0 in stage 1.0 (TID 1) in 90 ms on 183471e553b7 (executor driver) (1/4)
[2025-01-16T14:12:03.095+0000] {spark_submit.py:491} INFO - 25/01/16 14:12:03 INFO PythonRunner: Times: total = 53, boot = 6, init = 47, finish = 0
[2025-01-16T14:12:03.099+0000] {spark_submit.py:491} INFO - 25/01/16 14:12:03 INFO Executor: Finished task 3.0 in stage 1.0 (TID 4). 1789 bytes result sent to driver
[2025-01-16T14:12:03.110+0000] {spark_submit.py:491} INFO - 25/01/16 14:12:03 INFO TaskSetManager: Finished task 3.0 in stage 1.0 (TID 4) in 103 ms on 183471e553b7 (executor driver) (2/4)
[2025-01-16T14:12:03.110+0000] {spark_submit.py:491} INFO - 25/01/16 14:12:03 INFO PythonRunner: Times: total = 66, boot = 21, init = 45, finish = 0
[2025-01-16T14:12:03.110+0000] {spark_submit.py:491} INFO - 25/01/16 14:12:03 INFO Executor: Finished task 2.0 in stage 1.0 (TID 3). 1834 bytes result sent to driver
[2025-01-16T14:12:03.120+0000] {spark_submit.py:491} INFO - 25/01/16 14:12:03 INFO PythonRunner: Times: total = 73, boot = 15, init = 46, finish = 12
[2025-01-16T14:12:03.120+0000] {spark_submit.py:491} INFO - 25/01/16 14:12:03 INFO Executor: Finished task 1.0 in stage 1.0 (TID 2). 1834 bytes result sent to driver
[2025-01-16T14:12:03.120+0000] {spark_submit.py:491} INFO - 25/01/16 14:12:03 INFO TaskSetManager: Finished task 2.0 in stage 1.0 (TID 3) in 117 ms on 183471e553b7 (executor driver) (3/4)
[2025-01-16T14:12:03.121+0000] {spark_submit.py:491} INFO - 25/01/16 14:12:03 INFO TaskSetManager: Finished task 1.0 in stage 1.0 (TID 2) in 117 ms on 183471e553b7 (executor driver) (4/4)
[2025-01-16T14:12:03.121+0000] {spark_submit.py:491} INFO - 25/01/16 14:12:03 INFO TaskSchedulerImpl: Removed TaskSet 1.0, whose tasks have all completed, from pool
[2025-01-16T14:12:03.125+0000] {spark_submit.py:491} INFO - 25/01/16 14:12:03 INFO DAGScheduler: ResultStage 1 (showString at NativeMethodAccessorImpl.java:0) finished in 0.142 s
[2025-01-16T14:12:03.126+0000] {spark_submit.py:491} INFO - 25/01/16 14:12:03 INFO DAGScheduler: Job 1 is finished. Cancelling potential speculative or zombie tasks for this job
[2025-01-16T14:12:03.126+0000] {spark_submit.py:491} INFO - 25/01/16 14:12:03 INFO TaskSchedulerImpl: Killing all running tasks in stage 1: Stage finished
[2025-01-16T14:12:03.129+0000] {spark_submit.py:491} INFO - 25/01/16 14:12:03 INFO DAGScheduler: Job 1 finished: showString at NativeMethodAccessorImpl.java:0, took 0.152835 s
[2025-01-16T14:12:03.141+0000] {spark_submit.py:491} INFO - 25/01/16 14:12:03 INFO SparkContext: Starting job: showString at NativeMethodAccessorImpl.java:0
[2025-01-16T14:12:03.143+0000] {spark_submit.py:491} INFO - 25/01/16 14:12:03 INFO DAGScheduler: Got job 2 (showString at NativeMethodAccessorImpl.java:0) with 3 output partitions
[2025-01-16T14:12:03.143+0000] {spark_submit.py:491} INFO - 25/01/16 14:12:03 INFO DAGScheduler: Final stage: ResultStage 2 (showString at NativeMethodAccessorImpl.java:0)
[2025-01-16T14:12:03.143+0000] {spark_submit.py:491} INFO - 25/01/16 14:12:03 INFO DAGScheduler: Parents of final stage: List()
[2025-01-16T14:12:03.144+0000] {spark_submit.py:491} INFO - 25/01/16 14:12:03 INFO DAGScheduler: Missing parents: List()
[2025-01-16T14:12:03.149+0000] {spark_submit.py:491} INFO - 25/01/16 14:12:03 INFO DAGScheduler: Submitting ResultStage 2 (MapPartitionsRDD[6] at showString at NativeMethodAccessorImpl.java:0), which has no missing parents
[2025-01-16T14:12:03.156+0000] {spark_submit.py:491} INFO - 25/01/16 14:12:03 INFO MemoryStore: Block broadcast_2 stored as values in memory (estimated size 12.3 KiB, free 434.4 MiB)
[2025-01-16T14:12:03.160+0000] {spark_submit.py:491} INFO - 25/01/16 14:12:03 INFO MemoryStore: Block broadcast_2_piece0 stored as bytes in memory (estimated size 6.5 KiB, free 434.3 MiB)
[2025-01-16T14:12:03.163+0000] {spark_submit.py:491} INFO - 25/01/16 14:12:03 INFO BlockManagerInfo: Added broadcast_2_piece0 in memory on 183471e553b7:35489 (size: 6.5 KiB, free: 434.4 MiB)
[2025-01-16T14:12:03.165+0000] {spark_submit.py:491} INFO - 25/01/16 14:12:03 INFO SparkContext: Created broadcast 2 from broadcast at DAGScheduler.scala:1513
[2025-01-16T14:12:03.168+0000] {spark_submit.py:491} INFO - 25/01/16 14:12:03 INFO DAGScheduler: Submitting 3 missing tasks from ResultStage 2 (MapPartitionsRDD[6] at showString at NativeMethodAccessorImpl.java:0) (first 15 tasks are for partitions Vector(5, 6, 7))
[2025-01-16T14:12:03.169+0000] {spark_submit.py:491} INFO - 25/01/16 14:12:03 INFO TaskSchedulerImpl: Adding task set 2.0 with 3 tasks resource profile 0
[2025-01-16T14:12:03.169+0000] {spark_submit.py:491} INFO - 25/01/16 14:12:03 INFO TaskSetManager: Starting task 0.0 in stage 2.0 (TID 5) (183471e553b7, executor driver, partition 5, PROCESS_LOCAL, 4476 bytes) taskResourceAssignments Map()
[2025-01-16T14:12:03.169+0000] {spark_submit.py:491} INFO - 25/01/16 14:12:03 INFO TaskSetManager: Starting task 1.0 in stage 2.0 (TID 6) (183471e553b7, executor driver, partition 6, PROCESS_LOCAL, 4473 bytes) taskResourceAssignments Map()
[2025-01-16T14:12:03.169+0000] {spark_submit.py:491} INFO - 25/01/16 14:12:03 INFO TaskSetManager: Starting task 2.0 in stage 2.0 (TID 7) (183471e553b7, executor driver, partition 7, PROCESS_LOCAL, 4470 bytes) taskResourceAssignments Map()
[2025-01-16T14:12:03.169+0000] {spark_submit.py:491} INFO - 25/01/16 14:12:03 INFO Executor: Running task 2.0 in stage 2.0 (TID 7)
[2025-01-16T14:12:03.180+0000] {spark_submit.py:491} INFO - 25/01/16 14:12:03 INFO Executor: Running task 0.0 in stage 2.0 (TID 5)
[2025-01-16T14:12:03.180+0000] {spark_submit.py:491} INFO - 25/01/16 14:12:03 INFO Executor: Running task 1.0 in stage 2.0 (TID 6)
[2025-01-16T14:12:03.228+0000] {spark_submit.py:491} INFO - 25/01/16 14:12:03 INFO PythonRunner: Times: total = 46, boot = -87, init = 133, finish = 0
[2025-01-16T14:12:03.229+0000] {spark_submit.py:491} INFO - 25/01/16 14:12:03 INFO Executor: Finished task 2.0 in stage 2.0 (TID 7). 1834 bytes result sent to driver
[2025-01-16T14:12:03.230+0000] {spark_submit.py:491} INFO - 25/01/16 14:12:03 INFO TaskSetManager: Finished task 2.0 in stage 2.0 (TID 7) in 62 ms on 183471e553b7 (executor driver) (1/3)
[2025-01-16T14:12:03.237+0000] {spark_submit.py:491} INFO - 25/01/16 14:12:03 INFO PythonRunner: Times: total = 42, boot = -43, init = 85, finish = 0
[2025-01-16T14:12:03.237+0000] {spark_submit.py:491} INFO - 25/01/16 14:12:03 INFO Executor: Finished task 1.0 in stage 2.0 (TID 6). 1834 bytes result sent to driver
[2025-01-16T14:12:03.237+0000] {spark_submit.py:491} INFO - 25/01/16 14:12:03 INFO PythonRunner: Times: total = 48, boot = -67, init = 115, finish = 0
[2025-01-16T14:12:03.237+0000] {spark_submit.py:491} INFO - 25/01/16 14:12:03 INFO Executor: Finished task 0.0 in stage 2.0 (TID 5). 1840 bytes result sent to driver
[2025-01-16T14:12:03.237+0000] {spark_submit.py:491} INFO - 25/01/16 14:12:03 INFO TaskSetManager: Finished task 1.0 in stage 2.0 (TID 6) in 68 ms on 183471e553b7 (executor driver) (2/3)
[2025-01-16T14:12:03.237+0000] {spark_submit.py:491} INFO - 25/01/16 14:12:03 INFO TaskSetManager: Finished task 0.0 in stage 2.0 (TID 5) in 69 ms on 183471e553b7 (executor driver) (3/3)
[2025-01-16T14:12:03.237+0000] {spark_submit.py:491} INFO - 25/01/16 14:12:03 INFO TaskSchedulerImpl: Removed TaskSet 2.0, whose tasks have all completed, from pool
[2025-01-16T14:12:03.240+0000] {spark_submit.py:491} INFO - 25/01/16 14:12:03 INFO DAGScheduler: ResultStage 2 (showString at NativeMethodAccessorImpl.java:0) finished in 0.092 s
[2025-01-16T14:12:03.240+0000] {spark_submit.py:491} INFO - 25/01/16 14:12:03 INFO DAGScheduler: Job 2 is finished. Cancelling potential speculative or zombie tasks for this job
[2025-01-16T14:12:03.240+0000] {spark_submit.py:491} INFO - 25/01/16 14:12:03 INFO TaskSchedulerImpl: Killing all running tasks in stage 2: Stage finished
[2025-01-16T14:12:03.241+0000] {spark_submit.py:491} INFO - 25/01/16 14:12:03 INFO DAGScheduler: Job 2 finished: showString at NativeMethodAccessorImpl.java:0, took 0.100873 s
[2025-01-16T14:12:03.274+0000] {spark_submit.py:491} INFO - 25/01/16 14:12:03 INFO CodeGenerator: Code generated in 12.25494 ms
[2025-01-16T14:12:03.283+0000] {spark_submit.py:491} INFO - +-----------+-----+
[2025-01-16T14:12:03.283+0000] {spark_submit.py:491} INFO - |   category|value|
[2025-01-16T14:12:03.283+0000] {spark_submit.py:491} INFO - +-----------+-----+
[2025-01-16T14:12:03.283+0000] {spark_submit.py:491} INFO - |electronics|  100|
[2025-01-16T14:12:03.283+0000] {spark_submit.py:491} INFO - |   clothing|   75|
[2025-01-16T14:12:03.283+0000] {spark_submit.py:491} INFO - |      books|   50|
[2025-01-16T14:12:03.283+0000] {spark_submit.py:491} INFO - |electronics|  200|
[2025-01-16T14:12:03.283+0000] {spark_submit.py:491} INFO - |   clothing|  125|
[2025-01-16T14:12:03.283+0000] {spark_submit.py:491} INFO - |      books|   80|
[2025-01-16T14:12:03.283+0000] {spark_submit.py:491} INFO - +-----------+-----+
[2025-01-16T14:12:03.283+0000] {spark_submit.py:491} INFO - 
[2025-01-16T14:12:03.375+0000] {spark_submit.py:491} INFO - 2025-01-16 14:12:03,370 - INFO - Creating output directory: /opt/spark-data/output
[2025-01-16T14:12:03.376+0000] {spark_submit.py:491} INFO - 2025-01-16 14:12:03,371 - INFO - Writing processed data
[2025-01-16T14:12:03.617+0000] {spark_submit.py:491} INFO - 25/01/16 14:12:03 INFO BlockManagerInfo: Removed broadcast_0_piece0 on 183471e553b7:35489 in memory (size: 6.5 KiB, free: 434.4 MiB)
[2025-01-16T14:12:03.690+0000] {spark_submit.py:491} INFO - 25/01/16 14:12:03 INFO BlockManagerInfo: Removed broadcast_2_piece0 on 183471e553b7:35489 in memory (size: 6.5 KiB, free: 434.4 MiB)
[2025-01-16T14:12:03.700+0000] {spark_submit.py:491} INFO - 25/01/16 14:12:03 INFO BlockManagerInfo: Removed broadcast_1_piece0 on 183471e553b7:35489 in memory (size: 6.5 KiB, free: 434.4 MiB)
[2025-01-16T14:12:03.762+0000] {spark_submit.py:491} INFO - 2025-01-16 14:12:03,762 - ERROR - Error processing data: Found duplicate column(s) when inserting into file:/opt/spark-data/output: `category`
[2025-01-16T14:12:03.773+0000] {spark_submit.py:491} INFO - 2025-01-16 14:12:03,773 - ERROR - Traceback (most recent call last):
[2025-01-16T14:12:03.773+0000] {spark_submit.py:491} INFO - File "/opt/spark-apps/sample_spark_app.py", line 115, in main
[2025-01-16T14:12:03.774+0000] {spark_submit.py:491} INFO - processed_df.write \
[2025-01-16T14:12:03.774+0000] {spark_submit.py:491} INFO - File "/home/***/.local/lib/python3.8/site-packages/pyspark/python/lib/pyspark.zip/pyspark/sql/readwriter.py", line 1240, in csv
[2025-01-16T14:12:03.774+0000] {spark_submit.py:491} INFO - self._jwrite.csv(path)
[2025-01-16T14:12:03.774+0000] {spark_submit.py:491} INFO - File "/home/***/.local/lib/python3.8/site-packages/pyspark/python/lib/py4j-0.10.9.5-src.zip/py4j/java_gateway.py", line 1321, in __call__
[2025-01-16T14:12:03.774+0000] {spark_submit.py:491} INFO - return_value = get_return_value(
[2025-01-16T14:12:03.774+0000] {spark_submit.py:491} INFO - File "/home/***/.local/lib/python3.8/site-packages/pyspark/python/lib/pyspark.zip/pyspark/sql/utils.py", line 196, in deco
[2025-01-16T14:12:03.774+0000] {spark_submit.py:491} INFO - raise converted from None
[2025-01-16T14:12:03.775+0000] {spark_submit.py:491} INFO - pyspark.sql.utils.AnalysisException: Found duplicate column(s) when inserting into file:/opt/spark-data/output: `category`
[2025-01-16T14:12:03.775+0000] {spark_submit.py:491} INFO - 
[2025-01-16T14:12:03.782+0000] {spark_submit.py:491} INFO - 25/01/16 14:12:03 INFO SparkUI: Stopped Spark web UI at http://183471e553b7:4040
[2025-01-16T14:12:03.799+0000] {spark_submit.py:491} INFO - 25/01/16 14:12:03 INFO MapOutputTrackerMasterEndpoint: MapOutputTrackerMasterEndpoint stopped!
[2025-01-16T14:12:03.803+0000] {spark_submit.py:491} INFO - 25/01/16 14:12:03 INFO MemoryStore: MemoryStore cleared
[2025-01-16T14:12:03.804+0000] {spark_submit.py:491} INFO - 25/01/16 14:12:03 INFO BlockManager: BlockManager stopped
[2025-01-16T14:12:03.804+0000] {spark_submit.py:491} INFO - 25/01/16 14:12:03 INFO BlockManagerMaster: BlockManagerMaster stopped
[2025-01-16T14:12:03.804+0000] {spark_submit.py:491} INFO - 25/01/16 14:12:03 INFO OutputCommitCoordinator$OutputCommitCoordinatorEndpoint: OutputCommitCoordinator stopped!
[2025-01-16T14:12:03.823+0000] {spark_submit.py:491} INFO - 25/01/16 14:12:03 INFO SparkContext: Successfully stopped SparkContext
[2025-01-16T14:12:04.368+0000] {spark_submit.py:491} INFO - 25/01/16 14:12:04 INFO ShutdownHookManager: Shutdown hook called
[2025-01-16T14:12:04.370+0000] {spark_submit.py:491} INFO - 25/01/16 14:12:04 INFO ShutdownHookManager: Deleting directory /tmp/spark-e7b4d1d3-35cc-473d-8b3f-38d2acd8a114/pyspark-0f33dc7f-a361-4126-8187-e036ce09fbc2
[2025-01-16T14:12:04.374+0000] {spark_submit.py:491} INFO - 25/01/16 14:12:04 INFO ShutdownHookManager: Deleting directory /tmp/spark-e7b4d1d3-35cc-473d-8b3f-38d2acd8a114
[2025-01-16T14:12:04.376+0000] {spark_submit.py:491} INFO - 25/01/16 14:12:04 INFO ShutdownHookManager: Deleting directory /tmp/spark-d8d2da3c-97c3-4539-b712-784f77e695b4
[2025-01-16T14:12:04.476+0000] {taskinstance.py:1937} ERROR - Task failed with exception
Traceback (most recent call last):
  File "/home/airflow/.local/lib/python3.8/site-packages/airflow/providers/apache/spark/operators/spark_submit.py", line 156, in execute
    self._hook.submit(self._application)
  File "/home/airflow/.local/lib/python3.8/site-packages/airflow/providers/apache/spark/hooks/spark_submit.py", line 422, in submit
    raise AirflowException(
airflow.exceptions.AirflowException: Cannot execute: spark-submit --master spark://spark-master:7077 --name arrow-spark --verbose /opt/spark-apps/sample_spark_app.py /opt/spark-data/input /opt/spark-data/output. Error code is: 1.
[2025-01-16T14:12:04.485+0000] {taskinstance.py:1400} INFO - Marking task as FAILED. dag_id=spark_processing_dag, task_id=spark_submit_job, execution_date=20250116T140542, start_date=20250116T141054, end_date=20250116T141204
[2025-01-16T14:12:04.521+0000] {standard_task_runner.py:104} ERROR - Failed to execute job 71 for task spark_submit_job (Cannot execute: spark-submit --master spark://spark-master:7077 --name arrow-spark --verbose /opt/spark-apps/sample_spark_app.py /opt/spark-data/input /opt/spark-data/output. Error code is: 1.; 1862)
[2025-01-16T14:12:04.603+0000] {local_task_job_runner.py:228} INFO - Task exited with return code 1
[2025-01-16T14:12:04.654+0000] {taskinstance.py:2778} INFO - 0 downstream tasks scheduled from follow-on schedule check
